INFO: [SIM 2] *************** CSIM start ***************
INFO: [SIM 4] CSIM will launch GCC as the compiler.
   Compiling ../../../Exp.cpp in debug mode
   Generating csim.exe
[x=0 (expect 1.0)]
 x = 0.000000000000
 y_hat = 1.000001430511475e+000
 y_ref = 1.000000000000000e+000
 err = -1.430511474609375e-006
[x=-ln2 (expect0.5)]
 x = -0.693147180560
 y_hat = 4.999041557312012e-001
 y_ref = 5.000000000000000e-001
 err = 9.584426879882812e-005
[x=-8 (expect ~3.354626e-4]
 x = -8.000000000000
 y_hat = 3.352165222167969e-004
 y_ref = 3.354626279025119e-004
 err = 2.461056857149782e-007
Exp CORDIC verification over quantized uniform x in [-8,0]
Samples N                  : 100000
x_t frac bits              : 12 (step = 2^-12)
MSE                        : 2.219063744893043e-011
MSE upper 95% bound       : 2.261773958725797e-011
MSE abs error              : 2.719469373779759e-005
PASS: upper 95% MSE bound < 2.4e-11
INFO: [SIM 1] CSim done with 0 errors.
INFO: [SIM 3] *************** CSIM finish ***************
