

================================================================
== Vivado HLS Report for 'classify'
================================================================
* Date:           Sat Feb  7 14:28:51 2026

* Version:        2018.2 (Build 2258646 on Thu Jun 14 20:25:20 MDT 2018)
* Project:        ADSD
* Solution:       solution1
* Product family: zynq
* Target device:  xc7z020clg484-1


================================================================
== Performance Estimates
================================================================
+ Timing (ns): 
    * Summary: 
    +--------+-------+----------+------------+
    |  Clock | Target| Estimated| Uncertainty|
    +--------+-------+----------+------------+
    |ap_clk  |  10.00|     8.750|        1.25|
    +--------+-------+----------+------------+

+ Latency (clock cycles): 
    * Summary: 
    +-------+-------+-------+-------+---------+
    |    Latency    |    Interval   | Pipeline|
    |  min  |  max  |  min  |  max  |   Type  |
    +-------+-------+-------+-------+---------+
    |  43867|  43867|  43867|  43867|   none  |
    +-------+-------+-------+-------+---------+

    + Detail: 
        * Instance: 
        N/A

        * Loop: 
        +----------------------+-------+-------+----------+-----------+-----------+------+----------+
        |                      |    Latency    | Iteration|  Initiation Interval  | Trip |          |
        |       Loop Name      |  min  |  max  |  Latency |  achieved |   target  | Count| Pipelined|
        +----------------------+-------+-------+----------+-----------+-----------+------+----------+
        |- load_image_loop     |    785|    785|         3|          1|          1|   784|    yes   |
        |- classify_label2     |  43065|  43065|       261|          -|          -|   165|    no    |
        | + classify_label1    |    198|    198|         4|          1|          1|   196|    yes   |
        | + classify_label2.2  |     51|     51|         3|          -|          -|    17|    no    |
        +----------------------+-------+-------+----------+-----------+-----------+------+----------+



================================================================
== Utilization Estimates
================================================================
* Summary: 
+-----------------+---------+-------+--------+-------+
|       Name      | BRAM_18K| DSP48E|   FF   |  LUT  |
+-----------------+---------+-------+--------+-------+
|DSP              |        -|      1|       -|      -|
|Expression       |        -|      7|       0|   1949|
|FIFO             |        -|      -|       -|      -|
|Instance         |        2|      0|    1098|   1577|
|Memory           |       69|      -|      42|     13|
|Multiplexer      |        -|      -|       -|    358|
|Register         |        0|      -|     846|     32|
+-----------------+---------+-------+--------+-------+
|Total            |       71|      8|    1986|   3929|
+-----------------+---------+-------+--------+-------+
|Available        |      280|    220|  106400|  53200|
+-----------------+---------+-------+--------+-------+
|Utilization (%)  |       25|      3|       1|      7|
+-----------------+---------+-------+--------+-------+

+ Detail: 
    * Instance: 
    +--------------------------+------------------------+---------+-------+-----+-----+
    |         Instance         |         Module         | BRAM_18K| DSP48E|  FF | LUT |
    +--------------------------+------------------------+---------+-------+-----+-----+
    |classify_control_s_axi_U  |classify_control_s_axi  |        0|      0|  138|  232|
    |classify_gmem_m_axi_U     |classify_gmem_m_axi     |        2|      0|  548|  700|
    |classify_sitodp_3hbi_U1   |classify_sitodp_3hbi    |        0|      0|  412|  645|
    +--------------------------+------------------------+---------+-------+-----+-----+
    |Total                     |                        |        2|      0| 1098| 1577|
    +--------------------------+------------------------+---------+-------+-----+-----+

    * DSP48: 
    +-------------------------+----------------------+-----------+
    |         Instance        |        Module        | Expression|
    +-------------------------+----------------------+-----------+
    |classify_mul_mul_ibs_U2  |classify_mul_mul_ibs  |  i0 * i1  |
    +-------------------------+----------------------+-----------+

    * Memory: 
    +----------------------+----------------------+---------+----+----+-------+-----+------+-------------+
    |        Memory        |        Module        | BRAM_18K| FF | LUT| Words | Bits| Banks| W*Bits*Banks|
    +----------------------+----------------------+---------+----+----+-------+-----+------+-------------+
    |ATANH_LUT_V_U         |classify_ATANH_LUcud  |        0|  38|  11|     17|   38|     1|          646|
    |Iteration_Schedule_U  |classify_Iteratiobkb  |        0|   4|   2|     17|    4|     1|           68|
    |alphas_V_U            |classify_alphas_V     |        1|   0|   0|    165|    8|     1|         1320|
    |svs_V_0_U             |classify_svs_V_0      |       16|   0|   0|  32340|    8|     1|       258720|
    |svs_V_1_U             |classify_svs_V_1      |       16|   0|   0|  32340|    8|     1|       258720|
    |svs_V_2_U             |classify_svs_V_2      |       16|   0|   0|  32340|    8|     1|       258720|
    |svs_V_3_U             |classify_svs_V_3      |       16|   0|   0|  32340|    8|     1|       258720|
    |x_local_0_V_U         |classify_x_local_dEe  |        1|   0|   0|    196|    8|     1|         1568|
    |x_local_1_V_U         |classify_x_local_dEe  |        1|   0|   0|    196|    8|     1|         1568|
    |x_local_2_V_U         |classify_x_local_dEe  |        1|   0|   0|    196|    8|     1|         1568|
    |x_local_3_V_U         |classify_x_local_dEe  |        1|   0|   0|    196|    8|     1|         1568|
    +----------------------+----------------------+---------+----+----+-------+-----+------+-------------+
    |Total                 |                      |       69|  42|  13| 130343|  114|    11|      1043186|
    +----------------------+----------------------+---------+----+----+-------+-----+------+-------------+

    * FIFO: 
    N/A

    * Expression: 
    +-----------------------------+----------+-------+---+-----+------------+------------+
    |        Variable Name        | Operation| DSP48E| FF| LUT | Bitwidth P0| Bitwidth P1|
    +-----------------------------+----------+-------+---+-----+------------+------------+
    |p_Val2_10_fu_1132_p2         |     *    |      3|  0|   32|          24|          29|
    |p_Val2_34_1_fu_824_p2        |     *    |      0|  0|   41|           8|           8|
    |p_Val2_34_2_fu_845_p2        |     *    |      0|  0|   41|           8|           8|
    |p_Val2_34_3_fu_866_p2        |     *    |      0|  0|   41|           8|           8|
    |p_Val2_4_fu_964_p2           |     *    |      4|  0|   25|          33|          36|
    |p_Val2_6_fu_803_p2           |     *    |      0|  0|   41|           8|           8|
    |Xn_V_1_fu_1346_p2            |     +    |      0|  0|   39|          32|          32|
    |Yn_V_1_fu_1352_p2            |     +    |      0|  0|   39|          32|          32|
    |exp_V_2_fu_1413_p2           |     +    |      0|  0|   13|          11|           6|
    |i_1_fu_571_p2                |     +    |      0|  0|   14|          10|           1|
    |i_2_fu_610_p2                |     +    |      0|  0|   15|           8|           1|
    |iv_fu_1065_p2                |     +    |      0|  0|   15|           2|           6|
    |j_1_3_fu_770_p2              |     +    |      0|  0|   14|          10|           3|
    |n_fu_1181_p2                 |     +    |      0|  0|   15|           5|           1|
    |next_mul_fu_598_p2           |     +    |      0|  0|   24|          17|          10|
    |p_Val2_18_i_cast_fu_1279_p2  |     +    |      0|  0|   53|          46|          46|
    |p_Val2_37_3_fu_913_p2        |     +    |      0|  0|   38|          31|          31|
    |p_Val2_9_i_fu_1193_p2        |     +    |      0|  0|   39|          32|          32|
    |ret_V_fu_1018_p2             |     +    |      0|  0|   15|           1|           6|
    |sum_V_fu_1390_p2             |     +    |      0|  0|   37|          30|          30|
    |tmp1_fu_884_p2               |     +    |      0|  0|   30|          23|          23|
    |tmp2_fu_894_p2               |     +    |      0|  0|   30|          23|          23|
    |tmp_12_fu_638_p2             |     +    |      0|  0|   24|          17|          17|
    |tmp_13_fu_904_p2             |     +    |      0|  0|   31|          24|          24|
    |tmp_48_1_fu_687_p2           |     +    |      0|  0|   24|          17|          17|
    |tmp_48_2_fu_718_p2           |     +    |      0|  0|   24|          17|          17|
    |tmp_48_3_fu_749_p2           |     +    |      0|  0|   24|          17|          17|
    |tmp_s_fu_616_p2              |     +    |      0|  0|   37|          30|          15|
    |Xn_V_fu_1334_p2              |     -    |      0|  0|   39|          32|          32|
    |Yn_V_fu_1340_p2              |     -    |      0|  0|   39|          32|          32|
    |p_Val2_11_fu_1159_p2         |     -    |      0|  0|   72|          65|          65|
    |p_Val2_1_fu_937_p2           |     -    |      0|  0|   33|          33|          33|
    |p_Val2_20_i_cast_fu_1285_p2  |     -    |      0|  0|   53|          46|          46|
    |p_Val2_33_1_fu_782_p2        |     -    |      0|  0|   15|           8|           8|
    |p_Val2_33_2_fu_788_p2        |     -    |      0|  0|   15|           8|           8|
    |p_Val2_33_3_fu_794_p2        |     -    |      0|  0|   15|           8|           8|
    |p_Val2_5_fu_776_p2           |     -    |      0|  0|   15|           8|           8|
    |p_neg_fu_931_p2              |     -    |      0|  0|   33|           1|          33|
    |sh_assign_fu_1206_p2         |     -    |      0|  0|   15|           1|           5|
    |ap_block_pp0_stage0_11001    |    and   |      0|  0|    2|           1|           1|
    |r_V_2_fu_1328_p2             |   ashr   |      0|  0|  101|          32|          32|
    |r_V_fu_1322_p2               |   ashr   |      0|  0|  101|          32|          32|
    |tmp_13_i_fu_1215_p2          |   ashr   |      0|  0|  101|          32|          32|
    |exitcond1_fu_565_p2          |   icmp   |      0|  0|   13|          10|           9|
    |exitcond2_fu_604_p2          |   icmp   |      0|  0|   11|           8|           8|
    |exitcond_fu_628_p2           |   icmp   |      0|  0|   13|          10|           9|
    |exitcond_i_fu_1175_p2        |   icmp   |      0|  0|   11|           5|           5|
    |tmp_2_i_i_fu_1013_p2         |   icmp   |      0|  0|   18|          32|           1|
    |tmp_4_i_fu_1090_p2           |   icmp   |      0|  0|   11|           6|           5|
    |tmp_5_i_fu_1107_p2           |   icmp   |      0|  0|   11|           8|           1|
    |tmp_8_fu_622_p2              |   icmp   |      0|  0|   18|          30|           1|
    |tmp_8_i_i_fu_1059_p2         |   icmp   |      0|  0|   21|          40|          40|
    |j_1_1_fu_708_p2              |    or    |      0|  0|   10|          10|           2|
    |j_1_2_fu_739_p2              |    or    |      0|  0|   10|          10|           2|
    |j_1_s_fu_677_p2              |    or    |      0|  0|   10|          10|           1|
    |Xn_V_3_fu_1358_p3            |  select  |      0|  0|   32|           1|          32|
    |Yn_V_3_fu_1365_p3            |  select  |      0|  0|   32|           1|          32|
    |Zn_V_fu_1311_p3              |  select  |      0|  0|   32|           1|          32|
    |ap_return                    |  select  |      0|  0|   64|           1|           1|
    |k_fu_1079_p3                 |  select  |      0|  0|    6|           1|           6|
    |p_1_i_i_fu_1071_p3           |  select  |      0|  0|    6|           1|           6|
    |p_2_i_i_fu_1032_p3           |  select  |      0|  0|    6|           1|           6|
    |p_Val2_15_fu_1246_p3         |  select  |      0|  0|   22|           1|          22|
    |p_Val2_9_fu_1113_p3          |  select  |      0|  0|    5|           1|           1|
    |p_i_fu_1095_p3               |  select  |      0|  0|    8|           1|           5|
    |p_i_i_fu_1024_p3             |  select  |      0|  0|    6|           1|           6|
    |tmp_14_i_fu_1221_p2          |    shl   |      0|  0|  101|          32|          32|
    |ap_enable_pp0                |    xor   |      0|  0|    2|           1|           2|
    |ap_enable_pp1                |    xor   |      0|  0|    2|           1|           2|
    |ap_enable_reg_pp0_iter1      |    xor   |      0|  0|    2|           2|           1|
    |ap_enable_reg_pp1_iter1      |    xor   |      0|  0|    2|           2|           1|
    +-----------------------------+----------+-------+---+-----+------------+------------+
    |Total                        |          |      7|  0| 1949|        1091|        1133|
    +-----------------------------+----------+-------+---+-----+------------+------------+

    * Multiplexer: 
    +-----------------------------+-----+-----------+-----+-----------+
    |             Name            | LUT | Input Size| Bits| Total Bits|
    +-----------------------------+-----+-----------+-----+-----------+
    |ap_NS_fsm                    |  145|         32|    1|         32|
    |ap_enable_reg_pp0_iter1      |    9|          2|    1|          2|
    |ap_enable_reg_pp0_iter2      |    9|          2|    1|          2|
    |ap_enable_reg_pp1_iter1      |    9|          2|    1|          2|
    |ap_enable_reg_pp1_iter3      |    9|          2|    1|          2|
    |ap_sig_ioackin_gmem_ARREADY  |    9|          2|    1|          2|
    |gmem_blk_n_AR                |    9|          2|    1|          2|
    |gmem_blk_n_R                 |    9|          2|    1|          2|
    |i1_reg_460                   |    9|          2|    8|         16|
    |i_reg_437                    |    9|          2|   10|         20|
    |j_reg_496                    |    9|          2|   10|         20|
    |n_i_reg_541                  |    9|          2|    5|         10|
    |p_Val2_12_reg_507            |    9|          2|   32|         64|
    |p_Val2_13_reg_517            |    9|          2|   32|         64|
    |p_Val2_14_reg_529            |    9|          2|   32|         64|
    |p_Val2_s_26_reg_484          |    9|          2|   31|         62|
    |p_Val2_s_reg_448             |    9|          2|   30|         60|
    |phi_mul_reg_472              |    9|          2|   17|         34|
    |x_local_0_V_address0         |   15|          3|    8|         24|
    |x_local_1_V_address0         |   15|          3|    8|         24|
    |x_local_2_V_address0         |   15|          3|    8|         24|
    |x_local_3_V_address0         |   15|          3|    8|         24|
    +-----------------------------+-----+-----------+-----+-----------+
    |Total                        |  358|         78|  247|        556|
    +-----------------------------+-----+-----------+-----+-----------+

    * Register: 
    +---------------------------------+----+----+-----+-----------+
    |               Name              | FF | LUT| Bits| Const Bits|
    +---------------------------------+----+----+-----+-----------+
    |Zn_V_reg_1679                    |  32|   0|   32|          0|
    |alphas_V_load_reg_1694           |   8|   0|    8|          0|
    |ap_CS_fsm                        |  31|   0|   31|          0|
    |ap_enable_reg_pp0_iter0          |   1|   0|    1|          0|
    |ap_enable_reg_pp0_iter1          |   1|   0|    1|          0|
    |ap_enable_reg_pp0_iter2          |   1|   0|    1|          0|
    |ap_enable_reg_pp1_iter0          |   1|   0|    1|          0|
    |ap_enable_reg_pp1_iter1          |   1|   0|    1|          0|
    |ap_enable_reg_pp1_iter2          |   1|   0|    1|          0|
    |ap_enable_reg_pp1_iter3          |   1|   0|    1|          0|
    |ap_reg_ioackin_gmem_ARREADY      |   1|   0|    1|          0|
    |dp_1_reg_1714                    |  64|   0|   64|          0|
    |exitcond_reg_1505                |   1|   0|    1|          0|
    |gmem_addr_read_reg_1473          |   8|   0|    8|          0|
    |gmem_addr_reg_1449               |  32|   0|   32|          0|
    |i1_reg_460                       |   8|   0|    8|          0|
    |i_2_reg_1490                     |   8|   0|    8|          0|
    |i_3_reg_1668                     |   4|   0|    4|          0|
    |i_reg_437                        |  10|   0|   10|          0|
    |j_reg_496                        |  10|   0|   10|          0|
    |k_reg_1611                       |   6|   0|    6|          0|
    |n_i_reg_541                      |   5|   0|    5|          0|
    |n_reg_1643                       |   5|   0|    5|          0|
    |newIndex_reg_1468                |   8|   0|    8|          0|
    |newIndex_reg_1468_pp0_iter1_reg  |   8|   0|    8|          0|
    |next_mul_reg_1481                |  17|   0|   17|          0|
    |p_Result_2_i_i_reg_1606          |  32|   0|   32|          0|
    |p_Val2_10_reg_1625               |  29|   0|   53|         24|
    |p_Val2_12_reg_507                |  32|   0|   32|          0|
    |p_Val2_13_reg_517                |  32|   0|   32|          0|
    |p_Val2_14_reg_529                |  32|   0|   32|          0|
    |p_Val2_15_reg_1658               |  22|   0|   22|          0|
    |p_Val2_33_1_reg_1559             |   8|   0|    8|          0|
    |p_Val2_33_2_reg_1564             |   8|   0|    8|          0|
    |p_Val2_33_3_reg_1569             |   8|   0|    8|          0|
    |p_Val2_4_reg_1590                |  49|   0|   69|         20|
    |p_Val2_5_reg_1554                |   8|   0|    8|          0|
    |p_Val2_9_reg_1617                |   5|   0|    5|          0|
    |p_Val2_s_26_reg_484              |  31|   0|   31|          0|
    |p_Val2_s_reg_448                 |  30|   0|   30|          0|
    |phi_mul_reg_472                  |  17|   0|   17|          0|
    |tmp_13_reg_1574                  |  18|   0|   24|          6|
    |tmp_4_reg_1699                   |  22|   0|   22|          0|
    |tmp_6_reg_1584                   |  16|   0|   16|          0|
    |tmp_7_reg_1596                   |  37|   0|   37|          0|
    |tmp_8_reg_1500                   |   1|   0|    1|          0|
    |tmp_9_reg_1601                   |   5|   0|    5|          0|
    |tmp_reg_1464                     |   2|   0|    2|          0|
    |tmp_reg_1464_pp0_iter1_reg       |   2|   0|    2|          0|
    |tmp_s_reg_1495                   |  30|   0|   30|          0|
    |v_assign_i_cast4_reg_1630        |  32|   0|   32|          0|
    |z_nonneg_reg_1673                |   1|   0|    1|          0|
    |exitcond_reg_1505                |  64|  32|    1|          0|
    +---------------------------------+----+----+-----+-----------+
    |Total                            | 846|  32|  833|         50|
    +---------------------------------+----+----+-----+-----------+



================================================================
== Interface
================================================================
* Summary: 
+-----------------------+-----+-----+------------+--------------+--------------+
|       RTL Ports       | Dir | Bits|  Protocol  | Source Object|    C Type    |
+-----------------------+-----+-----+------------+--------------+--------------+
|s_axi_control_AWVALID  |  in |    1|    s_axi   |    control   |    scalar    |
|s_axi_control_AWREADY  | out |    1|    s_axi   |    control   |    scalar    |
|s_axi_control_AWADDR   |  in |    6|    s_axi   |    control   |    scalar    |
|s_axi_control_WVALID   |  in |    1|    s_axi   |    control   |    scalar    |
|s_axi_control_WREADY   | out |    1|    s_axi   |    control   |    scalar    |
|s_axi_control_WDATA    |  in |   32|    s_axi   |    control   |    scalar    |
|s_axi_control_WSTRB    |  in |    4|    s_axi   |    control   |    scalar    |
|s_axi_control_ARVALID  |  in |    1|    s_axi   |    control   |    scalar    |
|s_axi_control_ARREADY  | out |    1|    s_axi   |    control   |    scalar    |
|s_axi_control_ARADDR   |  in |    6|    s_axi   |    control   |    scalar    |
|s_axi_control_RVALID   | out |    1|    s_axi   |    control   |    scalar    |
|s_axi_control_RREADY   |  in |    1|    s_axi   |    control   |    scalar    |
|s_axi_control_RDATA    | out |   32|    s_axi   |    control   |    scalar    |
|s_axi_control_RRESP    | out |    2|    s_axi   |    control   |    scalar    |
|s_axi_control_BVALID   | out |    1|    s_axi   |    control   |    scalar    |
|s_axi_control_BREADY   |  in |    1|    s_axi   |    control   |    scalar    |
|s_axi_control_BRESP    | out |    2|    s_axi   |    control   |    scalar    |
|ap_clk                 |  in |    1| ap_ctrl_hs |   classify   | return value |
|ap_rst_n               |  in |    1| ap_ctrl_hs |   classify   | return value |
|interrupt              | out |    1| ap_ctrl_hs |   classify   | return value |
|m_axi_gmem_AWVALID     | out |    1|    m_axi   |     gmem     |    pointer   |
|m_axi_gmem_AWREADY     |  in |    1|    m_axi   |     gmem     |    pointer   |
|m_axi_gmem_AWADDR      | out |   32|    m_axi   |     gmem     |    pointer   |
|m_axi_gmem_AWID        | out |    1|    m_axi   |     gmem     |    pointer   |
|m_axi_gmem_AWLEN       | out |    8|    m_axi   |     gmem     |    pointer   |
|m_axi_gmem_AWSIZE      | out |    3|    m_axi   |     gmem     |    pointer   |
|m_axi_gmem_AWBURST     | out |    2|    m_axi   |     gmem     |    pointer   |
|m_axi_gmem_AWLOCK      | out |    2|    m_axi   |     gmem     |    pointer   |
|m_axi_gmem_AWCACHE     | out |    4|    m_axi   |     gmem     |    pointer   |
|m_axi_gmem_AWPROT      | out |    3|    m_axi   |     gmem     |    pointer   |
|m_axi_gmem_AWQOS       | out |    4|    m_axi   |     gmem     |    pointer   |
|m_axi_gmem_AWREGION    | out |    4|    m_axi   |     gmem     |    pointer   |
|m_axi_gmem_AWUSER      | out |    1|    m_axi   |     gmem     |    pointer   |
|m_axi_gmem_WVALID      | out |    1|    m_axi   |     gmem     |    pointer   |
|m_axi_gmem_WREADY      |  in |    1|    m_axi   |     gmem     |    pointer   |
|m_axi_gmem_WDATA       | out |   32|    m_axi   |     gmem     |    pointer   |
|m_axi_gmem_WSTRB       | out |    4|    m_axi   |     gmem     |    pointer   |
|m_axi_gmem_WLAST       | out |    1|    m_axi   |     gmem     |    pointer   |
|m_axi_gmem_WID         | out |    1|    m_axi   |     gmem     |    pointer   |
|m_axi_gmem_WUSER       | out |    1|    m_axi   |     gmem     |    pointer   |
|m_axi_gmem_ARVALID     | out |    1|    m_axi   |     gmem     |    pointer   |
|m_axi_gmem_ARREADY     |  in |    1|    m_axi   |     gmem     |    pointer   |
|m_axi_gmem_ARADDR      | out |   32|    m_axi   |     gmem     |    pointer   |
|m_axi_gmem_ARID        | out |    1|    m_axi   |     gmem     |    pointer   |
|m_axi_gmem_ARLEN       | out |    8|    m_axi   |     gmem     |    pointer   |
|m_axi_gmem_ARSIZE      | out |    3|    m_axi   |     gmem     |    pointer   |
|m_axi_gmem_ARBURST     | out |    2|    m_axi   |     gmem     |    pointer   |
|m_axi_gmem_ARLOCK      | out |    2|    m_axi   |     gmem     |    pointer   |
|m_axi_gmem_ARCACHE     | out |    4|    m_axi   |     gmem     |    pointer   |
|m_axi_gmem_ARPROT      | out |    3|    m_axi   |     gmem     |    pointer   |
|m_axi_gmem_ARQOS       | out |    4|    m_axi   |     gmem     |    pointer   |
|m_axi_gmem_ARREGION    | out |    4|    m_axi   |     gmem     |    pointer   |
|m_axi_gmem_ARUSER      | out |    1|    m_axi   |     gmem     |    pointer   |
|m_axi_gmem_RVALID      |  in |    1|    m_axi   |     gmem     |    pointer   |
|m_axi_gmem_RREADY      | out |    1|    m_axi   |     gmem     |    pointer   |
|m_axi_gmem_RDATA       |  in |   32|    m_axi   |     gmem     |    pointer   |
|m_axi_gmem_RLAST       |  in |    1|    m_axi   |     gmem     |    pointer   |
|m_axi_gmem_RID         |  in |    1|    m_axi   |     gmem     |    pointer   |
|m_axi_gmem_RUSER       |  in |    1|    m_axi   |     gmem     |    pointer   |
|m_axi_gmem_RRESP       |  in |    2|    m_axi   |     gmem     |    pointer   |
|m_axi_gmem_BVALID      |  in |    1|    m_axi   |     gmem     |    pointer   |
|m_axi_gmem_BREADY      | out |    1|    m_axi   |     gmem     |    pointer   |
|m_axi_gmem_BRESP       |  in |    2|    m_axi   |     gmem     |    pointer   |
|m_axi_gmem_BID         |  in |    1|    m_axi   |     gmem     |    pointer   |
|m_axi_gmem_BUSER       |  in |    1|    m_axi   |     gmem     |    pointer   |
+-----------------------+-----+-----+------------+--------------+--------------+

