

================================================================
== Vivado HLS Report for 'floor_to_int'
================================================================
* Date:           Sat Feb  7 20:12:32 2026

* Version:        2018.2 (Build 2258646 on Thu Jun 14 20:25:20 MDT 2018)
* Project:        ADSD
* Solution:       solution1
* Product family: zynq
* Target device:  xc7z020clg484-1


================================================================
== Performance Estimates
================================================================
+ Timing (ns): 
    * Summary: 
    +--------+-------+----------+------------+
    |  Clock | Target| Estimated| Uncertainty|
    +--------+-------+----------+------------+
    |ap_clk  |  10.00|     7.247|        1.25|
    +--------+-------+----------+------------+

+ Latency (clock cycles): 
    * Summary: 
    +-----+-----+-----+-----+---------+
    |  Latency  |  Interval | Pipeline|
    | min | max | min | max |   Type  |
    +-----+-----+-----+-----+---------+
    |    0|    0|    0|    0|   none  |
    +-----+-----+-----+-----+---------+

    + Detail: 
        * Instance: 
        N/A

        * Loop: 
        N/A



================================================================
== Utilization Estimates
================================================================
* Summary: 
+-----------------+---------+-------+--------+-------+
|       Name      | BRAM_18K| DSP48E|   FF   |  LUT  |
+-----------------+---------+-------+--------+-------+
|DSP              |        -|      -|       -|      -|
|Expression       |        -|      -|       0|    103|
|FIFO             |        -|      -|       -|      -|
|Instance         |        -|      -|       -|      -|
|Memory           |        -|      -|       -|      -|
|Multiplexer      |        -|      -|       -|      -|
|Register         |        -|      -|       -|      -|
+-----------------+---------+-------+--------+-------+
|Total            |        0|      0|       0|    103|
+-----------------+---------+-------+--------+-------+
|Available        |      280|    220|  106400|  53200|
+-----------------+---------+-------+--------+-------+
|Utilization (%)  |        0|      0|       0|   ~0  |
+-----------------+---------+-------+--------+-------+

+ Detail: 
    * Instance: 
    N/A

    * DSP48: 
    N/A

    * Memory: 
    N/A

    * FIFO: 
    N/A

    * Expression: 
    +------------------+----------+-------+---+----+------------+------------+
    |   Variable Name  | Operation| DSP48E| FF| LUT| Bitwidth P0| Bitwidth P1|
    +------------------+----------+-------+---+----+------------+------------+
    |iv_fu_110_p2      |     +    |      0|  0|  15|           2|           9|
    |ret_V_1_fu_62_p2  |     +    |      0|  0|  15|           1|           8|
    |tmp_2_fu_56_p2    |   icmp   |      0|  0|  18|          32|           1|
    |tmp_8_fu_104_p2   |   icmp   |      0|  0|  21|          40|          40|
    |ap_return         |  select  |      0|  0|   9|           1|           9|
    |p_1_fu_116_p3     |  select  |      0|  0|   9|           1|           9|
    |p_2_fu_76_p3      |  select  |      0|  0|   8|           1|           8|
    |p_s_fu_68_p3      |  select  |      0|  0|   8|           1|           8|
    +------------------+----------+-------+---+----+------------+------------+
    |Total             |          |      0|  0| 103|          79|          92|
    +------------------+----------+-------+---+----+------------+------------+

    * Multiplexer: 
    N/A

    * Register: 
    N/A



================================================================
== Interface
================================================================
* Summary: 
+-----------+-----+-----+------------+--------------+--------------+
| RTL Ports | Dir | Bits|  Protocol  | Source Object|    C Type    |
+-----------+-----+-----+------------+--------------+--------------+
|ap_ready   | out |    1| ap_ctrl_hs | floor_to_int | return value |
|ap_return  | out |    9| ap_ctrl_hs | floor_to_int | return value |
|v_V        |  in |   37|   ap_none  |      v_V     |    scalar    |
+-----------+-----+-----+------------+--------------+--------------+

