INFO: [SIM 2] *************** CSIM start ***************
INFO: [SIM 4] CSIM will launch GCC as the compiler.
   Compiling ../../../../SVM_Accelerator_HLS_Cordic_GoodMSE_FixedPoint/Exp.cpp in debug mode
   Compiling ../../../../SVM_Accelerator_HLS_Cordic_GoodMSE_FixedPoint/Classifier.cpp in debug mode
csim.mk:96: recipe for target 'obj/Classifier.o' failed
In file included from C:/Xilinx/Vivado/2018.2/include/floating_point_v7_0_bitacc_cmodel.h:143:0,
                 from C:/Xilinx/Vivado/2018.2/include/hls_fpo.h:166,
                 from C:/Xilinx/Vivado/2018.2/include/hls_half.h:58,
                 from C:/Xilinx/Vivado/2018.2/include/ap_int_sim.h:73,
                 from C:/Xilinx/Vivado/2018.2/include/ap_int.h:65,
                 from C:/Xilinx/Vivado/2018.2/include/ap_fixed.h:57,
                 from ../../../../SVM_Accelerator_HLS_Cordic_GoodMSE_FixedPoint/Exp.h:3,
                 from ../../../../SVM_Accelerator_HLS_Cordic_GoodMSE_FixedPoint/Exp.cpp:1:
C:/Xilinx/Vivado/2018.2/include/gmp.h:62:0: warning: "__GMP_LIBGMP_DLL" redefined
 #define __GMP_LIBGMP_DLL  0
 
In file included from C:/Xilinx/Vivado/2018.2/include/hls_fpo.h:166:0,
                 from C:/Xilinx/Vivado/2018.2/include/hls_half.h:58,
                 from C:/Xilinx/Vivado/2018.2/include/ap_int_sim.h:73,
                 from C:/Xilinx/Vivado/2018.2/include/ap_int.h:65,
                 from C:/Xilinx/Vivado/2018.2/include/ap_fixed.h:57,
                 from ../../../../SVM_Accelerator_HLS_Cordic_GoodMSE_FixedPoint/Exp.h:3,
                 from ../../../../SVM_Accelerator_HLS_Cordic_GoodMSE_FixedPoint/Exp.cpp:1:
C:/Xilinx/Vivado/2018.2/include/floating_point_v7_0_bitacc_cmodel.h:135:0: note: this is the location of the previous definition
 #define __GMP_LIBGMP_DLL 1
 
In file included from C:/Xilinx/Vivado/2018.2/include/floating_point_v7_0_bitacc_cmodel.h:143:0,
                 from C:/Xilinx/Vivado/2018.2/include/hls_fpo.h:166,
                 from C:/Xilinx/Vivado/2018.2/include/hls_half.h:58,
                 from C:/Xilinx/Vivado/2018.2/include/ap_int_sim.h:73,
                 from C:/Xilinx/Vivado/2018.2/include/ap_int.h:65,
                 from C:/Xilinx/Vivado/2018.2/include/ap_fixed.h:57,
                 from ../../../../SVM_Accelerator_HLS_Cordic_GoodMSE_FixedPoint/Classifier.h:4,
                 from ../../../../SVM_Accelerator_HLS_Cordic_GoodMSE_FixedPoint/Classifier.cpp:1:
C:/Xilinx/Vivado/2018.2/include/gmp.h:62:0: warning: "__GMP_LIBGMP_DLL" redefined
 #define __GMP_LIBGMP_DLL  0
 
In file included from C:/Xilinx/Vivado/2018.2/include/hls_fpo.h:166:0,
                 from C:/Xilinx/Vivado/2018.2/include/hls_half.h:58,
                 from C:/Xilinx/Vivado/2018.2/include/ap_int_sim.h:73,
                 from C:/Xilinx/Vivado/2018.2/include/ap_int.h:65,
                 from C:/Xilinx/Vivado/2018.2/include/ap_fixed.h:57,
                 from ../../../../SVM_Accelerator_HLS_Cordic_GoodMSE_FixedPoint/Classifier.h:4,
                 from ../../../../SVM_Accelerator_HLS_Cordic_GoodMSE_FixedPoint/Classifier.cpp:1:
C:/Xilinx/Vivado/2018.2/include/floating_point_v7_0_bitacc_cmodel.h:135:0: note: this is the location of the previous definition
 #define __GMP_LIBGMP_DLL 1
 
make: *** [obj/Classifier.o] Error 1
ERR: [SIM 100] 'csim_design' failed: compilation error(s).
INFO: [SIM 3] *************** CSIM finish ***************
