

================================================================
== Vivado HLS Report for 'classify'
================================================================
* Date:           Thu Feb  5 00:21:57 2026

* Version:        2018.2 (Build 2258646 on Thu Jun 14 20:25:20 MDT 2018)
* Project:        SVM_Accelerator_HLS_Cordic_GoodMSE_FixedPoint
* Solution:       solution1
* Product family: zynq
* Target device:  xc7z020clg484-1


================================================================
== Performance Estimates
================================================================
+ Timing (ns): 
    * Summary: 
    +--------+-------+----------+------------+
    |  Clock | Target| Estimated| Uncertainty|
    +--------+-------+----------+------------+
    |ap_clk  |  10.00|     8.480|        1.25|
    +--------+-------+----------+------------+

+ Latency (clock cycles): 
    * Summary: 
    +--------+--------+--------+--------+---------+
    |     Latency     |     Interval    | Pipeline|
    |   min  |   max  |   min  |   max  |   Type  |
    +--------+--------+--------+--------+---------+
    |  657038|  657038|  657038|  657038|   none  |
    +--------+--------+--------+--------+---------+

    + Detail: 
        * Instance: 
        N/A

        * Loop: 
        +-------------+--------+--------+----------+-----------+-----------+------+----------+
        |             |     Latency     | Iteration|  Initiation Interval  | Trip |          |
        |  Loop Name  |   min  |   max  |  Latency |  achieved |   target  | Count| Pipelined|
        +-------------+--------+--------+----------+-----------+-----------+------+----------+
        |- Loop 1     |  657030|  657030|      3982|          -|          -|   165|    no    |
        | + Loop 1.1  |    3920|    3920|         5|          -|          -|   784|    no    |
        | + Loop 1.2  |      51|      51|         3|          -|          -|    17|    no    |
        +-------------+--------+--------+----------+-----------+-----------+------+----------+

============================================================
+ Verbose Summary: Synthesis Manager
============================================================
InlineROM: 1
ExposeGlobal: 0
============================================================
+ Verbose Summary: CDFG Model
============================================================
IsTopModel: 1
ResetActiveHigh: 1
IsCombinational: 0
IsDatapathOnly: 0
HasWiredReturn: 1
HasMFsm: 0
HasVarLatency: 1
IsPipeline: 0
IsRtlPipelined: 0
IsInstanceOverlapped: 0
IsDontTouch: 0
HasImplIP: 0
IsGatedGlobalClock: 0


============================================================
+ Verbose Summary: Schedule
============================================================
* Number of FSM states : 25
* Pipeline : 0
* Dataflow Pipeline: 0

* FSM state transitions: 
1 --> 
	2  / true
2 --> 
	19  / (exitcond1)
	3  / (!exitcond1)
3 --> 
	4  / (!exitcond)
	8  / (exitcond)
4 --> 
	5  / true
5 --> 
	6  / true
6 --> 
	7  / true
7 --> 
	3  / true
8 --> 
	9  / true
9 --> 
	10  / true
10 --> 
	11  / true
11 --> 
	12  / true
12 --> 
	13  / true
13 --> 
	14  / (!exitcond_i)
	16  / (exitcond_i)
14 --> 
	15  / true
15 --> 
	13  / true
16 --> 
	17  / true
17 --> 
	18  / true
18 --> 
	2  / true
19 --> 
	20  / true
20 --> 
	21  / true
21 --> 
	22  / true
22 --> 
	23  / true
23 --> 
	24  / true
24 --> 
	25  / true
25 --> 

* FSM state operations: 

State 1 <SV = 0> <Delay = 1.76>
ST_1 : Operation 26 [1/1] (0.00ns)   --->   "call void (...)* @_ssdm_op_SpecBitsMap([784 x i8]* %x_V), !map !142"   --->   Operation 26 'specbitsmap' <Predicate = true> <Delay = 0.00>
ST_1 : Operation 27 [1/1] (0.00ns)   --->   "call void (...)* @_ssdm_op_SpecBitsMap(double 0.000000e+00) nounwind, !map !148"   --->   Operation 27 'specbitsmap' <Predicate = true> <Delay = 0.00>
ST_1 : Operation 28 [1/1] (0.00ns)   --->   "call void (...)* @_ssdm_op_SpecTopModule([9 x i8]* @classify_str) nounwind"   --->   Operation 28 'spectopmodule' <Predicate = true> <Delay = 0.00>
ST_1 : Operation 29 [1/1] (1.76ns)   --->   "br label %1" [SVM_Accelerator_HLS_Cordic_GoodMSE_FixedPoint/Classifier.cpp:9]   --->   Operation 29 'br' <Predicate = true> <Delay = 1.76>

State 2 <SV = 1> <Delay = 4.96>
ST_2 : Operation 30 [1/1] (0.00ns)   --->   "%p_Val2_s = phi i30 [ 0, %0 ], [ %sum_V, %compute_exp.exit ]"   --->   Operation 30 'phi' 'p_Val2_s' <Predicate = true> <Delay = 0.00>
ST_2 : Operation 31 [1/1] (0.00ns)   --->   "%i = phi i8 [ 0, %0 ], [ %i_1, %compute_exp.exit ]"   --->   Operation 31 'phi' 'i' <Predicate = true> <Delay = 0.00>
ST_2 : Operation 32 [1/1] (0.00ns)   --->   "%phi_mul = phi i17 [ 0, %0 ], [ %next_mul, %compute_exp.exit ]"   --->   Operation 32 'phi' 'phi_mul' <Predicate = true> <Delay = 0.00>
ST_2 : Operation 33 [1/1] (2.10ns)   --->   "%next_mul = add i17 %phi_mul, 784"   --->   Operation 33 'add' 'next_mul' <Predicate = true> <Delay = 2.10> <Core = "AddSub">   --->   Core 14 'AddSub' <Latency = 0> <II = 1> <Delay = 1.63> <FuncUnit> <Opcode : 'add' 'sub'> <InPorts = 2> <OutPorts = 1>
ST_2 : Operation 34 [1/1] (1.55ns)   --->   "%exitcond1 = icmp eq i8 %i, -91" [SVM_Accelerator_HLS_Cordic_GoodMSE_FixedPoint/Classifier.cpp:9]   --->   Operation 34 'icmp' 'exitcond1' <Predicate = true> <Delay = 1.55> <Core = "Cmp">   --->   Core 25 'Cmp' <Latency = 0> <II = 1> <Delay = 2.46> <FuncUnit> <Opcode : 'icmp'> <InPorts = 2> <OutPorts = 1>
ST_2 : Operation 35 [1/1] (0.00ns)   --->   "%empty = call i32 (...)* @_ssdm_op_SpecLoopTripCount(i64 165, i64 165, i64 165)"   --->   Operation 35 'speclooptripcount' 'empty' <Predicate = true> <Delay = 0.00>
ST_2 : Operation 36 [1/1] (1.91ns)   --->   "%i_1 = add i8 %i, 1" [SVM_Accelerator_HLS_Cordic_GoodMSE_FixedPoint/Classifier.cpp:9]   --->   Operation 36 'add' 'i_1' <Predicate = true> <Delay = 1.91> <Core = "AddSub">   --->   Core 14 'AddSub' <Latency = 0> <II = 1> <Delay = 1.63> <FuncUnit> <Opcode : 'add' 'sub'> <InPorts = 2> <OutPorts = 1>
ST_2 : Operation 37 [1/1] (0.00ns)   --->   "br i1 %exitcond1, label %_ifconv24, label %.preheader.preheader" [SVM_Accelerator_HLS_Cordic_GoodMSE_FixedPoint/Classifier.cpp:9]   --->   Operation 37 'br' <Predicate = true> <Delay = 0.00>
ST_2 : Operation 38 [1/1] (1.76ns)   --->   "br label %.preheader" [SVM_Accelerator_HLS_Cordic_GoodMSE_FixedPoint/Classifier.cpp:13]   --->   Operation 38 'br' <Predicate = (!exitcond1)> <Delay = 1.76>
ST_2 : Operation 39 [1/1] (2.49ns)   --->   "%tmp_s = add i30 %p_Val2_s, -11776" [SVM_Accelerator_HLS_Cordic_GoodMSE_FixedPoint/Classifier.cpp:28]   --->   Operation 39 'add' 'tmp_s' <Predicate = (exitcond1)> <Delay = 2.49> <Core = "AddSub">   --->   Core 14 'AddSub' <Latency = 0> <II = 1> <Delay = 1.63> <FuncUnit> <Opcode : 'add' 'sub'> <InPorts = 2> <OutPorts = 1>
ST_2 : Operation 40 [1/1] (2.46ns)   --->   "%tmp_1 = icmp eq i30 %tmp_s, 0" [SVM_Accelerator_HLS_Cordic_GoodMSE_FixedPoint/Classifier.cpp:28]   --->   Operation 40 'icmp' 'tmp_1' <Predicate = (exitcond1)> <Delay = 2.46> <Core = "Cmp">   --->   Core 25 'Cmp' <Latency = 0> <II = 1> <Delay = 2.46> <FuncUnit> <Opcode : 'icmp'> <InPorts = 2> <OutPorts = 1>

State 3 <SV = 2> <Delay = 5.36>
ST_3 : Operation 41 [1/1] (0.00ns)   --->   "%p_Val2_13 = phi i31 [ %l2Squared_fixed_V, %_ifconv ], [ 0, %.preheader.preheader ]"   --->   Operation 41 'phi' 'p_Val2_13' <Predicate = true> <Delay = 0.00>
ST_3 : Operation 42 [1/1] (0.00ns)   --->   "%j = phi i10 [ %j_1, %_ifconv ], [ 0, %.preheader.preheader ]"   --->   Operation 42 'phi' 'j' <Predicate = true> <Delay = 0.00>
ST_3 : Operation 43 [1/1] (0.00ns)   --->   "%j_cast = zext i10 %j to i17" [SVM_Accelerator_HLS_Cordic_GoodMSE_FixedPoint/Classifier.cpp:13]   --->   Operation 43 'zext' 'j_cast' <Predicate = true> <Delay = 0.00>
ST_3 : Operation 44 [1/1] (1.77ns)   --->   "%exitcond = icmp eq i10 %j, -240" [SVM_Accelerator_HLS_Cordic_GoodMSE_FixedPoint/Classifier.cpp:13]   --->   Operation 44 'icmp' 'exitcond' <Predicate = true> <Delay = 1.77> <Core = "Cmp">   --->   Core 25 'Cmp' <Latency = 0> <II = 1> <Delay = 2.46> <FuncUnit> <Opcode : 'icmp'> <InPorts = 2> <OutPorts = 1>
ST_3 : Operation 45 [1/1] (0.00ns)   --->   "%empty_21 = call i32 (...)* @_ssdm_op_SpecLoopTripCount(i64 784, i64 784, i64 784)"   --->   Operation 45 'speclooptripcount' 'empty_21' <Predicate = true> <Delay = 0.00>
ST_3 : Operation 46 [1/1] (1.73ns)   --->   "%j_1 = add i10 %j, 1" [SVM_Accelerator_HLS_Cordic_GoodMSE_FixedPoint/Classifier.cpp:13]   --->   Operation 46 'add' 'j_1' <Predicate = true> <Delay = 1.73> <Core = "AddSub">   --->   Core 14 'AddSub' <Latency = 0> <II = 1> <Delay = 1.63> <FuncUnit> <Opcode : 'add' 'sub'> <InPorts = 2> <OutPorts = 1>
ST_3 : Operation 47 [1/1] (0.00ns)   --->   "br i1 %exitcond, label %ap_fixed_base.exit1, label %_ifconv" [SVM_Accelerator_HLS_Cordic_GoodMSE_FixedPoint/Classifier.cpp:13]   --->   Operation 47 'br' <Predicate = true> <Delay = 0.00>
ST_3 : Operation 48 [1/1] (2.10ns)   --->   "%tmp_6 = add i17 %j_cast, %phi_mul" [SVM_Accelerator_HLS_Cordic_GoodMSE_FixedPoint/Classifier.cpp:14]   --->   Operation 48 'add' 'tmp_6' <Predicate = (!exitcond)> <Delay = 2.10> <Core = "AddSub">   --->   Core 14 'AddSub' <Latency = 0> <II = 1> <Delay = 1.63> <FuncUnit> <Opcode : 'add' 'sub'> <InPorts = 2> <OutPorts = 1>
ST_3 : Operation 49 [1/1] (0.00ns)   --->   "%tmp_8 = zext i17 %tmp_6 to i64" [SVM_Accelerator_HLS_Cordic_GoodMSE_FixedPoint/Classifier.cpp:14]   --->   Operation 49 'zext' 'tmp_8' <Predicate = (!exitcond)> <Delay = 0.00>
ST_3 : Operation 50 [1/1] (0.00ns)   --->   "%svs_addr = getelementptr inbounds [129360 x double]* @svs, i64 0, i64 %tmp_8" [SVM_Accelerator_HLS_Cordic_GoodMSE_FixedPoint/Classifier.cpp:14]   --->   Operation 50 'getelementptr' 'svs_addr' <Predicate = (!exitcond)> <Delay = 0.00>
ST_3 : Operation 51 [2/2] (3.25ns)   --->   "%svs_load = load double* %svs_addr, align 8" [SVM_Accelerator_HLS_Cordic_GoodMSE_FixedPoint/Classifier.cpp:14]   --->   Operation 51 'load' 'svs_load' <Predicate = (!exitcond)> <Delay = 3.25> <Core = "ROM_nP">   --->   Core 48 'ROM_nP' <Latency = 1> <II = 1> <Delay = 3.25> <Storage> <Opcode : 'load'> <Ports = 0> <Width = 8> <Depth = 165> <ROM>
ST_3 : Operation 52 [1/1] (0.00ns)   --->   "%tmp_22 = zext i10 %j to i64" [SVM_Accelerator_HLS_Cordic_GoodMSE_FixedPoint/Classifier.cpp:15]   --->   Operation 52 'zext' 'tmp_22' <Predicate = (!exitcond)> <Delay = 0.00>
ST_3 : Operation 53 [1/1] (0.00ns)   --->   "%x_V_addr = getelementptr [784 x i8]* %x_V, i64 0, i64 %tmp_22" [SVM_Accelerator_HLS_Cordic_GoodMSE_FixedPoint/Classifier.cpp:15]   --->   Operation 53 'getelementptr' 'x_V_addr' <Predicate = (!exitcond)> <Delay = 0.00>
ST_3 : Operation 54 [2/2] (3.25ns)   --->   "%p_Val2_12 = load i8* %x_V_addr, align 1" [SVM_Accelerator_HLS_Cordic_GoodMSE_FixedPoint/Classifier.cpp:15]   --->   Operation 54 'load' 'p_Val2_12' <Predicate = (!exitcond)> <Delay = 3.25> <Core = "RAM">   --->   Core 37 'RAM' <Latency = 1> <II = 1> <Delay = 3.25> <Storage> <Opcode : 'load' 'store'> <Ports = 2> <Width = 8> <Depth = 784> <RAM>
ST_3 : Operation 55 [1/1] (0.00ns)   --->   "%OP2_V_cast = sext i31 %p_Val2_13 to i33" [SVM_Accelerator_HLS_Cordic_GoodMSE_FixedPoint/Classifier.cpp:24]   --->   Operation 55 'sext' 'OP2_V_cast' <Predicate = (exitcond)> <Delay = 0.00>
ST_3 : Operation 56 [1/1] (0.00ns)   --->   "%p_shl = call i33 @_ssdm_op_BitConcatenate.i33.i31.i2(i31 %p_Val2_13, i2 0)" [SVM_Accelerator_HLS_Cordic_GoodMSE_FixedPoint/Classifier.cpp:24]   --->   Operation 56 'bitconcatenate' 'p_shl' <Predicate = (exitcond)> <Delay = 0.00>
ST_3 : Operation 57 [1/1] (0.00ns) (grouped into TernaryAdder)   --->   "%p_neg = sub i33 0, %p_shl" [SVM_Accelerator_HLS_Cordic_GoodMSE_FixedPoint/Classifier.cpp:24]   --->   Operation 57 'sub' 'p_neg' <Predicate = (exitcond)> <Delay = 0.00> <Core = "TAddSub">   --->   Core 80 'TAddSub' <Latency = 0> <II = 1> <Delay = 2.20> <IPBlock> <Opcode : 'add' 'sub'> <InPorts = 3> <OutPorts = 1> <Sync> <CReg>
ST_3 : Operation 58 [1/1] (4.40ns) (root node of TernaryAdder)   --->   "%p_Val2_1 = sub i33 %p_neg, %OP2_V_cast" [SVM_Accelerator_HLS_Cordic_GoodMSE_FixedPoint/Classifier.cpp:24]   --->   Operation 58 'sub' 'p_Val2_1' <Predicate = (exitcond)> <Delay = 4.40> <Core = "TAddSub">   --->   Core 80 'TAddSub' <Latency = 0> <II = 1> <Delay = 2.20> <IPBlock> <Opcode : 'add' 'sub'> <InPorts = 3> <OutPorts = 1> <Sync> <CReg>
ST_3 : Operation 59 [1/1] (0.00ns)   --->   "%tmp = call i16 @_ssdm_op_PartSelect.i16.i33.i32.i32(i33 %p_Val2_1, i32 8, i32 23)" [SVM_Accelerator_HLS_Cordic_GoodMSE_FixedPoint/Classifier.cpp:24]   --->   Operation 59 'partselect' 'tmp' <Predicate = (exitcond)> <Delay = 0.00>

State 4 <SV = 3> <Delay = 7.43>
ST_4 : Operation 60 [1/2] (3.25ns)   --->   "%svs_load = load double* %svs_addr, align 8" [SVM_Accelerator_HLS_Cordic_GoodMSE_FixedPoint/Classifier.cpp:14]   --->   Operation 60 'load' 'svs_load' <Predicate = true> <Delay = 3.25> <Core = "ROM_nP">   --->   Core 48 'ROM_nP' <Latency = 1> <II = 1> <Delay = 3.25> <Storage> <Opcode : 'load'> <Ports = 0> <Width = 8> <Depth = 165> <ROM>
ST_4 : Operation 61 [1/1] (0.00ns)   --->   "%ireg_V = bitcast double %svs_load to i64" [SVM_Accelerator_HLS_Cordic_GoodMSE_FixedPoint/Classifier.cpp:14]   --->   Operation 61 'bitcast' 'ireg_V' <Predicate = true> <Delay = 0.00>
ST_4 : Operation 62 [1/1] (0.00ns)   --->   "%tmp_21 = trunc i64 %ireg_V to i63" [SVM_Accelerator_HLS_Cordic_GoodMSE_FixedPoint/Classifier.cpp:14]   --->   Operation 62 'trunc' 'tmp_21' <Predicate = true> <Delay = 0.00>
ST_4 : Operation 63 [1/1] (0.00ns)   --->   "%isneg = call i1 @_ssdm_op_BitSelect.i1.i64.i32(i64 %ireg_V, i32 63)" [SVM_Accelerator_HLS_Cordic_GoodMSE_FixedPoint/Classifier.cpp:14]   --->   Operation 63 'bitselect' 'isneg' <Predicate = true> <Delay = 0.00>
ST_4 : Operation 64 [1/1] (0.00ns)   --->   "%exp_tmp_V = call i11 @_ssdm_op_PartSelect.i11.i64.i32.i32(i64 %ireg_V, i32 52, i32 62)" [SVM_Accelerator_HLS_Cordic_GoodMSE_FixedPoint/Classifier.cpp:14]   --->   Operation 64 'partselect' 'exp_tmp_V' <Predicate = true> <Delay = 0.00>
ST_4 : Operation 65 [1/1] (0.00ns)   --->   "%tmp_9 = zext i11 %exp_tmp_V to i12" [SVM_Accelerator_HLS_Cordic_GoodMSE_FixedPoint/Classifier.cpp:14]   --->   Operation 65 'zext' 'tmp_9' <Predicate = true> <Delay = 0.00>
ST_4 : Operation 66 [1/1] (0.00ns)   --->   "%tmp_32 = trunc i64 %ireg_V to i52" [SVM_Accelerator_HLS_Cordic_GoodMSE_FixedPoint/Classifier.cpp:14]   --->   Operation 66 'trunc' 'tmp_32' <Predicate = true> <Delay = 0.00>
ST_4 : Operation 67 [1/1] (0.00ns)   --->   "%tmp_3 = call i53 @_ssdm_op_BitConcatenate.i53.i1.i52(i1 true, i52 %tmp_32)" [SVM_Accelerator_HLS_Cordic_GoodMSE_FixedPoint/Classifier.cpp:14]   --->   Operation 67 'bitconcatenate' 'tmp_3' <Predicate = true> <Delay = 0.00>
ST_4 : Operation 68 [1/1] (0.00ns)   --->   "%p_Result_s = zext i53 %tmp_3 to i54" [SVM_Accelerator_HLS_Cordic_GoodMSE_FixedPoint/Classifier.cpp:14]   --->   Operation 68 'zext' 'p_Result_s' <Predicate = true> <Delay = 0.00>
ST_4 : Operation 69 [1/1] (3.23ns)   --->   "%man_V_1 = sub i54 0, %p_Result_s" [SVM_Accelerator_HLS_Cordic_GoodMSE_FixedPoint/Classifier.cpp:14]   --->   Operation 69 'sub' 'man_V_1' <Predicate = true> <Delay = 3.23> <Core = "AddSub">   --->   Core 14 'AddSub' <Latency = 0> <II = 1> <Delay = 1.63> <FuncUnit> <Opcode : 'add' 'sub'> <InPorts = 2> <OutPorts = 1>
ST_4 : Operation 70 [1/1] (0.94ns)   --->   "%man_V_2 = select i1 %isneg, i54 %man_V_1, i54 %p_Result_s" [SVM_Accelerator_HLS_Cordic_GoodMSE_FixedPoint/Classifier.cpp:14]   --->   Operation 70 'select' 'man_V_2' <Predicate = true> <Delay = 0.94> <Core = "Sel">   --->   Core 26 'Sel' <Latency = 0> <II = 1> <Delay = 1.48> <FuncUnit> <Opcode : 'select'> <InPorts = 3> <OutPorts = 1>
ST_4 : Operation 71 [1/1] (2.78ns)   --->   "%tmp_10 = icmp eq i63 %tmp_21, 0" [SVM_Accelerator_HLS_Cordic_GoodMSE_FixedPoint/Classifier.cpp:14]   --->   Operation 71 'icmp' 'tmp_10' <Predicate = true> <Delay = 2.78> <Core = "Cmp">   --->   Core 25 'Cmp' <Latency = 0> <II = 1> <Delay = 2.46> <FuncUnit> <Opcode : 'icmp'> <InPorts = 2> <OutPorts = 1>
ST_4 : Operation 72 [1/1] (1.54ns)   --->   "%F2 = sub i12 1075, %tmp_9" [SVM_Accelerator_HLS_Cordic_GoodMSE_FixedPoint/Classifier.cpp:14]   --->   Operation 72 'sub' 'F2' <Predicate = true> <Delay = 1.54> <Core = "AddSub">   --->   Core 14 'AddSub' <Latency = 0> <II = 1> <Delay = 1.63> <FuncUnit> <Opcode : 'add' 'sub'> <InPorts = 2> <OutPorts = 1>
ST_4 : Operation 73 [1/1] (0.00ns)   --->   "%tmp_33 = call i11 @_ssdm_op_PartSelect.i11.i12.i32.i32(i12 %F2, i32 1, i32 11)" [SVM_Accelerator_HLS_Cordic_GoodMSE_FixedPoint/Classifier.cpp:14]   --->   Operation 73 'partselect' 'tmp_33' <Predicate = true> <Delay = 0.00>
ST_4 : Operation 74 [1/1] (1.88ns)   --->   "%icmp = icmp sgt i11 %tmp_33, 0" [SVM_Accelerator_HLS_Cordic_GoodMSE_FixedPoint/Classifier.cpp:14]   --->   Operation 74 'icmp' 'icmp' <Predicate = true> <Delay = 1.88> <Core = "Cmp">   --->   Core 25 'Cmp' <Latency = 0> <II = 1> <Delay = 2.46> <FuncUnit> <Opcode : 'icmp'> <InPorts = 2> <OutPorts = 1>
ST_4 : Operation 75 [1/1] (1.54ns)   --->   "%tmp_12 = add i12 -1, %F2" [SVM_Accelerator_HLS_Cordic_GoodMSE_FixedPoint/Classifier.cpp:14]   --->   Operation 75 'add' 'tmp_12' <Predicate = true> <Delay = 1.54> <Core = "AddSub">   --->   Core 14 'AddSub' <Latency = 0> <II = 1> <Delay = 1.63> <FuncUnit> <Opcode : 'add' 'sub'> <InPorts = 2> <OutPorts = 1>
ST_4 : Operation 76 [1/1] (1.54ns)   --->   "%tmp_13 = sub i12 1, %F2" [SVM_Accelerator_HLS_Cordic_GoodMSE_FixedPoint/Classifier.cpp:14]   --->   Operation 76 'sub' 'tmp_13' <Predicate = true> <Delay = 1.54> <Core = "AddSub">   --->   Core 14 'AddSub' <Latency = 0> <II = 1> <Delay = 1.63> <FuncUnit> <Opcode : 'add' 'sub'> <InPorts = 2> <OutPorts = 1>
ST_4 : Operation 77 [1/1] (0.69ns)   --->   "%sh_amt = select i1 %icmp, i12 %tmp_12, i12 %tmp_13" [SVM_Accelerator_HLS_Cordic_GoodMSE_FixedPoint/Classifier.cpp:14]   --->   Operation 77 'select' 'sh_amt' <Predicate = true> <Delay = 0.69> <Core = "Sel">   --->   Core 26 'Sel' <Latency = 0> <II = 1> <Delay = 1.48> <FuncUnit> <Opcode : 'select'> <InPorts = 3> <OutPorts = 1>
ST_4 : Operation 78 [1/1] (1.99ns)   --->   "%tmp_14 = icmp eq i12 %F2, 1" [SVM_Accelerator_HLS_Cordic_GoodMSE_FixedPoint/Classifier.cpp:14]   --->   Operation 78 'icmp' 'tmp_14' <Predicate = true> <Delay = 1.99> <Core = "Cmp">   --->   Core 25 'Cmp' <Latency = 0> <II = 1> <Delay = 2.46> <FuncUnit> <Opcode : 'icmp'> <InPorts = 2> <OutPorts = 1>
ST_4 : Operation 79 [1/1] (0.00ns)   --->   "%xi_V = trunc i54 %man_V_2 to i8" [SVM_Accelerator_HLS_Cordic_GoodMSE_FixedPoint/Classifier.cpp:14]   --->   Operation 79 'trunc' 'xi_V' <Predicate = true> <Delay = 0.00>
ST_4 : Operation 80 [1/1] (0.00ns)   --->   "%tmp_35 = call i9 @_ssdm_op_PartSelect.i9.i12.i32.i32(i12 %sh_amt, i32 3, i32 11)" [SVM_Accelerator_HLS_Cordic_GoodMSE_FixedPoint/Classifier.cpp:14]   --->   Operation 80 'partselect' 'tmp_35' <Predicate = true> <Delay = 0.00>
ST_4 : Operation 81 [1/2] (3.25ns)   --->   "%p_Val2_12 = load i8* %x_V_addr, align 1" [SVM_Accelerator_HLS_Cordic_GoodMSE_FixedPoint/Classifier.cpp:15]   --->   Operation 81 'load' 'p_Val2_12' <Predicate = true> <Delay = 3.25> <Core = "RAM">   --->   Core 37 'RAM' <Latency = 1> <II = 1> <Delay = 3.25> <Storage> <Opcode : 'load' 'store'> <Ports = 2> <Width = 8> <Depth = 784> <RAM>

State 5 <SV = 4> <Delay = 7.58>
ST_5 : Operation 82 [1/1] (0.00ns)   --->   "%sh_amt_cast = sext i12 %sh_amt to i32" [SVM_Accelerator_HLS_Cordic_GoodMSE_FixedPoint/Classifier.cpp:14]   --->   Operation 82 'sext' 'sh_amt_cast' <Predicate = true> <Delay = 0.00>
ST_5 : Operation 83 [1/1] (1.99ns)   --->   "%tmp_15 = icmp ult i12 %sh_amt, 54" [SVM_Accelerator_HLS_Cordic_GoodMSE_FixedPoint/Classifier.cpp:14]   --->   Operation 83 'icmp' 'tmp_15' <Predicate = true> <Delay = 1.99> <Core = "Cmp">   --->   Core 25 'Cmp' <Latency = 0> <II = 1> <Delay = 2.46> <FuncUnit> <Opcode : 'icmp'> <InPorts = 2> <OutPorts = 1>
ST_5 : Operation 84 [1/1] (1.66ns)   --->   "%icmp3 = icmp eq i9 %tmp_35, 0" [SVM_Accelerator_HLS_Cordic_GoodMSE_FixedPoint/Classifier.cpp:14]   --->   Operation 84 'icmp' 'icmp3' <Predicate = true> <Delay = 1.66> <Core = "Cmp">   --->   Core 25 'Cmp' <Latency = 0> <II = 1> <Delay = 2.46> <FuncUnit> <Opcode : 'icmp'> <InPorts = 2> <OutPorts = 1>
ST_5 : Operation 85 [1/1] (0.00ns) (grouped into LUT with out node newSel1)   --->   "%tmp_17 = zext i32 %sh_amt_cast to i54" [SVM_Accelerator_HLS_Cordic_GoodMSE_FixedPoint/Classifier.cpp:14]   --->   Operation 85 'zext' 'tmp_17' <Predicate = true> <Delay = 0.00>
ST_5 : Operation 86 [1/1] (0.00ns) (grouped into LUT with out node newSel1)   --->   "%tmp_18 = ashr i54 %man_V_2, %tmp_17" [SVM_Accelerator_HLS_Cordic_GoodMSE_FixedPoint/Classifier.cpp:14]   --->   Operation 86 'ashr' 'tmp_18' <Predicate = true> <Delay = 0.00> <Core = "Shift">   --->   Core 28 'Shift' <Latency = 0> <II = 1> <Delay = 4.42> <FuncUnit> <Opcode : 'shl' 'lshr' 'ashr'> <InPorts = 2> <OutPorts = 1>
ST_5 : Operation 87 [1/1] (0.00ns) (grouped into LUT with out node newSel1)   --->   "%xi_V_1 = trunc i54 %tmp_18 to i8" [SVM_Accelerator_HLS_Cordic_GoodMSE_FixedPoint/Classifier.cpp:14]   --->   Operation 87 'trunc' 'xi_V_1' <Predicate = true> <Delay = 0.00>
ST_5 : Operation 88 [1/1] (0.00ns) (grouped into LUT with out node or_cond2)   --->   "%sel_tmp1 = xor i1 %tmp_10, true" [SVM_Accelerator_HLS_Cordic_GoodMSE_FixedPoint/Classifier.cpp:14]   --->   Operation 88 'xor' 'sel_tmp1' <Predicate = true> <Delay = 0.00> <Core = "LogicGate">   --->   Core 27 'LogicGate' <Latency = 0> <II = 1> <Delay = 0.97> <FuncUnit> <Opcode : 'and' 'or' 'xor'> <InPorts = 2> <OutPorts = 1>
ST_5 : Operation 89 [1/1] (0.00ns) (grouped into LUT with out node or_cond2)   --->   "%sel_tmp2 = and i1 %tmp_14, %sel_tmp1" [SVM_Accelerator_HLS_Cordic_GoodMSE_FixedPoint/Classifier.cpp:14]   --->   Operation 89 'and' 'sel_tmp2' <Predicate = true> <Delay = 0.00> <Core = "LogicGate">   --->   Core 27 'LogicGate' <Latency = 0> <II = 1> <Delay = 0.97> <FuncUnit> <Opcode : 'and' 'or' 'xor'> <InPorts = 2> <OutPorts = 1>
ST_5 : Operation 90 [1/1] (0.97ns)   --->   "%sel_tmp6_demorgan = or i1 %tmp_10, %tmp_14" [SVM_Accelerator_HLS_Cordic_GoodMSE_FixedPoint/Classifier.cpp:14]   --->   Operation 90 'or' 'sel_tmp6_demorgan' <Predicate = true> <Delay = 0.97> <Core = "LogicGate">   --->   Core 27 'LogicGate' <Latency = 0> <II = 1> <Delay = 0.97> <FuncUnit> <Opcode : 'and' 'or' 'xor'> <InPorts = 2> <OutPorts = 1>
ST_5 : Operation 91 [1/1] (0.00ns) (grouped into LUT with out node sel_tmp7)   --->   "%sel_tmp6 = xor i1 %sel_tmp6_demorgan, true" [SVM_Accelerator_HLS_Cordic_GoodMSE_FixedPoint/Classifier.cpp:14]   --->   Operation 91 'xor' 'sel_tmp6' <Predicate = true> <Delay = 0.00> <Core = "LogicGate">   --->   Core 27 'LogicGate' <Latency = 0> <II = 1> <Delay = 0.97> <FuncUnit> <Opcode : 'and' 'or' 'xor'> <InPorts = 2> <OutPorts = 1>
ST_5 : Operation 92 [1/1] (0.97ns) (out node of the LUT)   --->   "%sel_tmp7 = and i1 %icmp, %sel_tmp6" [SVM_Accelerator_HLS_Cordic_GoodMSE_FixedPoint/Classifier.cpp:14]   --->   Operation 92 'and' 'sel_tmp7' <Predicate = true> <Delay = 0.97> <Core = "LogicGate">   --->   Core 27 'LogicGate' <Latency = 0> <II = 1> <Delay = 0.97> <FuncUnit> <Opcode : 'and' 'or' 'xor'> <InPorts = 2> <OutPorts = 1>
ST_5 : Operation 93 [1/1] (0.97ns)   --->   "%sel_tmp8 = and i1 %sel_tmp7, %tmp_15" [SVM_Accelerator_HLS_Cordic_GoodMSE_FixedPoint/Classifier.cpp:14]   --->   Operation 93 'and' 'sel_tmp8' <Predicate = true> <Delay = 0.97> <Core = "LogicGate">   --->   Core 27 'LogicGate' <Latency = 0> <II = 1> <Delay = 0.97> <FuncUnit> <Opcode : 'and' 'or' 'xor'> <InPorts = 2> <OutPorts = 1>
ST_5 : Operation 94 [1/1] (0.00ns) (grouped into LUT with out node or_cond)   --->   "%sel_tmp = xor i1 %tmp_15, true" [SVM_Accelerator_HLS_Cordic_GoodMSE_FixedPoint/Classifier.cpp:14]   --->   Operation 94 'xor' 'sel_tmp' <Predicate = true> <Delay = 0.00> <Core = "LogicGate">   --->   Core 27 'LogicGate' <Latency = 0> <II = 1> <Delay = 0.97> <FuncUnit> <Opcode : 'and' 'or' 'xor'> <InPorts = 2> <OutPorts = 1>
ST_5 : Operation 95 [1/1] (0.00ns) (grouped into LUT with out node or_cond)   --->   "%sel_tmp3 = and i1 %sel_tmp7, %sel_tmp" [SVM_Accelerator_HLS_Cordic_GoodMSE_FixedPoint/Classifier.cpp:14]   --->   Operation 95 'and' 'sel_tmp3' <Predicate = true> <Delay = 0.00> <Core = "LogicGate">   --->   Core 27 'LogicGate' <Latency = 0> <II = 1> <Delay = 0.97> <FuncUnit> <Opcode : 'and' 'or' 'xor'> <InPorts = 2> <OutPorts = 1>
ST_5 : Operation 96 [1/1] (0.00ns) (grouped into LUT with out node sel_tmp5)   --->   "%sel_tmp21_demorgan = or i1 %sel_tmp6_demorgan, %icmp" [SVM_Accelerator_HLS_Cordic_GoodMSE_FixedPoint/Classifier.cpp:14]   --->   Operation 96 'or' 'sel_tmp21_demorgan' <Predicate = true> <Delay = 0.00> <Core = "LogicGate">   --->   Core 27 'LogicGate' <Latency = 0> <II = 1> <Delay = 0.97> <FuncUnit> <Opcode : 'and' 'or' 'xor'> <InPorts = 2> <OutPorts = 1>
ST_5 : Operation 97 [1/1] (0.00ns) (grouped into LUT with out node sel_tmp5)   --->   "%sel_tmp4 = xor i1 %sel_tmp21_demorgan, true" [SVM_Accelerator_HLS_Cordic_GoodMSE_FixedPoint/Classifier.cpp:14]   --->   Operation 97 'xor' 'sel_tmp4' <Predicate = true> <Delay = 0.00> <Core = "LogicGate">   --->   Core 27 'LogicGate' <Latency = 0> <II = 1> <Delay = 0.97> <FuncUnit> <Opcode : 'and' 'or' 'xor'> <InPorts = 2> <OutPorts = 1>
ST_5 : Operation 98 [1/1] (0.97ns) (out node of the LUT)   --->   "%sel_tmp5 = and i1 %icmp3, %sel_tmp4" [SVM_Accelerator_HLS_Cordic_GoodMSE_FixedPoint/Classifier.cpp:14]   --->   Operation 98 'and' 'sel_tmp5' <Predicate = true> <Delay = 0.97> <Core = "LogicGate">   --->   Core 27 'LogicGate' <Latency = 0> <II = 1> <Delay = 0.97> <FuncUnit> <Opcode : 'and' 'or' 'xor'> <InPorts = 2> <OutPorts = 1>
ST_5 : Operation 99 [1/1] (0.97ns) (out node of the LUT)   --->   "%or_cond = or i1 %sel_tmp5, %sel_tmp3" [SVM_Accelerator_HLS_Cordic_GoodMSE_FixedPoint/Classifier.cpp:15]   --->   Operation 99 'or' 'or_cond' <Predicate = true> <Delay = 0.97> <Core = "LogicGate">   --->   Core 27 'LogicGate' <Latency = 0> <II = 1> <Delay = 0.97> <FuncUnit> <Opcode : 'and' 'or' 'xor'> <InPorts = 2> <OutPorts = 1>
ST_5 : Operation 100 [1/1] (4.61ns) (out node of the LUT)   --->   "%newSel1 = select i1 %sel_tmp8, i8 %xi_V_1, i8 %xi_V" [SVM_Accelerator_HLS_Cordic_GoodMSE_FixedPoint/Classifier.cpp:14]   --->   Operation 100 'select' 'newSel1' <Predicate = true> <Delay = 4.61> <Core = "Sel">   --->   Core 26 'Sel' <Latency = 0> <II = 1> <Delay = 1.48> <FuncUnit> <Opcode : 'select'> <InPorts = 3> <OutPorts = 1>
ST_5 : Operation 101 [1/1] (0.00ns) (grouped into LUT with out node or_cond2)   --->   "%or_cond1 = or i1 %sel_tmp8, %sel_tmp2" [SVM_Accelerator_HLS_Cordic_GoodMSE_FixedPoint/Classifier.cpp:15]   --->   Operation 101 'or' 'or_cond1' <Predicate = true> <Delay = 0.00> <Core = "LogicGate">   --->   Core 27 'LogicGate' <Latency = 0> <II = 1> <Delay = 0.97> <FuncUnit> <Opcode : 'and' 'or' 'xor'> <InPorts = 2> <OutPorts = 1>
ST_5 : Operation 102 [1/1] (0.97ns) (out node of the LUT)   --->   "%or_cond2 = or i1 %or_cond, %or_cond1" [SVM_Accelerator_HLS_Cordic_GoodMSE_FixedPoint/Classifier.cpp:15]   --->   Operation 102 'or' 'or_cond2' <Predicate = true> <Delay = 0.97> <Core = "LogicGate">   --->   Core 27 'LogicGate' <Latency = 0> <II = 1> <Delay = 0.97> <FuncUnit> <Opcode : 'and' 'or' 'xor'> <InPorts = 2> <OutPorts = 1>

State 6 <SV = 5> <Delay = 5.48>
ST_6 : Operation 103 [1/1] (0.00ns) (grouped into LUT with out node newSel2)   --->   "%xi = select i1 %isneg, i8 -1, i8 0" [SVM_Accelerator_HLS_Cordic_GoodMSE_FixedPoint/Classifier.cpp:14]   --->   Operation 103 'select' 'xi' <Predicate = (!sel_tmp5 & or_cond & or_cond2)> <Delay = 0.00> <Core = "Sel">   --->   Core 26 'Sel' <Latency = 0> <II = 1> <Delay = 1.48> <FuncUnit> <Opcode : 'select'> <InPorts = 3> <OutPorts = 1>
ST_6 : Operation 104 [1/1] (0.00ns) (grouped into LUT with out node newSel2)   --->   "%tmp_19 = sext i8 %xi_V to i32" [SVM_Accelerator_HLS_Cordic_GoodMSE_FixedPoint/Classifier.cpp:14]   --->   Operation 104 'sext' 'tmp_19' <Predicate = (sel_tmp5 & or_cond & or_cond2)> <Delay = 0.00>
ST_6 : Operation 105 [1/1] (0.00ns) (grouped into LUT with out node newSel2)   --->   "%tmp_20 = shl i32 %tmp_19, %sh_amt_cast" [SVM_Accelerator_HLS_Cordic_GoodMSE_FixedPoint/Classifier.cpp:14]   --->   Operation 105 'shl' 'tmp_20' <Predicate = (sel_tmp5 & or_cond & or_cond2)> <Delay = 0.00> <Core = "Shift">   --->   Core 28 'Shift' <Latency = 0> <II = 1> <Delay = 4.42> <FuncUnit> <Opcode : 'shl' 'lshr' 'ashr'> <InPorts = 2> <OutPorts = 1>
ST_6 : Operation 106 [1/1] (0.00ns) (grouped into LUT with out node newSel2)   --->   "%tmp_37 = trunc i32 %tmp_20 to i8" [SVM_Accelerator_HLS_Cordic_GoodMSE_FixedPoint/Classifier.cpp:14]   --->   Operation 106 'trunc' 'tmp_37' <Predicate = (sel_tmp5 & or_cond & or_cond2)> <Delay = 0.00>
ST_6 : Operation 107 [1/1] (0.00ns) (grouped into LUT with out node newSel2)   --->   "%newSel = select i1 %sel_tmp5, i8 %tmp_37, i8 %xi" [SVM_Accelerator_HLS_Cordic_GoodMSE_FixedPoint/Classifier.cpp:14]   --->   Operation 107 'select' 'newSel' <Predicate = (or_cond & or_cond2)> <Delay = 0.00> <Core = "Sel">   --->   Core 26 'Sel' <Latency = 0> <II = 1> <Delay = 1.48> <FuncUnit> <Opcode : 'select'> <InPorts = 3> <OutPorts = 1>
ST_6 : Operation 108 [1/1] (3.56ns) (out node of the LUT)   --->   "%newSel2 = select i1 %or_cond, i8 %newSel, i8 %newSel1" [SVM_Accelerator_HLS_Cordic_GoodMSE_FixedPoint/Classifier.cpp:15]   --->   Operation 108 'select' 'newSel2' <Predicate = (or_cond2)> <Delay = 3.56> <Core = "Sel">   --->   Core 26 'Sel' <Latency = 0> <II = 1> <Delay = 1.48> <FuncUnit> <Opcode : 'select'> <InPorts = 3> <OutPorts = 1>
ST_6 : Operation 109 [1/1] (0.00ns) (grouped into LUT with out node p_Val2_6)   --->   "%p_Val2_11 = select i1 %or_cond2, i8 %newSel2, i8 0" [SVM_Accelerator_HLS_Cordic_GoodMSE_FixedPoint/Classifier.cpp:15]   --->   Operation 109 'select' 'p_Val2_11' <Predicate = true> <Delay = 0.00> <Core = "Sel">   --->   Core 26 'Sel' <Latency = 0> <II = 1> <Delay = 1.48> <FuncUnit> <Opcode : 'select'> <InPorts = 3> <OutPorts = 1>
ST_6 : Operation 110 [1/1] (1.91ns) (out node of the LUT)   --->   "%p_Val2_6 = sub i8 %p_Val2_11, %p_Val2_12" [SVM_Accelerator_HLS_Cordic_GoodMSE_FixedPoint/Classifier.cpp:15]   --->   Operation 110 'sub' 'p_Val2_6' <Predicate = true> <Delay = 1.91> <Core = "AddSub">   --->   Core 14 'AddSub' <Latency = 0> <II = 1> <Delay = 1.63> <FuncUnit> <Opcode : 'add' 'sub'> <InPorts = 2> <OutPorts = 1>

State 7 <SV = 6> <Delay = 6.69>
ST_7 : Operation 111 [1/1] (0.00ns)   --->   "%OP1_V = sext i8 %p_Val2_6 to i16" [SVM_Accelerator_HLS_Cordic_GoodMSE_FixedPoint/Classifier.cpp:19]   --->   Operation 111 'sext' 'OP1_V' <Predicate = true> <Delay = 0.00>
ST_7 : Operation 112 [1/1] (4.17ns)   --->   "%r_V = mul i16 %OP1_V, %OP1_V" [SVM_Accelerator_HLS_Cordic_GoodMSE_FixedPoint/Classifier.cpp:19]   --->   Operation 112 'mul' 'r_V' <Predicate = true> <Delay = 4.17> <Core = "Mul">   --->   Core 16 'Mul' <Latency = 0> <II = 1> <Delay = 7.71> <FuncUnit> <Opcode : 'mul'> <InPorts = 2> <OutPorts = 1>
ST_7 : Operation 113 [1/1] (0.00ns)   --->   "%tmp_23 = call i22 @_ssdm_op_BitConcatenate.i22.i16.i6(i16 %r_V, i6 0)" [SVM_Accelerator_HLS_Cordic_GoodMSE_FixedPoint/Classifier.cpp:19]   --->   Operation 113 'bitconcatenate' 'tmp_23' <Predicate = true> <Delay = 0.00>
ST_7 : Operation 114 [1/1] (0.00ns)   --->   "%tmp_48_cast = sext i22 %tmp_23 to i31" [SVM_Accelerator_HLS_Cordic_GoodMSE_FixedPoint/Classifier.cpp:19]   --->   Operation 114 'sext' 'tmp_48_cast' <Predicate = true> <Delay = 0.00>
ST_7 : Operation 115 [1/1] (2.52ns)   --->   "%l2Squared_fixed_V = add i31 %p_Val2_13, %tmp_48_cast" [SVM_Accelerator_HLS_Cordic_GoodMSE_FixedPoint/Classifier.cpp:19]   --->   Operation 115 'add' 'l2Squared_fixed_V' <Predicate = true> <Delay = 2.52> <Core = "AddSub">   --->   Core 14 'AddSub' <Latency = 0> <II = 1> <Delay = 1.63> <FuncUnit> <Opcode : 'add' 'sub'> <InPorts = 2> <OutPorts = 1>
ST_7 : Operation 116 [1/1] (0.00ns)   --->   "br label %.preheader" [SVM_Accelerator_HLS_Cordic_GoodMSE_FixedPoint/Classifier.cpp:13]   --->   Operation 116 'br' <Predicate = true> <Delay = 0.00>

State 8 <SV = 3> <Delay = 8.48>
ST_8 : Operation 117 [1/1] (0.00ns)   --->   "%tmp_1_i = call i36 @_ssdm_op_BitConcatenate.i36.i16.i20(i16 %tmp, i20 0)" [SVM_Accelerator_HLS_Cordic_GoodMSE_FixedPoint/Exp.cpp:51->SVM_Accelerator_HLS_Cordic_GoodMSE_FixedPoint/Classifier.cpp:24]   --->   Operation 117 'bitconcatenate' 'tmp_1_i' <Predicate = true> <Delay = 0.00>
ST_8 : Operation 118 [1/1] (0.00ns)   --->   "%OP1_V_i_cast = sext i36 %tmp_1_i to i69" [SVM_Accelerator_HLS_Cordic_GoodMSE_FixedPoint/Exp.cpp:51->SVM_Accelerator_HLS_Cordic_GoodMSE_FixedPoint/Classifier.cpp:24]   --->   Operation 118 'sext' 'OP1_V_i_cast' <Predicate = true> <Delay = 0.00>
ST_8 : Operation 119 [1/1] (8.48ns)   --->   "%p_Val2_4 = mul i69 6196328018, %OP1_V_i_cast" [SVM_Accelerator_HLS_Cordic_GoodMSE_FixedPoint/Exp.cpp:51->SVM_Accelerator_HLS_Cordic_GoodMSE_FixedPoint/Classifier.cpp:24]   --->   Operation 119 'mul' 'p_Val2_4' <Predicate = true> <Delay = 8.48> <Core = "Mul">   --->   Core 16 'Mul' <Latency = 0> <II = 1> <Delay = 7.71> <FuncUnit> <Opcode : 'mul'> <InPorts = 2> <OutPorts = 1>
ST_8 : Operation 120 [1/1] (0.00ns)   --->   "%tmp_5 = call i37 @_ssdm_op_PartSelect.i37.i69.i32.i32(i69 %p_Val2_4, i32 32, i32 68)" [SVM_Accelerator_HLS_Cordic_GoodMSE_FixedPoint/Exp.cpp:51->SVM_Accelerator_HLS_Cordic_GoodMSE_FixedPoint/Classifier.cpp:24]   --->   Operation 120 'partselect' 'tmp_5' <Predicate = true> <Delay = 0.00>
ST_8 : Operation 121 [1/1] (0.00ns)   --->   "%tmp_2 = call i5 @_ssdm_op_PartSelect.i5.i69.i32.i32(i69 %p_Val2_4, i32 64, i32 68)" [SVM_Accelerator_HLS_Cordic_GoodMSE_FixedPoint/Exp.cpp:42->SVM_Accelerator_HLS_Cordic_GoodMSE_FixedPoint/Exp.cpp:52->SVM_Accelerator_HLS_Cordic_GoodMSE_FixedPoint/Classifier.cpp:24]   --->   Operation 121 'partselect' 'tmp_2' <Predicate = true> <Delay = 0.00>
ST_8 : Operation 122 [1/1] (0.00ns)   --->   "%p_Result_2_i_i = call i32 @_ssdm_op_PartSelect.i32.i69.i32.i32(i69 %p_Val2_4, i32 32, i32 63)" [SVM_Accelerator_HLS_Cordic_GoodMSE_FixedPoint/Exp.cpp:42->SVM_Accelerator_HLS_Cordic_GoodMSE_FixedPoint/Exp.cpp:52->SVM_Accelerator_HLS_Cordic_GoodMSE_FixedPoint/Classifier.cpp:24]   --->   Operation 122 'partselect' 'p_Result_2_i_i' <Predicate = true> <Delay = 0.00>

State 9 <SV = 4> <Delay = 7.36>
ST_9 : Operation 123 [1/1] (0.00ns)   --->   "%p_Val2_5 = sext i37 %tmp_5 to i40" [SVM_Accelerator_HLS_Cordic_GoodMSE_FixedPoint/Exp.cpp:51->SVM_Accelerator_HLS_Cordic_GoodMSE_FixedPoint/Classifier.cpp:24]   --->   Operation 123 'sext' 'p_Val2_5' <Predicate = true> <Delay = 0.00>
ST_9 : Operation 124 [1/1] (0.00ns)   --->   "%ret_V_cast = sext i5 %tmp_2 to i6" [SVM_Accelerator_HLS_Cordic_GoodMSE_FixedPoint/Exp.cpp:42->SVM_Accelerator_HLS_Cordic_GoodMSE_FixedPoint/Exp.cpp:52->SVM_Accelerator_HLS_Cordic_GoodMSE_FixedPoint/Classifier.cpp:24]   --->   Operation 124 'sext' 'ret_V_cast' <Predicate = true> <Delay = 0.00>
ST_9 : Operation 125 [1/1] (0.00ns) (grouped into LUT with out node p_2_i_i)   --->   "%tmp_4 = call i1 @_ssdm_op_BitSelect.i1.i69.i32(i69 %p_Val2_4, i32 68)" [SVM_Accelerator_HLS_Cordic_GoodMSE_FixedPoint/Exp.cpp:42->SVM_Accelerator_HLS_Cordic_GoodMSE_FixedPoint/Exp.cpp:52->SVM_Accelerator_HLS_Cordic_GoodMSE_FixedPoint/Classifier.cpp:24]   --->   Operation 125 'bitselect' 'tmp_4' <Predicate = true> <Delay = 0.00>
ST_9 : Operation 126 [1/1] (2.47ns)   --->   "%tmp_2_i_i = icmp eq i32 %p_Result_2_i_i, 0" [SVM_Accelerator_HLS_Cordic_GoodMSE_FixedPoint/Exp.cpp:42->SVM_Accelerator_HLS_Cordic_GoodMSE_FixedPoint/Exp.cpp:52->SVM_Accelerator_HLS_Cordic_GoodMSE_FixedPoint/Classifier.cpp:24]   --->   Operation 126 'icmp' 'tmp_2_i_i' <Predicate = true> <Delay = 2.47> <Core = "Cmp">   --->   Core 25 'Cmp' <Latency = 0> <II = 1> <Delay = 2.46> <FuncUnit> <Opcode : 'icmp'> <InPorts = 2> <OutPorts = 1>
ST_9 : Operation 127 [1/1] (1.78ns)   --->   "%ret_V = add i6 1, %ret_V_cast" [SVM_Accelerator_HLS_Cordic_GoodMSE_FixedPoint/Exp.cpp:42->SVM_Accelerator_HLS_Cordic_GoodMSE_FixedPoint/Exp.cpp:52->SVM_Accelerator_HLS_Cordic_GoodMSE_FixedPoint/Classifier.cpp:24]   --->   Operation 127 'add' 'ret_V' <Predicate = true> <Delay = 1.78> <Core = "AddSub">   --->   Core 14 'AddSub' <Latency = 0> <II = 1> <Delay = 1.63> <FuncUnit> <Opcode : 'add' 'sub'> <InPorts = 2> <OutPorts = 1>
ST_9 : Operation 128 [1/1] (0.00ns) (grouped into LUT with out node p_2_i_i)   --->   "%p_i_i = select i1 %tmp_2_i_i, i6 %ret_V_cast, i6 %ret_V" [SVM_Accelerator_HLS_Cordic_GoodMSE_FixedPoint/Exp.cpp:42->SVM_Accelerator_HLS_Cordic_GoodMSE_FixedPoint/Exp.cpp:52->SVM_Accelerator_HLS_Cordic_GoodMSE_FixedPoint/Classifier.cpp:24]   --->   Operation 128 'select' 'p_i_i' <Predicate = true> <Delay = 0.00> <Core = "Sel">   --->   Core 26 'Sel' <Latency = 0> <II = 1> <Delay = 1.48> <FuncUnit> <Opcode : 'select'> <InPorts = 3> <OutPorts = 1>
ST_9 : Operation 129 [1/1] (1.18ns) (out node of the LUT)   --->   "%p_2_i_i = select i1 %tmp_4, i6 %p_i_i, i6 %ret_V_cast" [SVM_Accelerator_HLS_Cordic_GoodMSE_FixedPoint/Exp.cpp:42->SVM_Accelerator_HLS_Cordic_GoodMSE_FixedPoint/Exp.cpp:52->SVM_Accelerator_HLS_Cordic_GoodMSE_FixedPoint/Classifier.cpp:24]   --->   Operation 129 'select' 'p_2_i_i' <Predicate = true> <Delay = 1.18> <Core = "Sel">   --->   Core 26 'Sel' <Latency = 0> <II = 1> <Delay = 1.48> <FuncUnit> <Opcode : 'select'> <InPorts = 3> <OutPorts = 1>
ST_9 : Operation 130 [1/1] (0.00ns) (grouped into LUT with out node k)   --->   "%tmp_7 = call i1 @_ssdm_op_BitSelect.i1.i69.i32(i69 %p_Val2_4, i32 68)" [SVM_Accelerator_HLS_Cordic_GoodMSE_FixedPoint/Exp.cpp:43->SVM_Accelerator_HLS_Cordic_GoodMSE_FixedPoint/Exp.cpp:52->SVM_Accelerator_HLS_Cordic_GoodMSE_FixedPoint/Classifier.cpp:24]   --->   Operation 130 'bitselect' 'tmp_7' <Predicate = true> <Delay = 0.00>
ST_9 : Operation 131 [1/1] (0.00ns)   --->   "%tmp_11 = call i38 @_ssdm_op_BitConcatenate.i38.i6.i32(i6 %p_2_i_i, i32 0)" [SVM_Accelerator_HLS_Cordic_GoodMSE_FixedPoint/Exp.cpp:42->SVM_Accelerator_HLS_Cordic_GoodMSE_FixedPoint/Exp.cpp:52->SVM_Accelerator_HLS_Cordic_GoodMSE_FixedPoint/Classifier.cpp:24]   --->   Operation 131 'bitconcatenate' 'tmp_11' <Predicate = true> <Delay = 0.00>
ST_9 : Operation 132 [1/1] (0.00ns)   --->   "%tmp_7_i_i = sext i38 %tmp_11 to i40" [SVM_Accelerator_HLS_Cordic_GoodMSE_FixedPoint/Exp.cpp:43->SVM_Accelerator_HLS_Cordic_GoodMSE_FixedPoint/Exp.cpp:52->SVM_Accelerator_HLS_Cordic_GoodMSE_FixedPoint/Classifier.cpp:24]   --->   Operation 132 'sext' 'tmp_7_i_i' <Predicate = true> <Delay = 0.00>
ST_9 : Operation 133 [1/1] (2.51ns)   --->   "%tmp_8_i_i = icmp eq i40 %tmp_7_i_i, %p_Val2_5" [SVM_Accelerator_HLS_Cordic_GoodMSE_FixedPoint/Exp.cpp:43->SVM_Accelerator_HLS_Cordic_GoodMSE_FixedPoint/Exp.cpp:52->SVM_Accelerator_HLS_Cordic_GoodMSE_FixedPoint/Classifier.cpp:24]   --->   Operation 133 'icmp' 'tmp_8_i_i' <Predicate = true> <Delay = 2.51> <Core = "Cmp">   --->   Core 25 'Cmp' <Latency = 0> <II = 1> <Delay = 2.46> <FuncUnit> <Opcode : 'icmp'> <InPorts = 2> <OutPorts = 1>
ST_9 : Operation 134 [1/1] (1.82ns)   --->   "%iv = add i6 -1, %p_2_i_i" [SVM_Accelerator_HLS_Cordic_GoodMSE_FixedPoint/Exp.cpp:43->SVM_Accelerator_HLS_Cordic_GoodMSE_FixedPoint/Exp.cpp:52->SVM_Accelerator_HLS_Cordic_GoodMSE_FixedPoint/Classifier.cpp:24]   --->   Operation 134 'add' 'iv' <Predicate = true> <Delay = 1.82> <Core = "AddSub">   --->   Core 14 'AddSub' <Latency = 0> <II = 1> <Delay = 1.63> <FuncUnit> <Opcode : 'add' 'sub'> <InPorts = 2> <OutPorts = 1>
ST_9 : Operation 135 [1/1] (0.00ns) (grouped into LUT with out node k)   --->   "%p_1_i_i = select i1 %tmp_8_i_i, i6 %p_2_i_i, i6 %iv" [SVM_Accelerator_HLS_Cordic_GoodMSE_FixedPoint/Exp.cpp:43->SVM_Accelerator_HLS_Cordic_GoodMSE_FixedPoint/Exp.cpp:52->SVM_Accelerator_HLS_Cordic_GoodMSE_FixedPoint/Classifier.cpp:24]   --->   Operation 135 'select' 'p_1_i_i' <Predicate = true> <Delay = 0.00> <Core = "Sel">   --->   Core 26 'Sel' <Latency = 0> <II = 1> <Delay = 1.48> <FuncUnit> <Opcode : 'select'> <InPorts = 3> <OutPorts = 1>
ST_9 : Operation 136 [1/1] (1.18ns) (out node of the LUT)   --->   "%k = select i1 %tmp_7, i6 %p_1_i_i, i6 %p_2_i_i" [SVM_Accelerator_HLS_Cordic_GoodMSE_FixedPoint/Exp.cpp:52->SVM_Accelerator_HLS_Cordic_GoodMSE_FixedPoint/Classifier.cpp:24]   --->   Operation 136 'select' 'k' <Predicate = true> <Delay = 1.18> <Core = "Sel">   --->   Core 26 'Sel' <Latency = 0> <II = 1> <Delay = 1.48> <FuncUnit> <Opcode : 'select'> <InPorts = 3> <OutPorts = 1>

State 10 <SV = 5> <Delay = 5.25>
ST_10 : Operation 137 [1/1] (0.00ns)   --->   "%k_i_cast = sext i6 %k to i8" [SVM_Accelerator_HLS_Cordic_GoodMSE_FixedPoint/Exp.cpp:52->SVM_Accelerator_HLS_Cordic_GoodMSE_FixedPoint/Classifier.cpp:24]   --->   Operation 137 'sext' 'k_i_cast' <Predicate = true> <Delay = 0.00>
ST_10 : Operation 138 [1/1] (1.42ns)   --->   "%tmp_4_i = icmp slt i6 %k, -12" [SVM_Accelerator_HLS_Cordic_GoodMSE_FixedPoint/Exp.cpp:53->SVM_Accelerator_HLS_Cordic_GoodMSE_FixedPoint/Classifier.cpp:24]   --->   Operation 138 'icmp' 'tmp_4_i' <Predicate = true> <Delay = 1.42> <Core = "Cmp">   --->   Core 25 'Cmp' <Latency = 0> <II = 1> <Delay = 2.46> <FuncUnit> <Opcode : 'icmp'> <InPorts = 2> <OutPorts = 1>
ST_10 : Operation 139 [1/1] (1.18ns)   --->   "%p_i = select i1 %tmp_4_i, i8 -12, i8 %k_i_cast" [SVM_Accelerator_HLS_Cordic_GoodMSE_FixedPoint/Exp.cpp:53->SVM_Accelerator_HLS_Cordic_GoodMSE_FixedPoint/Classifier.cpp:24]   --->   Operation 139 'select' 'p_i' <Predicate = true> <Delay = 1.18> <Core = "Sel">   --->   Core 26 'Sel' <Latency = 0> <II = 1> <Delay = 1.48> <FuncUnit> <Opcode : 'select'> <InPorts = 3> <OutPorts = 1>
ST_10 : Operation 140 [1/1] (0.00ns)   --->   "%tmp_16 = trunc i8 %p_i to i5" [SVM_Accelerator_HLS_Cordic_GoodMSE_FixedPoint/Exp.cpp:53->SVM_Accelerator_HLS_Cordic_GoodMSE_FixedPoint/Classifier.cpp:24]   --->   Operation 140 'trunc' 'tmp_16' <Predicate = true> <Delay = 0.00>
ST_10 : Operation 141 [1/1] (1.42ns)   --->   "%tmp_5_i = icmp sgt i8 %p_i, 0" [SVM_Accelerator_HLS_Cordic_GoodMSE_FixedPoint/Exp.cpp:55->SVM_Accelerator_HLS_Cordic_GoodMSE_FixedPoint/Classifier.cpp:24]   --->   Operation 141 'icmp' 'tmp_5_i' <Predicate = true> <Delay = 1.42> <Core = "Cmp">   --->   Core 25 'Cmp' <Latency = 0> <II = 1> <Delay = 2.46> <FuncUnit> <Opcode : 'icmp'> <InPorts = 2> <OutPorts = 1>
ST_10 : Operation 142 [1/1] (1.21ns)   --->   "%p_Val2_7 = select i1 %tmp_5_i, i5 0, i5 %tmp_16" [SVM_Accelerator_HLS_Cordic_GoodMSE_FixedPoint/Exp.cpp:55->SVM_Accelerator_HLS_Cordic_GoodMSE_FixedPoint/Classifier.cpp:24]   --->   Operation 142 'select' 'p_Val2_7' <Predicate = true> <Delay = 1.21> <Core = "Sel">   --->   Core 26 'Sel' <Latency = 0> <II = 1> <Delay = 1.48> <FuncUnit> <Opcode : 'select'> <InPorts = 3> <OutPorts = 1>

State 11 <SV = 6> <Delay = 7.71>
ST_11 : Operation 143 [1/1] (0.00ns)   --->   "%tmp_7_i = call i29 @_ssdm_op_BitConcatenate.i29.i5.i24(i5 %p_Val2_7, i24 0)" [SVM_Accelerator_HLS_Cordic_GoodMSE_FixedPoint/Exp.cpp:56->SVM_Accelerator_HLS_Cordic_GoodMSE_FixedPoint/Classifier.cpp:24]   --->   Operation 143 'bitconcatenate' 'tmp_7_i' <Predicate = true> <Delay = 0.00>
ST_11 : Operation 144 [1/1] (0.00ns)   --->   "%OP1_V_1_i_cast = sext i29 %tmp_7_i to i53" [SVM_Accelerator_HLS_Cordic_GoodMSE_FixedPoint/Exp.cpp:56->SVM_Accelerator_HLS_Cordic_GoodMSE_FixedPoint/Classifier.cpp:24]   --->   Operation 144 'sext' 'OP1_V_1_i_cast' <Predicate = true> <Delay = 0.00>
ST_11 : Operation 145 [1/1] (7.71ns)   --->   "%p_Val2_8 = mul i53 11629079, %OP1_V_1_i_cast" [SVM_Accelerator_HLS_Cordic_GoodMSE_FixedPoint/Exp.cpp:56->SVM_Accelerator_HLS_Cordic_GoodMSE_FixedPoint/Classifier.cpp:24]   --->   Operation 145 'mul' 'p_Val2_8' <Predicate = true> <Delay = 7.71> <Core = "Mul">   --->   Core 16 'Mul' <Latency = 0> <II = 1> <Delay = 7.71> <FuncUnit> <Opcode : 'mul'> <InPorts = 2> <OutPorts = 1>

State 12 <SV = 7> <Delay = 3.52>
ST_12 : Operation 146 [1/1] (0.00ns)   --->   "%v_assign_i_cast = sext i5 %p_Val2_7 to i32" [SVM_Accelerator_HLS_Cordic_GoodMSE_FixedPoint/Exp.cpp:55->SVM_Accelerator_HLS_Cordic_GoodMSE_FixedPoint/Classifier.cpp:24]   --->   Operation 146 'sext' 'v_assign_i_cast' <Predicate = true> <Delay = 0.00>
ST_12 : Operation 147 [1/1] (0.00ns)   --->   "%p_Val2_3_i_cast = sext i53 %p_Val2_8 to i64" [SVM_Accelerator_HLS_Cordic_GoodMSE_FixedPoint/Exp.cpp:56->SVM_Accelerator_HLS_Cordic_GoodMSE_FixedPoint/Classifier.cpp:24]   --->   Operation 147 'sext' 'p_Val2_3_i_cast' <Predicate = true> <Delay = 0.00>
ST_12 : Operation 148 [1/1] (0.00ns)   --->   "%tmp_9_i = call i52 @_ssdm_op_BitConcatenate.i52.i16.i36(i16 %tmp, i36 0)" [SVM_Accelerator_HLS_Cordic_GoodMSE_FixedPoint/Exp.cpp:56->SVM_Accelerator_HLS_Cordic_GoodMSE_FixedPoint/Classifier.cpp:24]   --->   Operation 148 'bitconcatenate' 'tmp_9_i' <Predicate = true> <Delay = 0.00>
ST_12 : Operation 149 [1/1] (0.00ns)   --->   "%tmp_9_i_cast = sext i52 %tmp_9_i to i65" [SVM_Accelerator_HLS_Cordic_GoodMSE_FixedPoint/Exp.cpp:56->SVM_Accelerator_HLS_Cordic_GoodMSE_FixedPoint/Classifier.cpp:24]   --->   Operation 149 'sext' 'tmp_9_i_cast' <Predicate = true> <Delay = 0.00>
ST_12 : Operation 150 [1/1] (0.00ns)   --->   "%tmp_3_i = zext i64 %p_Val2_3_i_cast to i65" [SVM_Accelerator_HLS_Cordic_GoodMSE_FixedPoint/Exp.cpp:56->SVM_Accelerator_HLS_Cordic_GoodMSE_FixedPoint/Classifier.cpp:24]   --->   Operation 150 'zext' 'tmp_3_i' <Predicate = true> <Delay = 0.00>
ST_12 : Operation 151 [1/1] (3.52ns)   --->   "%p_Val2_9 = sub nsw i65 %tmp_9_i_cast, %tmp_3_i" [SVM_Accelerator_HLS_Cordic_GoodMSE_FixedPoint/Exp.cpp:56->SVM_Accelerator_HLS_Cordic_GoodMSE_FixedPoint/Classifier.cpp:24]   --->   Operation 151 'sub' 'p_Val2_9' <Predicate = true> <Delay = 3.52> <Core = "AddSub">   --->   Core 14 'AddSub' <Latency = 0> <II = 1> <Delay = 1.63> <FuncUnit> <Opcode : 'add' 'sub'> <InPorts = 2> <OutPorts = 1>
ST_12 : Operation 152 [1/1] (0.00ns)   --->   "%Z_V = call i32 @_ssdm_op_PartSelect.i32.i65.i32.i32(i65 %p_Val2_9, i32 24, i32 55)" [SVM_Accelerator_HLS_Cordic_GoodMSE_FixedPoint/Exp.cpp:56->SVM_Accelerator_HLS_Cordic_GoodMSE_FixedPoint/Classifier.cpp:24]   --->   Operation 152 'partselect' 'Z_V' <Predicate = true> <Delay = 0.00>
ST_12 : Operation 153 [1/1] (1.76ns)   --->   "br label %2" [SVM_Accelerator_HLS_Cordic_GoodMSE_FixedPoint/Exp.cpp:63->SVM_Accelerator_HLS_Cordic_GoodMSE_FixedPoint/Classifier.cpp:24]   --->   Operation 153 'br' <Predicate = true> <Delay = 1.76>

State 13 <SV = 8> <Delay = 6.97>
ST_13 : Operation 154 [1/1] (0.00ns)   --->   "%p_Val2_19 = phi i32 [ %Z_V, %ap_fixed_base.exit1 ], [ %Zn_V, %"operator>>.exit226_ifconv.i" ]"   --->   Operation 154 'phi' 'p_Val2_19' <Predicate = true> <Delay = 0.00>
ST_13 : Operation 155 [1/1] (0.00ns)   --->   "%p_Val2_15 = phi i32 [ 0, %ap_fixed_base.exit1 ], [ %Yn_V_3, %"operator>>.exit226_ifconv.i" ]"   --->   Operation 155 'phi' 'p_Val2_15' <Predicate = true> <Delay = 0.00>
ST_13 : Operation 156 [1/1] (0.00ns)   --->   "%p_Val2_16 = phi i32 [ 20258439, %ap_fixed_base.exit1 ], [ %Xn_V_3, %"operator>>.exit226_ifconv.i" ]"   --->   Operation 156 'phi' 'p_Val2_16' <Predicate = true> <Delay = 0.00>
ST_13 : Operation 157 [1/1] (0.00ns)   --->   "%n_i = phi i5 [ 0, %ap_fixed_base.exit1 ], [ %n, %"operator>>.exit226_ifconv.i" ]"   --->   Operation 157 'phi' 'n_i' <Predicate = true> <Delay = 0.00>
ST_13 : Operation 158 [1/1] (1.36ns)   --->   "%exitcond_i = icmp eq i5 %n_i, -15" [SVM_Accelerator_HLS_Cordic_GoodMSE_FixedPoint/Exp.cpp:63->SVM_Accelerator_HLS_Cordic_GoodMSE_FixedPoint/Classifier.cpp:24]   --->   Operation 158 'icmp' 'exitcond_i' <Predicate = true> <Delay = 1.36> <Core = "Cmp">   --->   Core 25 'Cmp' <Latency = 0> <II = 1> <Delay = 2.46> <FuncUnit> <Opcode : 'icmp'> <InPorts = 2> <OutPorts = 1>
ST_13 : Operation 159 [1/1] (0.00ns)   --->   "%empty_22 = call i32 (...)* @_ssdm_op_SpecLoopTripCount(i64 17, i64 17, i64 17)"   --->   Operation 159 'speclooptripcount' 'empty_22' <Predicate = true> <Delay = 0.00>
ST_13 : Operation 160 [1/1] (1.78ns)   --->   "%n = add i5 %n_i, 1" [SVM_Accelerator_HLS_Cordic_GoodMSE_FixedPoint/Exp.cpp:63->SVM_Accelerator_HLS_Cordic_GoodMSE_FixedPoint/Classifier.cpp:24]   --->   Operation 160 'add' 'n' <Predicate = true> <Delay = 1.78> <Core = "AddSub">   --->   Core 14 'AddSub' <Latency = 0> <II = 1> <Delay = 1.63> <FuncUnit> <Opcode : 'add' 'sub'> <InPorts = 2> <OutPorts = 1>
ST_13 : Operation 161 [1/1] (0.00ns)   --->   "br i1 %exitcond_i, label %compute_exp.exit, label %"operator>>.exit226_ifconv.i"" [SVM_Accelerator_HLS_Cordic_GoodMSE_FixedPoint/Exp.cpp:63->SVM_Accelerator_HLS_Cordic_GoodMSE_FixedPoint/Classifier.cpp:24]   --->   Operation 161 'br' <Predicate = true> <Delay = 0.00>
ST_13 : Operation 162 [1/1] (0.00ns)   --->   "%tmp_12_i = zext i5 %n_i to i64" [SVM_Accelerator_HLS_Cordic_GoodMSE_FixedPoint/Exp.cpp:69->SVM_Accelerator_HLS_Cordic_GoodMSE_FixedPoint/Classifier.cpp:24]   --->   Operation 162 'zext' 'tmp_12_i' <Predicate = (!exitcond_i)> <Delay = 0.00>
ST_13 : Operation 163 [1/1] (0.00ns)   --->   "%Iteration_Schedule_a = getelementptr [17 x i4]* @Iteration_Schedule, i64 0, i64 %tmp_12_i" [SVM_Accelerator_HLS_Cordic_GoodMSE_FixedPoint/Exp.cpp:64->SVM_Accelerator_HLS_Cordic_GoodMSE_FixedPoint/Classifier.cpp:24]   --->   Operation 163 'getelementptr' 'Iteration_Schedule_a' <Predicate = (!exitcond_i)> <Delay = 0.00>
ST_13 : Operation 164 [2/2] (3.25ns)   --->   "%i_2 = load i4* %Iteration_Schedule_a, align 1" [SVM_Accelerator_HLS_Cordic_GoodMSE_FixedPoint/Exp.cpp:64->SVM_Accelerator_HLS_Cordic_GoodMSE_FixedPoint/Classifier.cpp:24]   --->   Operation 164 'load' 'i_2' <Predicate = (!exitcond_i)> <Delay = 3.25> <Core = "ROM_nP">   --->   Core 48 'ROM_nP' <Latency = 1> <II = 1> <Delay = 3.25> <Storage> <Opcode : 'load'> <Ports = 0> <Width = 8> <Depth = 165> <ROM>
ST_13 : Operation 165 [1/1] (0.00ns)   --->   "%ATANH_LUT_V_addr = getelementptr [17 x i38]* @ATANH_LUT_V, i64 0, i64 %tmp_12_i" [SVM_Accelerator_HLS_Cordic_GoodMSE_FixedPoint/Exp.cpp:80->SVM_Accelerator_HLS_Cordic_GoodMSE_FixedPoint/Classifier.cpp:24]   --->   Operation 165 'getelementptr' 'ATANH_LUT_V_addr' <Predicate = (!exitcond_i)> <Delay = 0.00>
ST_13 : Operation 166 [2/2] (3.25ns)   --->   "%p_Val2_20 = load i38* %ATANH_LUT_V_addr, align 8" [SVM_Accelerator_HLS_Cordic_GoodMSE_FixedPoint/Exp.cpp:80->SVM_Accelerator_HLS_Cordic_GoodMSE_FixedPoint/Classifier.cpp:24]   --->   Operation 166 'load' 'p_Val2_20' <Predicate = (!exitcond_i)> <Delay = 3.25> <Core = "ROM_nP">   --->   Core 48 'ROM_nP' <Latency = 1> <II = 1> <Delay = 3.25> <Storage> <Opcode : 'load'> <Ports = 0> <Width = 8> <Depth = 165> <ROM>
ST_13 : Operation 167 [1/1] (2.55ns)   --->   "%p_Val2_9_i = add i32 %p_Val2_15, %p_Val2_16" [SVM_Accelerator_HLS_Cordic_GoodMSE_FixedPoint/Exp.cpp:85->SVM_Accelerator_HLS_Cordic_GoodMSE_FixedPoint/Classifier.cpp:24]   --->   Operation 167 'add' 'p_Val2_9_i' <Predicate = (exitcond_i)> <Delay = 2.55> <Core = "AddSub">   --->   Core 14 'AddSub' <Latency = 0> <II = 1> <Delay = 1.63> <FuncUnit> <Opcode : 'add' 'sub'> <InPorts = 2> <OutPorts = 1>
ST_13 : Operation 168 [1/1] (0.00ns) (grouped into LUT with out node tmp_27)   --->   "%tmp_38 = call i1 @_ssdm_op_BitSelect.i1.i5.i32(i5 %p_Val2_7, i32 4)" [SVM_Accelerator_HLS_Cordic_GoodMSE_FixedPoint/Exp.cpp:86->SVM_Accelerator_HLS_Cordic_GoodMSE_FixedPoint/Classifier.cpp:24]   --->   Operation 168 'bitselect' 'tmp_38' <Predicate = (exitcond_i)> <Delay = 0.00>
ST_13 : Operation 169 [1/1] (1.78ns)   --->   "%sh_assign = sub i5 0, %p_Val2_7" [SVM_Accelerator_HLS_Cordic_GoodMSE_FixedPoint/Exp.cpp:86->SVM_Accelerator_HLS_Cordic_GoodMSE_FixedPoint/Classifier.cpp:24]   --->   Operation 169 'sub' 'sh_assign' <Predicate = (exitcond_i)> <Delay = 1.78> <Core = "AddSub">   --->   Core 14 'AddSub' <Latency = 0> <II = 1> <Delay = 1.63> <FuncUnit> <Opcode : 'add' 'sub'> <InPorts = 2> <OutPorts = 1>
ST_13 : Operation 170 [1/1] (0.00ns) (grouped into LUT with out node tmp_27)   --->   "%sh_assign_1_i_cast = zext i5 %sh_assign to i32" [SVM_Accelerator_HLS_Cordic_GoodMSE_FixedPoint/Exp.cpp:86->SVM_Accelerator_HLS_Cordic_GoodMSE_FixedPoint/Classifier.cpp:24]   --->   Operation 170 'zext' 'sh_assign_1_i_cast' <Predicate = (exitcond_i)> <Delay = 0.00>
ST_13 : Operation 171 [1/1] (0.00ns) (grouped into LUT with out node tmp_27)   --->   "%tmp_13_i = ashr i32 %p_Val2_9_i, %sh_assign_1_i_cast" [SVM_Accelerator_HLS_Cordic_GoodMSE_FixedPoint/Exp.cpp:86->SVM_Accelerator_HLS_Cordic_GoodMSE_FixedPoint/Classifier.cpp:24]   --->   Operation 171 'ashr' 'tmp_13_i' <Predicate = (exitcond_i)> <Delay = 0.00> <Core = "Shift">   --->   Core 28 'Shift' <Latency = 0> <II = 1> <Delay = 4.42> <FuncUnit> <Opcode : 'shl' 'lshr' 'ashr'> <InPorts = 2> <OutPorts = 1>
ST_13 : Operation 172 [1/1] (0.00ns) (grouped into LUT with out node tmp_27)   --->   "%tmp_14_i = shl i32 %p_Val2_9_i, %v_assign_i_cast" [SVM_Accelerator_HLS_Cordic_GoodMSE_FixedPoint/Exp.cpp:86->SVM_Accelerator_HLS_Cordic_GoodMSE_FixedPoint/Classifier.cpp:24]   --->   Operation 172 'shl' 'tmp_14_i' <Predicate = (exitcond_i)> <Delay = 0.00> <Core = "Shift">   --->   Core 28 'Shift' <Latency = 0> <II = 1> <Delay = 4.42> <FuncUnit> <Opcode : 'shl' 'lshr' 'ashr'> <InPorts = 2> <OutPorts = 1>
ST_13 : Operation 173 [1/1] (0.00ns) (grouped into LUT with out node tmp_27)   --->   "%tmp_24 = call i15 @_ssdm_op_PartSelect.i15.i32.i32.i32(i32 %tmp_13_i, i32 10, i32 24)" [SVM_Accelerator_HLS_Cordic_GoodMSE_FixedPoint/Classifier.cpp:24]   --->   Operation 173 'partselect' 'tmp_24' <Predicate = (exitcond_i)> <Delay = 0.00>
ST_13 : Operation 174 [1/1] (0.00ns) (grouped into LUT with out node tmp_27)   --->   "%tmp_26 = call i15 @_ssdm_op_PartSelect.i15.i32.i32.i32(i32 %tmp_14_i, i32 10, i32 24)" [SVM_Accelerator_HLS_Cordic_GoodMSE_FixedPoint/Classifier.cpp:24]   --->   Operation 174 'partselect' 'tmp_26' <Predicate = (exitcond_i)> <Delay = 0.00>
ST_13 : Operation 175 [1/1] (4.42ns) (out node of the LUT)   --->   "%tmp_27 = select i1 %tmp_38, i15 %tmp_24, i15 %tmp_26" [SVM_Accelerator_HLS_Cordic_GoodMSE_FixedPoint/Exp.cpp:87->SVM_Accelerator_HLS_Cordic_GoodMSE_FixedPoint/Classifier.cpp:24]   --->   Operation 175 'select' 'tmp_27' <Predicate = (exitcond_i)> <Delay = 4.42> <Core = "Sel">   --->   Core 26 'Sel' <Latency = 0> <II = 1> <Delay = 1.48> <FuncUnit> <Opcode : 'select'> <InPorts = 3> <OutPorts = 1>
ST_13 : Operation 176 [1/1] (0.00ns)   --->   "%tmp_25 = zext i8 %i to i64" [SVM_Accelerator_HLS_Cordic_GoodMSE_FixedPoint/Classifier.cpp:25]   --->   Operation 176 'zext' 'tmp_25' <Predicate = (exitcond_i)> <Delay = 0.00>
ST_13 : Operation 177 [1/1] (0.00ns)   --->   "%alphas_V_addr = getelementptr [165 x i8]* @alphas_V, i64 0, i64 %tmp_25" [SVM_Accelerator_HLS_Cordic_GoodMSE_FixedPoint/Classifier.cpp:25]   --->   Operation 177 'getelementptr' 'alphas_V_addr' <Predicate = (exitcond_i)> <Delay = 0.00>
ST_13 : Operation 178 [2/2] (3.25ns)   --->   "%alphas_V_load = load i8* %alphas_V_addr, align 1" [SVM_Accelerator_HLS_Cordic_GoodMSE_FixedPoint/Classifier.cpp:25]   --->   Operation 178 'load' 'alphas_V_load' <Predicate = (exitcond_i)> <Delay = 3.25> <Core = "ROM_nP">   --->   Core 48 'ROM_nP' <Latency = 1> <II = 1> <Delay = 3.25> <Storage> <Opcode : 'load'> <Ports = 0> <Width = 8> <Depth = 165> <ROM>

State 14 <SV = 9> <Delay = 6.99>
ST_14 : Operation 179 [1/2] (3.25ns)   --->   "%i_2 = load i4* %Iteration_Schedule_a, align 1" [SVM_Accelerator_HLS_Cordic_GoodMSE_FixedPoint/Exp.cpp:64->SVM_Accelerator_HLS_Cordic_GoodMSE_FixedPoint/Classifier.cpp:24]   --->   Operation 179 'load' 'i_2' <Predicate = true> <Delay = 3.25> <Core = "ROM_nP">   --->   Core 48 'ROM_nP' <Latency = 1> <II = 1> <Delay = 3.25> <Storage> <Opcode : 'load'> <Ports = 0> <Width = 8> <Depth = 165> <ROM>
ST_14 : Operation 180 [1/1] (0.00ns)   --->   "%z_nonneg = call i1 @_ssdm_op_BitSelect.i1.i32.i32(i32 %p_Val2_19, i32 31)" [SVM_Accelerator_HLS_Cordic_GoodMSE_FixedPoint/Exp.cpp:65->SVM_Accelerator_HLS_Cordic_GoodMSE_FixedPoint/Classifier.cpp:24]   --->   Operation 180 'bitselect' 'z_nonneg' <Predicate = true> <Delay = 0.00>
ST_14 : Operation 181 [1/1] (0.00ns)   --->   "%tmp_16_i = call i46 @_ssdm_op_BitConcatenate.i46.i32.i14(i32 %p_Val2_19, i14 0)" [SVM_Accelerator_HLS_Cordic_GoodMSE_FixedPoint/Exp.cpp:80->SVM_Accelerator_HLS_Cordic_GoodMSE_FixedPoint/Classifier.cpp:24]   --->   Operation 181 'bitconcatenate' 'tmp_16_i' <Predicate = true> <Delay = 0.00>
ST_14 : Operation 182 [1/2] (3.25ns)   --->   "%p_Val2_20 = load i38* %ATANH_LUT_V_addr, align 8" [SVM_Accelerator_HLS_Cordic_GoodMSE_FixedPoint/Exp.cpp:80->SVM_Accelerator_HLS_Cordic_GoodMSE_FixedPoint/Classifier.cpp:24]   --->   Operation 182 'load' 'p_Val2_20' <Predicate = true> <Delay = 3.25> <Core = "ROM_nP">   --->   Core 48 'ROM_nP' <Latency = 1> <II = 1> <Delay = 3.25> <Storage> <Opcode : 'load'> <Ports = 0> <Width = 8> <Depth = 165> <ROM>
ST_14 : Operation 183 [1/1] (0.00ns)   --->   "%tmp_28 = zext i38 %p_Val2_20 to i46" [SVM_Accelerator_HLS_Cordic_GoodMSE_FixedPoint/Exp.cpp:80->SVM_Accelerator_HLS_Cordic_GoodMSE_FixedPoint/Classifier.cpp:24]   --->   Operation 183 'zext' 'tmp_28' <Predicate = true> <Delay = 0.00>
ST_14 : Operation 184 [1/1] (3.04ns)   --->   "%p_Val2_18_i_cast = add i46 %tmp_16_i, %tmp_28" [SVM_Accelerator_HLS_Cordic_GoodMSE_FixedPoint/Exp.cpp:80->SVM_Accelerator_HLS_Cordic_GoodMSE_FixedPoint/Classifier.cpp:24]   --->   Operation 184 'add' 'p_Val2_18_i_cast' <Predicate = true> <Delay = 3.04> <Core = "AddSub">   --->   Core 14 'AddSub' <Latency = 0> <II = 1> <Delay = 1.63> <FuncUnit> <Opcode : 'add' 'sub'> <InPorts = 2> <OutPorts = 1>
ST_14 : Operation 185 [1/1] (3.04ns)   --->   "%p_Val2_20_i_cast = sub i46 %tmp_16_i, %tmp_28" [SVM_Accelerator_HLS_Cordic_GoodMSE_FixedPoint/Exp.cpp:75->SVM_Accelerator_HLS_Cordic_GoodMSE_FixedPoint/Classifier.cpp:24]   --->   Operation 185 'sub' 'p_Val2_20_i_cast' <Predicate = true> <Delay = 3.04> <Core = "AddSub">   --->   Core 14 'AddSub' <Latency = 0> <II = 1> <Delay = 1.63> <FuncUnit> <Opcode : 'add' 'sub'> <InPorts = 2> <OutPorts = 1>
ST_14 : Operation 186 [1/1] (0.00ns)   --->   "%tmp_29 = call i32 @_ssdm_op_PartSelect.i32.i46.i32.i32(i46 %p_Val2_18_i_cast, i32 14, i32 45)" [SVM_Accelerator_HLS_Cordic_GoodMSE_FixedPoint/Exp.cpp:75->SVM_Accelerator_HLS_Cordic_GoodMSE_FixedPoint/Classifier.cpp:24]   --->   Operation 186 'partselect' 'tmp_29' <Predicate = true> <Delay = 0.00>
ST_14 : Operation 187 [1/1] (0.00ns)   --->   "%tmp_30 = call i32 @_ssdm_op_PartSelect.i32.i46.i32.i32(i46 %p_Val2_20_i_cast, i32 14, i32 45)" [SVM_Accelerator_HLS_Cordic_GoodMSE_FixedPoint/Exp.cpp:75->SVM_Accelerator_HLS_Cordic_GoodMSE_FixedPoint/Classifier.cpp:24]   --->   Operation 187 'partselect' 'tmp_30' <Predicate = true> <Delay = 0.00>
ST_14 : Operation 188 [1/1] (0.69ns)   --->   "%Zn_V = select i1 %z_nonneg, i32 %tmp_29, i32 %tmp_30" [SVM_Accelerator_HLS_Cordic_GoodMSE_FixedPoint/Exp.cpp:65->SVM_Accelerator_HLS_Cordic_GoodMSE_FixedPoint/Classifier.cpp:24]   --->   Operation 188 'select' 'Zn_V' <Predicate = true> <Delay = 0.69> <Core = "Sel">   --->   Core 26 'Sel' <Latency = 0> <II = 1> <Delay = 1.48> <FuncUnit> <Opcode : 'select'> <InPorts = 3> <OutPorts = 1>

State 15 <SV = 10> <Delay = 7.67>
ST_15 : Operation 189 [1/1] (0.00ns)   --->   "%i_i_cast = zext i4 %i_2 to i32" [SVM_Accelerator_HLS_Cordic_GoodMSE_FixedPoint/Exp.cpp:64->SVM_Accelerator_HLS_Cordic_GoodMSE_FixedPoint/Classifier.cpp:24]   --->   Operation 189 'zext' 'i_i_cast' <Predicate = true> <Delay = 0.00>
ST_15 : Operation 190 [1/1] (4.42ns)   --->   "%r_V_2 = ashr i32 %p_Val2_15, %i_i_cast" [SVM_Accelerator_HLS_Cordic_GoodMSE_FixedPoint/Exp.cpp:68->SVM_Accelerator_HLS_Cordic_GoodMSE_FixedPoint/Classifier.cpp:24]   --->   Operation 190 'ashr' 'r_V_2' <Predicate = true> <Delay = 4.42> <Core = "Shift">   --->   Core 28 'Shift' <Latency = 0> <II = 1> <Delay = 4.42> <FuncUnit> <Opcode : 'shl' 'lshr' 'ashr'> <InPorts = 2> <OutPorts = 1>
ST_15 : Operation 191 [1/1] (4.42ns)   --->   "%r_V_3 = ashr i32 %p_Val2_16, %i_i_cast" [SVM_Accelerator_HLS_Cordic_GoodMSE_FixedPoint/Exp.cpp:69->SVM_Accelerator_HLS_Cordic_GoodMSE_FixedPoint/Classifier.cpp:24]   --->   Operation 191 'ashr' 'r_V_3' <Predicate = true> <Delay = 4.42> <Core = "Shift">   --->   Core 28 'Shift' <Latency = 0> <II = 1> <Delay = 4.42> <FuncUnit> <Opcode : 'shl' 'lshr' 'ashr'> <InPorts = 2> <OutPorts = 1>
ST_15 : Operation 192 [1/1] (2.55ns)   --->   "%Xn_V = sub i32 %p_Val2_16, %r_V_2" [SVM_Accelerator_HLS_Cordic_GoodMSE_FixedPoint/Exp.cpp:78->SVM_Accelerator_HLS_Cordic_GoodMSE_FixedPoint/Classifier.cpp:24]   --->   Operation 192 'sub' 'Xn_V' <Predicate = (z_nonneg)> <Delay = 2.55> <Core = "AddSub">   --->   Core 14 'AddSub' <Latency = 0> <II = 1> <Delay = 1.63> <FuncUnit> <Opcode : 'add' 'sub'> <InPorts = 2> <OutPorts = 1>
ST_15 : Operation 193 [1/1] (2.55ns)   --->   "%Yn_V = sub i32 %p_Val2_15, %r_V_3" [SVM_Accelerator_HLS_Cordic_GoodMSE_FixedPoint/Exp.cpp:79->SVM_Accelerator_HLS_Cordic_GoodMSE_FixedPoint/Classifier.cpp:24]   --->   Operation 193 'sub' 'Yn_V' <Predicate = (z_nonneg)> <Delay = 2.55> <Core = "AddSub">   --->   Core 14 'AddSub' <Latency = 0> <II = 1> <Delay = 1.63> <FuncUnit> <Opcode : 'add' 'sub'> <InPorts = 2> <OutPorts = 1>
ST_15 : Operation 194 [1/1] (2.55ns)   --->   "%Xn_V_1 = add i32 %r_V_2, %p_Val2_16" [SVM_Accelerator_HLS_Cordic_GoodMSE_FixedPoint/Exp.cpp:73->SVM_Accelerator_HLS_Cordic_GoodMSE_FixedPoint/Classifier.cpp:24]   --->   Operation 194 'add' 'Xn_V_1' <Predicate = (!z_nonneg)> <Delay = 2.55> <Core = "AddSub">   --->   Core 14 'AddSub' <Latency = 0> <II = 1> <Delay = 1.63> <FuncUnit> <Opcode : 'add' 'sub'> <InPorts = 2> <OutPorts = 1>
ST_15 : Operation 195 [1/1] (2.55ns)   --->   "%Yn_V_1 = add i32 %r_V_3, %p_Val2_15" [SVM_Accelerator_HLS_Cordic_GoodMSE_FixedPoint/Exp.cpp:74->SVM_Accelerator_HLS_Cordic_GoodMSE_FixedPoint/Classifier.cpp:24]   --->   Operation 195 'add' 'Yn_V_1' <Predicate = (!z_nonneg)> <Delay = 2.55> <Core = "AddSub">   --->   Core 14 'AddSub' <Latency = 0> <II = 1> <Delay = 1.63> <FuncUnit> <Opcode : 'add' 'sub'> <InPorts = 2> <OutPorts = 1>
ST_15 : Operation 196 [1/1] (0.69ns)   --->   "%Xn_V_3 = select i1 %z_nonneg, i32 %Xn_V, i32 %Xn_V_1" [SVM_Accelerator_HLS_Cordic_GoodMSE_FixedPoint/Exp.cpp:83->SVM_Accelerator_HLS_Cordic_GoodMSE_FixedPoint/Classifier.cpp:24]   --->   Operation 196 'select' 'Xn_V_3' <Predicate = true> <Delay = 0.69> <Core = "Sel">   --->   Core 26 'Sel' <Latency = 0> <II = 1> <Delay = 1.48> <FuncUnit> <Opcode : 'select'> <InPorts = 3> <OutPorts = 1>
ST_15 : Operation 197 [1/1] (0.69ns)   --->   "%Yn_V_3 = select i1 %z_nonneg, i32 %Yn_V, i32 %Yn_V_1" [SVM_Accelerator_HLS_Cordic_GoodMSE_FixedPoint/Exp.cpp:83->SVM_Accelerator_HLS_Cordic_GoodMSE_FixedPoint/Classifier.cpp:24]   --->   Operation 197 'select' 'Yn_V_3' <Predicate = true> <Delay = 0.69> <Core = "Sel">   --->   Core 26 'Sel' <Latency = 0> <II = 1> <Delay = 1.48> <FuncUnit> <Opcode : 'select'> <InPorts = 3> <OutPorts = 1>
ST_15 : Operation 198 [1/1] (0.00ns)   --->   "br label %2" [SVM_Accelerator_HLS_Cordic_GoodMSE_FixedPoint/Exp.cpp:63->SVM_Accelerator_HLS_Cordic_GoodMSE_FixedPoint/Classifier.cpp:24]   --->   Operation 198 'br' <Predicate = true> <Delay = 0.00>

State 16 <SV = 9> <Delay = 3.25>
ST_16 : Operation 199 [1/2] (3.25ns)   --->   "%alphas_V_load = load i8* %alphas_V_addr, align 1" [SVM_Accelerator_HLS_Cordic_GoodMSE_FixedPoint/Classifier.cpp:25]   --->   Operation 199 'load' 'alphas_V_load' <Predicate = true> <Delay = 3.25> <Core = "ROM_nP">   --->   Core 48 'ROM_nP' <Latency = 1> <II = 1> <Delay = 3.25> <Storage> <Opcode : 'load'> <Ports = 0> <Width = 8> <Depth = 165> <ROM>

State 17 <SV = 10> <Delay = 6.38>
ST_17 : Operation 200 [1/1] (0.00ns)   --->   "%OP1_V_cast = sext i8 %alphas_V_load to i23" [SVM_Accelerator_HLS_Cordic_GoodMSE_FixedPoint/Classifier.cpp:25]   --->   Operation 200 'sext' 'OP1_V_cast' <Predicate = true> <Delay = 0.00>
ST_17 : Operation 201 [1/1] (0.00ns)   --->   "%OP2_V_1_cast = zext i15 %tmp_27 to i23" [SVM_Accelerator_HLS_Cordic_GoodMSE_FixedPoint/Classifier.cpp:25]   --->   Operation 201 'zext' 'OP2_V_1_cast' <Predicate = true> <Delay = 0.00>
ST_17 : Operation 202 [1/1] (6.38ns)   --->   "%p_Val2_3 = mul i23 %OP2_V_1_cast, %OP1_V_cast" [SVM_Accelerator_HLS_Cordic_GoodMSE_FixedPoint/Classifier.cpp:25]   --->   Operation 202 'mul' 'p_Val2_3' <Predicate = true> <Delay = 6.38> <Core = "DSP48">   --->   Core 61 'DSP48' <Latency = 0> <II = 1> <Delay = 6.38> <IPBlock> <Opcode : 'mul' 'add' 'sub' 'select'> <InPorts = 0> <OutPorts = 1> <Sync> <CReg>
ST_17 : Operation 203 [1/1] (0.00ns)   --->   "%tmp_39 = call i22 @_ssdm_op_PartSelect.i22.i23.i32.i32(i23 %p_Val2_3, i32 1, i32 22)" [SVM_Accelerator_HLS_Cordic_GoodMSE_FixedPoint/Classifier.cpp:25]   --->   Operation 203 'partselect' 'tmp_39' <Predicate = true> <Delay = 0.00>

State 18 <SV = 11> <Delay = 2.49>
ST_18 : Operation 204 [1/1] (0.00ns)   --->   "%p_Val2_4_cast_cast = sext i22 %tmp_39 to i30" [SVM_Accelerator_HLS_Cordic_GoodMSE_FixedPoint/Classifier.cpp:25]   --->   Operation 204 'sext' 'p_Val2_4_cast_cast' <Predicate = true> <Delay = 0.00>
ST_18 : Operation 205 [1/1] (2.49ns)   --->   "%sum_V = add i30 %p_Val2_4_cast_cast, %p_Val2_s" [SVM_Accelerator_HLS_Cordic_GoodMSE_FixedPoint/Classifier.cpp:25]   --->   Operation 205 'add' 'sum_V' <Predicate = true> <Delay = 2.49> <Core = "AddSub">   --->   Core 14 'AddSub' <Latency = 0> <II = 1> <Delay = 1.63> <FuncUnit> <Opcode : 'add' 'sub'> <InPorts = 2> <OutPorts = 1>
ST_18 : Operation 206 [1/1] (0.00ns)   --->   "br label %1" [SVM_Accelerator_HLS_Cordic_GoodMSE_FixedPoint/Classifier.cpp:9]   --->   Operation 206 'br' <Predicate = true> <Delay = 0.00>

State 19 <SV = 2> <Delay = 6.28>
ST_19 : Operation 207 [1/1] (0.00ns)   --->   "%dp_s = sext i30 %tmp_s to i32" [SVM_Accelerator_HLS_Cordic_GoodMSE_FixedPoint/Classifier.cpp:28]   --->   Operation 207 'sext' 'dp_s' <Predicate = (!tmp_1)> <Delay = 0.00>
ST_19 : Operation 208 [6/6] (6.28ns)   --->   "%dp_1 = sitofp i32 %dp_s to double" [SVM_Accelerator_HLS_Cordic_GoodMSE_FixedPoint/Classifier.cpp:28]   --->   Operation 208 'sitodp' 'dp_1' <Predicate = (!tmp_1)> <Delay = 6.28> <Core = "Int2Double">   --->   Core 116 'Int2Double' <Latency = 5> <II = 1> <Delay = 6.28> <FuncUnit> <Opcode : 'sitodp' 'uitodp'> <InPorts = 1> <OutPorts = 1>

State 20 <SV = 3> <Delay = 6.28>
ST_20 : Operation 209 [5/6] (6.28ns)   --->   "%dp_1 = sitofp i32 %dp_s to double" [SVM_Accelerator_HLS_Cordic_GoodMSE_FixedPoint/Classifier.cpp:28]   --->   Operation 209 'sitodp' 'dp_1' <Predicate = (!tmp_1)> <Delay = 6.28> <Core = "Int2Double">   --->   Core 116 'Int2Double' <Latency = 5> <II = 1> <Delay = 6.28> <FuncUnit> <Opcode : 'sitodp' 'uitodp'> <InPorts = 1> <OutPorts = 1>

State 21 <SV = 4> <Delay = 6.28>
ST_21 : Operation 210 [4/6] (6.28ns)   --->   "%dp_1 = sitofp i32 %dp_s to double" [SVM_Accelerator_HLS_Cordic_GoodMSE_FixedPoint/Classifier.cpp:28]   --->   Operation 210 'sitodp' 'dp_1' <Predicate = (!tmp_1)> <Delay = 6.28> <Core = "Int2Double">   --->   Core 116 'Int2Double' <Latency = 5> <II = 1> <Delay = 6.28> <FuncUnit> <Opcode : 'sitodp' 'uitodp'> <InPorts = 1> <OutPorts = 1>

State 22 <SV = 5> <Delay = 6.28>
ST_22 : Operation 211 [3/6] (6.28ns)   --->   "%dp_1 = sitofp i32 %dp_s to double" [SVM_Accelerator_HLS_Cordic_GoodMSE_FixedPoint/Classifier.cpp:28]   --->   Operation 211 'sitodp' 'dp_1' <Predicate = (!tmp_1)> <Delay = 6.28> <Core = "Int2Double">   --->   Core 116 'Int2Double' <Latency = 5> <II = 1> <Delay = 6.28> <FuncUnit> <Opcode : 'sitodp' 'uitodp'> <InPorts = 1> <OutPorts = 1>

State 23 <SV = 6> <Delay = 6.28>
ST_23 : Operation 212 [2/6] (6.28ns)   --->   "%dp_1 = sitofp i32 %dp_s to double" [SVM_Accelerator_HLS_Cordic_GoodMSE_FixedPoint/Classifier.cpp:28]   --->   Operation 212 'sitodp' 'dp_1' <Predicate = (!tmp_1)> <Delay = 6.28> <Core = "Int2Double">   --->   Core 116 'Int2Double' <Latency = 5> <II = 1> <Delay = 6.28> <FuncUnit> <Opcode : 'sitodp' 'uitodp'> <InPorts = 1> <OutPorts = 1>

State 24 <SV = 7> <Delay = 6.28>
ST_24 : Operation 213 [1/6] (6.28ns)   --->   "%dp_1 = sitofp i32 %dp_s to double" [SVM_Accelerator_HLS_Cordic_GoodMSE_FixedPoint/Classifier.cpp:28]   --->   Operation 213 'sitodp' 'dp_1' <Predicate = (!tmp_1)> <Delay = 6.28> <Core = "Int2Double">   --->   Core 116 'Int2Double' <Latency = 5> <II = 1> <Delay = 6.28> <FuncUnit> <Opcode : 'sitodp' 'uitodp'> <InPorts = 1> <OutPorts = 1>

State 25 <SV = 8> <Delay = 3.12>
ST_25 : Operation 214 [1/1] (0.00ns)   --->   "%res_V_1 = bitcast double %dp_1 to i64" [SVM_Accelerator_HLS_Cordic_GoodMSE_FixedPoint/Classifier.cpp:28]   --->   Operation 214 'bitcast' 'res_V_1' <Predicate = (!tmp_1)> <Delay = 0.00>
ST_25 : Operation 215 [1/1] (0.00ns)   --->   "%exp_V = call i11 @_ssdm_op_PartSelect.i11.i64.i32.i32(i64 %res_V_1, i32 52, i32 62)" [SVM_Accelerator_HLS_Cordic_GoodMSE_FixedPoint/Classifier.cpp:28]   --->   Operation 215 'partselect' 'exp_V' <Predicate = (!tmp_1)> <Delay = 0.00>
ST_25 : Operation 216 [1/1] (1.63ns)   --->   "%exp_V_2 = add i11 %exp_V, -16" [SVM_Accelerator_HLS_Cordic_GoodMSE_FixedPoint/Classifier.cpp:28]   --->   Operation 216 'add' 'exp_V_2' <Predicate = (!tmp_1)> <Delay = 1.63> <Core = "AddSub">   --->   Core 14 'AddSub' <Latency = 0> <II = 1> <Delay = 1.63> <FuncUnit> <Opcode : 'add' 'sub'> <InPorts = 2> <OutPorts = 1>
ST_25 : Operation 217 [1/1] (0.00ns)   --->   "%p_Result_2 = call i64 @llvm.part.set.i64.i11(i64 %res_V_1, i11 %exp_V_2, i32 52, i32 62) nounwind" [SVM_Accelerator_HLS_Cordic_GoodMSE_FixedPoint/Classifier.cpp:28]   --->   Operation 217 'partset' 'p_Result_2' <Predicate = (!tmp_1)> <Delay = 0.00>
ST_25 : Operation 218 [1/1] (0.00ns)   --->   "%dp = bitcast i64 %p_Result_2 to double" [SVM_Accelerator_HLS_Cordic_GoodMSE_FixedPoint/Classifier.cpp:28]   --->   Operation 218 'bitcast' 'dp' <Predicate = (!tmp_1)> <Delay = 0.00>
ST_25 : Operation 219 [1/1] (1.48ns)   --->   "%p_0_i = select i1 %tmp_1, double 0.000000e+00, double %dp" [SVM_Accelerator_HLS_Cordic_GoodMSE_FixedPoint/Classifier.cpp:28]   --->   Operation 219 'select' 'p_0_i' <Predicate = true> <Delay = 1.48> <Core = "Sel">   --->   Core 26 'Sel' <Latency = 0> <II = 1> <Delay = 1.48> <FuncUnit> <Opcode : 'select'> <InPorts = 3> <OutPorts = 1>
ST_25 : Operation 220 [1/1] (0.00ns)   --->   "ret double %p_0_i" [SVM_Accelerator_HLS_Cordic_GoodMSE_FixedPoint/Classifier.cpp:28]   --->   Operation 220 'ret' <Predicate = true> <Delay = 0.00>


============================================================
+ Verbose Summary: Timing violations
============================================================
Target clock period: 10ns, clock uncertainty: 1.25ns.

 <State 1>: 1.77ns
The critical path consists of the following:
	multiplexor before 'phi' operation ('sum.V') with incoming values : ('sum.V', SVM_Accelerator_HLS_Cordic_GoodMSE_FixedPoint/Classifier.cpp:25) [11]  (1.77 ns)

 <State 2>: 4.96ns
The critical path consists of the following:
	'phi' operation ('sum.V') with incoming values : ('sum.V', SVM_Accelerator_HLS_Cordic_GoodMSE_FixedPoint/Classifier.cpp:25) [11]  (0 ns)
	'add' operation ('tmp_s', SVM_Accelerator_HLS_Cordic_GoodMSE_FixedPoint/Classifier.cpp:28) [189]  (2.49 ns)
	'icmp' operation ('tmp_1', SVM_Accelerator_HLS_Cordic_GoodMSE_FixedPoint/Classifier.cpp:28) [190]  (2.47 ns)

 <State 3>: 5.36ns
The critical path consists of the following:
	'phi' operation ('j') with incoming values : ('j', SVM_Accelerator_HLS_Cordic_GoodMSE_FixedPoint/Classifier.cpp:13) [23]  (0 ns)
	'add' operation ('tmp_6', SVM_Accelerator_HLS_Cordic_GoodMSE_FixedPoint/Classifier.cpp:14) [30]  (2.11 ns)
	'getelementptr' operation ('svs_addr', SVM_Accelerator_HLS_Cordic_GoodMSE_FixedPoint/Classifier.cpp:14) [32]  (0 ns)
	'load' operation ('v', SVM_Accelerator_HLS_Cordic_GoodMSE_FixedPoint/Classifier.cpp:14) on array 'svs' [33]  (3.25 ns)

 <State 4>: 7.44ns
The critical path consists of the following:
	'load' operation ('v', SVM_Accelerator_HLS_Cordic_GoodMSE_FixedPoint/Classifier.cpp:14) on array 'svs' [33]  (3.25 ns)
	'sub' operation ('man.V', SVM_Accelerator_HLS_Cordic_GoodMSE_FixedPoint/Classifier.cpp:14) [42]  (3.24 ns)
	'select' operation ('man.V', SVM_Accelerator_HLS_Cordic_GoodMSE_FixedPoint/Classifier.cpp:14) [43]  (0.948 ns)

 <State 5>: 7.58ns
The critical path consists of the following:
	'icmp' operation ('tmp_15', SVM_Accelerator_HLS_Cordic_GoodMSE_FixedPoint/Classifier.cpp:14) [54]  (1.99 ns)
	'and' operation ('sel_tmp8', SVM_Accelerator_HLS_Cordic_GoodMSE_FixedPoint/Classifier.cpp:14) [69]  (0.978 ns)
	'select' operation ('newSel1', SVM_Accelerator_HLS_Cordic_GoodMSE_FixedPoint/Classifier.cpp:14) [77]  (4.61 ns)

 <State 6>: 5.48ns
The critical path consists of the following:
	'select' operation ('xi', SVM_Accelerator_HLS_Cordic_GoodMSE_FixedPoint/Classifier.cpp:14) [60]  (0 ns)
	'select' operation ('newSel', SVM_Accelerator_HLS_Cordic_GoodMSE_FixedPoint/Classifier.cpp:14) [75]  (0 ns)
	'select' operation ('newSel2', SVM_Accelerator_HLS_Cordic_GoodMSE_FixedPoint/Classifier.cpp:15) [79]  (3.57 ns)
	'select' operation ('__Val2__', SVM_Accelerator_HLS_Cordic_GoodMSE_FixedPoint/Classifier.cpp:15) [81]  (0 ns)
	'sub' operation ('p_Val2_6', SVM_Accelerator_HLS_Cordic_GoodMSE_FixedPoint/Classifier.cpp:15) [85]  (1.92 ns)

 <State 7>: 6.69ns
The critical path consists of the following:
	'mul' operation ('r.V', SVM_Accelerator_HLS_Cordic_GoodMSE_FixedPoint/Classifier.cpp:19) [87]  (4.17 ns)
	'add' operation ('l2Squared_fixed.V', SVM_Accelerator_HLS_Cordic_GoodMSE_FixedPoint/Classifier.cpp:19) [90]  (2.52 ns)

 <State 8>: 8.48ns
The critical path consists of the following:
	'mul' operation ('__Val2__', SVM_Accelerator_HLS_Cordic_GoodMSE_FixedPoint/Exp.cpp:51->SVM_Accelerator_HLS_Cordic_GoodMSE_FixedPoint/Classifier.cpp:24) [100]  (8.48 ns)

 <State 9>: 7.37ns
The critical path consists of the following:
	'icmp' operation ('tmp_2_i_i', SVM_Accelerator_HLS_Cordic_GoodMSE_FixedPoint/Exp.cpp:42->SVM_Accelerator_HLS_Cordic_GoodMSE_FixedPoint/Exp.cpp:52->SVM_Accelerator_HLS_Cordic_GoodMSE_FixedPoint/Classifier.cpp:24) [107]  (2.47 ns)
	'select' operation ('p_i_i', SVM_Accelerator_HLS_Cordic_GoodMSE_FixedPoint/Exp.cpp:42->SVM_Accelerator_HLS_Cordic_GoodMSE_FixedPoint/Exp.cpp:52->SVM_Accelerator_HLS_Cordic_GoodMSE_FixedPoint/Classifier.cpp:24) [109]  (0 ns)
	'select' operation ('p_2_i_i', SVM_Accelerator_HLS_Cordic_GoodMSE_FixedPoint/Exp.cpp:42->SVM_Accelerator_HLS_Cordic_GoodMSE_FixedPoint/Exp.cpp:52->SVM_Accelerator_HLS_Cordic_GoodMSE_FixedPoint/Classifier.cpp:24) [110]  (1.19 ns)
	'icmp' operation ('tmp_8_i_i', SVM_Accelerator_HLS_Cordic_GoodMSE_FixedPoint/Exp.cpp:43->SVM_Accelerator_HLS_Cordic_GoodMSE_FixedPoint/Exp.cpp:52->SVM_Accelerator_HLS_Cordic_GoodMSE_FixedPoint/Classifier.cpp:24) [114]  (2.52 ns)
	'select' operation ('p_1_i_i', SVM_Accelerator_HLS_Cordic_GoodMSE_FixedPoint/Exp.cpp:43->SVM_Accelerator_HLS_Cordic_GoodMSE_FixedPoint/Exp.cpp:52->SVM_Accelerator_HLS_Cordic_GoodMSE_FixedPoint/Classifier.cpp:24) [116]  (0 ns)
	'select' operation ('k', SVM_Accelerator_HLS_Cordic_GoodMSE_FixedPoint/Exp.cpp:52->SVM_Accelerator_HLS_Cordic_GoodMSE_FixedPoint/Classifier.cpp:24) [117]  (1.19 ns)

 <State 10>: 5.26ns
The critical path consists of the following:
	'icmp' operation ('tmp_4_i', SVM_Accelerator_HLS_Cordic_GoodMSE_FixedPoint/Exp.cpp:53->SVM_Accelerator_HLS_Cordic_GoodMSE_FixedPoint/Classifier.cpp:24) [119]  (1.43 ns)
	'select' operation ('p_i', SVM_Accelerator_HLS_Cordic_GoodMSE_FixedPoint/Exp.cpp:53->SVM_Accelerator_HLS_Cordic_GoodMSE_FixedPoint/Classifier.cpp:24) [120]  (1.19 ns)
	'icmp' operation ('tmp_5_i', SVM_Accelerator_HLS_Cordic_GoodMSE_FixedPoint/Exp.cpp:55->SVM_Accelerator_HLS_Cordic_GoodMSE_FixedPoint/Classifier.cpp:24) [122]  (1.43 ns)
	'select' operation ('v', SVM_Accelerator_HLS_Cordic_GoodMSE_FixedPoint/Exp.cpp:55->SVM_Accelerator_HLS_Cordic_GoodMSE_FixedPoint/Classifier.cpp:24) [123]  (1.22 ns)

 <State 11>: 7.71ns
The critical path consists of the following:
	'mul' operation ('__Val2__', SVM_Accelerator_HLS_Cordic_GoodMSE_FixedPoint/Exp.cpp:56->SVM_Accelerator_HLS_Cordic_GoodMSE_FixedPoint/Classifier.cpp:24) [127]  (7.71 ns)

 <State 12>: 3.52ns
The critical path consists of the following:
	'sub' operation ('__Val2__', SVM_Accelerator_HLS_Cordic_GoodMSE_FixedPoint/Exp.cpp:56->SVM_Accelerator_HLS_Cordic_GoodMSE_FixedPoint/Classifier.cpp:24) [132]  (3.52 ns)

 <State 13>: 6.97ns
The critical path consists of the following:
	'phi' operation ('Yn.V') with incoming values : ('Yn.V', SVM_Accelerator_HLS_Cordic_GoodMSE_FixedPoint/Exp.cpp:83->SVM_Accelerator_HLS_Cordic_GoodMSE_FixedPoint/Classifier.cpp:24) [137]  (0 ns)
	'add' operation ('p_Val2_9_i', SVM_Accelerator_HLS_Cordic_GoodMSE_FixedPoint/Exp.cpp:85->SVM_Accelerator_HLS_Cordic_GoodMSE_FixedPoint/Classifier.cpp:24) [169]  (2.55 ns)
	'ashr' operation ('tmp_13_i', SVM_Accelerator_HLS_Cordic_GoodMSE_FixedPoint/Exp.cpp:86->SVM_Accelerator_HLS_Cordic_GoodMSE_FixedPoint/Classifier.cpp:24) [173]  (0 ns)
	'select' operation ('tmp_27', SVM_Accelerator_HLS_Cordic_GoodMSE_FixedPoint/Exp.cpp:87->SVM_Accelerator_HLS_Cordic_GoodMSE_FixedPoint/Classifier.cpp:24) [177]  (4.42 ns)

 <State 14>: 7ns
The critical path consists of the following:
	'load' operation ('__Val2__', SVM_Accelerator_HLS_Cordic_GoodMSE_FixedPoint/Exp.cpp:80->SVM_Accelerator_HLS_Cordic_GoodMSE_FixedPoint/Classifier.cpp:24) on array 'ATANH_LUT_V' [156]  (3.25 ns)
	'add' operation ('p_Val2_18_i_cast', SVM_Accelerator_HLS_Cordic_GoodMSE_FixedPoint/Exp.cpp:80->SVM_Accelerator_HLS_Cordic_GoodMSE_FixedPoint/Classifier.cpp:24) [158]  (3.05 ns)
	'select' operation ('Zn.V', SVM_Accelerator_HLS_Cordic_GoodMSE_FixedPoint/Exp.cpp:65->SVM_Accelerator_HLS_Cordic_GoodMSE_FixedPoint/Classifier.cpp:24) [166]  (0.698 ns)

 <State 15>: 7.67ns
The critical path consists of the following:
	'ashr' operation ('r.V', SVM_Accelerator_HLS_Cordic_GoodMSE_FixedPoint/Exp.cpp:69->SVM_Accelerator_HLS_Cordic_GoodMSE_FixedPoint/Classifier.cpp:24) [151]  (4.42 ns)
	'sub' operation ('Yn.V', SVM_Accelerator_HLS_Cordic_GoodMSE_FixedPoint/Exp.cpp:79->SVM_Accelerator_HLS_Cordic_GoodMSE_FixedPoint/Classifier.cpp:24) [153]  (2.55 ns)
	'select' operation ('Yn.V', SVM_Accelerator_HLS_Cordic_GoodMSE_FixedPoint/Exp.cpp:83->SVM_Accelerator_HLS_Cordic_GoodMSE_FixedPoint/Classifier.cpp:24) [163]  (0.698 ns)

 <State 16>: 3.25ns
The critical path consists of the following:
	'load' operation ('alphas_V_load', SVM_Accelerator_HLS_Cordic_GoodMSE_FixedPoint/Classifier.cpp:25) on array 'alphas_V' [180]  (3.25 ns)

 <State 17>: 6.38ns
The critical path consists of the following:
	'mul' operation ('__Val2__', SVM_Accelerator_HLS_Cordic_GoodMSE_FixedPoint/Classifier.cpp:25) [183]  (6.38 ns)

 <State 18>: 2.49ns
The critical path consists of the following:
	'add' operation ('sum.V', SVM_Accelerator_HLS_Cordic_GoodMSE_FixedPoint/Classifier.cpp:25) [186]  (2.49 ns)

 <State 19>: 6.28ns
The critical path consists of the following:
	'sitodp' operation ('dp', SVM_Accelerator_HLS_Cordic_GoodMSE_FixedPoint/Classifier.cpp:28) [192]  (6.28 ns)

 <State 20>: 6.28ns
The critical path consists of the following:
	'sitodp' operation ('dp', SVM_Accelerator_HLS_Cordic_GoodMSE_FixedPoint/Classifier.cpp:28) [192]  (6.28 ns)

 <State 21>: 6.28ns
The critical path consists of the following:
	'sitodp' operation ('dp', SVM_Accelerator_HLS_Cordic_GoodMSE_FixedPoint/Classifier.cpp:28) [192]  (6.28 ns)

 <State 22>: 6.28ns
The critical path consists of the following:
	'sitodp' operation ('dp', SVM_Accelerator_HLS_Cordic_GoodMSE_FixedPoint/Classifier.cpp:28) [192]  (6.28 ns)

 <State 23>: 6.28ns
The critical path consists of the following:
	'sitodp' operation ('dp', SVM_Accelerator_HLS_Cordic_GoodMSE_FixedPoint/Classifier.cpp:28) [192]  (6.28 ns)

 <State 24>: 6.28ns
The critical path consists of the following:
	'sitodp' operation ('dp', SVM_Accelerator_HLS_Cordic_GoodMSE_FixedPoint/Classifier.cpp:28) [192]  (6.28 ns)

 <State 25>: 3.12ns
The critical path consists of the following:
	'add' operation ('exp.V', SVM_Accelerator_HLS_Cordic_GoodMSE_FixedPoint/Classifier.cpp:28) [195]  (1.64 ns)
	'select' operation ('p_0_i', SVM_Accelerator_HLS_Cordic_GoodMSE_FixedPoint/Classifier.cpp:28) [198]  (1.48 ns)


============================================================
+ Verbose Summary: Binding
============================================================
N/A
* FSMD analyzer results:
  - Output states:
 - Input state : 
  - Chain level:
	State 1
	State 2
	State 3
	State 4
	State 5
	State 6
	State 7
	State 8
	State 9
	State 10
	State 11
	State 12
	State 13
	State 14
	State 15
	State 16
	State 17
	State 18
	State 19
	State 20
	State 21
	State 22
	State 23
	State 24
	State 25


============================================================
+ Verbose Summary: Datapath Resource usage 
============================================================
N/A
