INFO-FLOW: Workspace C:/Users/mathi/Documents/ADSD_ICL/ADSD/solution1 opened at Sat Feb 07 14:12:31 +0000 2026
Execute     config_clock -quiet -name default -period 10 -default=false 
INFO: [SYN 201-201] Setting up clock 'default' with a period of 10ns.
Execute     open_platform DefaultPlatform 
Execute     import_lib C:/Xilinx/Vivado/2018.2/common/technology/xilinx/zynq/zynq 
Execute       source C:/Xilinx/Vivado/2018.2/common/technology/xilinx/common/xilinx.lib 
Execute         source C:/Xilinx/Vivado/2018.2/common/technology/xilinx/interface/xilinx_interface.lib 
Execute           source C:/Xilinx/Vivado/2018.2/common/technology/xilinx/interface/plb46.lib 
Execute           source C:/Xilinx/Vivado/2018.2/common/technology/xilinx/interface/fsl.lib 
Execute           source C:/Xilinx/Vivado/2018.2/common/technology/xilinx/interface/axi4.lib 
Execute           source C:/Xilinx/Vivado/2018.2/common/technology/xilinx/interface/maxi.lib 
Execute           source C:/Xilinx/Vivado/2018.2/common/technology/xilinx/interface/saxilite.lib 
Execute         source C:/Xilinx/Vivado/2018.2/common/technology/xilinx/common/dsp48.lib 
Execute         source C:/Xilinx/Vivado/2018.2/common/technology/xilinx/ip/dds_compiler.lib 
Execute         source C:/Xilinx/Vivado/2018.2/common/technology/xilinx/ip/xfft.lib 
Execute         source C:/Xilinx/Vivado/2018.2/common/technology/xilinx/ip/xfir.lib 
Execute       source C:/Xilinx/Vivado/2018.2/common/technology/xilinx/common/xilinx_old.lib 
Execute       source C:/Xilinx/Vivado/2018.2/common/technology/xilinx/common/xilinx_vivado.lib 
Execute       source C:/Xilinx/Vivado/2018.2/common/technology/xilinx/common/xilinx.hlp 
Execute         source C:/Xilinx/Vivado/2018.2/common/technology/xilinx/common/target_info.tcl 
Execute         source C:/Xilinx/Vivado/2018.2/common/technology/xilinx/interface/xilinx_interface.hlp 
Execute           source C:/Xilinx/Vivado/2018.2/common/technology/xilinx/interface/maxi.hlp 
Execute           source C:/Xilinx/Vivado/2018.2/common/technology/xilinx/interface/saxilite.hlp 
Execute         source C:/Xilinx/Vivado/2018.2/common/technology/xilinx/common/dsp48.hlp 
Execute       source C:/Xilinx/Vivado/2018.2/common/technology/xilinx/zynq/dsp48e1.hlp 
Execute       get_default_platform 
Execute       config_chip_info -quiet -resource  {SLICE 13300}  {LUT 53200}     {FF 106400} {DSP48E 220}   {BRAM 280}  
Execute       config_chip_info -quiet -speed medium 
Execute       source C:/Xilinx/Vivado/2018.2/common/technology/xilinx/common/xilinx.hlp 
Execute         source C:/Xilinx/Vivado/2018.2/common/technology/xilinx/common/target_info.tcl 
Execute         source C:/Xilinx/Vivado/2018.2/common/technology/xilinx/interface/xilinx_interface.hlp 
Execute           source C:/Xilinx/Vivado/2018.2/common/technology/xilinx/interface/maxi.hlp 
Execute           source C:/Xilinx/Vivado/2018.2/common/technology/xilinx/interface/saxilite.hlp 
Execute         source C:/Xilinx/Vivado/2018.2/common/technology/xilinx/common/dsp48.hlp 
Execute     source C:/Xilinx/Vivado/2018.2/common/technology/xilinx/zynq/zynq.gen 
Execute       source C:/Xilinx/Vivado/2018.2/common/technology/xilinx/common/virtex.gen 
Execute         source C:/Xilinx/Vivado/2018.2/common/technology/xilinx/common/xilinx.gen 
Execute           source C:/Xilinx/Vivado/2018.2/common/technology/xilinx/interface/plb46.gen 
Execute           source C:/Xilinx/Vivado/2018.2/common/technology/xilinx/interface/fsl.gen 
Execute           source C:/Xilinx/Vivado/2018.2/common/technology/xilinx/interface/axi4.gen 
Execute           source C:/Xilinx/Vivado/2018.2/common/technology/xilinx/interface/nativeAXI4.gen 
Execute             source C:/Xilinx/Vivado/2018.2/common/technology/xilinx/interface/saxilite.gen 
Execute             source C:/Xilinx/Vivado/2018.2/common/technology/xilinx/interface/maxi.gen 
Execute           source C:/Xilinx/Vivado/2018.2/common/technology/xilinx/scripts/xilinxcoregen.gen 
Execute           source C:/Xilinx/Vivado/2018.2/common/technology/xilinx/interface/XilEDKCoreGen.gen 
Execute           source C:/Xilinx/Vivado/2018.2/common/technology/xilinx/ip/dds_compiler.gen 
Execute           source C:/Xilinx/Vivado/2018.2/common/technology/xilinx/ip/util.gen 
Execute           source C:/Xilinx/Vivado/2018.2/common/technology/xilinx/ip/xfft.gen 
Command           ap_source done; 0.137 sec.
Execute           source C:/Xilinx/Vivado/2018.2/common/technology/xilinx/ip/xfir.gen 
Command         ap_source done; 0.179 sec.
Execute         source C:/Xilinx/Vivado/2018.2/common/technology/xilinx/common/dsp48.gen 
Command       ap_source done; 0.182 sec.
Command     ap_source done; 0.183 sec.
Execute     open_platform DefaultPlatform 
Execute     import_lib C:/Xilinx/Vivado/2018.2/common/technology/xilinx/zynq/zynq_fpv6 
Execute       source C:/Xilinx/Vivado/2018.2/common/technology/xilinx/common/xilinx_fpv7.lib 
Execute         source C:/Xilinx/Vivado/2018.2/common/technology/xilinx/common/xilinx_hp.lib 
Execute       source C:/Xilinx/Vivado/2018.2/common/technology/xilinx/common/xilinx_fpv.hlp 
Execute         source C:/Xilinx/Vivado/2018.2/common/technology/xilinx/common/xilinx.hlp 
Execute           source C:/Xilinx/Vivado/2018.2/common/technology/xilinx/common/target_info.tcl 
Execute           source C:/Xilinx/Vivado/2018.2/common/technology/xilinx/interface/xilinx_interface.hlp 
Execute             source C:/Xilinx/Vivado/2018.2/common/technology/xilinx/interface/maxi.hlp 
Execute             source C:/Xilinx/Vivado/2018.2/common/technology/xilinx/interface/saxilite.hlp 
Execute           source C:/Xilinx/Vivado/2018.2/common/technology/xilinx/common/dsp48.hlp 
Execute       source C:/Xilinx/Vivado/2018.2/common/technology/xilinx/zynq/zynq_hp.hlp 
Execute     source C:/Xilinx/Vivado/2018.2/common/technology/xilinx/zynq/zynq_fpv6.gen 
Execute       source C:/Xilinx/Vivado/2018.2/common/technology/xilinx/common/xilinx_fpv6.gen 
Execute     set_part xc7z020clg484-1 
Execute       add_library xilinx/zynq/zynq:xc7z020:clg484:-1 
Execute         get_default_platform 
Execute         license_isbetapart xc7z020 
Command         license_isbetapart done; error code: 1; 
Execute         get_default_platform 
Execute         config_chip_info -quiet -resource  {SLICE 13300}  {LUT 53200}     {FF 106400} {DSP48E 220}   {BRAM 280}  
Execute         config_chip_info -quiet -speed slow 
Execute       add_library xilinx/zynq/zynq_fpv6 
Execute         get_default_platform 
INFO: [HLS 200-10] Setting target device to 'xc7z020clg484-1'
Execute       get_default_platform 
Command     set_part done; 0.135 sec.
Execute     get_default_platform 
Execute     config_chip_info -quiet -resource  {SLICE 13300}  {LUT 53200}     {FF 106400} {DSP48E 220}   {BRAM 280}  
Execute     config_chip_info -quiet -speed slow 
Command   open_solution done; 0.464 sec.
Execute   set_part xc7z020clg484-1 -tool vivado 
Execute     add_library xilinx/zynq/zynq:xc7z020:clg484:-1 
Execute       get_default_platform 
Execute       license_isbetapart xc7z020 
Command       license_isbetapart done; error code: 1; 
Execute       get_default_platform 
Execute       config_chip_info -quiet -resource  {SLICE 13300}  {LUT 53200}     {FF 106400} {DSP48E 220}   {BRAM 280}  
Execute       config_chip_info -quiet -speed slow 
Execute     add_library xilinx/zynq/zynq_fpv6 
Execute       get_default_platform 
Execute     get_default_platform 
Execute   create_clock -period 10 -name default 
Execute   source ./ADSD/solution1/directives.tcl 
Execute     set_directive_unroll compute_exp/compute_exp_label0 
INFO-FLOW: Setting directive 'UNROLL' 
Execute   csynth_design 
Execute     get_config_compile -effort 
Execute     get_config_compile -enable_clang39 
Execute     get_config_compile -g 
Execute     get_config_compile -lm 
Execute     get_config_compile -ng 
Execute     get_config_compile -opt_fp 
Execute     get_config_compile -skip_cdt 
Execute     get_config_compile -skip_syncheck 
Execute     get_config_compile -skip_transform 
Execute     get_config_compile -keep_printf 
Execute     elaborate -effort=medium -skip_syncheck=0 -keep_printf=0 -lm=0 -skip_cdt=0 -skip_transform=0 -ng=0 -g=0 -opt_fp=0 -from_csynth_design=1 
Execute       get_config_schedule -relax_ii_for_timing 
Execute       get_config_schedule -suppress_dependence_error_break 
WARNING: [HLS 200-40] Cannot find source file alphas.h; skipping it.
INFO: [HLS 200-10] Analyzing design file 'ADSD/Exp.cpp' ... 
INFO-FLOW: Compiling one TU...
Execute       is_m_axi_addr64 
INFO-FLOW: Handling ADSD/Exp.cpp as C++
Execute       get_default_platform 
Execute       is_encrypted ADSD/Exp.cpp 
Execute       get_default_platform 
INFO-FLOW: Source preprocessing
Execute       clang  -fno-limit-debug-info -gcc-toolchain "C:/Xilinx/Vivado/2018.2/msys" -hls  -fno-exceptions  -D__llvm__  -E "ADSD/Exp.cpp"     -fno-math-errno -c -emit-llvm -O0  -mllvm -disable-llvm-optzns -fno-threadsafe-statics  -fno-use-cxa-atexit  -fno-threadsafe-statics -fno-use-cxa-atexit -D__CLANG_3_1__ -D__cdecl= -DAESL_SYN -D__SYNTHESIS__ -D__HLS_SYN__ -I "C:/Xilinx/Vivado/2018.2/common/technology/autopilot" -I "C:/Xilinx/Vivado/2018.2/common/technology/autopilot/ap_sysc" -include etc/autopilot_ssdm_op.h -D__DSP48E1__  -o "C:/Users/mathi/Documents/ADSD_ICL/ADSD/solution1/.autopilot/db/Exp.pp.0.cpp" 
INFO-FLOW: exec C:/Xilinx/Vivado/2018.2/win64/tools/clang/bin/clang -fno-limit-debug-info -gcc-toolchain C:/Xilinx/Vivado/2018.2/msys -hls -fno-exceptions -D__llvm__ -E ADSD/Exp.cpp -fno-math-errno -c -emit-llvm -O0 -mllvm -disable-llvm-optzns -fno-threadsafe-statics -fno-use-cxa-atexit -fno-threadsafe-statics -fno-use-cxa-atexit -D__CLANG_3_1__ -D__cdecl= -DAESL_SYN -D__SYNTHESIS__ -D__HLS_SYN__ -I C:/Xilinx/Vivado/2018.2/common/technology/autopilot -I C:/Xilinx/Vivado/2018.2/common/technology/autopilot/ap_sysc -include etc/autopilot_ssdm_op.h -D__DSP48E1__ -o C:/Users/mathi/Documents/ADSD_ICL/ADSD/solution1/.autopilot/db/Exp.pp.0.cpp
Command       clang done; 1.139 sec.
INFO-FLOW: Syntax Checking before pre-processing...
Execute       clang  -fno-limit-debug-info -gcc-toolchain "C:/Xilinx/Vivado/2018.2/msys" -hls    -fno-math-errno -c -emit-llvm -O0  -mllvm -disable-llvm-optzns -fno-threadsafe-statics  -fno-use-cxa-atexit  -fno-threadsafe-statics -fno-use-cxa-atexit -D__CLANG_3_1__ -D__cdecl= -DAESL_SYN -D__SYNTHESIS__ -D__HLS_SYN__ -I "C:/Xilinx/Vivado/2018.2/common/technology/autopilot" -I "C:/Xilinx/Vivado/2018.2/common/technology/autopilot/ap_sysc" -include etc/autopilot_ssdm_op.h -D__DSP48E1__  "C:/Users/mathi/Documents/ADSD_ICL/ADSD/solution1/.autopilot/db/Exp.pp.0.cpp"  -o "C:/Users/mathi/Documents/ADSD_ICL/ADSD/solution1/.autopilot/db/useless.bc"  
INFO-FLOW: exec C:/Xilinx/Vivado/2018.2/win64/tools/clang/bin/clang -fno-limit-debug-info -gcc-toolchain C:/Xilinx/Vivado/2018.2/msys -hls -fno-math-errno -c -emit-llvm -O0 -mllvm -disable-llvm-optzns -fno-threadsafe-statics -fno-use-cxa-atexit -fno-threadsafe-statics -fno-use-cxa-atexit -D__CLANG_3_1__ -D__cdecl= -DAESL_SYN -D__SYNTHESIS__ -D__HLS_SYN__ -I C:/Xilinx/Vivado/2018.2/common/technology/autopilot -I C:/Xilinx/Vivado/2018.2/common/technology/autopilot/ap_sysc -include etc/autopilot_ssdm_op.h -D__DSP48E1__ C:/Users/mathi/Documents/ADSD_ICL/ADSD/solution1/.autopilot/db/Exp.pp.0.cpp -o C:/Users/mathi/Documents/ADSD_ICL/ADSD/solution1/.autopilot/db/useless.bc
Command       clang done; 1.61 sec.
INFO-FLOW: GCC PP time: 2 seconds per iteration
INFO-FLOW: Setting directive 'UNROLL' 
INFO-FLOW: Setting directive 'UNROLL' 
Execute       list_core -type functional_unit 
Execute       tidy_31 xilinx-systemc-detector C:/Users/mathi/Documents/ADSD_ICL/ADSD/solution1/.autopilot/db/Exp.pp.0.cpp std=gnu++98 -directive=C:/Users/mathi/Documents/ADSD_ICL/ADSD/solution1/.autopilot/db/.systemc_flag 
INFO-FLOW: exec C:/Xilinx/Vivado/2018.2/win64/tools/clang-3.9-csynth/bin/tidy-3.1 -header-filter=.* --checks=-*,xilinx-systemc-detector -import-directive=C:/Users/mathi/Documents/ADSD_ICL/ADSD/solution1/.autopilot/db/.systemc_flag -quiet -fix-errors C:/Users/mathi/Documents/ADSD_ICL/ADSD/solution1/.autopilot/db/Exp.pp.0.cpp -- -std=gnu++98 -fhls -ferror-limit=0
Command       tidy_31 done; 0.985 sec.
INFO-FLOW: CDT Preprocessing with tidy-3.1...
Execute       tidy_31 xilinx-directive2pragma C:/Users/mathi/Documents/ADSD_ICL/ADSD/solution1/.autopilot/db/Exp.pp.0.cpp std=gnu++98 -directive=C:/Users/mathi/Documents/ADSD_ICL/ADSD/solution1/solution1.json 
INFO-FLOW: exec C:/Xilinx/Vivado/2018.2/win64/tools/clang-3.9-csynth/bin/tidy-3.1 -header-filter=.* --checks=-*,xilinx-directive2pragma -import-directive=C:/Users/mathi/Documents/ADSD_ICL/ADSD/solution1/solution1.json -quiet -fix-errors C:/Users/mathi/Documents/ADSD_ICL/ADSD/solution1/.autopilot/db/Exp.pp.0.cpp -- -std=gnu++98 -fhls -ferror-limit=0
Command       tidy_31 done; 0.838 sec.
Execute       get_config_dataflow -strict_mode 
Execute       ap_eval exec -ignorestderr C:/Xilinx/Vivado/2018.2/win64/tools/clang-3.9-csynth/bin/xilinx-dataflow-lawyer -export-fixes=C:/Users/mathi/Documents/ADSD_ICL/ADSD/solution1/.autopilot/db/xilinx-dataflow-lawyer.Exp.pp.0.cpp.diag.yml C:/Users/mathi/Documents/ADSD_ICL/ADSD/solution1/.autopilot/db/Exp.pp.0.cpp -- -std=gnu++98 -fhls -ferror-limit=0 -fstrict-dataflow > C:/Users/mathi/Documents/ADSD_ICL/ADSD/solution1/.autopilot/db/xilinx-dataflow-lawyer.Exp.pp.0.cpp.out.log 2> C:/Users/mathi/Documents/ADSD_ICL/ADSD/solution1/.autopilot/db/xilinx-dataflow-lawyer.Exp.pp.0.cpp.err.log 
Command       ap_eval done; 0.871 sec.
Execute       tidy_31 -errorcheck xilinx-constantarray-param,xilinx-resource-pragma-transformer C:/Users/mathi/Documents/ADSD_ICL/ADSD/solution1/.autopilot/db/Exp.pp.0.cpp std=gnu++98 
INFO-FLOW: exec C:/Xilinx/Vivado/2018.2/win64/tools/clang-3.9-csynth/bin/tidy-3.1 -header-filter=.* --checks=-*,xilinx-constantarray-param,xilinx-resource-pragma-transformer -quiet -fix-errors C:/Users/mathi/Documents/ADSD_ICL/ADSD/solution1/.autopilot/db/Exp.pp.0.cpp -- -std=gnu++98 -fhls -ferror-limit=0
INFO-FLOW: exec C:/Xilinx/Vivado/2018.2/win64/tools/clang-3.9-csynth/bin/xilinx-legacy-rewriter C:/Users/mathi/Documents/ADSD_ICL/ADSD/solution1/.autopilot/db/Exp.pp.0.cpp -- -std=gnu++98 -fhls -ferror-limit=0
Command       tidy_31 done; 1.727 sec.
INFO-FLOW: tidy-3.1 time 3 seconds per iteration
INFO-FLOW: Pragma Handling...
Execute       tidy_31 xilinx-ssdm-intrinsics-arguments C:/Users/mathi/Documents/ADSD_ICL/ADSD/solution1/.autopilot/db/Exp.pragma.1.cpp std=gnu++98 
INFO-FLOW: exec C:/Xilinx/Vivado/2018.2/win64/tools/clang-3.9-csynth/bin/tidy-3.1 -header-filter=.* --checks=-*,xilinx-ssdm-intrinsics-arguments -quiet -fix-errors C:/Users/mathi/Documents/ADSD_ICL/ADSD/solution1/.autopilot/db/Exp.pragma.1.cpp -- -std=gnu++98 -fhls -ferror-limit=0
Command       tidy_31 done; 1.111 sec.
INFO-FLOW: Source preprocessing
Execute       clang  -fno-limit-debug-info -gcc-toolchain "C:/Xilinx/Vivado/2018.2/msys" -hls  -fno-exceptions  -D__llvm__  -E "C:/Users/mathi/Documents/ADSD_ICL/ADSD/solution1/.autopilot/db/Exp.pragma.1.cpp"     -fno-math-errno -c -emit-llvm -O0  -mllvm -disable-llvm-optzns -fno-threadsafe-statics  -fno-use-cxa-atexit  -fno-threadsafe-statics -fno-use-cxa-atexit -D__CLANG_3_1__ -D__cdecl= -DAESL_SYN -D__SYNTHESIS__ -D__HLS_SYN__ -I "C:/Xilinx/Vivado/2018.2/common/technology/autopilot" -I "C:/Xilinx/Vivado/2018.2/common/technology/autopilot/ap_sysc" -include etc/autopilot_ssdm_op.h -D__DSP48E1__  -o "C:/Users/mathi/Documents/ADSD_ICL/ADSD/solution1/.autopilot/db/Exp.pragma.2.cpp" 
INFO-FLOW: exec C:/Xilinx/Vivado/2018.2/win64/tools/clang/bin/clang -fno-limit-debug-info -gcc-toolchain C:/Xilinx/Vivado/2018.2/msys -hls -fno-exceptions -D__llvm__ -E C:/Users/mathi/Documents/ADSD_ICL/ADSD/solution1/.autopilot/db/Exp.pragma.1.cpp -fno-math-errno -c -emit-llvm -O0 -mllvm -disable-llvm-optzns -fno-threadsafe-statics -fno-use-cxa-atexit -fno-threadsafe-statics -fno-use-cxa-atexit -D__CLANG_3_1__ -D__cdecl= -DAESL_SYN -D__SYNTHESIS__ -D__HLS_SYN__ -I C:/Xilinx/Vivado/2018.2/common/technology/autopilot -I C:/Xilinx/Vivado/2018.2/common/technology/autopilot/ap_sysc -include etc/autopilot_ssdm_op.h -D__DSP48E1__ -o C:/Users/mathi/Documents/ADSD_ICL/ADSD/solution1/.autopilot/db/Exp.pragma.2.cpp
Command       clang done; 0.911 sec.
Execute       get_default_platform 
INFO-FLOW: Processing labels
Execute       clang -src C:/Users/mathi/Documents/ADSD_ICL/ADSD/solution1/.autopilot/db/Exp.pragma.2.cpp  -fno-limit-debug-info -gcc-toolchain C:/Xilinx/Vivado/2018.2/msys -hls -hls-analyze-label -hls-analyze-pragma -fno-exceptions  -D__llvm__  -w  "C:/Users/mathi/Documents/ADSD_ICL/ADSD/solution1/.autopilot/db/Exp.pragma.2.cpp"    -fno-math-errno -c -emit-llvm -O0  -mllvm -disable-llvm-optzns -fno-threadsafe-statics  -fno-use-cxa-atexit -DAESL_SYN -D__SYNTHESIS__ -D__HLS_SYN__ -I "C:/Xilinx/Vivado/2018.2/common/technology/autopilot" -I "C:/Xilinx/Vivado/2018.2/common/technology/autopilot/ap_sysc" -include etc/autopilot_ssdm_op.h -D__DSP48E1__ -g -o "C:/Users/mathi/Documents/ADSD_ICL/ADSD/solution1/.autopilot/db/Exp.bc" 
INFO-FLOW: exec C:/Xilinx/Vivado/2018.2/win64/tools/clang/bin/clang -fno-limit-debug-info -gcc-toolchain C:/Xilinx/Vivado/2018.2/msys -hls -hls-analyze-label -hls-analyze-pragma -fno-exceptions -D__llvm__ -w C:/Users/mathi/Documents/ADSD_ICL/ADSD/solution1/.autopilot/db/Exp.pragma.2.cpp -fno-math-errno -c -emit-llvm -O0 -mllvm -disable-llvm-optzns -fno-threadsafe-statics -fno-use-cxa-atexit -DAESL_SYN -D__SYNTHESIS__ -D__HLS_SYN__ -I C:/Xilinx/Vivado/2018.2/common/technology/autopilot -I C:/Xilinx/Vivado/2018.2/common/technology/autopilot/ap_sysc -include etc/autopilot_ssdm_op.h -D__DSP48E1__ -g -o C:/Users/mathi/Documents/ADSD_ICL/ADSD/solution1/.autopilot/db/Exp.bc
Command       clang done; 1.537 sec.
INFO: [HLS 200-10] Analyzing design file 'ADSD/Classifier.cpp' ... 
INFO-FLOW: Compiling one TU...
Execute       is_m_axi_addr64 
INFO-FLOW: Handling ADSD/Classifier.cpp as C++
Execute       get_default_platform 
Execute       is_encrypted ADSD/Classifier.cpp 
Execute       get_default_platform 
INFO-FLOW: Source preprocessing
Execute       clang  -fno-limit-debug-info -gcc-toolchain "C:/Xilinx/Vivado/2018.2/msys" -hls  -fno-exceptions  -D__llvm__  -E "ADSD/Classifier.cpp"     -fno-math-errno -c -emit-llvm -O0  -mllvm -disable-llvm-optzns -fno-threadsafe-statics  -fno-use-cxa-atexit  -fno-threadsafe-statics -fno-use-cxa-atexit -D__CLANG_3_1__ -D__cdecl= -DAESL_SYN -D__SYNTHESIS__ -D__HLS_SYN__ -I "C:/Xilinx/Vivado/2018.2/common/technology/autopilot" -I "C:/Xilinx/Vivado/2018.2/common/technology/autopilot/ap_sysc" -include etc/autopilot_ssdm_op.h -D__DSP48E1__  -o "C:/Users/mathi/Documents/ADSD_ICL/ADSD/solution1/.autopilot/db/Classifier.pp.0.cpp" 
INFO-FLOW: exec C:/Xilinx/Vivado/2018.2/win64/tools/clang/bin/clang -fno-limit-debug-info -gcc-toolchain C:/Xilinx/Vivado/2018.2/msys -hls -fno-exceptions -D__llvm__ -E ADSD/Classifier.cpp -fno-math-errno -c -emit-llvm -O0 -mllvm -disable-llvm-optzns -fno-threadsafe-statics -fno-use-cxa-atexit -fno-threadsafe-statics -fno-use-cxa-atexit -D__CLANG_3_1__ -D__cdecl= -DAESL_SYN -D__SYNTHESIS__ -D__HLS_SYN__ -I C:/Xilinx/Vivado/2018.2/common/technology/autopilot -I C:/Xilinx/Vivado/2018.2/common/technology/autopilot/ap_sysc -include etc/autopilot_ssdm_op.h -D__DSP48E1__ -o C:/Users/mathi/Documents/ADSD_ICL/ADSD/solution1/.autopilot/db/Classifier.pp.0.cpp
Command       clang done; 0.941 sec.
INFO-FLOW: Syntax Checking before pre-processing...
Execute       clang  -fno-limit-debug-info -gcc-toolchain "C:/Xilinx/Vivado/2018.2/msys" -hls    -fno-math-errno -c -emit-llvm -O0  -mllvm -disable-llvm-optzns -fno-threadsafe-statics  -fno-use-cxa-atexit  -fno-threadsafe-statics -fno-use-cxa-atexit -D__CLANG_3_1__ -D__cdecl= -DAESL_SYN -D__SYNTHESIS__ -D__HLS_SYN__ -I "C:/Xilinx/Vivado/2018.2/common/technology/autopilot" -I "C:/Xilinx/Vivado/2018.2/common/technology/autopilot/ap_sysc" -include etc/autopilot_ssdm_op.h -D__DSP48E1__  "C:/Users/mathi/Documents/ADSD_ICL/ADSD/solution1/.autopilot/db/Classifier.pp.0.cpp"  -o "C:/Users/mathi/Documents/ADSD_ICL/ADSD/solution1/.autopilot/db/useless.bc"  
INFO-FLOW: exec C:/Xilinx/Vivado/2018.2/win64/tools/clang/bin/clang -fno-limit-debug-info -gcc-toolchain C:/Xilinx/Vivado/2018.2/msys -hls -fno-math-errno -c -emit-llvm -O0 -mllvm -disable-llvm-optzns -fno-threadsafe-statics -fno-use-cxa-atexit -fno-threadsafe-statics -fno-use-cxa-atexit -D__CLANG_3_1__ -D__cdecl= -DAESL_SYN -D__SYNTHESIS__ -D__HLS_SYN__ -I C:/Xilinx/Vivado/2018.2/common/technology/autopilot -I C:/Xilinx/Vivado/2018.2/common/technology/autopilot/ap_sysc -include etc/autopilot_ssdm_op.h -D__DSP48E1__ C:/Users/mathi/Documents/ADSD_ICL/ADSD/solution1/.autopilot/db/Classifier.pp.0.cpp -o C:/Users/mathi/Documents/ADSD_ICL/ADSD/solution1/.autopilot/db/useless.bc
Command       clang done; 10.567 sec.
INFO-FLOW: GCC PP time: 11 seconds per iteration
INFO-FLOW: Setting directive 'UNROLL' 
INFO-FLOW: Setting directive 'UNROLL' 
Execute       list_core -type functional_unit 
Execute       tidy_31 xilinx-systemc-detector C:/Users/mathi/Documents/ADSD_ICL/ADSD/solution1/.autopilot/db/Classifier.pp.0.cpp std=gnu++98 -directive=C:/Users/mathi/Documents/ADSD_ICL/ADSD/solution1/.autopilot/db/.systemc_flag 
INFO-FLOW: exec C:/Xilinx/Vivado/2018.2/win64/tools/clang-3.9-csynth/bin/tidy-3.1 -header-filter=.* --checks=-*,xilinx-systemc-detector -import-directive=C:/Users/mathi/Documents/ADSD_ICL/ADSD/solution1/.autopilot/db/.systemc_flag -quiet -fix-errors C:/Users/mathi/Documents/ADSD_ICL/ADSD/solution1/.autopilot/db/Classifier.pp.0.cpp -- -std=gnu++98 -fhls -ferror-limit=0
Command       tidy_31 done; 9.414 sec.
INFO-FLOW: CDT Preprocessing with tidy-3.1...
Execute       tidy_31 xilinx-directive2pragma C:/Users/mathi/Documents/ADSD_ICL/ADSD/solution1/.autopilot/db/Classifier.pp.0.cpp std=gnu++98 -directive=C:/Users/mathi/Documents/ADSD_ICL/ADSD/solution1/solution1.json 
INFO-FLOW: exec C:/Xilinx/Vivado/2018.2/win64/tools/clang-3.9-csynth/bin/tidy-3.1 -header-filter=.* --checks=-*,xilinx-directive2pragma -import-directive=C:/Users/mathi/Documents/ADSD_ICL/ADSD/solution1/solution1.json -quiet -fix-errors C:/Users/mathi/Documents/ADSD_ICL/ADSD/solution1/.autopilot/db/Classifier.pp.0.cpp -- -std=gnu++98 -fhls -ferror-limit=0
Command       tidy_31 done; 9.006 sec.
Execute       get_config_dataflow -strict_mode 
Execute       ap_eval exec -ignorestderr C:/Xilinx/Vivado/2018.2/win64/tools/clang-3.9-csynth/bin/xilinx-dataflow-lawyer -export-fixes=C:/Users/mathi/Documents/ADSD_ICL/ADSD/solution1/.autopilot/db/xilinx-dataflow-lawyer.Classifier.pp.0.cpp.diag.yml C:/Users/mathi/Documents/ADSD_ICL/ADSD/solution1/.autopilot/db/Classifier.pp.0.cpp -- -std=gnu++98 -fhls -ferror-limit=0 -fstrict-dataflow > C:/Users/mathi/Documents/ADSD_ICL/ADSD/solution1/.autopilot/db/xilinx-dataflow-lawyer.Classifier.pp.0.cpp.out.log 2> C:/Users/mathi/Documents/ADSD_ICL/ADSD/solution1/.autopilot/db/xilinx-dataflow-lawyer.Classifier.pp.0.cpp.err.log 
Command       ap_eval done; 8.868 sec.
Execute       tidy_31 -errorcheck xilinx-constantarray-param,xilinx-resource-pragma-transformer C:/Users/mathi/Documents/ADSD_ICL/ADSD/solution1/.autopilot/db/Classifier.pp.0.cpp std=gnu++98 
INFO-FLOW: exec C:/Xilinx/Vivado/2018.2/win64/tools/clang-3.9-csynth/bin/tidy-3.1 -header-filter=.* --checks=-*,xilinx-constantarray-param,xilinx-resource-pragma-transformer -quiet -fix-errors C:/Users/mathi/Documents/ADSD_ICL/ADSD/solution1/.autopilot/db/Classifier.pp.0.cpp -- -std=gnu++98 -fhls -ferror-limit=0
INFO-FLOW: exec C:/Xilinx/Vivado/2018.2/win64/tools/clang-3.9-csynth/bin/xilinx-legacy-rewriter C:/Users/mathi/Documents/ADSD_ICL/ADSD/solution1/.autopilot/db/Classifier.pp.0.cpp -- -std=gnu++98 -fhls -ferror-limit=0
Command       tidy_31 done; 19.359 sec.
INFO-FLOW: tidy-3.1 time 37 seconds per iteration
INFO-FLOW: Pragma Handling...
Execute       tidy_31 xilinx-ssdm-intrinsics-arguments C:/Users/mathi/Documents/ADSD_ICL/ADSD/solution1/.autopilot/db/Classifier.pragma.1.cpp std=gnu++98 
INFO-FLOW: exec C:/Xilinx/Vivado/2018.2/win64/tools/clang-3.9-csynth/bin/tidy-3.1 -header-filter=.* --checks=-*,xilinx-ssdm-intrinsics-arguments -quiet -fix-errors C:/Users/mathi/Documents/ADSD_ICL/ADSD/solution1/.autopilot/db/Classifier.pragma.1.cpp -- -std=gnu++98 -fhls -ferror-limit=0
Command       tidy_31 done; 11.338 sec.
INFO-FLOW: Source preprocessing
Execute       clang  -fno-limit-debug-info -gcc-toolchain "C:/Xilinx/Vivado/2018.2/msys" -hls  -fno-exceptions  -D__llvm__  -E "C:/Users/mathi/Documents/ADSD_ICL/ADSD/solution1/.autopilot/db/Classifier.pragma.1.cpp"     -fno-math-errno -c -emit-llvm -O0  -mllvm -disable-llvm-optzns -fno-threadsafe-statics  -fno-use-cxa-atexit  -fno-threadsafe-statics -fno-use-cxa-atexit -D__CLANG_3_1__ -D__cdecl= -DAESL_SYN -D__SYNTHESIS__ -D__HLS_SYN__ -I "C:/Xilinx/Vivado/2018.2/common/technology/autopilot" -I "C:/Xilinx/Vivado/2018.2/common/technology/autopilot/ap_sysc" -include etc/autopilot_ssdm_op.h -D__DSP48E1__  -o "C:/Users/mathi/Documents/ADSD_ICL/ADSD/solution1/.autopilot/db/Classifier.pragma.2.cpp" 
INFO-FLOW: exec C:/Xilinx/Vivado/2018.2/win64/tools/clang/bin/clang -fno-limit-debug-info -gcc-toolchain C:/Xilinx/Vivado/2018.2/msys -hls -fno-exceptions -D__llvm__ -E C:/Users/mathi/Documents/ADSD_ICL/ADSD/solution1/.autopilot/db/Classifier.pragma.1.cpp -fno-math-errno -c -emit-llvm -O0 -mllvm -disable-llvm-optzns -fno-threadsafe-statics -fno-use-cxa-atexit -fno-threadsafe-statics -fno-use-cxa-atexit -D__CLANG_3_1__ -D__cdecl= -DAESL_SYN -D__SYNTHESIS__ -D__HLS_SYN__ -I C:/Xilinx/Vivado/2018.2/common/technology/autopilot -I C:/Xilinx/Vivado/2018.2/common/technology/autopilot/ap_sysc -include etc/autopilot_ssdm_op.h -D__DSP48E1__ -o C:/Users/mathi/Documents/ADSD_ICL/ADSD/solution1/.autopilot/db/Classifier.pragma.2.cpp
Command       clang done; 0.987 sec.
Execute       get_default_platform 
INFO-FLOW: Processing labels
Execute       clang -src C:/Users/mathi/Documents/ADSD_ICL/ADSD/solution1/.autopilot/db/Classifier.pragma.2.cpp  -fno-limit-debug-info -gcc-toolchain C:/Xilinx/Vivado/2018.2/msys -hls -hls-analyze-label -hls-analyze-pragma -fno-exceptions  -D__llvm__  -w  "C:/Users/mathi/Documents/ADSD_ICL/ADSD/solution1/.autopilot/db/Classifier.pragma.2.cpp"    -fno-math-errno -c -emit-llvm -O0  -mllvm -disable-llvm-optzns -fno-threadsafe-statics  -fno-use-cxa-atexit -DAESL_SYN -D__SYNTHESIS__ -D__HLS_SYN__ -I "C:/Xilinx/Vivado/2018.2/common/technology/autopilot" -I "C:/Xilinx/Vivado/2018.2/common/technology/autopilot/ap_sysc" -include etc/autopilot_ssdm_op.h -D__DSP48E1__ -g -o "C:/Users/mathi/Documents/ADSD_ICL/ADSD/solution1/.autopilot/db/Classifier.bc" 
INFO-FLOW: exec C:/Xilinx/Vivado/2018.2/win64/tools/clang/bin/clang -fno-limit-debug-info -gcc-toolchain C:/Xilinx/Vivado/2018.2/msys -hls -hls-analyze-label -hls-analyze-pragma -fno-exceptions -D__llvm__ -w C:/Users/mathi/Documents/ADSD_ICL/ADSD/solution1/.autopilot/db/Classifier.pragma.2.cpp -fno-math-errno -c -emit-llvm -O0 -mllvm -disable-llvm-optzns -fno-threadsafe-statics -fno-use-cxa-atexit -DAESL_SYN -D__SYNTHESIS__ -D__HLS_SYN__ -I C:/Xilinx/Vivado/2018.2/common/technology/autopilot -I C:/Xilinx/Vivado/2018.2/common/technology/autopilot/ap_sysc -include etc/autopilot_ssdm_op.h -D__DSP48E1__ -g -o C:/Users/mathi/Documents/ADSD_ICL/ADSD/solution1/.autopilot/db/Classifier.bc
Command       clang done; 9.595 sec.
INFO-FLOW: Linking Debug ...
Execute       llvm-ld C:/Users/mathi/Documents/ADSD_ICL/ADSD/solution1/.autopilot/db/Exp.g.bc C:/Users/mathi/Documents/ADSD_ICL/ADSD/solution1/.autopilot/db/Classifier.g.bc -hls-opt -except-internalize classify -LC:/Xilinx/Vivado/2018.2/win64/lib -lhlsm -lhlsmc++ -o C:/Users/mathi/Documents/ADSD_ICL/ADSD/solution1/.autopilot/db/a.g 
Command       llvm-ld done; 2.547 sec.
INFO: [HLS 200-111] Finished Linking Time (s): cpu = 00:00:03 ; elapsed = 00:01:38 . Memory (MB): peak = 102.230 ; gain = 46.113
INFO: [HLS 200-111] Finished Checking Pragmas Time (s): cpu = 00:00:03 ; elapsed = 00:01:38 . Memory (MB): peak = 102.230 ; gain = 46.113
Execute       ::config_rtl 
Execute       opt_and_import_c a -opt_level=2 -skip_syncheck=0 -ng=0 -keep_printf=0 
Execute         cleanup_all_models 
INFO: [HLS 200-10] Starting code transformations ...
Execute         transform -promote-dbg-pointer C:/Users/mathi/Documents/ADSD_ICL/ADSD/solution1/.autopilot/db/a.pp.bc -o C:/Users/mathi/Documents/ADSD_ICL/ADSD/solution1/.autopilot/db/a.pp.0.bc -f 
Command         transform done; 0.773 sec.
Execute         llvm-ld C:/Users/mathi/Documents/ADSD_ICL/ADSD/solution1/.autopilot/db/a.pp.0.bc -disable-opt -LC:/Xilinx/Vivado/2018.2/win64/lib -lfloatconversion -o C:/Users/mathi/Documents/ADSD_ICL/ADSD/solution1/.autopilot/db/a.g.0 
Command         llvm-ld done; 2.216 sec.
INFO-FLOW: Running Standard Transforms...
Execute         transform -hls -share-std-xform -demangle-name -inline-byval-memcpy -always-inline -promote-dbg-pointer -interface-preproc -scalarrepl -mem2reg -keep-read-access -instcombine -dce -promote-dbg-pointer -bitop-raise -loop-simplify -indvarspre -indvars -loop-simplify -xunroll -constprop -instcombine -simplifycfg -indvars -simplifycfg -dce -globaldce -basicaa -simplifycfg -mem2reg -globalopt -global-constprop -deadargelim -instcombine -simplifycfg -prune-eh -simplifycfg -scalarrepl -instcombine -reassociate -licm -simplifycfg -loop-simplify -indvars -instcombine -simplifycfg -mem2reg -loop-simplify -indvars -instcombine -gvn -gvn -instcombine -adce -break-crit-edges -simplifycfg -loop-delete -global-array-opt -dce -dse -adce -find-syn-modules -top classify -deadargelim -mem2reg -instcombine -dce -presyn-prepare -auto-rom-infer -interface-preproc -syn-check -check-rec-only -find-region -simplifycfg -func-extr -function-inline -globaldce -mem2reg -instcombine -dce -gvn -globaldce -adce -adse -constprop -instcombine -bit-constprop -instcombine -dce -simplifycfg -bitop-raise -simplifycfg -dce -loop-delete -reassociate -globalopt -global-privatize -mem2reg -dce -global-constprop -pointer-simplify -constprop -dce -func-inst -deadargelim -auto-shift-reg-idiom -promote-dbg-pointer -norm-name C:/Users/mathi/Documents/ADSD_ICL/ADSD/solution1/.autopilot/db/a.g.0.bc -o C:/Users/mathi/Documents/ADSD_ICL/ADSD/solution1/.autopilot/db/a.g.1.bc -f -phase std-opt 
INFO: [XFORM 203-603] Inlining function 'ap_fixed_base<32, 8, true, (ap_q_mode)5, (ap_o_mode)3, 0>::operator>>' into 'compute_exp' (ADSD/Exp.cpp:86).
INFO: [XFORM 203-603] Inlining function 'ap_fixed_base<32, 8, true, (ap_q_mode)5, (ap_o_mode)3, 0>::operator>>' into 'compute_exp' (ADSD/Exp.cpp:69).
INFO: [XFORM 203-603] Inlining function 'ap_fixed_base<32, 8, true, (ap_q_mode)5, (ap_o_mode)3, 0>::operator>>' into 'compute_exp' (ADSD/Exp.cpp:68).
INFO: [XFORM 203-603] Inlining function 'ap_fixed_base<32, 8, true, (ap_q_mode)5, (ap_o_mode)3, 0>::operator<<' into 'compute_exp' (ADSD/Exp.cpp:86).
INFO: [XFORM 203-603] Inlining function 'ap_fixed_base<33, 17, true, (ap_q_mode)5, (ap_o_mode)3, 0>::to_double' into 'classify' (ADSD/Classifier.cpp:50).
Command         transform done; 868.763 sec.
INFO: [HLS 200-111] Finished Standard Transforms Time (s): cpu = 00:09:37 ; elapsed = 00:16:10 . Memory (MB): peak = 702.543 ; gain = 646.426
INFO: [HLS 200-10] Checking synthesizability ...
INFO-FLOW: Checking Synthesizability 1/2..
Execute         transform -hls -syn-check -check-rec-only -disaggr -scalarrepl -norm-name -dce -mem2reg -instcombine -function-uniquify -directive-preproc -mem2reg -dse -dce -auto-rom-infer -dce -array-normalize -instcombine -dce -warn-fifo-pointer -array-seg-normalize -instcombine -dce -array-flatten -instcombine -dce -array-burst -dce -deadargelim -promote-global-argument -simplifycfg -mem2reg -globaldce -resolve-double-ptr -dce -deadargelim -dce -instcombine -function-inline -globaldce -dce -doublePtrSimplify -doublePtrElim -dce -doublePtrSimplify -promote-dbg-pointer -dce -scalarrepl -dse -adse -instcombine -ptrLegalization -simplifycfg -dce -instcombine -pointer-simplify -ptrArgReplace -dce -instcombine -disaggr -scalarrepl -norm-name -dce -mem2reg -instcombine -ptrLegalization -simplifycfg -deadargelim -instcombine -dce -inst-simplify -function-uniquify -directive-preproc -mem2reg -dse -dce -globaldce C:/Users/mathi/Documents/ADSD_ICL/ADSD/solution1/.autopilot/db/a.g.1.bc -o C:/Users/mathi/Documents/ADSD_ICL/ADSD/solution1/.autopilot/db/a.g.2.prechk.bc -f 
INFO: [XFORM 203-602] Inlining function 'floor_to_int<ap_fixed<40, 8, (ap_q_mode)5, (ap_o_mode)3, 0> >' into 'compute_exp' (ADSD/Exp.cpp:52) automatically.
Command         transform done; 1.034 sec.
INFO-FLOW: Checking Synthesizability 2/2..
Execute         transform -syn-check C:/Users/mathi/Documents/ADSD_ICL/ADSD/solution1/.autopilot/db/a.g.2.prechk.bc -o C:/Users/mathi/Documents/ADSD_ICL/ADSD/solution1/.autopilot/db/a.g.2.bc -f -phase syn-check 
Command         transform done; 0.396 sec.
INFO: [HLS 200-111] Finished Checking Synthesizability Time (s): cpu = 00:09:39 ; elapsed = 00:16:11 . Memory (MB): peak = 702.543 ; gain = 646.426
INFO-FLOW: Compiler optimizing ...
INFO-FLOW: Share syncheck's 1.bc for syn flow: copy C:/Users/mathi/Documents/ADSD_ICL/ADSD/solution1/.autopilot/db/a.g.1.bc to C:/Users/mathi/Documents/ADSD_ICL/ADSD/solution1/.autopilot/db/a.o.1.bc
INFO-FLOW: Presyn 1...
Execute         transform -hls -tmp C:/Users/mathi/Documents/ADSD_ICL/ADSD/solution1/.autopilot/db -interface-port-rename -type-info -function-uniquify -directive-preproc -mem2reg -dse -dce -disaggr -scalarrepl -norm-name -deadargelim -mem2reg -instcombine -dce -simplifycfg -auto-rom-infer -dce -function-uniquify -resource-proc -simplifycfg -mem2reg -globaldce -resolve-double-ptr -dce -deadargelim -dce -instcombine -clib-intrinsic-prepare -dce -func-buffer -dce -array-normalize -func-legal -instcombine -gvn -constprop -dce -ptrArgReplace -mem2reg -instcombine -dce -array-seg-normalize -deadargelim -instcombine -dce -pointer-simplify -dce -port-alignment -dce -interface-preproc -data-pack -instcombine -dce -basicaa -aggr-aa -aggrmodref-aa -aggr-aa -gvn -gvn -basicaa -aggr-aa -aggrmodref-aa -aggr-aa -dse -adse -adce -loop-simplify -indvars -instcombine -gvn -loop-simplify -mem2reg -dce -find-region -instcombine -auto-loop-pipeline -inst-simplify -interface-preproc -cfgopt -instcombine -indvars -auto-loop-unroll -loop-simplify -loop-bound -xunroll -constprop -instcombine -simplifycfg -indvars -simplifycfg -dce -globaldce -clean-region -attach-range -gvn -inst-simplify -constprop -simplifycfg -dce -pointer-simplify -dce -globalopt -constprop -dce -array-promote -constprop -instcombine -dce -ptrArgReplace -mem2reg -instcombine -simplifycfg -dce -auto-par -instcombine -dce -array-transform-check -array-reshape -instcombine -simplifycfg -dce -ptrArgReplace -deadargelim -mem2reg -instcombine -simplifycfg -dce -indvars -loop-simplify -loop-bound -xunroll -constprop -instcombine -simplifycfg -indvars -simplifycfg -dce -globaldce -duplicate-dataflow-processes -globaldce -instcombine -array-partition -instcombine -simplifycfg -dce -ptrArgReplace -global-constprop -deadargelim -mem2reg -func-legal -instcombine -dce -global-constprop -deadargelim -mem2reg -instcombine -simplifycfg -dce -merge-param -deadargelim -globalopt -constprop -dce -array-promote -constprop -instcombine -dce -ptrArgReplace -mem2reg -instcombine -simplifycfg -dce -mem-intrinsic-preproc -dce -global-internalize -global-privatize -mem2reg -globaldce -promote-global-argument -ptrArgReplace -mem2reg -instcombine -dce -globalopt -mergereturn -simplify-global-access -mem2reg -dce -pointer-simplify -dce -functionattrs -basicaa -aggr-aa -aggrmodref-aa -aggr-aa -gvn -gvn -basicaa -aggr-aa -aggrmodref-aa -aggr-aa -dse -adse -adce -inst-simplify -dce -norm-name -function-inline -globaldce -func-inst -constprop -instcombine -simplifycfg -dce -func-legal -dce -loop-bound -arraycheck -bitwidthmin -on-by-dataflow -loop-delete -instcombine -simplifycfg -globaldce -dce -gvn -deadargelim -dce -loop-simplify -clean-region -simplifycfg -propagate-stable-arguments -loop-stream -instcombine -simplifycfg -dce -globaldce -duplicate-dataflow-processes -stream-intrinsic-preproc -dce -check-ap-stream -loop-simplify -eliminate-keepreads -extract-dataflow-in-loop -loop-simplify -dce -gvn -deadargelim -dse -check-dataflow-syntax -legalize-stream-variable -legalize-global -extract-subproc -dce -dead-channel-elimination -canonicalize-gep -globaldce -dce -gvn -deadargelim -annotate-dataflow-channels -scalar-propagation -deadargelim -globaldce -mem2reg -check-dataflow-channels -function-stream -dce -globaldce -prop-fifo-spec -internal-stream-gen -canonicalize-gep -globaldce -dce -gvn -deadargelim -mergereturn -indvars -loop-simplify -instcombine -array-stream -array-seg-normalize -array-partition -func-legal -instcombine -simplifycfg -dce -bundle-memfifo-ops -deadargelim -function-uniquify -directive-preproc -mem2reg -dse -dce -group-axi-access -licm -simplifycfg -dce -loop-delete -norm-name C:/Users/mathi/Documents/ADSD_ICL/ADSD/solution1/.autopilot/db/a.o.1.bc -o C:/Users/mathi/Documents/ADSD_ICL/ADSD/solution1/.autopilot/db/a.o.1.tmp.bc -f 
INFO: [XFORM 203-501] Unrolling loop 'classify_label1' (ADSD/Classifier.cpp:31) in function 'classify' partially with a factor of 4.
INFO: [XFORM 203-101] Partitioning array 'x_local.V' (ADSD/Classifier.cpp:16) in dimension 1 with a cyclic factor 4.
INFO: [XFORM 203-101] Partitioning array 'svs.V'  in dimension 1 with a cyclic factor 4.
INFO: [XFORM 203-602] Inlining function 'floor_to_int<ap_fixed<40, 8, (ap_q_mode)5, (ap_o_mode)3, 0> >' into 'compute_exp' (ADSD/Exp.cpp:52) automatically.
Command         transform done; 2.129 sec.
INFO-FLOW: Presyn 2...
Execute         transform -hls -keep-callgraph -scalarrepl -mem2reg -port-alignment -attach-range -dce -pipe-mux-gen -indvars -loop-bound -inst-simplify -instcombine -dce -merge-array-access -mem2reg -dce -clean-region -mergereturn -if-conv -instcombine -dce -constprop -basicaa -aggr-aa -aggrmodref-aa -aggr-aa -gvn -gvn -basicaa -aggr-aa -aggrmodref-aa -aggr-aa -dse -adse -adce -scalarrepl -mem2reg -global-constprop -deadargelim -deadargelim -instcombine -dce -simplifycfg -ptrArgReplace -mem2reg -function-inline -globaldce -mem2reg -instcombine -dce -expr-balance -instcombine -dce -bitwidthmin -interface-preproc -directive-preproc -inst-rectify -instcombine -dce -functionattrs -constprop -instcombine -bit-constprop -simplify-global-access -globalopt -globaldce -inst-simplify -instcombine -elimdeaddata -dce -loop-delete -simplifycfg -loop-simplify -auto-burst -norm-name C:/Users/mathi/Documents/ADSD_ICL/ADSD/solution1/.autopilot/db/a.o.1.tmp.bc -o C:/Users/mathi/Documents/ADSD_ICL/ADSD/solution1/.autopilot/db/a.o.2.bc -f -phase presyn 
INFO: [XFORM 203-401] Performing if-conversion on hyperblock from (ADSD/Exp.cpp:69:16) to (ADSD/Exp.cpp:63:38) in function 'compute_exp'... converting 4 basic blocks.
INFO: [XFORM 203-401] Performing if-conversion on hyperblock from (ADSD/Exp.cpp:51:13) to (ADSD/Exp.cpp:63:16) in function 'compute_exp'... converting 5 basic blocks.
INFO: [XFORM 203-401] Performing if-conversion on hyperblock from (ADSD/Exp.cpp:85:16) to (ADSD/Exp.cpp:88:1) in function 'compute_exp'... converting 4 basic blocks.
INFO: [XFORM 203-401] Performing if-conversion on hyperblock from (ADSD/Classifier.cpp:50:21) to (ADSD/Classifier.cpp:50:21) in function 'classify'... converting 3 basic blocks.
INFO: [XFORM 203-602] Inlining function 'compute_exp' into 'classify' (ADSD/Classifier.cpp:46) automatically.
INFO: [XFORM 203-11] Balancing expressions in function 'classify' (ADSD/Classifier.cpp:6)...4 expression(s) balanced.
Command         transform done; 1.168 sec.
INFO: [HLS 200-111] Finished Pre-synthesis Time (s): cpu = 00:09:42 ; elapsed = 00:16:15 . Memory (MB): peak = 702.543 ; gain = 646.426
INFO-FLOW: Building ssdm...
Execute         transform -hls -function-uniquify -auto-function-inline -globaldce -ptrArgReplace -mem2reg -instcombine -dce -reset-lda -loop-simplify -indvars -licm -loop-dep -loop-bound -licm -loop-simplify -flattenloopnest -array-flatten -gvn -instcombine -dce -array-map -dce -func-legal -gvn -adce -instcombine -cfgopt -simplifycfg -loop-simplify -array-burst -promote-global-argument -dce -axi4-lower -array-seg-normalize -basicaa -aggrmodref-aa -globalsmodref-aa -aggr-aa -gvn -gvn -basicaa -aggrmodref-aa -globalsmodref-aa -aggr-aa -dse -adse -adce -licm -inst-simplify -dce -globaldce -instcombine -array-stream -eliminate-keepreads -instcombine -dce -deadargelim -doublePtrSimplify -doublePtrElim -dce -doublePtrSimplify -promote-dbg-pointer -dce -scalarrepl -mem2reg -disaggr -norm-name -mem2reg -instcombine -dse -adse -adce -ptrLegalization -dce -auto-rom-infer -array-flatten -dce -instcombine -check-doubleptr -loop-rot -constprop -cfgopt -simplifycfg -loop-simplify -indvars -pointer-simplify -dce -loop-bound -loop-simplify -loop-preproc -constprop -global-constprop -gvn -mem2reg -instcombine -dce -loop-bound -loop-merge -dce -bitwidthmin -deadargelim -dce -canonicalize-dataflow -dce -scalar-propagation -deadargelim -globaldce -mem2reg -read-loop-dep -interface-preproc -directive-preproc -interface-gen -bram-byte-enable -deadargelim -inst-simplify -dce -gvn -mem2reg -instcombine -dce -adse -loop-bound -instcombine -cfgopt -simplifycfg -loop-simplify -clean-region -io-protocol -find-region -mem2reg -bitop-raise -inst-simplify -inst-rectify -instcombine -adce -deadargelim -loop-simplify -phi-opt -bitop-raise -cfgopt -simplifycfg -strip-dead-prototypes -interface-lower -bitop-lower -intrinsic-lower -auto-function-inline -basicaa -aggrmodref-aa -globalsmodref-aa -aggr-aa -inst-simplify -simplifycfg -loop-simplify -mergereturn -inst-simplify -inst-rectify -dce -load-elim -bitop-lower -loop-rewind -pointer-simplify -dce -cfgopt -dce -bitwidth -loop-dep -read-loop-dep -dce -check-stream -norm-name -legalize -validate-dataflow -dead-allocation-elimination -cdfg-build C:/Users/mathi/Documents/ADSD_ICL/ADSD/solution1/.autopilot/db/a.o.2.bc -o C:/Users/mathi/Documents/ADSD_ICL/ADSD/solution1/.autopilot/db/a.o.3.bc -f -phase build-ssdm 
WARNING: [XFORM 203-542] Cannot flatten a loop nest 'classify_label2' (ADSD/Classifier.cpp:27:49) in function 'classify' : 

more than one sub loop.
INFO: [XFORM 203-811] Inferring multiple bus burst read of a total cumulative length 784 on port 'gmem' (ADSD/Classifier.cpp:21:2). These data requests might be further partitioned to multiple requests during RTL generation, based on max_read_burst_length or max_write_burst_length settings.
Command         transform done; 1.741 sec.
INFO: [HLS 200-111] Finished Architecture Synthesis Time (s): cpu = 00:09:43 ; elapsed = 00:16:16 . Memory (MB): peak = 702.543 ; gain = 646.426
INFO-FLOW: Finish building internal data model.
Command       opt_and_import_c done; 878.353 sec.
Command     elaborate done; 974.67 sec.
Execute     autosyn -from_csynth_design=1 
INFO: [HLS 200-10] Starting hardware synthesis ...
INFO-FLOW: Synthesizing C/C++ design ...
INFO: [HLS 200-10] Synthesizing 'classify' ...
Execute       ap_set_top_model classify 
Execute       get_model_list classify -filter all-wo-channel -topdown 
Execute       preproc_iomode -model classify 
Execute       get_model_list classify -filter all-wo-channel 
INFO-FLOW: Model list for configure: classify
INFO-FLOW: Configuring Module : classify ...
Execute       set_default_model classify 
Execute       apply_spec_resource_limit classify 
INFO-FLOW: Model list for preprocess: classify
INFO-FLOW: Preprocessing Module: classify ...
Execute       set_default_model classify 
Execute       cdfg_preprocess -model classify 
Execute       rtl_gen_preprocess classify 
INFO-FLOW: Model list for synthesis: classify
INFO: [HLS 200-10] ----------------------------------------------------------------
INFO: [HLS 200-42] -- Implementing module 'classify' 
INFO: [HLS 200-10] ----------------------------------------------------------------
Execute       set_default_model classify 
Execute       schedule -model classify 
INFO: [SCHED 204-11] Starting scheduling ...
INFO: [SCHED 204-61] Pipelining loop 'load_image_loop'.
INFO: [SCHED 204-61] Pipelining result : Target II = 1, Final II = 1, Depth = 3.
INFO: [SCHED 204-61] Pipelining loop 'classify_label1'.
INFO: [SCHED 204-61] Pipelining result : Target II = 1, Final II = 1, Depth = 4.
INFO: [SCHED 204-11] Finished scheduling.
Command       schedule done; 0.721 sec.
INFO: [HLS 200-111]  Elapsed time: 977.647 seconds; current allocated memory: 258.727 MB.
Execute       report -o C:/Users/mathi/Documents/ADSD_ICL/ADSD/solution1/.autopilot/db/classify.verbose.sched.rpt -verbose -f 
INFO: [HLS 200-434] Only 2 loops out of a total 4 loops have been pipelined in this design.
Command       report done; 0.343 sec.
Execute       db_write -o C:/Users/mathi/Documents/ADSD_ICL/ADSD/solution1/.autopilot/db/classify.sched.adb -f 
Command       db_write done; 0.143 sec.
INFO-FLOW: Finish scheduling classify.
Execute       set_default_model classify 
Execute       bind -model classify 
BIND OPTION: fu_weight=[ 0.0 -- 1.0 ]
BIND OPTION: model=classify
BIND OPTION: reg_weight=[ 0.0 -- 1.0 ]
INFO: [BIND 205-100] Starting micro-architecture generation ...
INFO: [BIND 205-101] Performing variable lifetime analysis.
INFO: [BIND 205-101] Exploring resource sharing.
INFO: [BIND 205-101] Binding ...
INFO: [BIND 205-100] Finished micro-architecture generation.
Command       bind done; 0.303 sec.
INFO: [HLS 200-111]  Elapsed time: 1.005 seconds; current allocated memory: 259.614 MB.
Execute       report -o C:/Users/mathi/Documents/ADSD_ICL/ADSD/solution1/.autopilot/db/classify.verbose.bind.rpt -verbose -f 
Command       report done; 0.387 sec.
Execute       db_write -o C:/Users/mathi/Documents/ADSD_ICL/ADSD/solution1/.autopilot/db/classify.bind.adb -f 
Command       db_write done; 0.169 sec.
INFO-FLOW: Finish binding classify.
Execute       get_model_list classify -filter all-wo-channel 
INFO-FLOW: Preprocessing for RTLGen ...
Execute       rtl_gen_preprocess classify 
INFO-FLOW: Model list for RTL generation: classify
INFO: [HLS 200-10] ----------------------------------------------------------------
INFO: [HLS 200-10] -- Generating RTL for module 'classify' 
INFO: [HLS 200-10] ----------------------------------------------------------------
Execute       get_config_rtl -prefix 
Execute       get_config_rtl -auto_prefix 
Execute       create_rtl_model classify -vendor xilinx -mg_file C:/Users/mathi/Documents/ADSD_ICL/ADSD/solution1/.autopilot/db/classify.compgen.tcl 
INFO: [RTGEN 206-500] Setting interface mode on port 'classify/gmem' to 'm_axi'.
INFO: [RTGEN 206-500] Setting interface mode on port 'classify/x_V' to 's_axilite & ap_none'.
INFO: [RTGEN 206-500] Setting interface mode on function 'classify' to 's_axilite & ap_ctrl_hs'.
INFO: [SYN 201-210] Renamed object name 'classify_Iteration_Schedule' to 'classify_Iteratiobkb' due to the length limit 20
INFO: [SYN 201-210] Renamed object name 'classify_ATANH_LUT_V' to 'classify_ATANH_LUcud' due to the length limit 20
INFO: [RTGEN 206-100] Bundling port 'return' to AXI-Lite port control.
INFO: [SYN 201-210] Renamed object name 'classify_x_local_0_V' to 'classify_x_local_dEe' due to the length limit 20
INFO: [SYN 201-210] Renamed object name 'classify_x_local_1_V' to 'classify_x_local_eOg' due to the length limit 20
INFO: [SYN 201-210] Renamed object name 'classify_x_local_2_V' to 'classify_x_local_fYi' due to the length limit 20
INFO: [SYN 201-210] Renamed object name 'classify_x_local_3_V' to 'classify_x_local_g8j' due to the length limit 20
INFO: [SYN 201-210] Renamed object name 'classify_sitodp_32s_64_6_1' to 'classify_sitodp_3hbi' due to the length limit 20
INFO: [SYN 201-210] Renamed object name 'classify_mul_mul_22s_8s_30_1_1' to 'classify_mul_mul_ibs' due to the length limit 20
INFO: [RTGEN 206-100] Generating core module 'classify_mul_mul_ibs': 1 instance(s).
INFO: [RTGEN 206-100] Generating core module 'classify_sitodp_3hbi': 1 instance(s).
INFO: [RTGEN 206-100] Finished creating RTL model for 'classify'.
Command       create_rtl_model done; 1.198 sec.
INFO: [HLS 200-111]  Elapsed time: 2.086 seconds; current allocated memory: 261.676 MB.
Execute       source C:/Users/mathi/Documents/ADSD_ICL/ADSD/solution1/.autopilot/db/classify.rtl_wrap.cfg.tcl 
Execute       gen_rtl classify -istop -style xilinx -tracefl mytrace -tracefmt vcd -traceopt all -f -lang sc -o C:/Users/mathi/Documents/ADSD_ICL/ADSD/solution1/syn/systemc/classify -synmodules classify 
Execute       gen_rtl classify -istop -style xilinx -f -lang vhdl -o C:/Users/mathi/Documents/ADSD_ICL/ADSD/solution1/syn/vhdl/classify 
Command       gen_rtl done; 0.227 sec.
Execute       gen_rtl classify -istop -style xilinx -f -lang vlog -o C:/Users/mathi/Documents/ADSD_ICL/ADSD/solution1/syn/verilog/classify 
Command       gen_rtl done; 0.113 sec.
Execute       export_constraint_db -o C:/Users/mathi/Documents/ADSD_ICL/ADSD/solution1/.autopilot/db/classify.constraint.tcl -f -tool general 
Execute       report -model classify -o C:/Users/mathi/Documents/ADSD_ICL/ADSD/solution1/.autopilot/db/classify.design.xml -verbose -f -dv 
Command       report done; 0.191 sec.
Execute       report -model classify -o C:/Users/mathi/Documents/ADSD_ICL/ADSD/solution1/.autopilot/db/classify.sdaccel.xml -verbose -f -sdaccel 
Command       report done; 0.29 sec.
Execute       gen_tb_info classify -o C:/Users/mathi/Documents/ADSD_ICL/ADSD/solution1/.autopilot/db/classify -p C:/Users/mathi/Documents/ADSD_ICL/ADSD/solution1/.autopilot/db 
Execute       report -model classify -o C:/Users/mathi/Documents/ADSD_ICL/ADSD/solution1/syn/report/classify_csynth.rpt -f 
Command       report done; 0.134 sec.
Execute       report -model classify -o C:/Users/mathi/Documents/ADSD_ICL/ADSD/solution1/syn/report/classify_csynth.xml -f -x 
Execute       report -model classify -o C:/Users/mathi/Documents/ADSD_ICL/ADSD/solution1/.autopilot/db/classify.verbose.rpt -verbose -f 
Command       report done; 0.457 sec.
Execute       db_write -model classify -o C:/Users/mathi/Documents/ADSD_ICL/ADSD/solution1/.autopilot/db/classify.adb -f 
Command       db_write done; 0.387 sec.
Execute       sc_get_clocks classify 
Execute       sc_get_portdomain classify 
INFO-FLOW: Model list for RTL component generation: classify
INFO-FLOW: Handling components in module [classify] ... 
Execute       source C:/Users/mathi/Documents/ADSD_ICL/ADSD/solution1/.autopilot/db/classify.compgen.tcl 
INFO-FLOW: Found component classify_sitodp_3hbi.
INFO-FLOW: Append model classify_sitodp_3hbi
INFO-FLOW: Found component classify_mul_mul_ibs.
INFO-FLOW: Append model classify_mul_mul_ibs
INFO-FLOW: Found component classify_svs_V_0.
INFO-FLOW: Append model classify_svs_V_0
INFO-FLOW: Found component classify_svs_V_1.
INFO-FLOW: Append model classify_svs_V_1
INFO-FLOW: Found component classify_svs_V_2.
INFO-FLOW: Append model classify_svs_V_2
INFO-FLOW: Found component classify_svs_V_3.
INFO-FLOW: Append model classify_svs_V_3
INFO-FLOW: Found component classify_Iteratiobkb.
INFO-FLOW: Append model classify_Iteratiobkb
INFO-FLOW: Found component classify_ATANH_LUcud.
INFO-FLOW: Append model classify_ATANH_LUcud
INFO-FLOW: Found component classify_alphas_V.
INFO-FLOW: Append model classify_alphas_V
INFO-FLOW: Found component classify_x_local_dEe.
INFO-FLOW: Append model classify_x_local_dEe
INFO-FLOW: Found component classify_control_s_axi.
INFO-FLOW: Append model classify_control_s_axi
INFO-FLOW: Found component classify_gmem_m_axi.
INFO-FLOW: Append model classify_gmem_m_axi
INFO-FLOW: Append model classify
INFO-FLOW: Generating RTL model list ...
INFO-FLOW: All models in this session: classify_sitodp_3hbi classify_mul_mul_ibs classify_svs_V_0 classify_svs_V_1 classify_svs_V_2 classify_svs_V_3 classify_Iteratiobkb classify_ATANH_LUcud classify_alphas_V classify_x_local_dEe classify_control_s_axi classify_gmem_m_axi classify
INFO-FLOW: To file: write model classify_sitodp_3hbi
INFO-FLOW: To file: write model classify_mul_mul_ibs
INFO-FLOW: To file: write model classify_svs_V_0
INFO-FLOW: To file: write model classify_svs_V_1
INFO-FLOW: To file: write model classify_svs_V_2
INFO-FLOW: To file: write model classify_svs_V_3
INFO-FLOW: To file: write model classify_Iteratiobkb
INFO-FLOW: To file: write model classify_ATANH_LUcud
INFO-FLOW: To file: write model classify_alphas_V
INFO-FLOW: To file: write model classify_x_local_dEe
INFO-FLOW: To file: write model classify_control_s_axi
INFO-FLOW: To file: write model classify_gmem_m_axi
INFO-FLOW: To file: write model classify
INFO-FLOW: Finished generating RTL model list.


INFO-FLOW: RTL Generation done.
INFO-FLOW: CAS Generation done.
INFO-FLOW: CBC Generation done.
Execute       get_config_sdx -target 
Execute       source C:/Users/mathi/Documents/ADSD_ICL/ADSD/solution1/.autopilot/db/global.setting.tcl 
Execute       source C:/Xilinx/Vivado/2018.2/common/technology/generic/autopilot/common.gen 
Execute         source C:/Xilinx/Vivado/2018.2/common/technology/generic/autopilot/APCoreGen.gen 
Execute       source C:/Xilinx/Vivado/2018.2/common/technology/generic/autopilot/op.gen 
Execute       source C:/Xilinx/Vivado/2018.2/common/technology/generic/autopilot/op_simcore.gen 
Execute       source C:/Xilinx/Vivado/2018.2/common/technology/generic/autopilot/interface.gen 
Execute       source C:/Users/mathi/Documents/ADSD_ICL/ADSD/solution1/.autopilot/db/global.setting.tcl 
Execute       source C:/Xilinx/Vivado/2018.2/common/technology/xilinx/zynq/zynq.gen 
Execute         source C:/Xilinx/Vivado/2018.2/common/technology/xilinx/common/virtex.gen 
Execute           source C:/Xilinx/Vivado/2018.2/common/technology/xilinx/common/xilinx.gen 
Execute             source C:/Xilinx/Vivado/2018.2/common/technology/xilinx/interface/plb46.gen 
Execute             source C:/Xilinx/Vivado/2018.2/common/technology/xilinx/interface/fsl.gen 
Execute             source C:/Xilinx/Vivado/2018.2/common/technology/xilinx/interface/axi4.gen 
Execute             source C:/Xilinx/Vivado/2018.2/common/technology/xilinx/interface/nativeAXI4.gen 
Execute               source C:/Xilinx/Vivado/2018.2/common/technology/xilinx/interface/saxilite.gen 
Execute               source C:/Xilinx/Vivado/2018.2/common/technology/xilinx/interface/maxi.gen 
Execute             source C:/Xilinx/Vivado/2018.2/common/technology/xilinx/scripts/xilinxcoregen.gen 
Execute             source C:/Xilinx/Vivado/2018.2/common/technology/xilinx/interface/XilEDKCoreGen.gen 
Execute             source C:/Xilinx/Vivado/2018.2/common/technology/xilinx/ip/dds_compiler.gen 
Execute             source C:/Xilinx/Vivado/2018.2/common/technology/xilinx/ip/util.gen 
Execute             source C:/Xilinx/Vivado/2018.2/common/technology/xilinx/ip/xfft.gen 
Command             ap_source done; 0.258 sec.
Execute             source C:/Xilinx/Vivado/2018.2/common/technology/xilinx/ip/xfir.gen 
Command           ap_source done; 0.397 sec.
Execute           source C:/Xilinx/Vivado/2018.2/common/technology/xilinx/common/dsp48.gen 
Command         ap_source done; 0.407 sec.
Command       ap_source done; 0.407 sec.
Execute       source C:/Xilinx/Vivado/2018.2/common/technology/xilinx/zynq/zynq_fpv6.gen 
Execute         source C:/Xilinx/Vivado/2018.2/common/technology/xilinx/common/xilinx_fpv6.gen 
Execute       source C:/Users/mathi/Documents/ADSD_ICL/ADSD/solution1/.autopilot/db/global.setting.tcl 
Execute       source C:/Users/mathi/Documents/ADSD_ICL/ADSD/solution1/.autopilot/db/global.setting.tcl 
Execute       source C:/Users/mathi/Documents/ADSD_ICL/ADSD/solution1/.autopilot/db/global.setting.tcl 
Execute       source C:/Users/mathi/Documents/ADSD_ICL/ADSD/solution1/.autopilot/db/classify.compgen.tcl 
INFO: [RTMG 210-279] Implementing memory 'classify_svs_V_0_rom' using auto ROMs.
INFO: [RTMG 210-279] Implementing memory 'classify_svs_V_1_rom' using auto ROMs.
INFO: [RTMG 210-279] Implementing memory 'classify_svs_V_2_rom' using auto ROMs.
INFO: [RTMG 210-279] Implementing memory 'classify_svs_V_3_rom' using auto ROMs.
INFO: [RTMG 210-279] Implementing memory 'classify_Iteratiobkb_rom' using distributed ROMs.
INFO: [RTMG 210-279] Implementing memory 'classify_ATANH_LUcud_rom' using distributed ROMs.
INFO: [RTMG 210-279] Implementing memory 'classify_alphas_V_rom' using auto ROMs.
INFO: [RTMG 210-278] Implementing memory 'classify_x_local_dEe_ram (RAM)' using block RAMs.
Execute         source ./control.slave.tcl 
Execute         is_m_axi_addr64 
Command       ap_source done; 12.926 sec.
Execute       get_config_sdx -target 
Execute       source C:/Users/mathi/Documents/ADSD_ICL/ADSD/solution1/.autopilot/db/global.setting.tcl 
Execute       source C:/Xilinx/Vivado/2018.2/common/technology/generic/autopilot/common.gen 
Execute         source C:/Xilinx/Vivado/2018.2/common/technology/generic/autopilot/APCoreGen.gen 
Execute       source C:/Xilinx/Vivado/2018.2/common/technology/generic/autopilot/op.gen 
Execute       source C:/Xilinx/Vivado/2018.2/common/technology/generic/autopilot/op_simcore.gen 
Execute       source C:/Xilinx/Vivado/2018.2/common/technology/generic/autopilot/interface.gen 
Execute       source C:/Users/mathi/Documents/ADSD_ICL/ADSD/solution1/.autopilot/db/global.setting.tcl 
Execute       source C:/Xilinx/Vivado/2018.2/common/technology/xilinx/zynq/zynq.gen 
Execute         source C:/Xilinx/Vivado/2018.2/common/technology/xilinx/common/virtex.gen 
Execute           source C:/Xilinx/Vivado/2018.2/common/technology/xilinx/common/xilinx.gen 
Execute             source C:/Xilinx/Vivado/2018.2/common/technology/xilinx/interface/plb46.gen 
Execute             source C:/Xilinx/Vivado/2018.2/common/technology/xilinx/interface/fsl.gen 
Execute             source C:/Xilinx/Vivado/2018.2/common/technology/xilinx/interface/axi4.gen 
Execute             source C:/Xilinx/Vivado/2018.2/common/technology/xilinx/interface/nativeAXI4.gen 
Execute               source C:/Xilinx/Vivado/2018.2/common/technology/xilinx/interface/saxilite.gen 
Execute               source C:/Xilinx/Vivado/2018.2/common/technology/xilinx/interface/maxi.gen 
Execute             source C:/Xilinx/Vivado/2018.2/common/technology/xilinx/scripts/xilinxcoregen.gen 
Execute             source C:/Xilinx/Vivado/2018.2/common/technology/xilinx/interface/XilEDKCoreGen.gen 
Execute             source C:/Xilinx/Vivado/2018.2/common/technology/xilinx/ip/dds_compiler.gen 
Execute             source C:/Xilinx/Vivado/2018.2/common/technology/xilinx/ip/util.gen 
Execute             source C:/Xilinx/Vivado/2018.2/common/technology/xilinx/ip/xfft.gen 
Command             ap_source done; 0.277 sec.
Execute             source C:/Xilinx/Vivado/2018.2/common/technology/xilinx/ip/xfir.gen 
Command           ap_source done; 0.413 sec.
Execute           source C:/Xilinx/Vivado/2018.2/common/technology/xilinx/common/dsp48.gen 
Command         ap_source done; 0.422 sec.
Command       ap_source done; 0.422 sec.
Execute       source C:/Xilinx/Vivado/2018.2/common/technology/xilinx/zynq/zynq_fpv6.gen 
Execute         source C:/Xilinx/Vivado/2018.2/common/technology/xilinx/common/xilinx_fpv6.gen 
Execute       source C:/Users/mathi/Documents/ADSD_ICL/ADSD/solution1/.autopilot/db/classify.rtl_wrap.cfg.tcl 
Execute       source C:/Users/mathi/Documents/ADSD_ICL/ADSD/solution1/.autopilot/db/classify.rtl_wrap.cfg.tcl 
Execute       source C:/Users/mathi/Documents/ADSD_ICL/ADSD/solution1/.autopilot/db/classify.rtl_wrap.cfg.tcl 
Execute       source C:/Users/mathi/Documents/ADSD_ICL/ADSD/solution1/.autopilot/db/classify.tbgen.tcl 
Execute       source C:/Users/mathi/Documents/ADSD_ICL/ADSD/solution1/.autopilot/db/classify.tbgen.tcl 
Execute       source C:/Users/mathi/Documents/ADSD_ICL/ADSD/solution1/.autopilot/db/global.setting.tcl 
Execute       source C:/Users/mathi/Documents/ADSD_ICL/ADSD/solution1/.autopilot/db/classify.compgen.tcl 
Execute       source C:/Users/mathi/Documents/ADSD_ICL/ADSD/solution1/.autopilot/db/global.setting.tcl 
Execute       source C:/Users/mathi/Documents/ADSD_ICL/ADSD/solution1/.autopilot/db/classify.compgen.tcl 
Execute       source C:/Users/mathi/Documents/ADSD_ICL/ADSD/solution1/.autopilot/db/global.setting.tcl 
Execute       source C:/Users/mathi/Documents/ADSD_ICL/ADSD/solution1/.autopilot/db/classify.compgen.tcl 
Execute       source C:/Users/mathi/Documents/ADSD_ICL/ADSD/solution1/.autopilot/db/global.setting.tcl 
Execute       source C:/Users/mathi/Documents/ADSD_ICL/ADSD/solution1/.autopilot/db/classify.constraint.tcl 
Execute       source C:/Users/mathi/Documents/ADSD_ICL/ADSD/solution1/.autopilot/db/classify.tbgen.tcl 
Execute       source C:/Users/mathi/Documents/ADSD_ICL/ADSD/solution1/.autopilot/db/global.setting.tcl 
Execute       source C:/Users/mathi/Documents/ADSD_ICL/ADSD/solution1/.autopilot/db/global.setting.tcl 
Execute       source C:/Users/mathi/Documents/ADSD_ICL/ADSD/solution1/.autopilot/db/global.setting.tcl 
Execute       source C:/Users/mathi/Documents/ADSD_ICL/ADSD/solution1/.autopilot/db/classify.tbgen.tcl 
Execute       source C:/Users/mathi/Documents/ADSD_ICL/ADSD/solution1/.autopilot/db/classify.tbgen.tcl 
Execute       source C:/Users/mathi/Documents/ADSD_ICL/ADSD/solution1/.autopilot/db/global.setting.tcl 
Execute       source C:/Users/mathi/Documents/ADSD_ICL/ADSD/solution1/.autopilot/db/classify.constraint.tcl 
Execute       sc_get_clocks classify 
Execute       source C:/Users/mathi/Documents/ADSD_ICL/ADSD/solution1/.autopilot/db/global.setting.tcl 
Execute       source C:/Users/mathi/Documents/ADSD_ICL/ADSD/solution1/impl/misc/classify_ap_sitodp_4_no_dsp_32_ip.tcl 
Execute       get_config_sdx -target 
Execute       get_config_sdx -profile 
Execute       ::config_rtl 
INFO: [HLS 200-111] Finished generating all RTL models Time (s): cpu = 00:10:02 ; elapsed = 00:16:43 . Memory (MB): peak = 702.543 ; gain = 646.426
INFO: [SYSC 207-301] Generating SystemC RTL for classify.
INFO: [VHDL 208-304] Generating VHDL RTL for classify.
INFO: [VLOG 209-307] Generating Verilog RTL for classify.
Command     autosyn done; 27.111 sec.
Command   csynth_design done; 1001.83 sec.
Command ap_source done; 1002.8 sec.
Execute cleanup_all 
