

================================================================
== Vivado HLS Report for 'classify'
================================================================
* Date:           Sat Feb  7 14:28:47 2026

* Version:        2018.2 (Build 2258646 on Thu Jun 14 20:25:20 MDT 2018)
* Project:        ADSD
* Solution:       solution1
* Product family: zynq
* Target device:  xc7z020clg484-1


================================================================
== Performance Estimates
================================================================
+ Timing (ns): 
    * Summary: 
    +--------+-------+----------+------------+
    |  Clock | Target| Estimated| Uncertainty|
    +--------+-------+----------+------------+
    |ap_clk  |  10.00|     8.750|        1.25|
    +--------+-------+----------+------------+

+ Latency (clock cycles): 
    * Summary: 
    +-------+-------+-------+-------+---------+
    |    Latency    |    Interval   | Pipeline|
    |  min  |  max  |  min  |  max  |   Type  |
    +-------+-------+-------+-------+---------+
    |  43867|  43867|  43867|  43867|   none  |
    +-------+-------+-------+-------+---------+

    + Detail: 
        * Instance: 
        N/A

        * Loop: 
        +----------------------+-------+-------+----------+-----------+-----------+------+----------+
        |                      |    Latency    | Iteration|  Initiation Interval  | Trip |          |
        |       Loop Name      |  min  |  max  |  Latency |  achieved |   target  | Count| Pipelined|
        +----------------------+-------+-------+----------+-----------+-----------+------+----------+
        |- load_image_loop     |    785|    785|         3|          1|          1|   784|    yes   |
        |- classify_label2     |  43065|  43065|       261|          -|          -|   165|    no    |
        | + classify_label1    |    198|    198|         4|          1|          1|   196|    yes   |
        | + classify_label2.2  |     51|     51|         3|          -|          -|    17|    no    |
        +----------------------+-------+-------+----------+-----------+-----------+------+----------+

============================================================
+ Verbose Summary: Synthesis Manager
============================================================
InlineROM: 1
ExposeGlobal: 0
============================================================
+ Verbose Summary: CDFG Model
============================================================
IsTopModel: 1
ResetActiveHigh: 1
IsCombinational: 0
IsDatapathOnly: 0
HasWiredReturn: 1
HasMFsm: 0
HasVarLatency: 1
IsPipeline: 0
IsRtlPipelined: 0
IsInstanceOverlapped: 0
IsDontTouch: 0
HasImplIP: 0
IsGatedGlobalClock: 0

+ Individual pipeline summary: 
  * Pipeline-0: initiation interval (II) = 1, depth = 3
  * Pipeline-1: initiation interval (II) = 1, depth = 4


============================================================
+ Verbose Summary: Schedule
============================================================
* Number of FSM states : 36
* Pipeline : 2
  Pipeline-0 : II = 1, D = 3, States = { 9 10 11 }
  Pipeline-1 : II = 1, D = 4, States = { 14 15 16 17 }
* Dataflow Pipeline: 0

* FSM state transitions: 
1 --> 
	2  / true
2 --> 
	3  / true
3 --> 
	4  / true
4 --> 
	5  / true
5 --> 
	6  / true
6 --> 
	7  / true
7 --> 
	8  / true
8 --> 
	9  / true
9 --> 
	12  / (exitcond1)
	10  / (!exitcond1)
10 --> 
	11  / true
11 --> 
	9  / true
12 --> 
	13  / true
13 --> 
	30  / (exitcond2)
	14  / (!exitcond2)
14 --> 
	18  / (exitcond)
	15  / (!exitcond)
15 --> 
	16  / true
16 --> 
	17  / true
17 --> 
	14  / true
18 --> 
	19  / true
19 --> 
	20  / true
20 --> 
	21  / true
21 --> 
	22  / true
22 --> 
	23  / true
23 --> 
	24  / true
24 --> 
	25  / (!exitcond_i)
	27  / (exitcond_i)
25 --> 
	26  / true
26 --> 
	24  / true
27 --> 
	28  / true
28 --> 
	29  / true
29 --> 
	13  / true
30 --> 
	31  / true
31 --> 
	32  / true
32 --> 
	33  / true
33 --> 
	34  / true
34 --> 
	35  / true
35 --> 
	36  / true
36 --> 

* FSM state operations: 

State 1 <SV = 0> <Delay = 1.00>
ST_1 : Operation 37 [1/1] (1.00ns)   --->   "%x_V_read = call i32 @_ssdm_op_Read.s_axilite.i32(i32 %x_V)"   --->   Operation 37 'read' 'x_V_read' <Predicate = true> <Delay = 1.00> <Core = "s_axilite">   --->   Core 10 's_axilite' <Latency = 0> <II = 1> <Delay = 1.00> <Adapter> <Opcode : 'read' 'write'>
ST_1 : Operation 38 [1/1] (0.00ns)   --->   "%tmp_3 = sext i32 %x_V_read to i64"   --->   Operation 38 'sext' 'tmp_3' <Predicate = true> <Delay = 0.00>
ST_1 : Operation 39 [1/1] (0.00ns)   --->   "%gmem_addr = getelementptr i8* %gmem, i64 %tmp_3"   --->   Operation 39 'getelementptr' 'gmem_addr' <Predicate = true> <Delay = 0.00>
ST_1 : Operation 40 [1/1] (0.00ns)   --->   "%x_local_0_V = alloca [196 x i8], align 1" [ADSD/Classifier.cpp:16]   --->   Operation 40 'alloca' 'x_local_0_V' <Predicate = true> <Delay = 0.00> <Core = "RAM">   --->   Core 37 'RAM' <Latency = 1> <II = 1> <Delay = 3.25> <Storage> <Opcode : 'load' 'store'> <Ports = 2> <Width = 8> <Depth = 196> <RAM>
ST_1 : Operation 41 [1/1] (0.00ns)   --->   "%x_local_1_V = alloca [196 x i8], align 1" [ADSD/Classifier.cpp:16]   --->   Operation 41 'alloca' 'x_local_1_V' <Predicate = true> <Delay = 0.00> <Core = "RAM">   --->   Core 37 'RAM' <Latency = 1> <II = 1> <Delay = 3.25> <Storage> <Opcode : 'load' 'store'> <Ports = 2> <Width = 8> <Depth = 196> <RAM>
ST_1 : Operation 42 [1/1] (0.00ns)   --->   "%x_local_2_V = alloca [196 x i8], align 1" [ADSD/Classifier.cpp:16]   --->   Operation 42 'alloca' 'x_local_2_V' <Predicate = true> <Delay = 0.00> <Core = "RAM">   --->   Core 37 'RAM' <Latency = 1> <II = 1> <Delay = 3.25> <Storage> <Opcode : 'load' 'store'> <Ports = 2> <Width = 8> <Depth = 196> <RAM>
ST_1 : Operation 43 [1/1] (0.00ns)   --->   "%x_local_3_V = alloca [196 x i8], align 1" [ADSD/Classifier.cpp:16]   --->   Operation 43 'alloca' 'x_local_3_V' <Predicate = true> <Delay = 0.00> <Core = "RAM">   --->   Core 37 'RAM' <Latency = 1> <II = 1> <Delay = 3.25> <Storage> <Opcode : 'load' 'store'> <Ports = 2> <Width = 8> <Depth = 196> <RAM>

State 2 <SV = 1> <Delay = 8.75>
ST_2 : Operation 44 [7/7] (8.75ns)   --->   "%gmem_addr_rd_req = call i1 @_ssdm_op_ReadReq.m_axi.i8P(i8* %gmem_addr, i32 784)" [ADSD/Classifier.cpp:21]   --->   Operation 44 'readreq' 'gmem_addr_rd_req' <Predicate = true> <Delay = 8.75> <Core = "m_axi">   --->   Core 9 'm_axi' <Latency = 6> <II = 1> <Delay = 1.00> <Adapter> <Opcode : 'read' 'write' 'readreq' 'writereq' 'writeresp'>

State 3 <SV = 2> <Delay = 8.75>
ST_3 : Operation 45 [6/7] (8.75ns)   --->   "%gmem_addr_rd_req = call i1 @_ssdm_op_ReadReq.m_axi.i8P(i8* %gmem_addr, i32 784)" [ADSD/Classifier.cpp:21]   --->   Operation 45 'readreq' 'gmem_addr_rd_req' <Predicate = true> <Delay = 8.75> <Core = "m_axi">   --->   Core 9 'm_axi' <Latency = 6> <II = 1> <Delay = 1.00> <Adapter> <Opcode : 'read' 'write' 'readreq' 'writereq' 'writeresp'>

State 4 <SV = 3> <Delay = 8.75>
ST_4 : Operation 46 [5/7] (8.75ns)   --->   "%gmem_addr_rd_req = call i1 @_ssdm_op_ReadReq.m_axi.i8P(i8* %gmem_addr, i32 784)" [ADSD/Classifier.cpp:21]   --->   Operation 46 'readreq' 'gmem_addr_rd_req' <Predicate = true> <Delay = 8.75> <Core = "m_axi">   --->   Core 9 'm_axi' <Latency = 6> <II = 1> <Delay = 1.00> <Adapter> <Opcode : 'read' 'write' 'readreq' 'writereq' 'writeresp'>

State 5 <SV = 4> <Delay = 8.75>
ST_5 : Operation 47 [4/7] (8.75ns)   --->   "%gmem_addr_rd_req = call i1 @_ssdm_op_ReadReq.m_axi.i8P(i8* %gmem_addr, i32 784)" [ADSD/Classifier.cpp:21]   --->   Operation 47 'readreq' 'gmem_addr_rd_req' <Predicate = true> <Delay = 8.75> <Core = "m_axi">   --->   Core 9 'm_axi' <Latency = 6> <II = 1> <Delay = 1.00> <Adapter> <Opcode : 'read' 'write' 'readreq' 'writereq' 'writeresp'>

State 6 <SV = 5> <Delay = 8.75>
ST_6 : Operation 48 [3/7] (8.75ns)   --->   "%gmem_addr_rd_req = call i1 @_ssdm_op_ReadReq.m_axi.i8P(i8* %gmem_addr, i32 784)" [ADSD/Classifier.cpp:21]   --->   Operation 48 'readreq' 'gmem_addr_rd_req' <Predicate = true> <Delay = 8.75> <Core = "m_axi">   --->   Core 9 'm_axi' <Latency = 6> <II = 1> <Delay = 1.00> <Adapter> <Opcode : 'read' 'write' 'readreq' 'writereq' 'writeresp'>

State 7 <SV = 6> <Delay = 8.75>
ST_7 : Operation 49 [2/7] (8.75ns)   --->   "%gmem_addr_rd_req = call i1 @_ssdm_op_ReadReq.m_axi.i8P(i8* %gmem_addr, i32 784)" [ADSD/Classifier.cpp:21]   --->   Operation 49 'readreq' 'gmem_addr_rd_req' <Predicate = true> <Delay = 8.75> <Core = "m_axi">   --->   Core 9 'm_axi' <Latency = 6> <II = 1> <Delay = 1.00> <Adapter> <Opcode : 'read' 'write' 'readreq' 'writereq' 'writeresp'>

State 8 <SV = 7> <Delay = 8.75>
ST_8 : Operation 50 [1/1] (0.00ns)   --->   "call void (...)* @_ssdm_op_SpecBitsMap(i8* %gmem), !map !148"   --->   Operation 50 'specbitsmap' <Predicate = true> <Delay = 0.00>
ST_8 : Operation 51 [1/1] (0.00ns)   --->   "call void (...)* @_ssdm_op_SpecBitsMap(double 0.000000e+00) nounwind, !map !154"   --->   Operation 51 'specbitsmap' <Predicate = true> <Delay = 0.00>
ST_8 : Operation 52 [1/1] (0.00ns)   --->   "call void (...)* @_ssdm_op_SpecTopModule([9 x i8]* @classify_str) nounwind"   --->   Operation 52 'spectopmodule' <Predicate = true> <Delay = 0.00>
ST_8 : Operation 53 [1/1] (0.00ns)   --->   "call void (...)* @_ssdm_op_SpecInterface(i8* %gmem, [6 x i8]* @p_str2, i32 0, i32 0, [1 x i8]* @p_str4, i32 0, i32 784, [5 x i8]* @p_str5, [6 x i8]* @p_str6, [1 x i8]* @p_str4, i32 16, i32 16, i32 16, i32 16, [1 x i8]* @p_str4, [1 x i8]* @p_str4)"   --->   Operation 53 'specinterface' <Predicate = true> <Delay = 0.00>
ST_8 : Operation 54 [1/1] (0.00ns)   --->   "call void (...)* @_ssdm_op_SpecInterface(i32 %x_V, [10 x i8]* @mode, i32 0, i32 0, [1 x i8]* @p_str4, i32 0, i32 784, [1 x i8]* @bundle, [6 x i8]* @p_str6, [1 x i8]* @p_str4, i32 16, i32 16, i32 16, i32 16, [1 x i8]* @p_str4, [1 x i8]* @p_str4)"   --->   Operation 54 'specinterface' <Predicate = true> <Delay = 0.00>
ST_8 : Operation 55 [1/1] (0.00ns)   --->   "call void (...)* @_ssdm_op_SpecInterface(i32 0, [10 x i8]* @p_str7, i32 0, i32 0, [1 x i8]* @p_str4, i32 0, i32 0, [8 x i8]* @p_str8, [1 x i8]* @p_str4, [1 x i8]* @p_str4, i32 0, i32 0, i32 0, i32 0, [1 x i8]* @p_str4, [1 x i8]* @p_str4) nounwind" [ADSD/Classifier.cpp:9]   --->   Operation 55 'specinterface' <Predicate = true> <Delay = 0.00>
ST_8 : Operation 56 [1/7] (8.75ns)   --->   "%gmem_addr_rd_req = call i1 @_ssdm_op_ReadReq.m_axi.i8P(i8* %gmem_addr, i32 784)" [ADSD/Classifier.cpp:21]   --->   Operation 56 'readreq' 'gmem_addr_rd_req' <Predicate = true> <Delay = 8.75> <Core = "m_axi">   --->   Core 9 'm_axi' <Latency = 6> <II = 1> <Delay = 1.00> <Adapter> <Opcode : 'read' 'write' 'readreq' 'writereq' 'writeresp'>
ST_8 : Operation 57 [1/1] (1.76ns)   --->   "br label %1" [ADSD/Classifier.cpp:19]   --->   Operation 57 'br' <Predicate = true> <Delay = 1.76>

State 9 <SV = 8> <Delay = 2.74>
ST_9 : Operation 58 [1/1] (0.00ns)   --->   "%i = phi i10 [ 0, %0 ], [ %i_1, %3 ]"   --->   Operation 58 'phi' 'i' <Predicate = true> <Delay = 0.00>
ST_9 : Operation 59 [1/1] (1.77ns)   --->   "%exitcond1 = icmp eq i10 %i, -240" [ADSD/Classifier.cpp:19]   --->   Operation 59 'icmp' 'exitcond1' <Predicate = true> <Delay = 1.77> <Core = "Cmp">   --->   Core 25 'Cmp' <Latency = 0> <II = 1> <Delay = 2.46> <FuncUnit> <Opcode : 'icmp'> <InPorts = 2> <OutPorts = 1>
ST_9 : Operation 60 [1/1] (0.00ns)   --->   "%empty = call i32 (...)* @_ssdm_op_SpecLoopTripCount(i64 784, i64 784, i64 784)"   --->   Operation 60 'speclooptripcount' 'empty' <Predicate = true> <Delay = 0.00>
ST_9 : Operation 61 [1/1] (1.73ns)   --->   "%i_1 = add i10 %i, 1" [ADSD/Classifier.cpp:19]   --->   Operation 61 'add' 'i_1' <Predicate = true> <Delay = 1.73> <Core = "AddSub">   --->   Core 14 'AddSub' <Latency = 0> <II = 1> <Delay = 1.63> <FuncUnit> <Opcode : 'add' 'sub'> <InPorts = 2> <OutPorts = 1>
ST_9 : Operation 62 [1/1] (0.00ns)   --->   "br i1 %exitcond1, label %.preheader.preheader, label %2" [ADSD/Classifier.cpp:19]   --->   Operation 62 'br' <Predicate = true> <Delay = 0.00>
ST_9 : Operation 63 [1/1] (0.00ns)   --->   "%tmp = trunc i10 %i to i2" [ADSD/Classifier.cpp:19]   --->   Operation 63 'trunc' 'tmp' <Predicate = (!exitcond1)> <Delay = 0.00>
ST_9 : Operation 64 [1/1] (0.00ns)   --->   "%newIndex = call i8 @_ssdm_op_PartSelect.i8.i10.i32.i32(i10 %i, i32 2, i32 9)" [ADSD/Classifier.cpp:19]   --->   Operation 64 'partselect' 'newIndex' <Predicate = (!exitcond1)> <Delay = 0.00>
ST_9 : Operation 65 [1/1] (1.30ns)   --->   "switch i2 %tmp, label %branch3 [
    i2 0, label %branch0
    i2 1, label %branch1
    i2 -2, label %branch2
  ]" [ADSD/Classifier.cpp:21]   --->   Operation 65 'switch' <Predicate = (!exitcond1)> <Delay = 1.30>

State 10 <SV = 9> <Delay = 8.75>
ST_10 : Operation 66 [1/1] (8.75ns)   --->   "%gmem_addr_read = call i8 @_ssdm_op_Read.m_axi.i8P(i8* %gmem_addr)" [ADSD/Classifier.cpp:21]   --->   Operation 66 'read' 'gmem_addr_read' <Predicate = true> <Delay = 8.75> <Core = "m_axi">   --->   Core 9 'm_axi' <Latency = 6> <II = 1> <Delay = 1.00> <Adapter> <Opcode : 'read' 'write' 'readreq' 'writereq' 'writeresp'>

State 11 <SV = 10> <Delay = 3.25>
ST_11 : Operation 67 [1/1] (0.00ns)   --->   "call void (...)* @_ssdm_op_SpecLoopName([16 x i8]* @p_str10) nounwind" [ADSD/Classifier.cpp:19]   --->   Operation 67 'specloopname' <Predicate = true> <Delay = 0.00>
ST_11 : Operation 68 [1/1] (0.00ns)   --->   "%tmp_1 = call i32 (...)* @_ssdm_op_SpecRegionBegin([16 x i8]* @p_str10)" [ADSD/Classifier.cpp:19]   --->   Operation 68 'specregionbegin' 'tmp_1' <Predicate = true> <Delay = 0.00>
ST_11 : Operation 69 [1/1] (0.00ns)   --->   "call void (...)* @_ssdm_op_SpecPipeline(i32 -1, i32 1, i32 1, i32 0, [1 x i8]* @p_str4) nounwind" [ADSD/Classifier.cpp:20]   --->   Operation 69 'specpipeline' <Predicate = true> <Delay = 0.00>
ST_11 : Operation 70 [1/1] (0.00ns)   --->   "%newIndex1 = zext i8 %newIndex to i64" [ADSD/Classifier.cpp:19]   --->   Operation 70 'zext' 'newIndex1' <Predicate = true> <Delay = 0.00>
ST_11 : Operation 71 [1/1] (0.00ns)   --->   "%x_local_0_V_addr = getelementptr [196 x i8]* %x_local_0_V, i64 0, i64 %newIndex1" [ADSD/Classifier.cpp:21]   --->   Operation 71 'getelementptr' 'x_local_0_V_addr' <Predicate = true> <Delay = 0.00>
ST_11 : Operation 72 [1/1] (0.00ns)   --->   "%x_local_1_V_addr = getelementptr [196 x i8]* %x_local_1_V, i64 0, i64 %newIndex1" [ADSD/Classifier.cpp:21]   --->   Operation 72 'getelementptr' 'x_local_1_V_addr' <Predicate = true> <Delay = 0.00>
ST_11 : Operation 73 [1/1] (0.00ns)   --->   "%x_local_2_V_addr = getelementptr [196 x i8]* %x_local_2_V, i64 0, i64 %newIndex1" [ADSD/Classifier.cpp:21]   --->   Operation 73 'getelementptr' 'x_local_2_V_addr' <Predicate = true> <Delay = 0.00>
ST_11 : Operation 74 [1/1] (0.00ns)   --->   "%x_local_3_V_addr = getelementptr [196 x i8]* %x_local_3_V, i64 0, i64 %newIndex1" [ADSD/Classifier.cpp:21]   --->   Operation 74 'getelementptr' 'x_local_3_V_addr' <Predicate = true> <Delay = 0.00>
ST_11 : Operation 75 [1/1] (3.25ns)   --->   "store i8 %gmem_addr_read, i8* %x_local_2_V_addr, align 1" [ADSD/Classifier.cpp:21]   --->   Operation 75 'store' <Predicate = (tmp == 2)> <Delay = 3.25> <Core = "RAM">   --->   Core 37 'RAM' <Latency = 1> <II = 1> <Delay = 3.25> <Storage> <Opcode : 'load' 'store'> <Ports = 2> <Width = 8> <Depth = 196> <RAM>
ST_11 : Operation 76 [1/1] (0.00ns)   --->   "br label %3" [ADSD/Classifier.cpp:21]   --->   Operation 76 'br' <Predicate = (tmp == 2)> <Delay = 0.00>
ST_11 : Operation 77 [1/1] (3.25ns)   --->   "store i8 %gmem_addr_read, i8* %x_local_1_V_addr, align 1" [ADSD/Classifier.cpp:21]   --->   Operation 77 'store' <Predicate = (tmp == 1)> <Delay = 3.25> <Core = "RAM">   --->   Core 37 'RAM' <Latency = 1> <II = 1> <Delay = 3.25> <Storage> <Opcode : 'load' 'store'> <Ports = 2> <Width = 8> <Depth = 196> <RAM>
ST_11 : Operation 78 [1/1] (0.00ns)   --->   "br label %3" [ADSD/Classifier.cpp:21]   --->   Operation 78 'br' <Predicate = (tmp == 1)> <Delay = 0.00>
ST_11 : Operation 79 [1/1] (3.25ns)   --->   "store i8 %gmem_addr_read, i8* %x_local_0_V_addr, align 1" [ADSD/Classifier.cpp:21]   --->   Operation 79 'store' <Predicate = (tmp == 0)> <Delay = 3.25> <Core = "RAM">   --->   Core 37 'RAM' <Latency = 1> <II = 1> <Delay = 3.25> <Storage> <Opcode : 'load' 'store'> <Ports = 2> <Width = 8> <Depth = 196> <RAM>
ST_11 : Operation 80 [1/1] (0.00ns)   --->   "br label %3" [ADSD/Classifier.cpp:21]   --->   Operation 80 'br' <Predicate = (tmp == 0)> <Delay = 0.00>
ST_11 : Operation 81 [1/1] (3.25ns)   --->   "store i8 %gmem_addr_read, i8* %x_local_3_V_addr, align 1" [ADSD/Classifier.cpp:21]   --->   Operation 81 'store' <Predicate = (tmp == 3)> <Delay = 3.25> <Core = "RAM">   --->   Core 37 'RAM' <Latency = 1> <II = 1> <Delay = 3.25> <Storage> <Opcode : 'load' 'store'> <Ports = 2> <Width = 8> <Depth = 196> <RAM>
ST_11 : Operation 82 [1/1] (0.00ns)   --->   "br label %3" [ADSD/Classifier.cpp:21]   --->   Operation 82 'br' <Predicate = (tmp == 3)> <Delay = 0.00>
ST_11 : Operation 83 [1/1] (0.00ns)   --->   "%empty_24 = call i32 (...)* @_ssdm_op_SpecRegionEnd([16 x i8]* @p_str10, i32 %tmp_1)" [ADSD/Classifier.cpp:22]   --->   Operation 83 'specregionend' 'empty_24' <Predicate = (!exitcond1)> <Delay = 0.00>
ST_11 : Operation 84 [1/1] (0.00ns)   --->   "br label %1" [ADSD/Classifier.cpp:19]   --->   Operation 84 'br' <Predicate = (!exitcond1)> <Delay = 0.00>

State 12 <SV = 9> <Delay = 1.76>
ST_12 : Operation 85 [1/1] (1.76ns)   --->   "br label %.preheader"   --->   Operation 85 'br' <Predicate = true> <Delay = 1.76>

State 13 <SV = 10> <Delay = 4.96>
ST_13 : Operation 86 [1/1] (0.00ns)   --->   "%p_Val2_s = phi i30 [ %sum_V, %compute_exp.exit ], [ 0, %.preheader.preheader ]"   --->   Operation 86 'phi' 'p_Val2_s' <Predicate = true> <Delay = 0.00>
ST_13 : Operation 87 [1/1] (0.00ns)   --->   "%i1 = phi i8 [ %i_2, %compute_exp.exit ], [ 0, %.preheader.preheader ]"   --->   Operation 87 'phi' 'i1' <Predicate = true> <Delay = 0.00>
ST_13 : Operation 88 [1/1] (0.00ns)   --->   "%phi_mul = phi i17 [ %next_mul, %compute_exp.exit ], [ 0, %.preheader.preheader ]"   --->   Operation 88 'phi' 'phi_mul' <Predicate = true> <Delay = 0.00>
ST_13 : Operation 89 [1/1] (2.10ns)   --->   "%next_mul = add i17 %phi_mul, 784"   --->   Operation 89 'add' 'next_mul' <Predicate = true> <Delay = 2.10> <Core = "AddSub">   --->   Core 14 'AddSub' <Latency = 0> <II = 1> <Delay = 1.63> <FuncUnit> <Opcode : 'add' 'sub'> <InPorts = 2> <OutPorts = 1>
ST_13 : Operation 90 [1/1] (1.55ns)   --->   "%exitcond2 = icmp eq i8 %i1, -91" [ADSD/Classifier.cpp:27]   --->   Operation 90 'icmp' 'exitcond2' <Predicate = true> <Delay = 1.55> <Core = "Cmp">   --->   Core 25 'Cmp' <Latency = 0> <II = 1> <Delay = 2.46> <FuncUnit> <Opcode : 'icmp'> <InPorts = 2> <OutPorts = 1>
ST_13 : Operation 91 [1/1] (0.00ns)   --->   "%empty_25 = call i32 (...)* @_ssdm_op_SpecLoopTripCount(i64 165, i64 165, i64 165)"   --->   Operation 91 'speclooptripcount' 'empty_25' <Predicate = true> <Delay = 0.00>
ST_13 : Operation 92 [1/1] (1.91ns)   --->   "%i_2 = add i8 %i1, 1" [ADSD/Classifier.cpp:27]   --->   Operation 92 'add' 'i_2' <Predicate = true> <Delay = 1.91> <Core = "AddSub">   --->   Core 14 'AddSub' <Latency = 0> <II = 1> <Delay = 1.63> <FuncUnit> <Opcode : 'add' 'sub'> <InPorts = 2> <OutPorts = 1>
ST_13 : Operation 93 [1/1] (0.00ns)   --->   "br i1 %exitcond2, label %_ifconv, label %4" [ADSD/Classifier.cpp:27]   --->   Operation 93 'br' <Predicate = true> <Delay = 0.00>
ST_13 : Operation 94 [1/1] (0.00ns)   --->   "call void (...)* @_ssdm_op_SpecLoopName([16 x i8]* @p_str11) nounwind" [ADSD/Classifier.cpp:27]   --->   Operation 94 'specloopname' <Predicate = (!exitcond2)> <Delay = 0.00>
ST_13 : Operation 95 [1/1] (0.00ns)   --->   "%tmp_2 = call i32 (...)* @_ssdm_op_SpecRegionBegin([16 x i8]* @p_str11)" [ADSD/Classifier.cpp:27]   --->   Operation 95 'specregionbegin' 'tmp_2' <Predicate = (!exitcond2)> <Delay = 0.00>
ST_13 : Operation 96 [1/1] (1.76ns)   --->   "br label %5" [ADSD/Classifier.cpp:31]   --->   Operation 96 'br' <Predicate = (!exitcond2)> <Delay = 1.76>
ST_13 : Operation 97 [1/1] (2.49ns)   --->   "%tmp_s = add i30 %p_Val2_s, -11776" [ADSD/Classifier.cpp:50]   --->   Operation 97 'add' 'tmp_s' <Predicate = (exitcond2)> <Delay = 2.49> <Core = "AddSub">   --->   Core 14 'AddSub' <Latency = 0> <II = 1> <Delay = 1.63> <FuncUnit> <Opcode : 'add' 'sub'> <InPorts = 2> <OutPorts = 1>
ST_13 : Operation 98 [1/1] (2.46ns)   --->   "%tmp_8 = icmp eq i30 %tmp_s, 0" [ADSD/Classifier.cpp:50]   --->   Operation 98 'icmp' 'tmp_8' <Predicate = (exitcond2)> <Delay = 2.46> <Core = "Cmp">   --->   Core 25 'Cmp' <Latency = 0> <II = 1> <Delay = 2.46> <FuncUnit> <Opcode : 'icmp'> <InPorts = 2> <OutPorts = 1>

State 14 <SV = 11> <Delay = 5.36>
ST_14 : Operation 99 [1/1] (0.00ns)   --->   "%p_Val2_s_26 = phi i31 [ 0, %4 ], [ %p_Val2_37_3, %6 ]" [ADSD/Classifier.cpp:41]   --->   Operation 99 'phi' 'p_Val2_s_26' <Predicate = true> <Delay = 0.00>
ST_14 : Operation 100 [1/1] (0.00ns)   --->   "%j = phi i10 [ 0, %4 ], [ %j_1_3, %6 ]" [ADSD/Classifier.cpp:31]   --->   Operation 100 'phi' 'j' <Predicate = true> <Delay = 0.00>
ST_14 : Operation 101 [1/1] (0.00ns)   --->   "%empty_27 = call i32 (...)* @_ssdm_op_SpecLoopTripCount(i64 196, i64 196, i64 196)"   --->   Operation 101 'speclooptripcount' 'empty_27' <Predicate = true> <Delay = 0.00>
ST_14 : Operation 102 [1/1] (1.77ns)   --->   "%exitcond = icmp eq i10 %j, -240" [ADSD/Classifier.cpp:31]   --->   Operation 102 'icmp' 'exitcond' <Predicate = true> <Delay = 1.77> <Core = "Cmp">   --->   Core 25 'Cmp' <Latency = 0> <II = 1> <Delay = 2.46> <FuncUnit> <Opcode : 'icmp'> <InPorts = 2> <OutPorts = 1>
ST_14 : Operation 103 [1/1] (0.00ns)   --->   "br i1 %exitcond, label %ap_fixed_base.exit, label %6" [ADSD/Classifier.cpp:31]   --->   Operation 103 'br' <Predicate = true> <Delay = 0.00>
ST_14 : Operation 104 [1/1] (0.00ns)   --->   "%j_cast6 = zext i10 %j to i17" [ADSD/Classifier.cpp:31]   --->   Operation 104 'zext' 'j_cast6' <Predicate = (!exitcond)> <Delay = 0.00>
ST_14 : Operation 105 [1/1] (2.10ns)   --->   "%tmp_12 = add i17 %j_cast6, %phi_mul" [ADSD/Classifier.cpp:35]   --->   Operation 105 'add' 'tmp_12' <Predicate = (!exitcond)> <Delay = 2.10> <Core = "AddSub">   --->   Core 14 'AddSub' <Latency = 0> <II = 1> <Delay = 1.63> <FuncUnit> <Opcode : 'add' 'sub'> <InPorts = 2> <OutPorts = 1>
ST_14 : Operation 106 [1/1] (0.00ns)   --->   "%newIndex2 = call i15 @_ssdm_op_PartSelect.i15.i17.i32.i32(i17 %tmp_12, i32 2, i32 16)" [ADSD/Classifier.cpp:35]   --->   Operation 106 'partselect' 'newIndex2' <Predicate = (!exitcond)> <Delay = 0.00>
ST_14 : Operation 107 [1/1] (0.00ns)   --->   "%newIndex3 = zext i15 %newIndex2 to i64" [ADSD/Classifier.cpp:35]   --->   Operation 107 'zext' 'newIndex3' <Predicate = (!exitcond)> <Delay = 0.00>
ST_14 : Operation 108 [1/1] (0.00ns)   --->   "%svs_V_0_addr = getelementptr [32340 x i8]* @svs_V_0, i64 0, i64 %newIndex3" [ADSD/Classifier.cpp:35]   --->   Operation 108 'getelementptr' 'svs_V_0_addr' <Predicate = (!exitcond)> <Delay = 0.00>
ST_14 : Operation 109 [2/2] (3.25ns)   --->   "%svs_V_0_load = load i8* %svs_V_0_addr, align 1" [ADSD/Classifier.cpp:35]   --->   Operation 109 'load' 'svs_V_0_load' <Predicate = (!exitcond)> <Delay = 3.25> <Core = "ROM_nP">   --->   Core 48 'ROM_nP' <Latency = 1> <II = 1> <Delay = 3.25> <Storage> <Opcode : 'load'> <Ports = 0> <Width = 8> <Depth = 165> <ROM>
ST_14 : Operation 110 [1/1] (0.00ns)   --->   "%newIndex4 = call i8 @_ssdm_op_PartSelect.i8.i10.i32.i32(i10 %j, i32 2, i32 9)" [ADSD/Classifier.cpp:31]   --->   Operation 110 'partselect' 'newIndex4' <Predicate = (!exitcond)> <Delay = 0.00>
ST_14 : Operation 111 [1/1] (0.00ns)   --->   "%newIndex5 = zext i8 %newIndex4 to i64" [ADSD/Classifier.cpp:31]   --->   Operation 111 'zext' 'newIndex5' <Predicate = (!exitcond)> <Delay = 0.00>
ST_14 : Operation 112 [1/1] (0.00ns)   --->   "%x_local_0_V_addr_1 = getelementptr [196 x i8]* %x_local_0_V, i64 0, i64 %newIndex5" [ADSD/Classifier.cpp:31]   --->   Operation 112 'getelementptr' 'x_local_0_V_addr_1' <Predicate = (!exitcond)> <Delay = 0.00>
ST_14 : Operation 113 [2/2] (3.25ns)   --->   "%x_local_0_V_load = load i8* %x_local_0_V_addr_1, align 1" [ADSD/Classifier.cpp:36]   --->   Operation 113 'load' 'x_local_0_V_load' <Predicate = (!exitcond)> <Delay = 3.25> <Core = "RAM">   --->   Core 37 'RAM' <Latency = 1> <II = 1> <Delay = 3.25> <Storage> <Opcode : 'load' 'store'> <Ports = 2> <Width = 8> <Depth = 196> <RAM>
ST_14 : Operation 114 [1/1] (0.00ns) (grouped into LUT with out node tmp_48_1)   --->   "%j_1_s = or i10 %j, 1" [ADSD/Classifier.cpp:31]   --->   Operation 114 'or' 'j_1_s' <Predicate = (!exitcond)> <Delay = 0.00>
ST_14 : Operation 115 [1/1] (0.00ns) (grouped into LUT with out node tmp_48_1)   --->   "%j_1_cast = zext i10 %j_1_s to i17" [ADSD/Classifier.cpp:31]   --->   Operation 115 'zext' 'j_1_cast' <Predicate = (!exitcond)> <Delay = 0.00>
ST_14 : Operation 116 [1/1] (2.10ns) (out node of the LUT)   --->   "%tmp_48_1 = add i17 %j_1_cast, %phi_mul" [ADSD/Classifier.cpp:35]   --->   Operation 116 'add' 'tmp_48_1' <Predicate = (!exitcond)> <Delay = 2.10> <Core = "AddSub">   --->   Core 14 'AddSub' <Latency = 0> <II = 1> <Delay = 1.63> <FuncUnit> <Opcode : 'add' 'sub'> <InPorts = 2> <OutPorts = 1>
ST_14 : Operation 117 [1/1] (0.00ns)   --->   "%newIndex6 = call i15 @_ssdm_op_PartSelect.i15.i17.i32.i32(i17 %tmp_48_1, i32 2, i32 16)" [ADSD/Classifier.cpp:35]   --->   Operation 117 'partselect' 'newIndex6' <Predicate = (!exitcond)> <Delay = 0.00>
ST_14 : Operation 118 [1/1] (0.00ns)   --->   "%newIndex7 = zext i15 %newIndex6 to i64" [ADSD/Classifier.cpp:35]   --->   Operation 118 'zext' 'newIndex7' <Predicate = (!exitcond)> <Delay = 0.00>
ST_14 : Operation 119 [1/1] (0.00ns)   --->   "%svs_V_1_addr = getelementptr [32340 x i8]* @svs_V_1, i64 0, i64 %newIndex7" [ADSD/Classifier.cpp:35]   --->   Operation 119 'getelementptr' 'svs_V_1_addr' <Predicate = (!exitcond)> <Delay = 0.00>
ST_14 : Operation 120 [2/2] (3.25ns)   --->   "%svs_V_1_load = load i8* %svs_V_1_addr, align 1" [ADSD/Classifier.cpp:35]   --->   Operation 120 'load' 'svs_V_1_load' <Predicate = (!exitcond)> <Delay = 3.25> <Core = "ROM_nP">   --->   Core 48 'ROM_nP' <Latency = 1> <II = 1> <Delay = 3.25> <Storage> <Opcode : 'load'> <Ports = 0> <Width = 8> <Depth = 165> <ROM>
ST_14 : Operation 121 [1/1] (0.00ns)   --->   "%x_local_1_V_addr_1 = getelementptr [196 x i8]* %x_local_1_V, i64 0, i64 %newIndex5" [ADSD/Classifier.cpp:31]   --->   Operation 121 'getelementptr' 'x_local_1_V_addr_1' <Predicate = (!exitcond)> <Delay = 0.00>
ST_14 : Operation 122 [2/2] (3.25ns)   --->   "%x_local_1_V_load = load i8* %x_local_1_V_addr_1, align 1" [ADSD/Classifier.cpp:36]   --->   Operation 122 'load' 'x_local_1_V_load' <Predicate = (!exitcond)> <Delay = 3.25> <Core = "RAM">   --->   Core 37 'RAM' <Latency = 1> <II = 1> <Delay = 3.25> <Storage> <Opcode : 'load' 'store'> <Ports = 2> <Width = 8> <Depth = 196> <RAM>
ST_14 : Operation 123 [1/1] (0.00ns) (grouped into LUT with out node tmp_48_2)   --->   "%j_1_1 = or i10 %j, 2" [ADSD/Classifier.cpp:31]   --->   Operation 123 'or' 'j_1_1' <Predicate = (!exitcond)> <Delay = 0.00>
ST_14 : Operation 124 [1/1] (0.00ns) (grouped into LUT with out node tmp_48_2)   --->   "%j_1_1_cast = zext i10 %j_1_1 to i17" [ADSD/Classifier.cpp:31]   --->   Operation 124 'zext' 'j_1_1_cast' <Predicate = (!exitcond)> <Delay = 0.00>
ST_14 : Operation 125 [1/1] (2.10ns) (out node of the LUT)   --->   "%tmp_48_2 = add i17 %j_1_1_cast, %phi_mul" [ADSD/Classifier.cpp:35]   --->   Operation 125 'add' 'tmp_48_2' <Predicate = (!exitcond)> <Delay = 2.10> <Core = "AddSub">   --->   Core 14 'AddSub' <Latency = 0> <II = 1> <Delay = 1.63> <FuncUnit> <Opcode : 'add' 'sub'> <InPorts = 2> <OutPorts = 1>
ST_14 : Operation 126 [1/1] (0.00ns)   --->   "%newIndex8 = call i15 @_ssdm_op_PartSelect.i15.i17.i32.i32(i17 %tmp_48_2, i32 2, i32 16)" [ADSD/Classifier.cpp:35]   --->   Operation 126 'partselect' 'newIndex8' <Predicate = (!exitcond)> <Delay = 0.00>
ST_14 : Operation 127 [1/1] (0.00ns)   --->   "%newIndex9 = zext i15 %newIndex8 to i64" [ADSD/Classifier.cpp:35]   --->   Operation 127 'zext' 'newIndex9' <Predicate = (!exitcond)> <Delay = 0.00>
ST_14 : Operation 128 [1/1] (0.00ns)   --->   "%svs_V_2_addr = getelementptr [32340 x i8]* @svs_V_2, i64 0, i64 %newIndex9" [ADSD/Classifier.cpp:35]   --->   Operation 128 'getelementptr' 'svs_V_2_addr' <Predicate = (!exitcond)> <Delay = 0.00>
ST_14 : Operation 129 [2/2] (3.25ns)   --->   "%svs_V_2_load = load i8* %svs_V_2_addr, align 1" [ADSD/Classifier.cpp:35]   --->   Operation 129 'load' 'svs_V_2_load' <Predicate = (!exitcond)> <Delay = 3.25> <Core = "ROM_nP">   --->   Core 48 'ROM_nP' <Latency = 1> <II = 1> <Delay = 3.25> <Storage> <Opcode : 'load'> <Ports = 0> <Width = 8> <Depth = 165> <ROM>
ST_14 : Operation 130 [1/1] (0.00ns)   --->   "%x_local_2_V_addr_1 = getelementptr [196 x i8]* %x_local_2_V, i64 0, i64 %newIndex5" [ADSD/Classifier.cpp:31]   --->   Operation 130 'getelementptr' 'x_local_2_V_addr_1' <Predicate = (!exitcond)> <Delay = 0.00>
ST_14 : Operation 131 [2/2] (3.25ns)   --->   "%x_local_2_V_load = load i8* %x_local_2_V_addr_1, align 1" [ADSD/Classifier.cpp:36]   --->   Operation 131 'load' 'x_local_2_V_load' <Predicate = (!exitcond)> <Delay = 3.25> <Core = "RAM">   --->   Core 37 'RAM' <Latency = 1> <II = 1> <Delay = 3.25> <Storage> <Opcode : 'load' 'store'> <Ports = 2> <Width = 8> <Depth = 196> <RAM>
ST_14 : Operation 132 [1/1] (0.00ns) (grouped into LUT with out node tmp_48_3)   --->   "%j_1_2 = or i10 %j, 3" [ADSD/Classifier.cpp:31]   --->   Operation 132 'or' 'j_1_2' <Predicate = (!exitcond)> <Delay = 0.00>
ST_14 : Operation 133 [1/1] (0.00ns) (grouped into LUT with out node tmp_48_3)   --->   "%j_1_2_cast = zext i10 %j_1_2 to i17" [ADSD/Classifier.cpp:31]   --->   Operation 133 'zext' 'j_1_2_cast' <Predicate = (!exitcond)> <Delay = 0.00>
ST_14 : Operation 134 [1/1] (2.10ns) (out node of the LUT)   --->   "%tmp_48_3 = add i17 %j_1_2_cast, %phi_mul" [ADSD/Classifier.cpp:35]   --->   Operation 134 'add' 'tmp_48_3' <Predicate = (!exitcond)> <Delay = 2.10> <Core = "AddSub">   --->   Core 14 'AddSub' <Latency = 0> <II = 1> <Delay = 1.63> <FuncUnit> <Opcode : 'add' 'sub'> <InPorts = 2> <OutPorts = 1>
ST_14 : Operation 135 [1/1] (0.00ns)   --->   "%newIndex10 = call i15 @_ssdm_op_PartSelect.i15.i17.i32.i32(i17 %tmp_48_3, i32 2, i32 16)" [ADSD/Classifier.cpp:35]   --->   Operation 135 'partselect' 'newIndex10' <Predicate = (!exitcond)> <Delay = 0.00>
ST_14 : Operation 136 [1/1] (0.00ns)   --->   "%newIndex11 = zext i15 %newIndex10 to i64" [ADSD/Classifier.cpp:35]   --->   Operation 136 'zext' 'newIndex11' <Predicate = (!exitcond)> <Delay = 0.00>
ST_14 : Operation 137 [1/1] (0.00ns)   --->   "%svs_V_3_addr = getelementptr [32340 x i8]* @svs_V_3, i64 0, i64 %newIndex11" [ADSD/Classifier.cpp:35]   --->   Operation 137 'getelementptr' 'svs_V_3_addr' <Predicate = (!exitcond)> <Delay = 0.00>
ST_14 : Operation 138 [2/2] (3.25ns)   --->   "%svs_V_3_load = load i8* %svs_V_3_addr, align 1" [ADSD/Classifier.cpp:35]   --->   Operation 138 'load' 'svs_V_3_load' <Predicate = (!exitcond)> <Delay = 3.25> <Core = "ROM_nP">   --->   Core 48 'ROM_nP' <Latency = 1> <II = 1> <Delay = 3.25> <Storage> <Opcode : 'load'> <Ports = 0> <Width = 8> <Depth = 165> <ROM>
ST_14 : Operation 139 [1/1] (0.00ns)   --->   "%x_local_3_V_addr_1 = getelementptr [196 x i8]* %x_local_3_V, i64 0, i64 %newIndex5" [ADSD/Classifier.cpp:31]   --->   Operation 139 'getelementptr' 'x_local_3_V_addr_1' <Predicate = (!exitcond)> <Delay = 0.00>
ST_14 : Operation 140 [2/2] (3.25ns)   --->   "%x_local_3_V_load = load i8* %x_local_3_V_addr_1, align 1" [ADSD/Classifier.cpp:36]   --->   Operation 140 'load' 'x_local_3_V_load' <Predicate = (!exitcond)> <Delay = 3.25> <Core = "RAM">   --->   Core 37 'RAM' <Latency = 1> <II = 1> <Delay = 3.25> <Storage> <Opcode : 'load' 'store'> <Ports = 2> <Width = 8> <Depth = 196> <RAM>
ST_14 : Operation 141 [1/1] (1.73ns)   --->   "%j_1_3 = add i10 %j, 4" [ADSD/Classifier.cpp:31]   --->   Operation 141 'add' 'j_1_3' <Predicate = (!exitcond)> <Delay = 1.73> <Core = "AddSub">   --->   Core 14 'AddSub' <Latency = 0> <II = 1> <Delay = 1.63> <FuncUnit> <Opcode : 'add' 'sub'> <InPorts = 2> <OutPorts = 1>

State 15 <SV = 12> <Delay = 5.16>
ST_15 : Operation 142 [1/2] (3.25ns)   --->   "%svs_V_0_load = load i8* %svs_V_0_addr, align 1" [ADSD/Classifier.cpp:35]   --->   Operation 142 'load' 'svs_V_0_load' <Predicate = (!exitcond)> <Delay = 3.25> <Core = "ROM_nP">   --->   Core 48 'ROM_nP' <Latency = 1> <II = 1> <Delay = 3.25> <Storage> <Opcode : 'load'> <Ports = 0> <Width = 8> <Depth = 165> <ROM>
ST_15 : Operation 143 [1/2] (3.25ns)   --->   "%x_local_0_V_load = load i8* %x_local_0_V_addr_1, align 1" [ADSD/Classifier.cpp:36]   --->   Operation 143 'load' 'x_local_0_V_load' <Predicate = (!exitcond)> <Delay = 3.25> <Core = "RAM">   --->   Core 37 'RAM' <Latency = 1> <II = 1> <Delay = 3.25> <Storage> <Opcode : 'load' 'store'> <Ports = 2> <Width = 8> <Depth = 196> <RAM>
ST_15 : Operation 144 [1/1] (1.91ns)   --->   "%p_Val2_5 = sub i8 %svs_V_0_load, %x_local_0_V_load" [ADSD/Classifier.cpp:37]   --->   Operation 144 'sub' 'p_Val2_5' <Predicate = (!exitcond)> <Delay = 1.91> <Core = "AddSub">   --->   Core 14 'AddSub' <Latency = 0> <II = 1> <Delay = 1.63> <FuncUnit> <Opcode : 'add' 'sub'> <InPorts = 2> <OutPorts = 1>
ST_15 : Operation 145 [1/2] (3.25ns)   --->   "%svs_V_1_load = load i8* %svs_V_1_addr, align 1" [ADSD/Classifier.cpp:35]   --->   Operation 145 'load' 'svs_V_1_load' <Predicate = (!exitcond)> <Delay = 3.25> <Core = "ROM_nP">   --->   Core 48 'ROM_nP' <Latency = 1> <II = 1> <Delay = 3.25> <Storage> <Opcode : 'load'> <Ports = 0> <Width = 8> <Depth = 165> <ROM>
ST_15 : Operation 146 [1/2] (3.25ns)   --->   "%x_local_1_V_load = load i8* %x_local_1_V_addr_1, align 1" [ADSD/Classifier.cpp:36]   --->   Operation 146 'load' 'x_local_1_V_load' <Predicate = (!exitcond)> <Delay = 3.25> <Core = "RAM">   --->   Core 37 'RAM' <Latency = 1> <II = 1> <Delay = 3.25> <Storage> <Opcode : 'load' 'store'> <Ports = 2> <Width = 8> <Depth = 196> <RAM>
ST_15 : Operation 147 [1/1] (1.91ns)   --->   "%p_Val2_33_1 = sub i8 %svs_V_1_load, %x_local_1_V_load" [ADSD/Classifier.cpp:37]   --->   Operation 147 'sub' 'p_Val2_33_1' <Predicate = (!exitcond)> <Delay = 1.91> <Core = "AddSub">   --->   Core 14 'AddSub' <Latency = 0> <II = 1> <Delay = 1.63> <FuncUnit> <Opcode : 'add' 'sub'> <InPorts = 2> <OutPorts = 1>
ST_15 : Operation 148 [1/2] (3.25ns)   --->   "%svs_V_2_load = load i8* %svs_V_2_addr, align 1" [ADSD/Classifier.cpp:35]   --->   Operation 148 'load' 'svs_V_2_load' <Predicate = (!exitcond)> <Delay = 3.25> <Core = "ROM_nP">   --->   Core 48 'ROM_nP' <Latency = 1> <II = 1> <Delay = 3.25> <Storage> <Opcode : 'load'> <Ports = 0> <Width = 8> <Depth = 165> <ROM>
ST_15 : Operation 149 [1/2] (3.25ns)   --->   "%x_local_2_V_load = load i8* %x_local_2_V_addr_1, align 1" [ADSD/Classifier.cpp:36]   --->   Operation 149 'load' 'x_local_2_V_load' <Predicate = (!exitcond)> <Delay = 3.25> <Core = "RAM">   --->   Core 37 'RAM' <Latency = 1> <II = 1> <Delay = 3.25> <Storage> <Opcode : 'load' 'store'> <Ports = 2> <Width = 8> <Depth = 196> <RAM>
ST_15 : Operation 150 [1/1] (1.91ns)   --->   "%p_Val2_33_2 = sub i8 %svs_V_2_load, %x_local_2_V_load" [ADSD/Classifier.cpp:37]   --->   Operation 150 'sub' 'p_Val2_33_2' <Predicate = (!exitcond)> <Delay = 1.91> <Core = "AddSub">   --->   Core 14 'AddSub' <Latency = 0> <II = 1> <Delay = 1.63> <FuncUnit> <Opcode : 'add' 'sub'> <InPorts = 2> <OutPorts = 1>
ST_15 : Operation 151 [1/2] (3.25ns)   --->   "%svs_V_3_load = load i8* %svs_V_3_addr, align 1" [ADSD/Classifier.cpp:35]   --->   Operation 151 'load' 'svs_V_3_load' <Predicate = (!exitcond)> <Delay = 3.25> <Core = "ROM_nP">   --->   Core 48 'ROM_nP' <Latency = 1> <II = 1> <Delay = 3.25> <Storage> <Opcode : 'load'> <Ports = 0> <Width = 8> <Depth = 165> <ROM>
ST_15 : Operation 152 [1/2] (3.25ns)   --->   "%x_local_3_V_load = load i8* %x_local_3_V_addr_1, align 1" [ADSD/Classifier.cpp:36]   --->   Operation 152 'load' 'x_local_3_V_load' <Predicate = (!exitcond)> <Delay = 3.25> <Core = "RAM">   --->   Core 37 'RAM' <Latency = 1> <II = 1> <Delay = 3.25> <Storage> <Opcode : 'load' 'store'> <Ports = 2> <Width = 8> <Depth = 196> <RAM>
ST_15 : Operation 153 [1/1] (1.91ns)   --->   "%p_Val2_33_3 = sub i8 %svs_V_3_load, %x_local_3_V_load" [ADSD/Classifier.cpp:37]   --->   Operation 153 'sub' 'p_Val2_33_3' <Predicate = (!exitcond)> <Delay = 1.91> <Core = "AddSub">   --->   Core 14 'AddSub' <Latency = 0> <II = 1> <Delay = 1.63> <FuncUnit> <Opcode : 'add' 'sub'> <InPorts = 2> <OutPorts = 1>

State 16 <SV = 13> <Delay = 8.70>
ST_16 : Operation 154 [1/1] (0.00ns)   --->   "%OP1_V_3 = sext i8 %p_Val2_5 to i16" [ADSD/Classifier.cpp:41]   --->   Operation 154 'sext' 'OP1_V_3' <Predicate = (!exitcond)> <Delay = 0.00>
ST_16 : Operation 155 [1/1] (4.17ns)   --->   "%p_Val2_6 = mul i16 %OP1_V_3, %OP1_V_3" [ADSD/Classifier.cpp:41]   --->   Operation 155 'mul' 'p_Val2_6' <Predicate = (!exitcond)> <Delay = 4.17> <Core = "Mul">   --->   Core 16 'Mul' <Latency = 0> <II = 1> <Delay = 7.71> <FuncUnit> <Opcode : 'mul'> <InPorts = 2> <OutPorts = 1>
ST_16 : Operation 156 [1/1] (0.00ns)   --->   "%p_Val2_7 = call i22 @_ssdm_op_BitConcatenate.i22.i16.i6(i16 %p_Val2_6, i6 0)" [ADSD/Classifier.cpp:41]   --->   Operation 156 'bitconcatenate' 'p_Val2_7' <Predicate = (!exitcond)> <Delay = 0.00>
ST_16 : Operation 157 [1/1] (0.00ns)   --->   "%tmp_29_cast = sext i22 %p_Val2_7 to i23" [ADSD/Classifier.cpp:42]   --->   Operation 157 'sext' 'tmp_29_cast' <Predicate = (!exitcond)> <Delay = 0.00>
ST_16 : Operation 158 [1/1] (0.00ns)   --->   "%OP1_V_3_1 = sext i8 %p_Val2_33_1 to i16" [ADSD/Classifier.cpp:41]   --->   Operation 158 'sext' 'OP1_V_3_1' <Predicate = (!exitcond)> <Delay = 0.00>
ST_16 : Operation 159 [1/1] (4.17ns)   --->   "%p_Val2_34_1 = mul i16 %OP1_V_3_1, %OP1_V_3_1" [ADSD/Classifier.cpp:41]   --->   Operation 159 'mul' 'p_Val2_34_1' <Predicate = (!exitcond)> <Delay = 4.17> <Core = "Mul">   --->   Core 16 'Mul' <Latency = 0> <II = 1> <Delay = 7.71> <FuncUnit> <Opcode : 'mul'> <InPorts = 2> <OutPorts = 1>
ST_16 : Operation 160 [1/1] (0.00ns)   --->   "%p_Val2_36_1 = call i22 @_ssdm_op_BitConcatenate.i22.i16.i6(i16 %p_Val2_34_1, i6 0)" [ADSD/Classifier.cpp:41]   --->   Operation 160 'bitconcatenate' 'p_Val2_36_1' <Predicate = (!exitcond)> <Delay = 0.00>
ST_16 : Operation 161 [1/1] (0.00ns)   --->   "%tmp_56_1_cast = sext i22 %p_Val2_36_1 to i23" [ADSD/Classifier.cpp:31]   --->   Operation 161 'sext' 'tmp_56_1_cast' <Predicate = (!exitcond)> <Delay = 0.00>
ST_16 : Operation 162 [1/1] (0.00ns)   --->   "%OP1_V_3_2 = sext i8 %p_Val2_33_2 to i16" [ADSD/Classifier.cpp:41]   --->   Operation 162 'sext' 'OP1_V_3_2' <Predicate = (!exitcond)> <Delay = 0.00>
ST_16 : Operation 163 [1/1] (4.17ns)   --->   "%p_Val2_34_2 = mul i16 %OP1_V_3_2, %OP1_V_3_2" [ADSD/Classifier.cpp:41]   --->   Operation 163 'mul' 'p_Val2_34_2' <Predicate = (!exitcond)> <Delay = 4.17> <Core = "Mul">   --->   Core 16 'Mul' <Latency = 0> <II = 1> <Delay = 7.71> <FuncUnit> <Opcode : 'mul'> <InPorts = 2> <OutPorts = 1>
ST_16 : Operation 164 [1/1] (0.00ns)   --->   "%p_Val2_36_2 = call i22 @_ssdm_op_BitConcatenate.i22.i16.i6(i16 %p_Val2_34_2, i6 0)" [ADSD/Classifier.cpp:41]   --->   Operation 164 'bitconcatenate' 'p_Val2_36_2' <Predicate = (!exitcond)> <Delay = 0.00>
ST_16 : Operation 165 [1/1] (0.00ns)   --->   "%tmp_56_2_cast = sext i22 %p_Val2_36_2 to i23" [ADSD/Classifier.cpp:31]   --->   Operation 165 'sext' 'tmp_56_2_cast' <Predicate = (!exitcond)> <Delay = 0.00>
ST_16 : Operation 166 [1/1] (0.00ns)   --->   "%OP1_V_3_3 = sext i8 %p_Val2_33_3 to i16" [ADSD/Classifier.cpp:41]   --->   Operation 166 'sext' 'OP1_V_3_3' <Predicate = (!exitcond)> <Delay = 0.00>
ST_16 : Operation 167 [1/1] (4.17ns)   --->   "%p_Val2_34_3 = mul i16 %OP1_V_3_3, %OP1_V_3_3" [ADSD/Classifier.cpp:41]   --->   Operation 167 'mul' 'p_Val2_34_3' <Predicate = (!exitcond)> <Delay = 4.17> <Core = "Mul">   --->   Core 16 'Mul' <Latency = 0> <II = 1> <Delay = 7.71> <FuncUnit> <Opcode : 'mul'> <InPorts = 2> <OutPorts = 1>
ST_16 : Operation 168 [1/1] (0.00ns)   --->   "%p_Val2_36_3 = call i22 @_ssdm_op_BitConcatenate.i22.i16.i6(i16 %p_Val2_34_3, i6 0)" [ADSD/Classifier.cpp:41]   --->   Operation 168 'bitconcatenate' 'p_Val2_36_3' <Predicate = (!exitcond)> <Delay = 0.00>
ST_16 : Operation 169 [1/1] (0.00ns)   --->   "%tmp_56_3_cast = sext i22 %p_Val2_36_3 to i23" [ADSD/Classifier.cpp:41]   --->   Operation 169 'sext' 'tmp_56_3_cast' <Predicate = (!exitcond)> <Delay = 0.00>
ST_16 : Operation 170 [1/1] (2.25ns)   --->   "%tmp1 = add i23 %tmp_56_1_cast, %tmp_29_cast" [ADSD/Classifier.cpp:41]   --->   Operation 170 'add' 'tmp1' <Predicate = (!exitcond)> <Delay = 2.25> <Core = "AddSub">   --->   Core 14 'AddSub' <Latency = 0> <II = 1> <Delay = 1.63> <FuncUnit> <Opcode : 'add' 'sub'> <InPorts = 2> <OutPorts = 1>
ST_16 : Operation 171 [1/1] (0.00ns)   --->   "%tmp1_cast = sext i23 %tmp1 to i24" [ADSD/Classifier.cpp:41]   --->   Operation 171 'sext' 'tmp1_cast' <Predicate = (!exitcond)> <Delay = 0.00>
ST_16 : Operation 172 [1/1] (2.25ns)   --->   "%tmp2 = add i23 %tmp_56_3_cast, %tmp_56_2_cast" [ADSD/Classifier.cpp:41]   --->   Operation 172 'add' 'tmp2' <Predicate = (!exitcond)> <Delay = 2.25> <Core = "AddSub">   --->   Core 14 'AddSub' <Latency = 0> <II = 1> <Delay = 1.63> <FuncUnit> <Opcode : 'add' 'sub'> <InPorts = 2> <OutPorts = 1>
ST_16 : Operation 173 [1/1] (0.00ns)   --->   "%tmp2_cast = sext i23 %tmp2 to i24" [ADSD/Classifier.cpp:41]   --->   Operation 173 'sext' 'tmp2_cast' <Predicate = (!exitcond)> <Delay = 0.00>
ST_16 : Operation 174 [1/1] (2.28ns)   --->   "%tmp_13 = add i24 %tmp1_cast, %tmp2_cast" [ADSD/Classifier.cpp:41]   --->   Operation 174 'add' 'tmp_13' <Predicate = (!exitcond)> <Delay = 2.28> <Core = "AddSub">   --->   Core 14 'AddSub' <Latency = 0> <II = 1> <Delay = 1.63> <FuncUnit> <Opcode : 'add' 'sub'> <InPorts = 2> <OutPorts = 1>

State 17 <SV = 14> <Delay = 2.52>
ST_17 : Operation 175 [1/1] (0.00ns)   --->   "call void (...)* @_ssdm_op_SpecLoopName([16 x i8]* @p_str12) nounwind" [ADSD/Classifier.cpp:31]   --->   Operation 175 'specloopname' <Predicate = (!exitcond)> <Delay = 0.00>
ST_17 : Operation 176 [1/1] (0.00ns)   --->   "%tmp_5 = call i32 (...)* @_ssdm_op_SpecRegionBegin([16 x i8]* @p_str12)" [ADSD/Classifier.cpp:31]   --->   Operation 176 'specregionbegin' 'tmp_5' <Predicate = (!exitcond)> <Delay = 0.00>
ST_17 : Operation 177 [1/1] (0.00ns)   --->   "call void (...)* @_ssdm_op_SpecPipeline(i32 1, i32 1, i32 1, i32 0, [1 x i8]* @p_str4) nounwind" [ADSD/Classifier.cpp:33]   --->   Operation 177 'specpipeline' <Predicate = (!exitcond)> <Delay = 0.00>
ST_17 : Operation 178 [1/1] (0.00ns)   --->   "%empty_28 = call i32 (...)* @_ssdm_op_SpecRegionEnd([16 x i8]* @p_str12, i32 %tmp_5)" [ADSD/Classifier.cpp:42]   --->   Operation 178 'specregionend' 'empty_28' <Predicate = (!exitcond)> <Delay = 0.00>
ST_17 : Operation 179 [1/1] (0.00ns)   --->   "%p_cast = sext i24 %tmp_13 to i31" [ADSD/Classifier.cpp:41]   --->   Operation 179 'sext' 'p_cast' <Predicate = (!exitcond)> <Delay = 0.00>
ST_17 : Operation 180 [1/1] (2.52ns)   --->   "%p_Val2_37_3 = add i31 %p_cast, %p_Val2_s_26" [ADSD/Classifier.cpp:41]   --->   Operation 180 'add' 'p_Val2_37_3' <Predicate = (!exitcond)> <Delay = 2.52> <Core = "AddSub">   --->   Core 14 'AddSub' <Latency = 0> <II = 1> <Delay = 1.63> <FuncUnit> <Opcode : 'add' 'sub'> <InPorts = 2> <OutPorts = 1>
ST_17 : Operation 181 [1/1] (0.00ns)   --->   "br label %5" [ADSD/Classifier.cpp:31]   --->   Operation 181 'br' <Predicate = (!exitcond)> <Delay = 0.00>

State 18 <SV = 12> <Delay = 4.40>
ST_18 : Operation 182 [1/1] (0.00ns)   --->   "%OP2_V_cast = sext i31 %p_Val2_s_26 to i33" [ADSD/Classifier.cpp:46]   --->   Operation 182 'sext' 'OP2_V_cast' <Predicate = true> <Delay = 0.00>
ST_18 : Operation 183 [1/1] (0.00ns)   --->   "%p_shl = call i33 @_ssdm_op_BitConcatenate.i33.i31.i2(i31 %p_Val2_s_26, i2 0)" [ADSD/Classifier.cpp:46]   --->   Operation 183 'bitconcatenate' 'p_shl' <Predicate = true> <Delay = 0.00>
ST_18 : Operation 184 [1/1] (0.00ns) (grouped into TernaryAdder)   --->   "%p_neg = sub i33 0, %p_shl" [ADSD/Classifier.cpp:46]   --->   Operation 184 'sub' 'p_neg' <Predicate = true> <Delay = 0.00> <Core = "TAddSub">   --->   Core 80 'TAddSub' <Latency = 0> <II = 1> <Delay = 2.20> <IPBlock> <Opcode : 'add' 'sub'> <InPorts = 3> <OutPorts = 1> <Sync> <CReg>
ST_18 : Operation 185 [1/1] (4.40ns) (root node of TernaryAdder)   --->   "%p_Val2_1 = sub i33 %p_neg, %OP2_V_cast" [ADSD/Classifier.cpp:46]   --->   Operation 185 'sub' 'p_Val2_1' <Predicate = true> <Delay = 4.40> <Core = "TAddSub">   --->   Core 80 'TAddSub' <Latency = 0> <II = 1> <Delay = 2.20> <IPBlock> <Opcode : 'add' 'sub'> <InPorts = 3> <OutPorts = 1> <Sync> <CReg>
ST_18 : Operation 186 [1/1] (0.00ns)   --->   "%tmp_6 = call i16 @_ssdm_op_PartSelect.i16.i33.i32.i32(i33 %p_Val2_1, i32 8, i32 23)" [ADSD/Classifier.cpp:46]   --->   Operation 186 'partselect' 'tmp_6' <Predicate = true> <Delay = 0.00>

State 19 <SV = 13> <Delay = 8.48>
ST_19 : Operation 187 [1/1] (0.00ns)   --->   "%tmp_1_i = call i36 @_ssdm_op_BitConcatenate.i36.i16.i20(i16 %tmp_6, i20 0)" [ADSD/Exp.cpp:51->ADSD/Classifier.cpp:46]   --->   Operation 187 'bitconcatenate' 'tmp_1_i' <Predicate = true> <Delay = 0.00>
ST_19 : Operation 188 [1/1] (0.00ns)   --->   "%OP1_V_i_cast = sext i36 %tmp_1_i to i69" [ADSD/Exp.cpp:51->ADSD/Classifier.cpp:46]   --->   Operation 188 'sext' 'OP1_V_i_cast' <Predicate = true> <Delay = 0.00>
ST_19 : Operation 189 [1/1] (8.48ns)   --->   "%p_Val2_4 = mul i69 6196328018, %OP1_V_i_cast" [ADSD/Exp.cpp:51->ADSD/Classifier.cpp:46]   --->   Operation 189 'mul' 'p_Val2_4' <Predicate = true> <Delay = 8.48> <Core = "Mul">   --->   Core 16 'Mul' <Latency = 0> <II = 1> <Delay = 7.71> <FuncUnit> <Opcode : 'mul'> <InPorts = 2> <OutPorts = 1>
ST_19 : Operation 190 [1/1] (0.00ns)   --->   "%tmp_7 = call i37 @_ssdm_op_PartSelect.i37.i69.i32.i32(i69 %p_Val2_4, i32 32, i32 68)" [ADSD/Exp.cpp:51->ADSD/Classifier.cpp:46]   --->   Operation 190 'partselect' 'tmp_7' <Predicate = true> <Delay = 0.00>
ST_19 : Operation 191 [1/1] (0.00ns)   --->   "%tmp_9 = call i5 @_ssdm_op_PartSelect.i5.i69.i32.i32(i69 %p_Val2_4, i32 64, i32 68)" [ADSD/Exp.cpp:42->ADSD/Exp.cpp:52->ADSD/Classifier.cpp:46]   --->   Operation 191 'partselect' 'tmp_9' <Predicate = true> <Delay = 0.00>
ST_19 : Operation 192 [1/1] (0.00ns)   --->   "%p_Result_2_i_i = call i32 @_ssdm_op_PartSelect.i32.i69.i32.i32(i69 %p_Val2_4, i32 32, i32 63)" [ADSD/Exp.cpp:42->ADSD/Exp.cpp:52->ADSD/Classifier.cpp:46]   --->   Operation 192 'partselect' 'p_Result_2_i_i' <Predicate = true> <Delay = 0.00>

State 20 <SV = 14> <Delay = 7.36>
ST_20 : Operation 193 [1/1] (0.00ns)   --->   "%p_Val2_8 = sext i37 %tmp_7 to i40" [ADSD/Exp.cpp:51->ADSD/Classifier.cpp:46]   --->   Operation 193 'sext' 'p_Val2_8' <Predicate = true> <Delay = 0.00>
ST_20 : Operation 194 [1/1] (0.00ns)   --->   "%ret_V_cast = sext i5 %tmp_9 to i6" [ADSD/Exp.cpp:42->ADSD/Exp.cpp:52->ADSD/Classifier.cpp:46]   --->   Operation 194 'sext' 'ret_V_cast' <Predicate = true> <Delay = 0.00>
ST_20 : Operation 195 [1/1] (0.00ns) (grouped into LUT with out node p_2_i_i)   --->   "%tmp_10 = call i1 @_ssdm_op_BitSelect.i1.i69.i32(i69 %p_Val2_4, i32 68)" [ADSD/Exp.cpp:42->ADSD/Exp.cpp:52->ADSD/Classifier.cpp:46]   --->   Operation 195 'bitselect' 'tmp_10' <Predicate = true> <Delay = 0.00>
ST_20 : Operation 196 [1/1] (2.47ns)   --->   "%tmp_2_i_i = icmp eq i32 %p_Result_2_i_i, 0" [ADSD/Exp.cpp:42->ADSD/Exp.cpp:52->ADSD/Classifier.cpp:46]   --->   Operation 196 'icmp' 'tmp_2_i_i' <Predicate = true> <Delay = 2.47> <Core = "Cmp">   --->   Core 25 'Cmp' <Latency = 0> <II = 1> <Delay = 2.46> <FuncUnit> <Opcode : 'icmp'> <InPorts = 2> <OutPorts = 1>
ST_20 : Operation 197 [1/1] (1.78ns)   --->   "%ret_V = add i6 1, %ret_V_cast" [ADSD/Exp.cpp:42->ADSD/Exp.cpp:52->ADSD/Classifier.cpp:46]   --->   Operation 197 'add' 'ret_V' <Predicate = true> <Delay = 1.78> <Core = "AddSub">   --->   Core 14 'AddSub' <Latency = 0> <II = 1> <Delay = 1.63> <FuncUnit> <Opcode : 'add' 'sub'> <InPorts = 2> <OutPorts = 1>
ST_20 : Operation 198 [1/1] (0.00ns) (grouped into LUT with out node p_2_i_i)   --->   "%p_i_i = select i1 %tmp_2_i_i, i6 %ret_V_cast, i6 %ret_V" [ADSD/Exp.cpp:42->ADSD/Exp.cpp:52->ADSD/Classifier.cpp:46]   --->   Operation 198 'select' 'p_i_i' <Predicate = true> <Delay = 0.00> <Core = "Sel">   --->   Core 26 'Sel' <Latency = 0> <II = 1> <Delay = 1.48> <FuncUnit> <Opcode : 'select'> <InPorts = 3> <OutPorts = 1>
ST_20 : Operation 199 [1/1] (1.18ns) (out node of the LUT)   --->   "%p_2_i_i = select i1 %tmp_10, i6 %p_i_i, i6 %ret_V_cast" [ADSD/Exp.cpp:42->ADSD/Exp.cpp:52->ADSD/Classifier.cpp:46]   --->   Operation 199 'select' 'p_2_i_i' <Predicate = true> <Delay = 1.18> <Core = "Sel">   --->   Core 26 'Sel' <Latency = 0> <II = 1> <Delay = 1.48> <FuncUnit> <Opcode : 'select'> <InPorts = 3> <OutPorts = 1>
ST_20 : Operation 200 [1/1] (0.00ns) (grouped into LUT with out node k)   --->   "%tmp_11 = call i1 @_ssdm_op_BitSelect.i1.i69.i32(i69 %p_Val2_4, i32 68)" [ADSD/Exp.cpp:43->ADSD/Exp.cpp:52->ADSD/Classifier.cpp:46]   --->   Operation 200 'bitselect' 'tmp_11' <Predicate = true> <Delay = 0.00>
ST_20 : Operation 201 [1/1] (0.00ns)   --->   "%tmp_20 = call i38 @_ssdm_op_BitConcatenate.i38.i6.i32(i6 %p_2_i_i, i32 0)" [ADSD/Exp.cpp:42->ADSD/Exp.cpp:52->ADSD/Classifier.cpp:46]   --->   Operation 201 'bitconcatenate' 'tmp_20' <Predicate = true> <Delay = 0.00>
ST_20 : Operation 202 [1/1] (0.00ns)   --->   "%tmp_7_i_i = sext i38 %tmp_20 to i40" [ADSD/Exp.cpp:43->ADSD/Exp.cpp:52->ADSD/Classifier.cpp:46]   --->   Operation 202 'sext' 'tmp_7_i_i' <Predicate = true> <Delay = 0.00>
ST_20 : Operation 203 [1/1] (2.51ns)   --->   "%tmp_8_i_i = icmp eq i40 %tmp_7_i_i, %p_Val2_8" [ADSD/Exp.cpp:43->ADSD/Exp.cpp:52->ADSD/Classifier.cpp:46]   --->   Operation 203 'icmp' 'tmp_8_i_i' <Predicate = true> <Delay = 2.51> <Core = "Cmp">   --->   Core 25 'Cmp' <Latency = 0> <II = 1> <Delay = 2.46> <FuncUnit> <Opcode : 'icmp'> <InPorts = 2> <OutPorts = 1>
ST_20 : Operation 204 [1/1] (1.82ns)   --->   "%iv = add i6 -1, %p_2_i_i" [ADSD/Exp.cpp:43->ADSD/Exp.cpp:52->ADSD/Classifier.cpp:46]   --->   Operation 204 'add' 'iv' <Predicate = true> <Delay = 1.82> <Core = "AddSub">   --->   Core 14 'AddSub' <Latency = 0> <II = 1> <Delay = 1.63> <FuncUnit> <Opcode : 'add' 'sub'> <InPorts = 2> <OutPorts = 1>
ST_20 : Operation 205 [1/1] (0.00ns) (grouped into LUT with out node k)   --->   "%p_1_i_i = select i1 %tmp_8_i_i, i6 %p_2_i_i, i6 %iv" [ADSD/Exp.cpp:43->ADSD/Exp.cpp:52->ADSD/Classifier.cpp:46]   --->   Operation 205 'select' 'p_1_i_i' <Predicate = true> <Delay = 0.00> <Core = "Sel">   --->   Core 26 'Sel' <Latency = 0> <II = 1> <Delay = 1.48> <FuncUnit> <Opcode : 'select'> <InPorts = 3> <OutPorts = 1>
ST_20 : Operation 206 [1/1] (1.18ns) (out node of the LUT)   --->   "%k = select i1 %tmp_11, i6 %p_1_i_i, i6 %p_2_i_i" [ADSD/Exp.cpp:52->ADSD/Classifier.cpp:46]   --->   Operation 206 'select' 'k' <Predicate = true> <Delay = 1.18> <Core = "Sel">   --->   Core 26 'Sel' <Latency = 0> <II = 1> <Delay = 1.48> <FuncUnit> <Opcode : 'select'> <InPorts = 3> <OutPorts = 1>

State 21 <SV = 15> <Delay = 5.25>
ST_21 : Operation 207 [1/1] (0.00ns)   --->   "%k_i_cast = sext i6 %k to i8" [ADSD/Exp.cpp:52->ADSD/Classifier.cpp:46]   --->   Operation 207 'sext' 'k_i_cast' <Predicate = true> <Delay = 0.00>
ST_21 : Operation 208 [1/1] (1.42ns)   --->   "%tmp_4_i = icmp slt i6 %k, -12" [ADSD/Exp.cpp:53->ADSD/Classifier.cpp:46]   --->   Operation 208 'icmp' 'tmp_4_i' <Predicate = true> <Delay = 1.42> <Core = "Cmp">   --->   Core 25 'Cmp' <Latency = 0> <II = 1> <Delay = 2.46> <FuncUnit> <Opcode : 'icmp'> <InPorts = 2> <OutPorts = 1>
ST_21 : Operation 209 [1/1] (1.18ns)   --->   "%p_i = select i1 %tmp_4_i, i8 -12, i8 %k_i_cast" [ADSD/Exp.cpp:53->ADSD/Classifier.cpp:46]   --->   Operation 209 'select' 'p_i' <Predicate = true> <Delay = 1.18> <Core = "Sel">   --->   Core 26 'Sel' <Latency = 0> <II = 1> <Delay = 1.48> <FuncUnit> <Opcode : 'select'> <InPorts = 3> <OutPorts = 1>
ST_21 : Operation 210 [1/1] (0.00ns)   --->   "%tmp_21 = trunc i8 %p_i to i5" [ADSD/Exp.cpp:53->ADSD/Classifier.cpp:46]   --->   Operation 210 'trunc' 'tmp_21' <Predicate = true> <Delay = 0.00>
ST_21 : Operation 211 [1/1] (1.42ns)   --->   "%tmp_5_i = icmp sgt i8 %p_i, 0" [ADSD/Exp.cpp:55->ADSD/Classifier.cpp:46]   --->   Operation 211 'icmp' 'tmp_5_i' <Predicate = true> <Delay = 1.42> <Core = "Cmp">   --->   Core 25 'Cmp' <Latency = 0> <II = 1> <Delay = 2.46> <FuncUnit> <Opcode : 'icmp'> <InPorts = 2> <OutPorts = 1>
ST_21 : Operation 212 [1/1] (1.21ns)   --->   "%p_Val2_9 = select i1 %tmp_5_i, i5 0, i5 %tmp_21" [ADSD/Exp.cpp:55->ADSD/Classifier.cpp:46]   --->   Operation 212 'select' 'p_Val2_9' <Predicate = true> <Delay = 1.21> <Core = "Sel">   --->   Core 26 'Sel' <Latency = 0> <II = 1> <Delay = 1.48> <FuncUnit> <Opcode : 'select'> <InPorts = 3> <OutPorts = 1>

State 22 <SV = 16> <Delay = 7.71>
ST_22 : Operation 213 [1/1] (0.00ns)   --->   "%tmp_7_i = call i29 @_ssdm_op_BitConcatenate.i29.i5.i24(i5 %p_Val2_9, i24 0)" [ADSD/Exp.cpp:56->ADSD/Classifier.cpp:46]   --->   Operation 213 'bitconcatenate' 'tmp_7_i' <Predicate = true> <Delay = 0.00>
ST_22 : Operation 214 [1/1] (0.00ns)   --->   "%OP1_V_1_i_cast = sext i29 %tmp_7_i to i53" [ADSD/Exp.cpp:56->ADSD/Classifier.cpp:46]   --->   Operation 214 'sext' 'OP1_V_1_i_cast' <Predicate = true> <Delay = 0.00>
ST_22 : Operation 215 [1/1] (7.71ns)   --->   "%p_Val2_10 = mul i53 11629079, %OP1_V_1_i_cast" [ADSD/Exp.cpp:56->ADSD/Classifier.cpp:46]   --->   Operation 215 'mul' 'p_Val2_10' <Predicate = true> <Delay = 7.71> <Core = "Mul">   --->   Core 16 'Mul' <Latency = 0> <II = 1> <Delay = 7.71> <FuncUnit> <Opcode : 'mul'> <InPorts = 2> <OutPorts = 1>

State 23 <SV = 17> <Delay = 3.52>
ST_23 : Operation 216 [1/1] (0.00ns)   --->   "%v_assign_i_cast4 = sext i5 %p_Val2_9 to i32" [ADSD/Exp.cpp:55->ADSD/Classifier.cpp:46]   --->   Operation 216 'sext' 'v_assign_i_cast4' <Predicate = true> <Delay = 0.00>
ST_23 : Operation 217 [1/1] (0.00ns)   --->   "%p_Val2_3_i_cast = sext i53 %p_Val2_10 to i64" [ADSD/Exp.cpp:56->ADSD/Classifier.cpp:46]   --->   Operation 217 'sext' 'p_Val2_3_i_cast' <Predicate = true> <Delay = 0.00>
ST_23 : Operation 218 [1/1] (0.00ns)   --->   "%tmp_9_i = call i52 @_ssdm_op_BitConcatenate.i52.i16.i36(i16 %tmp_6, i36 0)" [ADSD/Exp.cpp:56->ADSD/Classifier.cpp:46]   --->   Operation 218 'bitconcatenate' 'tmp_9_i' <Predicate = true> <Delay = 0.00>
ST_23 : Operation 219 [1/1] (0.00ns)   --->   "%tmp_9_i_cast = sext i52 %tmp_9_i to i65" [ADSD/Exp.cpp:56->ADSD/Classifier.cpp:46]   --->   Operation 219 'sext' 'tmp_9_i_cast' <Predicate = true> <Delay = 0.00>
ST_23 : Operation 220 [1/1] (0.00ns)   --->   "%tmp_3_i = zext i64 %p_Val2_3_i_cast to i65" [ADSD/Exp.cpp:56->ADSD/Classifier.cpp:46]   --->   Operation 220 'zext' 'tmp_3_i' <Predicate = true> <Delay = 0.00>
ST_23 : Operation 221 [1/1] (3.52ns)   --->   "%p_Val2_11 = sub nsw i65 %tmp_9_i_cast, %tmp_3_i" [ADSD/Exp.cpp:56->ADSD/Classifier.cpp:46]   --->   Operation 221 'sub' 'p_Val2_11' <Predicate = true> <Delay = 3.52> <Core = "AddSub">   --->   Core 14 'AddSub' <Latency = 0> <II = 1> <Delay = 1.63> <FuncUnit> <Opcode : 'add' 'sub'> <InPorts = 2> <OutPorts = 1>
ST_23 : Operation 222 [1/1] (0.00ns)   --->   "%Z_V = call i32 @_ssdm_op_PartSelect.i32.i65.i32.i32(i65 %p_Val2_11, i32 24, i32 55)" [ADSD/Exp.cpp:56->ADSD/Classifier.cpp:46]   --->   Operation 222 'partselect' 'Z_V' <Predicate = true> <Delay = 0.00>
ST_23 : Operation 223 [1/1] (1.76ns)   --->   "br label %7" [ADSD/Exp.cpp:63->ADSD/Classifier.cpp:46]   --->   Operation 223 'br' <Predicate = true> <Delay = 1.76>

State 24 <SV = 18> <Delay = 6.97>
ST_24 : Operation 224 [1/1] (0.00ns)   --->   "%p_Val2_12 = phi i32 [ %Z_V, %ap_fixed_base.exit ], [ %Zn_V, %"operator>>.exit226_ifconv.i" ]"   --->   Operation 224 'phi' 'p_Val2_12' <Predicate = true> <Delay = 0.00>
ST_24 : Operation 225 [1/1] (0.00ns)   --->   "%p_Val2_13 = phi i32 [ 0, %ap_fixed_base.exit ], [ %Yn_V_3, %"operator>>.exit226_ifconv.i" ]"   --->   Operation 225 'phi' 'p_Val2_13' <Predicate = true> <Delay = 0.00>
ST_24 : Operation 226 [1/1] (0.00ns)   --->   "%p_Val2_14 = phi i32 [ 20258439, %ap_fixed_base.exit ], [ %Xn_V_3, %"operator>>.exit226_ifconv.i" ]"   --->   Operation 226 'phi' 'p_Val2_14' <Predicate = true> <Delay = 0.00>
ST_24 : Operation 227 [1/1] (0.00ns)   --->   "%n_i = phi i5 [ 0, %ap_fixed_base.exit ], [ %n, %"operator>>.exit226_ifconv.i" ]"   --->   Operation 227 'phi' 'n_i' <Predicate = true> <Delay = 0.00>
ST_24 : Operation 228 [1/1] (1.36ns)   --->   "%exitcond_i = icmp eq i5 %n_i, -15" [ADSD/Exp.cpp:63->ADSD/Classifier.cpp:46]   --->   Operation 228 'icmp' 'exitcond_i' <Predicate = true> <Delay = 1.36> <Core = "Cmp">   --->   Core 25 'Cmp' <Latency = 0> <II = 1> <Delay = 2.46> <FuncUnit> <Opcode : 'icmp'> <InPorts = 2> <OutPorts = 1>
ST_24 : Operation 229 [1/1] (0.00ns)   --->   "%empty_29 = call i32 (...)* @_ssdm_op_SpecLoopTripCount(i64 17, i64 17, i64 17)"   --->   Operation 229 'speclooptripcount' 'empty_29' <Predicate = true> <Delay = 0.00>
ST_24 : Operation 230 [1/1] (1.78ns)   --->   "%n = add i5 %n_i, 1" [ADSD/Exp.cpp:63->ADSD/Classifier.cpp:46]   --->   Operation 230 'add' 'n' <Predicate = true> <Delay = 1.78> <Core = "AddSub">   --->   Core 14 'AddSub' <Latency = 0> <II = 1> <Delay = 1.63> <FuncUnit> <Opcode : 'add' 'sub'> <InPorts = 2> <OutPorts = 1>
ST_24 : Operation 231 [1/1] (0.00ns)   --->   "br i1 %exitcond_i, label %compute_exp.exit, label %"operator>>.exit226_ifconv.i"" [ADSD/Exp.cpp:63->ADSD/Classifier.cpp:46]   --->   Operation 231 'br' <Predicate = true> <Delay = 0.00>
ST_24 : Operation 232 [1/1] (0.00ns)   --->   "%tmp_12_i = zext i5 %n_i to i64" [ADSD/Exp.cpp:69->ADSD/Classifier.cpp:46]   --->   Operation 232 'zext' 'tmp_12_i' <Predicate = (!exitcond_i)> <Delay = 0.00>
ST_24 : Operation 233 [1/1] (0.00ns)   --->   "%Iteration_Schedule_a = getelementptr [17 x i4]* @Iteration_Schedule, i64 0, i64 %tmp_12_i" [ADSD/Exp.cpp:64->ADSD/Classifier.cpp:46]   --->   Operation 233 'getelementptr' 'Iteration_Schedule_a' <Predicate = (!exitcond_i)> <Delay = 0.00>
ST_24 : Operation 234 [2/2] (3.25ns)   --->   "%i_3 = load i4* %Iteration_Schedule_a, align 1" [ADSD/Exp.cpp:64->ADSD/Classifier.cpp:46]   --->   Operation 234 'load' 'i_3' <Predicate = (!exitcond_i)> <Delay = 3.25> <Core = "ROM_nP">   --->   Core 48 'ROM_nP' <Latency = 1> <II = 1> <Delay = 3.25> <Storage> <Opcode : 'load'> <Ports = 0> <Width = 8> <Depth = 165> <ROM>
ST_24 : Operation 235 [1/1] (0.00ns)   --->   "%ATANH_LUT_V_addr = getelementptr [17 x i38]* @ATANH_LUT_V, i64 0, i64 %tmp_12_i" [ADSD/Exp.cpp:80->ADSD/Classifier.cpp:46]   --->   Operation 235 'getelementptr' 'ATANH_LUT_V_addr' <Predicate = (!exitcond_i)> <Delay = 0.00>
ST_24 : Operation 236 [2/2] (3.25ns)   --->   "%p_Val2_18 = load i38* %ATANH_LUT_V_addr, align 8" [ADSD/Exp.cpp:80->ADSD/Classifier.cpp:46]   --->   Operation 236 'load' 'p_Val2_18' <Predicate = (!exitcond_i)> <Delay = 3.25> <Core = "ROM_nP">   --->   Core 48 'ROM_nP' <Latency = 1> <II = 1> <Delay = 3.25> <Storage> <Opcode : 'load'> <Ports = 0> <Width = 8> <Depth = 165> <ROM>
ST_24 : Operation 237 [1/1] (2.55ns)   --->   "%p_Val2_9_i = add i32 %p_Val2_13, %p_Val2_14" [ADSD/Exp.cpp:85->ADSD/Classifier.cpp:46]   --->   Operation 237 'add' 'p_Val2_9_i' <Predicate = (exitcond_i)> <Delay = 2.55> <Core = "AddSub">   --->   Core 14 'AddSub' <Latency = 0> <II = 1> <Delay = 1.63> <FuncUnit> <Opcode : 'add' 'sub'> <InPorts = 2> <OutPorts = 1>
ST_24 : Operation 238 [1/1] (0.00ns) (grouped into LUT with out node p_Val2_15)   --->   "%tmp_22 = call i1 @_ssdm_op_BitSelect.i1.i5.i32(i5 %p_Val2_9, i32 4)" [ADSD/Exp.cpp:86->ADSD/Classifier.cpp:46]   --->   Operation 238 'bitselect' 'tmp_22' <Predicate = (exitcond_i)> <Delay = 0.00>
ST_24 : Operation 239 [1/1] (1.78ns)   --->   "%sh_assign = sub i5 0, %p_Val2_9" [ADSD/Exp.cpp:86->ADSD/Classifier.cpp:46]   --->   Operation 239 'sub' 'sh_assign' <Predicate = (exitcond_i)> <Delay = 1.78> <Core = "AddSub">   --->   Core 14 'AddSub' <Latency = 0> <II = 1> <Delay = 1.63> <FuncUnit> <Opcode : 'add' 'sub'> <InPorts = 2> <OutPorts = 1>
ST_24 : Operation 240 [1/1] (0.00ns) (grouped into LUT with out node p_Val2_15)   --->   "%sh_assign_1_i_cast = zext i5 %sh_assign to i32" [ADSD/Exp.cpp:86->ADSD/Classifier.cpp:46]   --->   Operation 240 'zext' 'sh_assign_1_i_cast' <Predicate = (exitcond_i)> <Delay = 0.00>
ST_24 : Operation 241 [1/1] (0.00ns) (grouped into LUT with out node p_Val2_15)   --->   "%tmp_13_i = ashr i32 %p_Val2_9_i, %sh_assign_1_i_cast" [ADSD/Exp.cpp:86->ADSD/Classifier.cpp:46]   --->   Operation 241 'ashr' 'tmp_13_i' <Predicate = (exitcond_i)> <Delay = 0.00> <Core = "Shift">   --->   Core 28 'Shift' <Latency = 0> <II = 1> <Delay = 4.42> <FuncUnit> <Opcode : 'shl' 'lshr' 'ashr'> <InPorts = 2> <OutPorts = 1>
ST_24 : Operation 242 [1/1] (0.00ns) (grouped into LUT with out node p_Val2_15)   --->   "%tmp_14_i = shl i32 %p_Val2_9_i, %v_assign_i_cast4" [ADSD/Exp.cpp:86->ADSD/Classifier.cpp:46]   --->   Operation 242 'shl' 'tmp_14_i' <Predicate = (exitcond_i)> <Delay = 0.00> <Core = "Shift">   --->   Core 28 'Shift' <Latency = 0> <II = 1> <Delay = 4.42> <FuncUnit> <Opcode : 'shl' 'lshr' 'ashr'> <InPorts = 2> <OutPorts = 1>
ST_24 : Operation 243 [1/1] (0.00ns) (grouped into LUT with out node p_Val2_15)   --->   "%tmp_14 = call i22 @_ssdm_op_PartSelect.i22.i32.i32.i32(i32 %tmp_13_i, i32 3, i32 24)" [ADSD/Exp.cpp:87->ADSD/Classifier.cpp:46]   --->   Operation 243 'partselect' 'tmp_14' <Predicate = (exitcond_i)> <Delay = 0.00>
ST_24 : Operation 244 [1/1] (0.00ns) (grouped into LUT with out node p_Val2_15)   --->   "%tmp_15 = call i22 @_ssdm_op_PartSelect.i22.i32.i32.i32(i32 %tmp_14_i, i32 3, i32 24)" [ADSD/Exp.cpp:87->ADSD/Classifier.cpp:46]   --->   Operation 244 'partselect' 'tmp_15' <Predicate = (exitcond_i)> <Delay = 0.00>
ST_24 : Operation 245 [1/1] (4.42ns) (out node of the LUT)   --->   "%p_Val2_15 = select i1 %tmp_22, i22 %tmp_14, i22 %tmp_15" [ADSD/Exp.cpp:87->ADSD/Classifier.cpp:46]   --->   Operation 245 'select' 'p_Val2_15' <Predicate = (exitcond_i)> <Delay = 4.42> <Core = "Sel">   --->   Core 26 'Sel' <Latency = 0> <II = 1> <Delay = 1.48> <FuncUnit> <Opcode : 'select'> <InPorts = 3> <OutPorts = 1>
ST_24 : Operation 246 [1/1] (0.00ns)   --->   "%tmp_16 = zext i8 %i1 to i64" [ADSD/Classifier.cpp:47]   --->   Operation 246 'zext' 'tmp_16' <Predicate = (exitcond_i)> <Delay = 0.00>
ST_24 : Operation 247 [1/1] (0.00ns)   --->   "%alphas_V_addr = getelementptr [165 x i8]* @alphas_V, i64 0, i64 %tmp_16" [ADSD/Classifier.cpp:47]   --->   Operation 247 'getelementptr' 'alphas_V_addr' <Predicate = (exitcond_i)> <Delay = 0.00>
ST_24 : Operation 248 [2/2] (3.25ns)   --->   "%alphas_V_load = load i8* %alphas_V_addr, align 1" [ADSD/Classifier.cpp:47]   --->   Operation 248 'load' 'alphas_V_load' <Predicate = (exitcond_i)> <Delay = 3.25> <Core = "ROM_nP">   --->   Core 48 'ROM_nP' <Latency = 1> <II = 1> <Delay = 3.25> <Storage> <Opcode : 'load'> <Ports = 0> <Width = 8> <Depth = 165> <ROM>

State 25 <SV = 19> <Delay = 6.99>
ST_25 : Operation 249 [1/2] (3.25ns)   --->   "%i_3 = load i4* %Iteration_Schedule_a, align 1" [ADSD/Exp.cpp:64->ADSD/Classifier.cpp:46]   --->   Operation 249 'load' 'i_3' <Predicate = true> <Delay = 3.25> <Core = "ROM_nP">   --->   Core 48 'ROM_nP' <Latency = 1> <II = 1> <Delay = 3.25> <Storage> <Opcode : 'load'> <Ports = 0> <Width = 8> <Depth = 165> <ROM>
ST_25 : Operation 250 [1/1] (0.00ns)   --->   "%z_nonneg = call i1 @_ssdm_op_BitSelect.i1.i32.i32(i32 %p_Val2_12, i32 31)" [ADSD/Exp.cpp:65->ADSD/Classifier.cpp:46]   --->   Operation 250 'bitselect' 'z_nonneg' <Predicate = true> <Delay = 0.00>
ST_25 : Operation 251 [1/1] (0.00ns)   --->   "%tmp_16_i = call i46 @_ssdm_op_BitConcatenate.i46.i32.i14(i32 %p_Val2_12, i14 0)" [ADSD/Exp.cpp:80->ADSD/Classifier.cpp:46]   --->   Operation 251 'bitconcatenate' 'tmp_16_i' <Predicate = true> <Delay = 0.00>
ST_25 : Operation 252 [1/2] (3.25ns)   --->   "%p_Val2_18 = load i38* %ATANH_LUT_V_addr, align 8" [ADSD/Exp.cpp:80->ADSD/Classifier.cpp:46]   --->   Operation 252 'load' 'p_Val2_18' <Predicate = true> <Delay = 3.25> <Core = "ROM_nP">   --->   Core 48 'ROM_nP' <Latency = 1> <II = 1> <Delay = 3.25> <Storage> <Opcode : 'load'> <Ports = 0> <Width = 8> <Depth = 165> <ROM>
ST_25 : Operation 253 [1/1] (0.00ns)   --->   "%tmp_17 = zext i38 %p_Val2_18 to i46" [ADSD/Exp.cpp:80->ADSD/Classifier.cpp:46]   --->   Operation 253 'zext' 'tmp_17' <Predicate = true> <Delay = 0.00>
ST_25 : Operation 254 [1/1] (3.04ns)   --->   "%p_Val2_18_i_cast = add i46 %tmp_16_i, %tmp_17" [ADSD/Exp.cpp:80->ADSD/Classifier.cpp:46]   --->   Operation 254 'add' 'p_Val2_18_i_cast' <Predicate = true> <Delay = 3.04> <Core = "AddSub">   --->   Core 14 'AddSub' <Latency = 0> <II = 1> <Delay = 1.63> <FuncUnit> <Opcode : 'add' 'sub'> <InPorts = 2> <OutPorts = 1>
ST_25 : Operation 255 [1/1] (3.04ns)   --->   "%p_Val2_20_i_cast = sub i46 %tmp_16_i, %tmp_17" [ADSD/Exp.cpp:75->ADSD/Classifier.cpp:46]   --->   Operation 255 'sub' 'p_Val2_20_i_cast' <Predicate = true> <Delay = 3.04> <Core = "AddSub">   --->   Core 14 'AddSub' <Latency = 0> <II = 1> <Delay = 1.63> <FuncUnit> <Opcode : 'add' 'sub'> <InPorts = 2> <OutPorts = 1>
ST_25 : Operation 256 [1/1] (0.00ns)   --->   "%tmp_18 = call i32 @_ssdm_op_PartSelect.i32.i46.i32.i32(i46 %p_Val2_18_i_cast, i32 14, i32 45)" [ADSD/Exp.cpp:75->ADSD/Classifier.cpp:46]   --->   Operation 256 'partselect' 'tmp_18' <Predicate = true> <Delay = 0.00>
ST_25 : Operation 257 [1/1] (0.00ns)   --->   "%tmp_19 = call i32 @_ssdm_op_PartSelect.i32.i46.i32.i32(i46 %p_Val2_20_i_cast, i32 14, i32 45)" [ADSD/Exp.cpp:75->ADSD/Classifier.cpp:46]   --->   Operation 257 'partselect' 'tmp_19' <Predicate = true> <Delay = 0.00>
ST_25 : Operation 258 [1/1] (0.69ns)   --->   "%Zn_V = select i1 %z_nonneg, i32 %tmp_18, i32 %tmp_19" [ADSD/Exp.cpp:65->ADSD/Classifier.cpp:46]   --->   Operation 258 'select' 'Zn_V' <Predicate = true> <Delay = 0.69> <Core = "Sel">   --->   Core 26 'Sel' <Latency = 0> <II = 1> <Delay = 1.48> <FuncUnit> <Opcode : 'select'> <InPorts = 3> <OutPorts = 1>

State 26 <SV = 20> <Delay = 7.67>
ST_26 : Operation 259 [1/1] (0.00ns)   --->   "%i_i_cast = zext i4 %i_3 to i32" [ADSD/Exp.cpp:64->ADSD/Classifier.cpp:46]   --->   Operation 259 'zext' 'i_i_cast' <Predicate = true> <Delay = 0.00>
ST_26 : Operation 260 [1/1] (4.42ns)   --->   "%r_V = ashr i32 %p_Val2_13, %i_i_cast" [ADSD/Exp.cpp:68->ADSD/Classifier.cpp:46]   --->   Operation 260 'ashr' 'r_V' <Predicate = true> <Delay = 4.42> <Core = "Shift">   --->   Core 28 'Shift' <Latency = 0> <II = 1> <Delay = 4.42> <FuncUnit> <Opcode : 'shl' 'lshr' 'ashr'> <InPorts = 2> <OutPorts = 1>
ST_26 : Operation 261 [1/1] (4.42ns)   --->   "%r_V_2 = ashr i32 %p_Val2_14, %i_i_cast" [ADSD/Exp.cpp:69->ADSD/Classifier.cpp:46]   --->   Operation 261 'ashr' 'r_V_2' <Predicate = true> <Delay = 4.42> <Core = "Shift">   --->   Core 28 'Shift' <Latency = 0> <II = 1> <Delay = 4.42> <FuncUnit> <Opcode : 'shl' 'lshr' 'ashr'> <InPorts = 2> <OutPorts = 1>
ST_26 : Operation 262 [1/1] (2.55ns)   --->   "%Xn_V = sub i32 %p_Val2_14, %r_V" [ADSD/Exp.cpp:78->ADSD/Classifier.cpp:46]   --->   Operation 262 'sub' 'Xn_V' <Predicate = (z_nonneg)> <Delay = 2.55> <Core = "AddSub">   --->   Core 14 'AddSub' <Latency = 0> <II = 1> <Delay = 1.63> <FuncUnit> <Opcode : 'add' 'sub'> <InPorts = 2> <OutPorts = 1>
ST_26 : Operation 263 [1/1] (2.55ns)   --->   "%Yn_V = sub i32 %p_Val2_13, %r_V_2" [ADSD/Exp.cpp:79->ADSD/Classifier.cpp:46]   --->   Operation 263 'sub' 'Yn_V' <Predicate = (z_nonneg)> <Delay = 2.55> <Core = "AddSub">   --->   Core 14 'AddSub' <Latency = 0> <II = 1> <Delay = 1.63> <FuncUnit> <Opcode : 'add' 'sub'> <InPorts = 2> <OutPorts = 1>
ST_26 : Operation 264 [1/1] (2.55ns)   --->   "%Xn_V_1 = add i32 %r_V, %p_Val2_14" [ADSD/Exp.cpp:73->ADSD/Classifier.cpp:46]   --->   Operation 264 'add' 'Xn_V_1' <Predicate = (!z_nonneg)> <Delay = 2.55> <Core = "AddSub">   --->   Core 14 'AddSub' <Latency = 0> <II = 1> <Delay = 1.63> <FuncUnit> <Opcode : 'add' 'sub'> <InPorts = 2> <OutPorts = 1>
ST_26 : Operation 265 [1/1] (2.55ns)   --->   "%Yn_V_1 = add i32 %r_V_2, %p_Val2_13" [ADSD/Exp.cpp:74->ADSD/Classifier.cpp:46]   --->   Operation 265 'add' 'Yn_V_1' <Predicate = (!z_nonneg)> <Delay = 2.55> <Core = "AddSub">   --->   Core 14 'AddSub' <Latency = 0> <II = 1> <Delay = 1.63> <FuncUnit> <Opcode : 'add' 'sub'> <InPorts = 2> <OutPorts = 1>
ST_26 : Operation 266 [1/1] (0.69ns)   --->   "%Xn_V_3 = select i1 %z_nonneg, i32 %Xn_V, i32 %Xn_V_1" [ADSD/Exp.cpp:83->ADSD/Classifier.cpp:46]   --->   Operation 266 'select' 'Xn_V_3' <Predicate = true> <Delay = 0.69> <Core = "Sel">   --->   Core 26 'Sel' <Latency = 0> <II = 1> <Delay = 1.48> <FuncUnit> <Opcode : 'select'> <InPorts = 3> <OutPorts = 1>
ST_26 : Operation 267 [1/1] (0.69ns)   --->   "%Yn_V_3 = select i1 %z_nonneg, i32 %Yn_V, i32 %Yn_V_1" [ADSD/Exp.cpp:83->ADSD/Classifier.cpp:46]   --->   Operation 267 'select' 'Yn_V_3' <Predicate = true> <Delay = 0.69> <Core = "Sel">   --->   Core 26 'Sel' <Latency = 0> <II = 1> <Delay = 1.48> <FuncUnit> <Opcode : 'select'> <InPorts = 3> <OutPorts = 1>
ST_26 : Operation 268 [1/1] (0.00ns)   --->   "br label %7" [ADSD/Exp.cpp:63->ADSD/Classifier.cpp:46]   --->   Operation 268 'br' <Predicate = true> <Delay = 0.00>

State 27 <SV = 19> <Delay = 3.25>
ST_27 : Operation 269 [1/2] (3.25ns)   --->   "%alphas_V_load = load i8* %alphas_V_addr, align 1" [ADSD/Classifier.cpp:47]   --->   Operation 269 'load' 'alphas_V_load' <Predicate = true> <Delay = 3.25> <Core = "ROM_nP">   --->   Core 48 'ROM_nP' <Latency = 1> <II = 1> <Delay = 3.25> <Storage> <Opcode : 'load'> <Ports = 0> <Width = 8> <Depth = 165> <ROM>

State 28 <SV = 20> <Delay = 6.38>
ST_28 : Operation 270 [1/1] (0.00ns)   --->   "%OP1_V = sext i8 %alphas_V_load to i30" [ADSD/Classifier.cpp:47]   --->   Operation 270 'sext' 'OP1_V' <Predicate = true> <Delay = 0.00>
ST_28 : Operation 271 [1/1] (0.00ns)   --->   "%OP2_V = sext i22 %p_Val2_15 to i30" [ADSD/Classifier.cpp:47]   --->   Operation 271 'sext' 'OP2_V' <Predicate = true> <Delay = 0.00>
ST_28 : Operation 272 [1/1] (6.38ns)   --->   "%p_Val2_3 = mul i30 %OP2_V, %OP1_V" [ADSD/Classifier.cpp:47]   --->   Operation 272 'mul' 'p_Val2_3' <Predicate = true> <Delay = 6.38> <Core = "DSP48">   --->   Core 61 'DSP48' <Latency = 0> <II = 1> <Delay = 6.38> <IPBlock> <Opcode : 'mul' 'add' 'sub' 'select'> <InPorts = 0> <OutPorts = 1> <Sync> <CReg>
ST_28 : Operation 273 [1/1] (0.00ns)   --->   "%tmp_4 = call i22 @_ssdm_op_PartSelect.i22.i30.i32.i32(i30 %p_Val2_3, i32 8, i32 29)" [ADSD/Classifier.cpp:47]   --->   Operation 273 'partselect' 'tmp_4' <Predicate = true> <Delay = 0.00>

State 29 <SV = 21> <Delay = 2.49>
ST_29 : Operation 274 [1/1] (0.00ns)   --->   "%p_Val2_4_cast = sext i22 %tmp_4 to i30" [ADSD/Classifier.cpp:47]   --->   Operation 274 'sext' 'p_Val2_4_cast' <Predicate = true> <Delay = 0.00>
ST_29 : Operation 275 [1/1] (2.49ns)   --->   "%sum_V = add i30 %p_Val2_4_cast, %p_Val2_s" [ADSD/Classifier.cpp:47]   --->   Operation 275 'add' 'sum_V' <Predicate = true> <Delay = 2.49> <Core = "AddSub">   --->   Core 14 'AddSub' <Latency = 0> <II = 1> <Delay = 1.63> <FuncUnit> <Opcode : 'add' 'sub'> <InPorts = 2> <OutPorts = 1>
ST_29 : Operation 276 [1/1] (0.00ns)   --->   "%empty_30 = call i32 (...)* @_ssdm_op_SpecRegionEnd([16 x i8]* @p_str11, i32 %tmp_2)" [ADSD/Classifier.cpp:48]   --->   Operation 276 'specregionend' 'empty_30' <Predicate = true> <Delay = 0.00>
ST_29 : Operation 277 [1/1] (0.00ns)   --->   "br label %.preheader" [ADSD/Classifier.cpp:27]   --->   Operation 277 'br' <Predicate = true> <Delay = 0.00>

State 30 <SV = 11> <Delay = 6.28>
ST_30 : Operation 278 [1/1] (0.00ns)   --->   "%dp_s = sext i30 %tmp_s to i32" [ADSD/Classifier.cpp:50]   --->   Operation 278 'sext' 'dp_s' <Predicate = (!tmp_8)> <Delay = 0.00>
ST_30 : Operation 279 [6/6] (6.28ns)   --->   "%dp_1 = sitofp i32 %dp_s to double" [ADSD/Classifier.cpp:50]   --->   Operation 279 'sitodp' 'dp_1' <Predicate = (!tmp_8)> <Delay = 6.28> <Core = "Int2Double">   --->   Core 116 'Int2Double' <Latency = 5> <II = 1> <Delay = 6.28> <FuncUnit> <Opcode : 'sitodp' 'uitodp'> <InPorts = 1> <OutPorts = 1>

State 31 <SV = 12> <Delay = 6.28>
ST_31 : Operation 280 [5/6] (6.28ns)   --->   "%dp_1 = sitofp i32 %dp_s to double" [ADSD/Classifier.cpp:50]   --->   Operation 280 'sitodp' 'dp_1' <Predicate = (!tmp_8)> <Delay = 6.28> <Core = "Int2Double">   --->   Core 116 'Int2Double' <Latency = 5> <II = 1> <Delay = 6.28> <FuncUnit> <Opcode : 'sitodp' 'uitodp'> <InPorts = 1> <OutPorts = 1>

State 32 <SV = 13> <Delay = 6.28>
ST_32 : Operation 281 [4/6] (6.28ns)   --->   "%dp_1 = sitofp i32 %dp_s to double" [ADSD/Classifier.cpp:50]   --->   Operation 281 'sitodp' 'dp_1' <Predicate = (!tmp_8)> <Delay = 6.28> <Core = "Int2Double">   --->   Core 116 'Int2Double' <Latency = 5> <II = 1> <Delay = 6.28> <FuncUnit> <Opcode : 'sitodp' 'uitodp'> <InPorts = 1> <OutPorts = 1>

State 33 <SV = 14> <Delay = 6.28>
ST_33 : Operation 282 [3/6] (6.28ns)   --->   "%dp_1 = sitofp i32 %dp_s to double" [ADSD/Classifier.cpp:50]   --->   Operation 282 'sitodp' 'dp_1' <Predicate = (!tmp_8)> <Delay = 6.28> <Core = "Int2Double">   --->   Core 116 'Int2Double' <Latency = 5> <II = 1> <Delay = 6.28> <FuncUnit> <Opcode : 'sitodp' 'uitodp'> <InPorts = 1> <OutPorts = 1>

State 34 <SV = 15> <Delay = 6.28>
ST_34 : Operation 283 [2/6] (6.28ns)   --->   "%dp_1 = sitofp i32 %dp_s to double" [ADSD/Classifier.cpp:50]   --->   Operation 283 'sitodp' 'dp_1' <Predicate = (!tmp_8)> <Delay = 6.28> <Core = "Int2Double">   --->   Core 116 'Int2Double' <Latency = 5> <II = 1> <Delay = 6.28> <FuncUnit> <Opcode : 'sitodp' 'uitodp'> <InPorts = 1> <OutPorts = 1>

State 35 <SV = 16> <Delay = 6.28>
ST_35 : Operation 284 [1/6] (6.28ns)   --->   "%dp_1 = sitofp i32 %dp_s to double" [ADSD/Classifier.cpp:50]   --->   Operation 284 'sitodp' 'dp_1' <Predicate = (!tmp_8)> <Delay = 6.28> <Core = "Int2Double">   --->   Core 116 'Int2Double' <Latency = 5> <II = 1> <Delay = 6.28> <FuncUnit> <Opcode : 'sitodp' 'uitodp'> <InPorts = 1> <OutPorts = 1>

State 36 <SV = 17> <Delay = 3.12>
ST_36 : Operation 285 [1/1] (0.00ns)   --->   "%res_V_1 = bitcast double %dp_1 to i64" [ADSD/Classifier.cpp:50]   --->   Operation 285 'bitcast' 'res_V_1' <Predicate = (!tmp_8)> <Delay = 0.00>
ST_36 : Operation 286 [1/1] (0.00ns)   --->   "%exp_V = call i11 @_ssdm_op_PartSelect.i11.i64.i32.i32(i64 %res_V_1, i32 52, i32 62)" [ADSD/Classifier.cpp:50]   --->   Operation 286 'partselect' 'exp_V' <Predicate = (!tmp_8)> <Delay = 0.00>
ST_36 : Operation 287 [1/1] (1.63ns)   --->   "%exp_V_2 = add i11 %exp_V, -16" [ADSD/Classifier.cpp:50]   --->   Operation 287 'add' 'exp_V_2' <Predicate = (!tmp_8)> <Delay = 1.63> <Core = "AddSub">   --->   Core 14 'AddSub' <Latency = 0> <II = 1> <Delay = 1.63> <FuncUnit> <Opcode : 'add' 'sub'> <InPorts = 2> <OutPorts = 1>
ST_36 : Operation 288 [1/1] (0.00ns)   --->   "%p_Result_s = call i64 @llvm.part.set.i64.i11(i64 %res_V_1, i11 %exp_V_2, i32 52, i32 62) nounwind" [ADSD/Classifier.cpp:50]   --->   Operation 288 'partset' 'p_Result_s' <Predicate = (!tmp_8)> <Delay = 0.00>
ST_36 : Operation 289 [1/1] (0.00ns)   --->   "%dp = bitcast i64 %p_Result_s to double" [ADSD/Classifier.cpp:50]   --->   Operation 289 'bitcast' 'dp' <Predicate = (!tmp_8)> <Delay = 0.00>
ST_36 : Operation 290 [1/1] (1.48ns)   --->   "%p_0_i = select i1 %tmp_8, double 0.000000e+00, double %dp" [ADSD/Classifier.cpp:50]   --->   Operation 290 'select' 'p_0_i' <Predicate = true> <Delay = 1.48> <Core = "Sel">   --->   Core 26 'Sel' <Latency = 0> <II = 1> <Delay = 1.48> <FuncUnit> <Opcode : 'select'> <InPorts = 3> <OutPorts = 1>
ST_36 : Operation 291 [1/1] (0.00ns)   --->   "ret double %p_0_i" [ADSD/Classifier.cpp:50]   --->   Operation 291 'ret' <Predicate = true> <Delay = 0.00>


============================================================
+ Verbose Summary: Timing violations
============================================================
Target clock period: 10ns, clock uncertainty: 1.25ns.

 <State 1>: 1ns
The critical path consists of the following:
	s_axi read on port 'x_V' [10]  (1 ns)

 <State 2>: 8.75ns
The critical path consists of the following:
	bus request on port 'gmem' (ADSD/Classifier.cpp:21) [23]  (8.75 ns)

 <State 3>: 8.75ns
The critical path consists of the following:
	bus request on port 'gmem' (ADSD/Classifier.cpp:21) [23]  (8.75 ns)

 <State 4>: 8.75ns
The critical path consists of the following:
	bus request on port 'gmem' (ADSD/Classifier.cpp:21) [23]  (8.75 ns)

 <State 5>: 8.75ns
The critical path consists of the following:
	bus request on port 'gmem' (ADSD/Classifier.cpp:21) [23]  (8.75 ns)

 <State 6>: 8.75ns
The critical path consists of the following:
	bus request on port 'gmem' (ADSD/Classifier.cpp:21) [23]  (8.75 ns)

 <State 7>: 8.75ns
The critical path consists of the following:
	bus request on port 'gmem' (ADSD/Classifier.cpp:21) [23]  (8.75 ns)

 <State 8>: 8.75ns
The critical path consists of the following:
	bus request on port 'gmem' (ADSD/Classifier.cpp:21) [23]  (8.75 ns)

 <State 9>: 2.75ns
The critical path consists of the following:
	'icmp' operation ('exitcond1', ADSD/Classifier.cpp:19) [27]  (1.77 ns)
	blocking operation 0.978 ns on control path)

 <State 10>: 8.75ns
The critical path consists of the following:
	bus read on port 'gmem' (ADSD/Classifier.cpp:21) [35]  (8.75 ns)

 <State 11>: 3.25ns
The critical path consists of the following:
	'getelementptr' operation ('x_local_0_V_addr', ADSD/Classifier.cpp:21) [39]  (0 ns)
	'store' operation (ADSD/Classifier.cpp:21) of variable 'gmem_addr_read', ADSD/Classifier.cpp:21 on array 'x_local[0].V', ADSD/Classifier.cpp:16 [51]  (3.25 ns)

 <State 12>: 1.77ns
The critical path consists of the following:
	multiplexor before 'phi' operation ('sum.V') with incoming values : ('sum.V', ADSD/Classifier.cpp:47) [62]  (1.77 ns)

 <State 13>: 4.96ns
The critical path consists of the following:
	'phi' operation ('sum.V') with incoming values : ('sum.V', ADSD/Classifier.cpp:47) [62]  (0 ns)
	'add' operation ('tmp_s', ADSD/Classifier.cpp:50) [249]  (2.49 ns)
	'icmp' operation ('tmp_8', ADSD/Classifier.cpp:50) [250]  (2.47 ns)

 <State 14>: 5.36ns
The critical path consists of the following:
	'phi' operation ('j', ADSD/Classifier.cpp:31) with incoming values : ('j_1_3', ADSD/Classifier.cpp:31) [76]  (0 ns)
	'or' operation ('j_1_2', ADSD/Classifier.cpp:31) [128]  (0 ns)
	'add' operation ('tmp_48_3', ADSD/Classifier.cpp:35) [130]  (2.11 ns)
	'getelementptr' operation ('svs_V_3_addr', ADSD/Classifier.cpp:35) [133]  (0 ns)
	'load' operation ('svs_V_3_load', ADSD/Classifier.cpp:35) on array 'svs_V_3' [134]  (3.25 ns)

 <State 15>: 5.17ns
The critical path consists of the following:
	'load' operation ('svs_V_0_load', ADSD/Classifier.cpp:35) on array 'svs_V_0' [89]  (3.25 ns)
	'sub' operation ('p_Val2_5', ADSD/Classifier.cpp:37) [94]  (1.92 ns)

 <State 16>: 8.71ns
The critical path consists of the following:
	'mul' operation ('p_Val2_6', ADSD/Classifier.cpp:41) [96]  (4.17 ns)
	'add' operation ('tmp1', ADSD/Classifier.cpp:41) [142]  (2.26 ns)
	'add' operation ('tmp_13', ADSD/Classifier.cpp:41) [146]  (2.28 ns)

 <State 17>: 2.52ns
The critical path consists of the following:
	'add' operation ('p_Val2_37_3', ADSD/Classifier.cpp:41) [148]  (2.52 ns)

 <State 18>: 4.4ns
The critical path consists of the following:
	'sub' operation ('__Val2__', ADSD/Classifier.cpp:46) [155]  (4.4 ns)

 <State 19>: 8.48ns
The critical path consists of the following:
	'mul' operation ('__Val2__', ADSD/Exp.cpp:51->ADSD/Classifier.cpp:46) [159]  (8.48 ns)

 <State 20>: 7.37ns
The critical path consists of the following:
	'icmp' operation ('tmp_2_i_i', ADSD/Exp.cpp:42->ADSD/Exp.cpp:52->ADSD/Classifier.cpp:46) [166]  (2.47 ns)
	'select' operation ('p_i_i', ADSD/Exp.cpp:42->ADSD/Exp.cpp:52->ADSD/Classifier.cpp:46) [168]  (0 ns)
	'select' operation ('p_2_i_i', ADSD/Exp.cpp:42->ADSD/Exp.cpp:52->ADSD/Classifier.cpp:46) [169]  (1.19 ns)
	'icmp' operation ('tmp_8_i_i', ADSD/Exp.cpp:43->ADSD/Exp.cpp:52->ADSD/Classifier.cpp:46) [173]  (2.52 ns)
	'select' operation ('p_1_i_i', ADSD/Exp.cpp:43->ADSD/Exp.cpp:52->ADSD/Classifier.cpp:46) [175]  (0 ns)
	'select' operation ('k', ADSD/Exp.cpp:52->ADSD/Classifier.cpp:46) [176]  (1.19 ns)

 <State 21>: 5.26ns
The critical path consists of the following:
	'icmp' operation ('tmp_4_i', ADSD/Exp.cpp:53->ADSD/Classifier.cpp:46) [178]  (1.43 ns)
	'select' operation ('p_i', ADSD/Exp.cpp:53->ADSD/Classifier.cpp:46) [179]  (1.19 ns)
	'icmp' operation ('tmp_5_i', ADSD/Exp.cpp:55->ADSD/Classifier.cpp:46) [181]  (1.43 ns)
	'select' operation ('v', ADSD/Exp.cpp:55->ADSD/Classifier.cpp:46) [182]  (1.22 ns)

 <State 22>: 7.71ns
The critical path consists of the following:
	'mul' operation ('__Val2__', ADSD/Exp.cpp:56->ADSD/Classifier.cpp:46) [186]  (7.71 ns)

 <State 23>: 3.52ns
The critical path consists of the following:
	'sub' operation ('__Val2__', ADSD/Exp.cpp:56->ADSD/Classifier.cpp:46) [191]  (3.52 ns)

 <State 24>: 6.97ns
The critical path consists of the following:
	'phi' operation ('Yn.V') with incoming values : ('Yn.V', ADSD/Exp.cpp:83->ADSD/Classifier.cpp:46) [196]  (0 ns)
	'add' operation ('p_Val2_9_i', ADSD/Exp.cpp:85->ADSD/Classifier.cpp:46) [228]  (2.55 ns)
	'shl' operation ('tmp_14_i', ADSD/Exp.cpp:86->ADSD/Classifier.cpp:46) [233]  (0 ns)
	'select' operation ('__Val2__', ADSD/Exp.cpp:87->ADSD/Classifier.cpp:46) [236]  (4.42 ns)

 <State 25>: 7ns
The critical path consists of the following:
	'load' operation ('__Val2__', ADSD/Exp.cpp:80->ADSD/Classifier.cpp:46) on array 'ATANH_LUT_V' [215]  (3.25 ns)
	'sub' operation ('p_Val2_20_i_cast', ADSD/Exp.cpp:75->ADSD/Classifier.cpp:46) [220]  (3.05 ns)
	'select' operation ('Zn.V', ADSD/Exp.cpp:65->ADSD/Classifier.cpp:46) [225]  (0.698 ns)

 <State 26>: 7.67ns
The critical path consists of the following:
	'ashr' operation ('r.V', ADSD/Exp.cpp:68->ADSD/Classifier.cpp:46) [209]  (4.42 ns)
	'sub' operation ('Xn.V', ADSD/Exp.cpp:78->ADSD/Classifier.cpp:46) [211]  (2.55 ns)
	'select' operation ('Xn.V', ADSD/Exp.cpp:83->ADSD/Classifier.cpp:46) [221]  (0.698 ns)

 <State 27>: 3.25ns
The critical path consists of the following:
	'load' operation ('alphas_V_load', ADSD/Classifier.cpp:47) on array 'alphas_V' [239]  (3.25 ns)

 <State 28>: 6.38ns
The critical path consists of the following:
	'mul' operation ('__Val2__', ADSD/Classifier.cpp:47) [242]  (6.38 ns)

 <State 29>: 2.49ns
The critical path consists of the following:
	'add' operation ('sum.V', ADSD/Classifier.cpp:47) [245]  (2.49 ns)

 <State 30>: 6.28ns
The critical path consists of the following:
	'sitodp' operation ('dp', ADSD/Classifier.cpp:50) [252]  (6.28 ns)

 <State 31>: 6.28ns
The critical path consists of the following:
	'sitodp' operation ('dp', ADSD/Classifier.cpp:50) [252]  (6.28 ns)

 <State 32>: 6.28ns
The critical path consists of the following:
	'sitodp' operation ('dp', ADSD/Classifier.cpp:50) [252]  (6.28 ns)

 <State 33>: 6.28ns
The critical path consists of the following:
	'sitodp' operation ('dp', ADSD/Classifier.cpp:50) [252]  (6.28 ns)

 <State 34>: 6.28ns
The critical path consists of the following:
	'sitodp' operation ('dp', ADSD/Classifier.cpp:50) [252]  (6.28 ns)

 <State 35>: 6.28ns
The critical path consists of the following:
	'sitodp' operation ('dp', ADSD/Classifier.cpp:50) [252]  (6.28 ns)

 <State 36>: 3.12ns
The critical path consists of the following:
	'add' operation ('exp.V', ADSD/Classifier.cpp:50) [255]  (1.64 ns)
	'select' operation ('p_0_i', ADSD/Classifier.cpp:50) [258]  (1.48 ns)


============================================================
+ Verbose Summary: Binding
============================================================
N/A
* FSMD analyzer results:
  - Output states:
 - Input state : 
  - Chain level:
	State 1
	State 2
	State 3
	State 4
	State 5
	State 6
	State 7
	State 8
	State 9
	State 10
	State 11
	State 12
	State 13
	State 14
	State 15
	State 16
	State 17
	State 18
	State 19
	State 20
	State 21
	State 22
	State 23
	State 24
	State 25
	State 26
	State 27
	State 28
	State 29
	State 30
	State 31
	State 32
	State 33
	State 34
	State 35
	State 36


============================================================
+ Verbose Summary: Datapath Resource usage 
============================================================
N/A
