

================================================================
== Vivado HLS Report for 'floor_to_int'
================================================================
* Date:           Sat Feb  7 20:11:55 2026

* Version:        2018.2 (Build 2258646 on Thu Jun 14 20:25:20 MDT 2018)
* Project:        ADSD
* Solution:       solution1
* Product family: zynq
* Target device:  xc7z020clg484-1


================================================================
== Performance Estimates
================================================================
+ Timing (ns): 
    * Summary: 
    +--------+-------+----------+------------+
    |  Clock | Target| Estimated| Uncertainty|
    +--------+-------+----------+------------+
    |ap_clk  |  10.00|     7.247|        1.25|
    +--------+-------+----------+------------+

+ Latency (clock cycles): 
    * Summary: 
    +-----+-----+-----+-----+---------+
    |  Latency  |  Interval | Pipeline|
    | min | max | min | max |   Type  |
    +-----+-----+-----+-----+---------+
    |    0|    0|    0|    0|   none  |
    +-----+-----+-----+-----+---------+

    + Detail: 
        * Instance: 
        N/A

        * Loop: 
        N/A

============================================================
+ Verbose Summary: Synthesis Manager
============================================================
InlineROM: 1
ExposeGlobal: 0
============================================================
+ Verbose Summary: CDFG Model
============================================================
IsTopModel: 0
ResetActiveHigh: 1
IsCombinational: 0
IsDatapathOnly: 0
HasWiredReturn: 1
HasMFsm: 0
HasVarLatency: 0
IsPipeline: 0
IsRtlPipelined: 0
IsInstanceOverlapped: 0
IsDontTouch: 0
HasImplIP: 0
IsGatedGlobalClock: 0


============================================================
+ Verbose Summary: Schedule
============================================================
* Number of FSM states : 1
* Pipeline : 0
* Dataflow Pipeline: 0

* FSM state transitions: 
1 --> 

* FSM state operations: 

State 1 <SV = 0> <Delay = 7.24>
ST_1 : Operation 2 [1/1] (0.00ns)   --->   "%v_V_read = call i37 @_ssdm_op_Read.ap_auto.i37(i37 %v_V)"   --->   Operation 2 'read' 'v_V_read' <Predicate = true> <Delay = 0.00>
ST_1 : Operation 3 [1/1] (0.00ns)   --->   "%v_V_cast1 = sext i37 %v_V_read to i40"   --->   Operation 3 'sext' 'v_V_cast1' <Predicate = (tmp_4)> <Delay = 0.00>
ST_1 : Operation 4 [1/1] (0.00ns)   --->   "%tmp = call i5 @_ssdm_op_PartSelect.i5.i37.i32.i32(i37 %v_V_read, i32 32, i32 36)" [ADSD/Exp.cpp:42]   --->   Operation 4 'partselect' 'tmp' <Predicate = true> <Delay = 0.00>
ST_1 : Operation 5 [1/1] (0.00ns)   --->   "%ret_V = sext i5 %tmp to i8" [ADSD/Exp.cpp:42]   --->   Operation 5 'sext' 'ret_V' <Predicate = true> <Delay = 0.00>
ST_1 : Operation 6 [1/1] (0.00ns) (grouped into LUT with out node p_2)   --->   "%tmp_1 = call i1 @_ssdm_op_BitSelect.i1.i37.i32(i37 %v_V_read, i32 36)" [ADSD/Exp.cpp:42]   --->   Operation 6 'bitselect' 'tmp_1' <Predicate = true> <Delay = 0.00>
ST_1 : Operation 7 [1/1] (0.00ns)   --->   "%tmp_3 = trunc i37 %v_V_read to i32" [ADSD/Exp.cpp:42]   --->   Operation 7 'trunc' 'tmp_3' <Predicate = (tmp_1)> <Delay = 0.00>
ST_1 : Operation 8 [1/1] (2.47ns)   --->   "%tmp_2 = icmp eq i32 %tmp_3, 0" [ADSD/Exp.cpp:42]   --->   Operation 8 'icmp' 'tmp_2' <Predicate = (tmp_1)> <Delay = 2.47> <Core = "Cmp">   --->   Core 25 'Cmp' <Latency = 0> <II = 1> <Delay = 2.53> <FuncUnit> <Opcode : 'icmp'> <InPorts = 2> <OutPorts = 1>
ST_1 : Operation 9 [1/1] (1.78ns)   --->   "%ret_V_1 = add i8 1, %ret_V" [ADSD/Exp.cpp:42]   --->   Operation 9 'add' 'ret_V_1' <Predicate = (!tmp_2 & tmp_1)> <Delay = 1.78> <Core = "AddSub">   --->   Core 14 'AddSub' <Latency = 0> <II = 1> <Delay = 1.87> <FuncUnit> <Opcode : 'add' 'sub'> <InPorts = 2> <OutPorts = 1>
ST_1 : Operation 10 [1/1] (0.00ns) (grouped into LUT with out node p_2)   --->   "%p_s = select i1 %tmp_2, i8 %ret_V, i8 %ret_V_1" [ADSD/Exp.cpp:42]   --->   Operation 10 'select' 'p_s' <Predicate = (tmp_1)> <Delay = 0.00> <Core = "Sel">   --->   Core 26 'Sel' <Latency = 0> <II = 1> <Delay = 1.24> <FuncUnit> <Opcode : 'select'> <InPorts = 3> <OutPorts = 1>
ST_1 : Operation 11 [1/1] (0.99ns) (out node of the LUT)   --->   "%p_2 = select i1 %tmp_1, i8 %p_s, i8 %ret_V" [ADSD/Exp.cpp:42]   --->   Operation 11 'select' 'p_2' <Predicate = true> <Delay = 0.99> <Core = "Sel">   --->   Core 26 'Sel' <Latency = 0> <II = 1> <Delay = 1.24> <FuncUnit> <Opcode : 'select'> <InPorts = 3> <OutPorts = 1>
ST_1 : Operation 12 [1/1] (0.00ns)   --->   "%iv_2_cast = sext i8 %p_2 to i9" [ADSD/Exp.cpp:42]   --->   Operation 12 'sext' 'iv_2_cast' <Predicate = true> <Delay = 0.00>
ST_1 : Operation 13 [1/1] (0.00ns) (grouped into LUT with out node UnifiedRetVal)   --->   "%tmp_4 = call i1 @_ssdm_op_BitSelect.i1.i37.i32(i37 %v_V_read, i32 36)" [ADSD/Exp.cpp:43]   --->   Operation 13 'bitselect' 'tmp_4' <Predicate = true> <Delay = 0.00>
ST_1 : Operation 14 [1/1] (0.00ns)   --->   "%tmp_7 = call i40 @_ssdm_op_BitConcatenate.i40.i8.i32(i8 %p_2, i32 0)" [ADSD/Exp.cpp:43]   --->   Operation 14 'bitconcatenate' 'tmp_7' <Predicate = (tmp_4)> <Delay = 0.00>
ST_1 : Operation 15 [1/1] (2.53ns)   --->   "%tmp_8 = icmp eq i40 %tmp_7, %v_V_cast1" [ADSD/Exp.cpp:43]   --->   Operation 15 'icmp' 'tmp_8' <Predicate = (tmp_4)> <Delay = 2.53> <Core = "Cmp">   --->   Core 25 'Cmp' <Latency = 0> <II = 1> <Delay = 2.53> <FuncUnit> <Opcode : 'icmp'> <InPorts = 2> <OutPorts = 1>
ST_1 : Operation 16 [1/1] (1.87ns)   --->   "%iv = add i9 -1, %iv_2_cast" [ADSD/Exp.cpp:43]   --->   Operation 16 'add' 'iv' <Predicate = (!tmp_8 & tmp_4)> <Delay = 1.87> <Core = "AddSub">   --->   Core 14 'AddSub' <Latency = 0> <II = 1> <Delay = 1.87> <FuncUnit> <Opcode : 'add' 'sub'> <InPorts = 2> <OutPorts = 1>
ST_1 : Operation 17 [1/1] (0.00ns) (grouped into LUT with out node UnifiedRetVal)   --->   "%p_1 = select i1 %tmp_8, i9 %iv_2_cast, i9 %iv" [ADSD/Exp.cpp:43]   --->   Operation 17 'select' 'p_1' <Predicate = (tmp_4)> <Delay = 0.00> <Core = "Sel">   --->   Core 26 'Sel' <Latency = 0> <II = 1> <Delay = 1.24> <FuncUnit> <Opcode : 'select'> <InPorts = 3> <OutPorts = 1>
ST_1 : Operation 18 [1/1] (1.24ns) (out node of the LUT)   --->   "%UnifiedRetVal = select i1 %tmp_4, i9 %p_1, i9 %iv_2_cast" [ADSD/Exp.cpp:43]   --->   Operation 18 'select' 'UnifiedRetVal' <Predicate = true> <Delay = 1.24> <Core = "Sel">   --->   Core 26 'Sel' <Latency = 0> <II = 1> <Delay = 1.24> <FuncUnit> <Opcode : 'select'> <InPorts = 3> <OutPorts = 1>
ST_1 : Operation 19 [1/1] (0.00ns)   --->   "ret i9 %UnifiedRetVal" [ADSD/Exp.cpp:44]   --->   Operation 19 'ret' <Predicate = true> <Delay = 0.00>


============================================================
+ Verbose Summary: Binding
============================================================
STG Binding: 
---------------- STG Properties BEGIN ----------------
- Is combinational: 1
- Is one-state seq: 0
- Is datapath-only: 0
- Is pipelined: 0
- Is top level: 0
Port [ Return ] is wired: 1; IO mode=ap_ctrl_hs:ce=0
Port [ v_V]:  wired=1; compound=0; hidden=0; nouse=0; global=0; static=0; extern=0; dir=0; type=0; pingpong=0; private_global=0; IO mode=ap_none:ce=0
---------------- STG Properties END ------------------

---------------- Datapath Model BEGIN ----------------

<LifeTime>
<method=bitvector/>
v_V_read      (read          ) [ 00]
v_V_cast1     (sext          ) [ 00]
tmp           (partselect    ) [ 00]
ret_V         (sext          ) [ 00]
tmp_1         (bitselect     ) [ 01]
tmp_3         (trunc         ) [ 00]
tmp_2         (icmp          ) [ 01]
ret_V_1       (add           ) [ 00]
p_s           (select        ) [ 00]
p_2           (select        ) [ 00]
iv_2_cast     (sext          ) [ 00]
tmp_4         (bitselect     ) [ 01]
tmp_7         (bitconcatenate) [ 00]
tmp_8         (icmp          ) [ 01]
iv            (add           ) [ 00]
p_1           (select        ) [ 00]
UnifiedRetVal (select        ) [ 00]
StgValue_19   (ret           ) [ 00]
</LifeTime>

<model>

<comp_list>
<comp id="0" class="1000" name="v_V">
<pin_list>
<pin id="1" dir="1" index="0" bw="1" slack="0"/>
</pin_list>
<bind>
<StgValue><ssdm name="v_V"/></StgValue>
</bind>
</comp>

<comp id="2" class="1001" name="const_2">
<pin_list>
<pin id="3" dir="1" index="0" bw="1" slack="0"/>
</pin_list>
<bind>
<StgValue><ssdm name="_ssdm_op_Read.ap_auto.i37"/></StgValue>
</bind>
</comp>

<comp id="4" class="1001" name="const_4">
<pin_list>
<pin id="5" dir="1" index="0" bw="1" slack="0"/>
</pin_list>
<bind>
<StgValue><ssdm name="_ssdm_op_PartSelect.i5.i37.i32.i32"/></StgValue>
</bind>
</comp>

<comp id="6" class="1001" name="const_6">
<pin_list>
<pin id="7" dir="1" index="0" bw="1" slack="0"/>
</pin_list>
<bind>
<StgValue><ssdm name=""/></StgValue>
</bind>
</comp>

<comp id="8" class="1001" name="const_8">
<pin_list>
<pin id="9" dir="1" index="0" bw="1" slack="0"/>
</pin_list>
<bind>
<StgValue><ssdm name=""/></StgValue>
</bind>
</comp>

<comp id="10" class="1001" name="const_10">
<pin_list>
<pin id="11" dir="1" index="0" bw="1" slack="0"/>
</pin_list>
<bind>
<StgValue><ssdm name="_ssdm_op_BitSelect.i1.i37.i32"/></StgValue>
</bind>
</comp>

<comp id="12" class="1001" name="const_12">
<pin_list>
<pin id="13" dir="1" index="0" bw="1" slack="0"/>
</pin_list>
<bind>
<StgValue><ssdm name=""/></StgValue>
</bind>
</comp>

<comp id="14" class="1001" name="const_14">
<pin_list>
<pin id="15" dir="1" index="0" bw="1" slack="0"/>
</pin_list>
<bind>
<StgValue><ssdm name=""/></StgValue>
</bind>
</comp>

<comp id="16" class="1001" name="const_16">
<pin_list>
<pin id="17" dir="1" index="0" bw="1" slack="0"/>
</pin_list>
<bind>
<StgValue><ssdm name="_ssdm_op_BitConcatenate.i40.i8.i32"/></StgValue>
</bind>
</comp>

<comp id="18" class="1001" name="const_18">
<pin_list>
<pin id="19" dir="1" index="0" bw="1" slack="0"/>
</pin_list>
<bind>
<StgValue><ssdm name=""/></StgValue>
</bind>
</comp>

<comp id="20" class="1004" name="v_V_read_read_fu_20">
<pin_list>
<pin id="21" dir="0" index="0" bw="37" slack="0"/>
<pin id="22" dir="0" index="1" bw="37" slack="0"/>
<pin id="23" dir="1" index="2" bw="37" slack="0"/>
</pin_list>
<bind>
<opcode="read(1150) " fcode="read"/>
<opset="v_V_read/1 "/>
</bind>
</comp>

<comp id="26" class="1004" name="v_V_cast1_fu_26">
<pin_list>
<pin id="27" dir="0" index="0" bw="37" slack="0"/>
<pin id="28" dir="1" index="1" bw="40" slack="0"/>
</pin_list>
<bind>
<opcode="sext(35) " fcode="sext"/>
<opset="v_V_cast1/1 "/>
</bind>
</comp>

<comp id="30" class="1004" name="tmp_fu_30">
<pin_list>
<pin id="31" dir="0" index="0" bw="5" slack="0"/>
<pin id="32" dir="0" index="1" bw="37" slack="0"/>
<pin id="33" dir="0" index="2" bw="7" slack="0"/>
<pin id="34" dir="0" index="3" bw="7" slack="0"/>
<pin id="35" dir="1" index="4" bw="5" slack="0"/>
</pin_list>
<bind>
<opcode="partselect(1002) " fcode="partselect"/>
<opset="tmp/1 "/>
</bind>
</comp>

<comp id="40" class="1004" name="ret_V_fu_40">
<pin_list>
<pin id="41" dir="0" index="0" bw="5" slack="0"/>
<pin id="42" dir="1" index="1" bw="8" slack="0"/>
</pin_list>
<bind>
<opcode="sext(35) " fcode="sext"/>
<opset="ret_V/1 "/>
</bind>
</comp>

<comp id="44" class="1004" name="tmp_1_fu_44">
<pin_list>
<pin id="45" dir="0" index="0" bw="1" slack="0"/>
<pin id="46" dir="0" index="1" bw="37" slack="0"/>
<pin id="47" dir="0" index="2" bw="7" slack="0"/>
<pin id="48" dir="1" index="3" bw="1" slack="0"/>
</pin_list>
<bind>
<opcode="bitselect(1000) " fcode="bitselect"/>
<opset="tmp_1/1 "/>
</bind>
</comp>

<comp id="52" class="1004" name="tmp_3_fu_52">
<pin_list>
<pin id="53" dir="0" index="0" bw="37" slack="0"/>
<pin id="54" dir="1" index="1" bw="32" slack="0"/>
</pin_list>
<bind>
<opcode="trunc(33) " fcode="trunc"/>
<opset="tmp_3/1 "/>
</bind>
</comp>

<comp id="56" class="1004" name="tmp_2_fu_56">
<pin_list>
<pin id="57" dir="0" index="0" bw="32" slack="0"/>
<pin id="58" dir="0" index="1" bw="1" slack="0"/>
<pin id="59" dir="1" index="2" bw="1" slack="0"/>
</pin_list>
<bind>
<opcode="icmp(45) " fcode="icmp"/>
<opset="tmp_2/1 "/>
</bind>
</comp>

<comp id="62" class="1004" name="ret_V_1_fu_62">
<pin_list>
<pin id="63" dir="0" index="0" bw="1" slack="0"/>
<pin id="64" dir="0" index="1" bw="5" slack="0"/>
<pin id="65" dir="1" index="2" bw="8" slack="0"/>
</pin_list>
<bind>
<opcode="add(8) " fcode="add"/>
<opset="ret_V_1/1 "/>
</bind>
</comp>

<comp id="68" class="1004" name="p_s_fu_68">
<pin_list>
<pin id="69" dir="0" index="0" bw="1" slack="0"/>
<pin id="70" dir="0" index="1" bw="5" slack="0"/>
<pin id="71" dir="0" index="2" bw="7" slack="0"/>
<pin id="72" dir="1" index="3" bw="8" slack="0"/>
</pin_list>
<bind>
<opcode="select(49) " fcode="select"/>
<opset="p_s/1 "/>
</bind>
</comp>

<comp id="76" class="1004" name="p_2_fu_76">
<pin_list>
<pin id="77" dir="0" index="0" bw="1" slack="0"/>
<pin id="78" dir="0" index="1" bw="7" slack="0"/>
<pin id="79" dir="0" index="2" bw="5" slack="0"/>
<pin id="80" dir="1" index="3" bw="8" slack="0"/>
</pin_list>
<bind>
<opcode="select(49) " fcode="select"/>
<opset="p_2/1 "/>
</bind>
</comp>

<comp id="84" class="1004" name="iv_2_cast_fu_84">
<pin_list>
<pin id="85" dir="0" index="0" bw="7" slack="0"/>
<pin id="86" dir="1" index="1" bw="9" slack="0"/>
</pin_list>
<bind>
<opcode="sext(35) " fcode="sext"/>
<opset="iv_2_cast/1 "/>
</bind>
</comp>

<comp id="88" class="1004" name="tmp_4_fu_88">
<pin_list>
<pin id="89" dir="0" index="0" bw="1" slack="0"/>
<pin id="90" dir="0" index="1" bw="37" slack="0"/>
<pin id="91" dir="0" index="2" bw="7" slack="0"/>
<pin id="92" dir="1" index="3" bw="1" slack="0"/>
</pin_list>
<bind>
<opcode="bitselect(1000) " fcode="bitselect"/>
<opset="tmp_4/1 "/>
</bind>
</comp>

<comp id="96" class="1004" name="tmp_7_fu_96">
<pin_list>
<pin id="97" dir="0" index="0" bw="40" slack="0"/>
<pin id="98" dir="0" index="1" bw="7" slack="0"/>
<pin id="99" dir="0" index="2" bw="1" slack="0"/>
<pin id="100" dir="1" index="3" bw="40" slack="0"/>
</pin_list>
<bind>
<opcode="bitconcatenate(1004) " fcode="bitconcatenate"/>
<opset="tmp_7/1 "/>
</bind>
</comp>

<comp id="104" class="1004" name="tmp_8_fu_104">
<pin_list>
<pin id="105" dir="0" index="0" bw="40" slack="0"/>
<pin id="106" dir="0" index="1" bw="37" slack="0"/>
<pin id="107" dir="1" index="2" bw="1" slack="0"/>
</pin_list>
<bind>
<opcode="icmp(45) " fcode="icmp"/>
<opset="tmp_8/1 "/>
</bind>
</comp>

<comp id="110" class="1004" name="iv_fu_110">
<pin_list>
<pin id="111" dir="0" index="0" bw="1" slack="0"/>
<pin id="112" dir="0" index="1" bw="7" slack="0"/>
<pin id="113" dir="1" index="2" bw="9" slack="0"/>
</pin_list>
<bind>
<opcode="add(8) " fcode="add"/>
<opset="iv/1 "/>
</bind>
</comp>

<comp id="116" class="1004" name="p_1_fu_116">
<pin_list>
<pin id="117" dir="0" index="0" bw="1" slack="0"/>
<pin id="118" dir="0" index="1" bw="7" slack="0"/>
<pin id="119" dir="0" index="2" bw="8" slack="0"/>
<pin id="120" dir="1" index="3" bw="9" slack="0"/>
</pin_list>
<bind>
<opcode="select(49) " fcode="select"/>
<opset="p_1/1 "/>
</bind>
</comp>

<comp id="124" class="1004" name="UnifiedRetVal_fu_124">
<pin_list>
<pin id="125" dir="0" index="0" bw="1" slack="0"/>
<pin id="126" dir="0" index="1" bw="8" slack="0"/>
<pin id="127" dir="0" index="2" bw="7" slack="0"/>
<pin id="128" dir="1" index="3" bw="9" slack="2147483647"/>
</pin_list>
<bind>
<opcode="select(49) " fcode="select"/>
<opset="UnifiedRetVal/1 "/>
</bind>
</comp>

</comp_list>

<net_list>
<net id="24"><net_src comp="2" pin="0"/><net_sink comp="20" pin=0"/></net>

<net id="25"><net_src comp="0" pin="0"/><net_sink comp="20" pin=1"/></net>

<net id="29"><net_src comp="20" pin="2"/><net_sink comp="26" pin=0"/></net>

<net id="36"><net_src comp="4" pin="0"/><net_sink comp="30" pin=0"/></net>

<net id="37"><net_src comp="20" pin="2"/><net_sink comp="30" pin=1"/></net>

<net id="38"><net_src comp="6" pin="0"/><net_sink comp="30" pin=2"/></net>

<net id="39"><net_src comp="8" pin="0"/><net_sink comp="30" pin=3"/></net>

<net id="43"><net_src comp="30" pin="4"/><net_sink comp="40" pin=0"/></net>

<net id="49"><net_src comp="10" pin="0"/><net_sink comp="44" pin=0"/></net>

<net id="50"><net_src comp="20" pin="2"/><net_sink comp="44" pin=1"/></net>

<net id="51"><net_src comp="8" pin="0"/><net_sink comp="44" pin=2"/></net>

<net id="55"><net_src comp="20" pin="2"/><net_sink comp="52" pin=0"/></net>

<net id="60"><net_src comp="52" pin="1"/><net_sink comp="56" pin=0"/></net>

<net id="61"><net_src comp="12" pin="0"/><net_sink comp="56" pin=1"/></net>

<net id="66"><net_src comp="14" pin="0"/><net_sink comp="62" pin=0"/></net>

<net id="67"><net_src comp="40" pin="1"/><net_sink comp="62" pin=1"/></net>

<net id="73"><net_src comp="56" pin="2"/><net_sink comp="68" pin=0"/></net>

<net id="74"><net_src comp="40" pin="1"/><net_sink comp="68" pin=1"/></net>

<net id="75"><net_src comp="62" pin="2"/><net_sink comp="68" pin=2"/></net>

<net id="81"><net_src comp="44" pin="3"/><net_sink comp="76" pin=0"/></net>

<net id="82"><net_src comp="68" pin="3"/><net_sink comp="76" pin=1"/></net>

<net id="83"><net_src comp="40" pin="1"/><net_sink comp="76" pin=2"/></net>

<net id="87"><net_src comp="76" pin="3"/><net_sink comp="84" pin=0"/></net>

<net id="93"><net_src comp="10" pin="0"/><net_sink comp="88" pin=0"/></net>

<net id="94"><net_src comp="20" pin="2"/><net_sink comp="88" pin=1"/></net>

<net id="95"><net_src comp="8" pin="0"/><net_sink comp="88" pin=2"/></net>

<net id="101"><net_src comp="16" pin="0"/><net_sink comp="96" pin=0"/></net>

<net id="102"><net_src comp="76" pin="3"/><net_sink comp="96" pin=1"/></net>

<net id="103"><net_src comp="12" pin="0"/><net_sink comp="96" pin=2"/></net>

<net id="108"><net_src comp="96" pin="3"/><net_sink comp="104" pin=0"/></net>

<net id="109"><net_src comp="26" pin="1"/><net_sink comp="104" pin=1"/></net>

<net id="114"><net_src comp="18" pin="0"/><net_sink comp="110" pin=0"/></net>

<net id="115"><net_src comp="84" pin="1"/><net_sink comp="110" pin=1"/></net>

<net id="121"><net_src comp="104" pin="2"/><net_sink comp="116" pin=0"/></net>

<net id="122"><net_src comp="84" pin="1"/><net_sink comp="116" pin=1"/></net>

<net id="123"><net_src comp="110" pin="2"/><net_sink comp="116" pin=2"/></net>

<net id="129"><net_src comp="88" pin="3"/><net_sink comp="124" pin=0"/></net>

<net id="130"><net_src comp="116" pin="3"/><net_sink comp="124" pin=1"/></net>

<net id="131"><net_src comp="84" pin="1"/><net_sink comp="124" pin=2"/></net>

</net_list>

</model> 
---------------- Datapath Model END ------------------

* FSMD analyzer results:
  - Output states:
 - Input state : 
	Port: floor_to_int : v_V | {1 }
  - Chain level:
	State 1
		ret_V : 1
		tmp_2 : 1
		ret_V_1 : 2
		p_s : 3
		p_2 : 4
		iv_2_cast : 5
		tmp_7 : 5
		tmp_8 : 6
		iv : 6
		p_1 : 7
		UnifiedRetVal : 8
		StgValue_19 : 9


============================================================
+ Verbose Summary: Datapath Resource usage 
============================================================

* Functional unit list:
|----------|----------------------|---------|---------|
| Operation|    Functional Unit   |    FF   |   LUT   |
|----------|----------------------|---------|---------|
|   icmp   |      tmp_2_fu_56     |    0    |    18   |
|          |     tmp_8_fu_104     |    0    |    21   |
|----------|----------------------|---------|---------|
|    add   |     ret_V_1_fu_62    |    0    |    15   |
|          |       iv_fu_110      |    0    |    15   |
|----------|----------------------|---------|---------|
|          |       p_s_fu_68      |    0    |    7    |
|  select  |       p_2_fu_76      |    0    |    7    |
|          |      p_1_fu_116      |    0    |    8    |
|          | UnifiedRetVal_fu_124 |    0    |    8    |
|----------|----------------------|---------|---------|
|   read   |  v_V_read_read_fu_20 |    0    |    0    |
|----------|----------------------|---------|---------|
|          |    v_V_cast1_fu_26   |    0    |    0    |
|   sext   |      ret_V_fu_40     |    0    |    0    |
|          |    iv_2_cast_fu_84   |    0    |    0    |
|----------|----------------------|---------|---------|
|partselect|       tmp_fu_30      |    0    |    0    |
|----------|----------------------|---------|---------|
| bitselect|      tmp_1_fu_44     |    0    |    0    |
|          |      tmp_4_fu_88     |    0    |    0    |
|----------|----------------------|---------|---------|
|   trunc  |      tmp_3_fu_52     |    0    |    0    |
|----------|----------------------|---------|---------|
|bitconcatenate|      tmp_7_fu_96     |    0    |    0    |
|----------|----------------------|---------|---------|
|   Total  |                      |    0    |    99   |
|----------|----------------------|---------|---------|

Memories:
N/A

* Register list:
N/A

* Multiplexer (MUX) list: 
|--------|------|------|------|--------|
|  Comp  |  Pin | Size |  BW  | S x BW |
|--------|------|------|------|--------|
|  Total |      |      |      |    0   |
|--------|------|------|------|--------|



* Summary:
+-----------+--------+--------+
|           |   FF   |   LUT  |
+-----------+--------+--------+
|  Function |    0   |   99   |
|   Memory  |    -   |    -   |
|Multiplexer|    -   |    -   |
|  Register |    -   |    -   |
+-----------+--------+--------+
|   Total   |    0   |   99   |
+-----------+--------+--------+
