

================================================================
== Vivado HLS Report for 'load_data48'
================================================================
* Date:           Wed Feb 11 20:56:03 2026

* Version:        2018.2 (Build 2258646 on Thu Jun 14 20:25:20 MDT 2018)
* Project:        ADSD
* Solution:       solution1
* Product family: zynq
* Target device:  xc7z020clg484-1


================================================================
== Performance Estimates
================================================================
+ Timing (ns): 
    * Summary: 
    +--------+-------+----------+------------+
    |  Clock | Target| Estimated| Uncertainty|
    +--------+-------+----------+------------+
    |ap_clk  |  10.00|     8.750|        1.25|
    +--------+-------+----------+------------+

+ Latency (clock cycles): 
    * Summary: 
    +-----+-----+-----+-----+---------+
    |  Latency  |  Interval | Pipeline|
    | min | max | min | max |   Type  |
    +-----+-----+-----+-----+---------+
    |  107|  107|  107|  107|   none  |
    +-----+-----+-----+-----+---------+

    + Detail: 
        * Instance: 
        N/A

        * Loop: 
        +-------------------+-----+-----+----------+-----------+-----------+------+----------+
        |                   |  Latency  | Iteration|  Initiation Interval  | Trip |          |
        |     Loop Name     | min | max |  Latency |  achieved |   target  | Count| Pipelined|
        +-------------------+-----+-----+----------+-----------+-----------+------+----------+
        |- load_image_loop  |   99|   99|         3|          1|          1|    98|    yes   |
        +-------------------+-----+-----+----------+-----------+-----------+------+----------+

============================================================
+ Verbose Summary: Synthesis Manager
============================================================
InlineROM: 1
ExposeGlobal: 0
============================================================
+ Verbose Summary: CDFG Model
============================================================
IsTopModel: 0
ResetActiveHigh: 1
IsCombinational: 2
IsDatapathOnly: 0
HasWiredReturn: 1
HasMFsm: 0
HasVarLatency: 1
IsPipeline: 0
IsRtlPipelined: 0
IsInstanceOverlapped: 0
IsDontTouch: 0
HasImplIP: 0
IsGatedGlobalClock: 0

+ Individual pipeline summary: 
  * Pipeline-0: initiation interval (II) = 1, depth = 3


============================================================
+ Verbose Summary: Schedule
============================================================
* Number of FSM states : 11
* Pipeline : 1
  Pipeline-0 : II = 1, D = 3, States = { 8 9 10 }
* Dataflow Pipeline: 0

* FSM state transitions: 
1 --> 
	2  / true
2 --> 
	3  / true
3 --> 
	4  / true
4 --> 
	5  / true
5 --> 
	6  / true
6 --> 
	7  / true
7 --> 
	8  / true
8 --> 
	11  / (exitcond1_i_i)
	9  / (!exitcond1_i_i)
9 --> 
	10  / true
10 --> 
	8  / true
11 --> 

* FSM state operations: 

State 1 <SV = 0> <Delay = 8.75>
ST_1 : Operation 12 [1/1] (0.00ns)   --->   "%x_V_offset_read = call i32 @_ssdm_op_Read.ap_auto.i32(i32 %x_V_offset)"   --->   Operation 12 'read' 'x_V_offset_read' <Predicate = true> <Delay = 0.00>
ST_1 : Operation 13 [1/1] (0.00ns)   --->   "%x_V_offset1 = call i29 @_ssdm_op_PartSelect.i29.i32.i32.i32(i32 %x_V_offset_read, i32 3, i32 31)"   --->   Operation 13 'partselect' 'x_V_offset1' <Predicate = true> <Delay = 0.00>
ST_1 : Operation 14 [1/1] (0.00ns)   --->   "%sext = zext i29 %x_V_offset1 to i64"   --->   Operation 14 'zext' 'sext' <Predicate = true> <Delay = 0.00>
ST_1 : Operation 15 [1/1] (0.00ns)   --->   "%x_V_addr = getelementptr i64* %x_V, i64 %sext"   --->   Operation 15 'getelementptr' 'x_V_addr' <Predicate = true> <Delay = 0.00>
ST_1 : Operation 16 [7/7] (8.75ns)   --->   "%x_V_addr_rd_req = call i1 @_ssdm_op_ReadReq.m_axi.i64P(i64* %x_V_addr, i32 98)" [ADSD/Classifier.cpp:14]   --->   Operation 16 'readreq' 'x_V_addr_rd_req' <Predicate = true> <Delay = 8.75> <Core = "m_axi">   --->   Core 9 'm_axi' <Latency = 6> <II = 1> <Delay = 1.00> <Adapter> <Opcode : 'read' 'write' 'readreq' 'writereq' 'writeresp'>

State 2 <SV = 1> <Delay = 8.75>
ST_2 : Operation 17 [6/7] (8.75ns)   --->   "%x_V_addr_rd_req = call i1 @_ssdm_op_ReadReq.m_axi.i64P(i64* %x_V_addr, i32 98)" [ADSD/Classifier.cpp:14]   --->   Operation 17 'readreq' 'x_V_addr_rd_req' <Predicate = true> <Delay = 8.75> <Core = "m_axi">   --->   Core 9 'm_axi' <Latency = 6> <II = 1> <Delay = 1.00> <Adapter> <Opcode : 'read' 'write' 'readreq' 'writereq' 'writeresp'>

State 3 <SV = 2> <Delay = 8.75>
ST_3 : Operation 18 [5/7] (8.75ns)   --->   "%x_V_addr_rd_req = call i1 @_ssdm_op_ReadReq.m_axi.i64P(i64* %x_V_addr, i32 98)" [ADSD/Classifier.cpp:14]   --->   Operation 18 'readreq' 'x_V_addr_rd_req' <Predicate = true> <Delay = 8.75> <Core = "m_axi">   --->   Core 9 'm_axi' <Latency = 6> <II = 1> <Delay = 1.00> <Adapter> <Opcode : 'read' 'write' 'readreq' 'writereq' 'writeresp'>

State 4 <SV = 3> <Delay = 8.75>
ST_4 : Operation 19 [4/7] (8.75ns)   --->   "%x_V_addr_rd_req = call i1 @_ssdm_op_ReadReq.m_axi.i64P(i64* %x_V_addr, i32 98)" [ADSD/Classifier.cpp:14]   --->   Operation 19 'readreq' 'x_V_addr_rd_req' <Predicate = true> <Delay = 8.75> <Core = "m_axi">   --->   Core 9 'm_axi' <Latency = 6> <II = 1> <Delay = 1.00> <Adapter> <Opcode : 'read' 'write' 'readreq' 'writereq' 'writeresp'>

State 5 <SV = 4> <Delay = 8.75>
ST_5 : Operation 20 [3/7] (8.75ns)   --->   "%x_V_addr_rd_req = call i1 @_ssdm_op_ReadReq.m_axi.i64P(i64* %x_V_addr, i32 98)" [ADSD/Classifier.cpp:14]   --->   Operation 20 'readreq' 'x_V_addr_rd_req' <Predicate = true> <Delay = 8.75> <Core = "m_axi">   --->   Core 9 'm_axi' <Latency = 6> <II = 1> <Delay = 1.00> <Adapter> <Opcode : 'read' 'write' 'readreq' 'writereq' 'writeresp'>

State 6 <SV = 5> <Delay = 8.75>
ST_6 : Operation 21 [2/7] (8.75ns)   --->   "%x_V_addr_rd_req = call i1 @_ssdm_op_ReadReq.m_axi.i64P(i64* %x_V_addr, i32 98)" [ADSD/Classifier.cpp:14]   --->   Operation 21 'readreq' 'x_V_addr_rd_req' <Predicate = true> <Delay = 8.75> <Core = "m_axi">   --->   Core 9 'm_axi' <Latency = 6> <II = 1> <Delay = 1.00> <Adapter> <Opcode : 'read' 'write' 'readreq' 'writereq' 'writeresp'>

State 7 <SV = 6> <Delay = 8.75>
ST_7 : Operation 22 [1/1] (0.00ns)   --->   "%x_norm_in_V_read = call i24 @_ssdm_op_Read.ap_auto.i24(i24 %x_norm_in_V)"   --->   Operation 22 'read' 'x_norm_in_V_read' <Predicate = true> <Delay = 0.00>
ST_7 : Operation 23 [1/1] (0.00ns)   --->   "call void (...)* @_ssdm_op_SpecInterface(i64* %x_V, [6 x i8]* @p_str15, i32 0, i32 0, [1 x i8]* @p_str, i32 0, i32 98, [5 x i8]* @p_str16, [6 x i8]* @p_str17, [1 x i8]* @p_str, i32 16, i32 16, i32 16, i32 16, [1 x i8]* @p_str, [1 x i8]* @p_str)"   --->   Operation 23 'specinterface' <Predicate = true> <Delay = 0.00>
ST_7 : Operation 24 [1/1] (0.00ns)   --->   "call void (...)* @_ssdm_op_SpecInterface(i64* %x_V, [6 x i8]* @p_str15, i32 0, i32 0, [1 x i8]* @p_str, i32 0, i32 98, [5 x i8]* @p_str16, [6 x i8]* @p_str17, [1 x i8]* @p_str, i32 16, i32 16, i32 16, i32 16, [1 x i8]* @p_str, [1 x i8]* @p_str)"   --->   Operation 24 'specinterface' <Predicate = true> <Delay = 0.00>
ST_7 : Operation 25 [1/1] (0.00ns)   --->   "call void (...)* @_ssdm_op_SpecInterface(i24* %x_norm_in_V_out, [8 x i8]* @ap_fifo_str, i32 0, i32 0, [1 x i8]* @p_str, i32 0, i32 0, [1 x i8]* @p_str, [1 x i8]* @p_str, [1 x i8]* @p_str, i32 2, i32 2, i32 16, i32 16, [1 x i8]* @p_str, [1 x i8]* @p_str)"   --->   Operation 25 'specinterface' <Predicate = true> <Delay = 0.00>
ST_7 : Operation 26 [1/1] (3.63ns)   --->   "call void @_ssdm_op_Write.ap_fifo.i24P(i24* %x_norm_in_V_out, i24 %x_norm_in_V_read)"   --->   Operation 26 'write' <Predicate = true> <Delay = 3.63> <Core = "FIFO">   --->   Core 32 'FIFO' <Latency = 0> <II = 1> <Delay = 3.63> <Storage> <Opcode : 'read' 'write' 'nbread' 'nbwrite'> <Ports = 0> <Width = 24> <Depth = 2> <FIFO>
ST_7 : Operation 27 [1/1] (0.00ns)   --->   "call void (...)* @_ssdm_op_SpecInterface(i64* %x_V, [6 x i8]* @p_str15, i32 0, i32 0, [1 x i8]* @p_str, i32 0, i32 98, [5 x i8]* @p_str16, [6 x i8]* @p_str17, [1 x i8]* @p_str, i32 16, i32 16, i32 16, i32 16, [1 x i8]* @p_str, [1 x i8]* @p_str)"   --->   Operation 27 'specinterface' <Predicate = true> <Delay = 0.00>
ST_7 : Operation 28 [1/1] (0.00ns)   --->   "call void (...)* @_ssdm_op_SpecInterface(i64* %x_V, [6 x i8]* @p_str15, i32 0, i32 0, [1 x i8]* @p_str, i32 0, i32 98, [5 x i8]* @p_str16, [6 x i8]* @p_str17, [1 x i8]* @p_str, i32 16, i32 16, i32 16, i32 16, [1 x i8]* @p_str, [1 x i8]* @p_str)"   --->   Operation 28 'specinterface' <Predicate = true> <Delay = 0.00>
ST_7 : Operation 29 [1/7] (8.75ns)   --->   "%x_V_addr_rd_req = call i1 @_ssdm_op_ReadReq.m_axi.i64P(i64* %x_V_addr, i32 98)" [ADSD/Classifier.cpp:14]   --->   Operation 29 'readreq' 'x_V_addr_rd_req' <Predicate = true> <Delay = 8.75> <Core = "m_axi">   --->   Core 9 'm_axi' <Latency = 6> <II = 1> <Delay = 1.00> <Adapter> <Opcode : 'read' 'write' 'readreq' 'writereq' 'writeresp'>
ST_7 : Operation 30 [1/1] (1.76ns)   --->   "br label %0" [ADSD/Classifier.cpp:12]   --->   Operation 30 'br' <Predicate = true> <Delay = 1.76>

State 8 <SV = 7> <Delay = 2.46>
ST_8 : Operation 31 [1/1] (0.00ns)   --->   "%i_i_i = phi i7 [ 0, %entry ], [ %i, %9 ]"   --->   Operation 31 'phi' 'i_i_i' <Predicate = true> <Delay = 0.00>
ST_8 : Operation 32 [1/1] (1.48ns)   --->   "%exitcond1_i_i = icmp eq i7 %i_i_i, -30" [ADSD/Classifier.cpp:12]   --->   Operation 32 'icmp' 'exitcond1_i_i' <Predicate = true> <Delay = 1.48> <Core = "Cmp">   --->   Core 25 'Cmp' <Latency = 0> <II = 1> <Delay = 1.48> <FuncUnit> <Opcode : 'icmp'> <InPorts = 2> <OutPorts = 1>
ST_8 : Operation 33 [1/1] (0.00ns)   --->   "%empty = call i32 (...)* @_ssdm_op_SpecLoopTripCount(i64 98, i64 98, i64 98)"   --->   Operation 33 'speclooptripcount' 'empty' <Predicate = true> <Delay = 0.00>
ST_8 : Operation 34 [1/1] (1.87ns)   --->   "%i = add i7 %i_i_i, 1" [ADSD/Classifier.cpp:12]   --->   Operation 34 'add' 'i' <Predicate = true> <Delay = 1.87> <Core = "AddSub">   --->   Core 14 'AddSub' <Latency = 0> <II = 1> <Delay = 1.87> <FuncUnit> <Opcode : 'add' 'sub'> <InPorts = 2> <OutPorts = 1>
ST_8 : Operation 35 [1/1] (0.00ns)   --->   "br i1 %exitcond1_i_i, label %.exit, label %1" [ADSD/Classifier.cpp:12]   --->   Operation 35 'br' <Predicate = true> <Delay = 0.00>
ST_8 : Operation 36 [1/1] (0.00ns)   --->   "%tmp = trunc i7 %i_i_i to i1" [ADSD/Classifier.cpp:18]   --->   Operation 36 'trunc' 'tmp' <Predicate = (!exitcond1_i_i)> <Delay = 0.00>
ST_8 : Operation 37 [1/1] (0.00ns)   --->   "%tmp_3_cast_i_i = call i6 @_ssdm_op_PartSelect.i6.i7.i32.i32(i7 %i_i_i, i32 1, i32 6)" [ADSD/Classifier.cpp:12]   --->   Operation 37 'partselect' 'tmp_3_cast_i_i' <Predicate = (!exitcond1_i_i)> <Delay = 0.00>
ST_8 : Operation 38 [1/1] (0.00ns)   --->   "br i1 %tmp, label %branch120.i.i, label %branch112.i.i" [ADSD/Classifier.cpp:19]   --->   Operation 38 'br' <Predicate = (!exitcond1_i_i)> <Delay = 0.00>
ST_8 : Operation 39 [1/1] (0.00ns)   --->   "br i1 %tmp, label %branch104.i.i, label %branch96.i.i" [ADSD/Classifier.cpp:19]   --->   Operation 39 'br' <Predicate = (!exitcond1_i_i)> <Delay = 0.00>
ST_8 : Operation 40 [1/1] (0.00ns)   --->   "br i1 %tmp, label %branch88.i.i, label %branch80.i.i" [ADSD/Classifier.cpp:19]   --->   Operation 40 'br' <Predicate = (!exitcond1_i_i)> <Delay = 0.00>
ST_8 : Operation 41 [1/1] (0.00ns)   --->   "br i1 %tmp, label %branch72.i.i, label %branch64.i.i" [ADSD/Classifier.cpp:19]   --->   Operation 41 'br' <Predicate = (!exitcond1_i_i)> <Delay = 0.00>
ST_8 : Operation 42 [1/1] (0.00ns)   --->   "br i1 %tmp, label %branch56.i.i, label %branch48.i.i" [ADSD/Classifier.cpp:19]   --->   Operation 42 'br' <Predicate = (!exitcond1_i_i)> <Delay = 0.00>
ST_8 : Operation 43 [1/1] (0.00ns)   --->   "br i1 %tmp, label %branch40.i.i, label %branch32.i.i" [ADSD/Classifier.cpp:19]   --->   Operation 43 'br' <Predicate = (!exitcond1_i_i)> <Delay = 0.00>
ST_8 : Operation 44 [1/1] (0.00ns)   --->   "br i1 %tmp, label %branch24.i.i, label %branch16.i.i" [ADSD/Classifier.cpp:19]   --->   Operation 44 'br' <Predicate = (!exitcond1_i_i)> <Delay = 0.00>
ST_8 : Operation 45 [1/1] (0.00ns)   --->   "br i1 %tmp, label %branch8.i.i, label %branch0.i.i" [ADSD/Classifier.cpp:19]   --->   Operation 45 'br' <Predicate = (!exitcond1_i_i)> <Delay = 0.00>

State 9 <SV = 8> <Delay = 8.75>
ST_9 : Operation 46 [1/1] (8.75ns)   --->   "%packet_V = call i64 @_ssdm_op_Read.m_axi.i64P(i64* %x_V_addr)" [ADSD/Classifier.cpp:14]   --->   Operation 46 'read' 'packet_V' <Predicate = true> <Delay = 8.75> <Core = "m_axi">   --->   Core 9 'm_axi' <Latency = 6> <II = 1> <Delay = 1.00> <Adapter> <Opcode : 'read' 'write' 'readreq' 'writereq' 'writeresp'>
ST_9 : Operation 47 [1/1] (0.00ns)   --->   "%tmp_1 = trunc i64 %packet_V to i8" [ADSD/Classifier.cpp:18]   --->   Operation 47 'trunc' 'tmp_1' <Predicate = true> <Delay = 0.00>
ST_9 : Operation 48 [1/1] (0.00ns)   --->   "%p_Result_1_i_i = call i8 @_ssdm_op_PartSelect.i8.i64.i32.i32(i64 %packet_V, i32 8, i32 15)" [ADSD/Classifier.cpp:18]   --->   Operation 48 'partselect' 'p_Result_1_i_i' <Predicate = true> <Delay = 0.00>
ST_9 : Operation 49 [1/1] (0.00ns)   --->   "%p_Result_2_i_i = call i8 @_ssdm_op_PartSelect.i8.i64.i32.i32(i64 %packet_V, i32 16, i32 23)" [ADSD/Classifier.cpp:18]   --->   Operation 49 'partselect' 'p_Result_2_i_i' <Predicate = true> <Delay = 0.00>
ST_9 : Operation 50 [1/1] (0.00ns)   --->   "%p_Result_3_i_i = call i8 @_ssdm_op_PartSelect.i8.i64.i32.i32(i64 %packet_V, i32 24, i32 31)" [ADSD/Classifier.cpp:18]   --->   Operation 50 'partselect' 'p_Result_3_i_i' <Predicate = true> <Delay = 0.00>
ST_9 : Operation 51 [1/1] (0.00ns)   --->   "%p_Result_4_i_i = call i8 @_ssdm_op_PartSelect.i8.i64.i32.i32(i64 %packet_V, i32 32, i32 39)" [ADSD/Classifier.cpp:18]   --->   Operation 51 'partselect' 'p_Result_4_i_i' <Predicate = true> <Delay = 0.00>
ST_9 : Operation 52 [1/1] (0.00ns)   --->   "%p_Result_5_i_i = call i8 @_ssdm_op_PartSelect.i8.i64.i32.i32(i64 %packet_V, i32 40, i32 47)" [ADSD/Classifier.cpp:18]   --->   Operation 52 'partselect' 'p_Result_5_i_i' <Predicate = true> <Delay = 0.00>
ST_9 : Operation 53 [1/1] (0.00ns)   --->   "%p_Result_6_i_i = call i8 @_ssdm_op_PartSelect.i8.i64.i32.i32(i64 %packet_V, i32 48, i32 55)" [ADSD/Classifier.cpp:18]   --->   Operation 53 'partselect' 'p_Result_6_i_i' <Predicate = true> <Delay = 0.00>
ST_9 : Operation 54 [1/1] (0.00ns)   --->   "%p_Result_7_i_i = call i8 @_ssdm_op_PartSelect.i8.i64.i32.i32(i64 %packet_V, i32 56, i32 63)" [ADSD/Classifier.cpp:18]   --->   Operation 54 'partselect' 'p_Result_7_i_i' <Predicate = true> <Delay = 0.00>

State 10 <SV = 9> <Delay = 2.32>
ST_10 : Operation 55 [1/1] (0.00ns)   --->   "call void (...)* @_ssdm_op_SpecLoopName([16 x i8]* @p_str5) nounwind" [ADSD/Classifier.cpp:12]   --->   Operation 55 'specloopname' <Predicate = true> <Delay = 0.00>
ST_10 : Operation 56 [1/1] (0.00ns)   --->   "%tmp_2_i_i = call i32 (...)* @_ssdm_op_SpecRegionBegin([16 x i8]* @p_str5)" [ADSD/Classifier.cpp:12]   --->   Operation 56 'specregionbegin' 'tmp_2_i_i' <Predicate = true> <Delay = 0.00>
ST_10 : Operation 57 [1/1] (0.00ns)   --->   "call void (...)* @_ssdm_op_SpecPipeline(i32 1, i32 1, i32 1, i32 0, [1 x i8]* @p_str) nounwind" [ADSD/Classifier.cpp:13]   --->   Operation 57 'specpipeline' <Predicate = true> <Delay = 0.00>
ST_10 : Operation 58 [1/1] (0.00ns)   --->   "%newIndex1_i_i = zext i6 %tmp_3_cast_i_i to i64" [ADSD/Classifier.cpp:12]   --->   Operation 58 'zext' 'newIndex1_i_i' <Predicate = true> <Delay = 0.00>
ST_10 : Operation 59 [1/1] (0.00ns)   --->   "%x_local_0_V_addr = getelementptr [49 x i8]* %x_local_0_V, i64 0, i64 %newIndex1_i_i" [ADSD/Classifier.cpp:19]   --->   Operation 59 'getelementptr' 'x_local_0_V_addr' <Predicate = true> <Delay = 0.00>
ST_10 : Operation 60 [1/1] (0.00ns)   --->   "%x_local_8_V_addr = getelementptr [49 x i8]* %x_local_8_V, i64 0, i64 %newIndex1_i_i" [ADSD/Classifier.cpp:19]   --->   Operation 60 'getelementptr' 'x_local_8_V_addr' <Predicate = true> <Delay = 0.00>
ST_10 : Operation 61 [1/1] (2.32ns)   --->   "store i8 %tmp_1, i8* %x_local_0_V_addr, align 1" [ADSD/Classifier.cpp:19]   --->   Operation 61 'store' <Predicate = (!tmp)> <Delay = 2.32> <Core = "RAM">   --->   Core 37 'RAM' <Latency = 1> <II = 1> <Delay = 2.32> <Storage> <Opcode : 'load' 'store'> <Ports = 2> <Width = 8> <Depth = 49> <RAM>
ST_10 : Operation 62 [1/1] (0.00ns)   --->   "br label %2" [ADSD/Classifier.cpp:19]   --->   Operation 62 'br' <Predicate = (!tmp)> <Delay = 0.00>
ST_10 : Operation 63 [1/1] (2.32ns)   --->   "store i8 %tmp_1, i8* %x_local_8_V_addr, align 1" [ADSD/Classifier.cpp:19]   --->   Operation 63 'store' <Predicate = (tmp)> <Delay = 2.32> <Core = "RAM">   --->   Core 37 'RAM' <Latency = 1> <II = 1> <Delay = 2.32> <Storage> <Opcode : 'load' 'store'> <Ports = 2> <Width = 8> <Depth = 49> <RAM>
ST_10 : Operation 64 [1/1] (0.00ns)   --->   "br label %2" [ADSD/Classifier.cpp:19]   --->   Operation 64 'br' <Predicate = (tmp)> <Delay = 0.00>
ST_10 : Operation 65 [1/1] (0.00ns)   --->   "%x_local_1_V_addr = getelementptr [49 x i8]* %x_local_1_V, i64 0, i64 %newIndex1_i_i" [ADSD/Classifier.cpp:19]   --->   Operation 65 'getelementptr' 'x_local_1_V_addr' <Predicate = true> <Delay = 0.00>
ST_10 : Operation 66 [1/1] (0.00ns)   --->   "%x_local_9_V_addr = getelementptr [49 x i8]* %x_local_9_V, i64 0, i64 %newIndex1_i_i" [ADSD/Classifier.cpp:19]   --->   Operation 66 'getelementptr' 'x_local_9_V_addr' <Predicate = true> <Delay = 0.00>
ST_10 : Operation 67 [1/1] (2.32ns)   --->   "store i8 %p_Result_1_i_i, i8* %x_local_1_V_addr, align 1" [ADSD/Classifier.cpp:19]   --->   Operation 67 'store' <Predicate = (!tmp)> <Delay = 2.32> <Core = "RAM">   --->   Core 37 'RAM' <Latency = 1> <II = 1> <Delay = 2.32> <Storage> <Opcode : 'load' 'store'> <Ports = 2> <Width = 8> <Depth = 49> <RAM>
ST_10 : Operation 68 [1/1] (0.00ns)   --->   "br label %3" [ADSD/Classifier.cpp:19]   --->   Operation 68 'br' <Predicate = (!tmp)> <Delay = 0.00>
ST_10 : Operation 69 [1/1] (2.32ns)   --->   "store i8 %p_Result_1_i_i, i8* %x_local_9_V_addr, align 1" [ADSD/Classifier.cpp:19]   --->   Operation 69 'store' <Predicate = (tmp)> <Delay = 2.32> <Core = "RAM">   --->   Core 37 'RAM' <Latency = 1> <II = 1> <Delay = 2.32> <Storage> <Opcode : 'load' 'store'> <Ports = 2> <Width = 8> <Depth = 49> <RAM>
ST_10 : Operation 70 [1/1] (0.00ns)   --->   "br label %3" [ADSD/Classifier.cpp:19]   --->   Operation 70 'br' <Predicate = (tmp)> <Delay = 0.00>
ST_10 : Operation 71 [1/1] (0.00ns)   --->   "%x_local_2_V_addr = getelementptr [49 x i8]* %x_local_2_V, i64 0, i64 %newIndex1_i_i" [ADSD/Classifier.cpp:19]   --->   Operation 71 'getelementptr' 'x_local_2_V_addr' <Predicate = true> <Delay = 0.00>
ST_10 : Operation 72 [1/1] (0.00ns)   --->   "%x_local_10_V_addr = getelementptr [49 x i8]* %x_local_10_V, i64 0, i64 %newIndex1_i_i" [ADSD/Classifier.cpp:19]   --->   Operation 72 'getelementptr' 'x_local_10_V_addr' <Predicate = true> <Delay = 0.00>
ST_10 : Operation 73 [1/1] (2.32ns)   --->   "store i8 %p_Result_2_i_i, i8* %x_local_2_V_addr, align 1" [ADSD/Classifier.cpp:19]   --->   Operation 73 'store' <Predicate = (!tmp)> <Delay = 2.32> <Core = "RAM">   --->   Core 37 'RAM' <Latency = 1> <II = 1> <Delay = 2.32> <Storage> <Opcode : 'load' 'store'> <Ports = 2> <Width = 8> <Depth = 49> <RAM>
ST_10 : Operation 74 [1/1] (0.00ns)   --->   "br label %4" [ADSD/Classifier.cpp:19]   --->   Operation 74 'br' <Predicate = (!tmp)> <Delay = 0.00>
ST_10 : Operation 75 [1/1] (2.32ns)   --->   "store i8 %p_Result_2_i_i, i8* %x_local_10_V_addr, align 1" [ADSD/Classifier.cpp:19]   --->   Operation 75 'store' <Predicate = (tmp)> <Delay = 2.32> <Core = "RAM">   --->   Core 37 'RAM' <Latency = 1> <II = 1> <Delay = 2.32> <Storage> <Opcode : 'load' 'store'> <Ports = 2> <Width = 8> <Depth = 49> <RAM>
ST_10 : Operation 76 [1/1] (0.00ns)   --->   "br label %4" [ADSD/Classifier.cpp:19]   --->   Operation 76 'br' <Predicate = (tmp)> <Delay = 0.00>
ST_10 : Operation 77 [1/1] (0.00ns)   --->   "%x_local_3_V_addr = getelementptr [49 x i8]* %x_local_3_V, i64 0, i64 %newIndex1_i_i" [ADSD/Classifier.cpp:19]   --->   Operation 77 'getelementptr' 'x_local_3_V_addr' <Predicate = true> <Delay = 0.00>
ST_10 : Operation 78 [1/1] (0.00ns)   --->   "%x_local_11_V_addr = getelementptr [49 x i8]* %x_local_11_V, i64 0, i64 %newIndex1_i_i" [ADSD/Classifier.cpp:19]   --->   Operation 78 'getelementptr' 'x_local_11_V_addr' <Predicate = true> <Delay = 0.00>
ST_10 : Operation 79 [1/1] (2.32ns)   --->   "store i8 %p_Result_3_i_i, i8* %x_local_3_V_addr, align 1" [ADSD/Classifier.cpp:19]   --->   Operation 79 'store' <Predicate = (!tmp)> <Delay = 2.32> <Core = "RAM">   --->   Core 37 'RAM' <Latency = 1> <II = 1> <Delay = 2.32> <Storage> <Opcode : 'load' 'store'> <Ports = 2> <Width = 8> <Depth = 49> <RAM>
ST_10 : Operation 80 [1/1] (0.00ns)   --->   "br label %5" [ADSD/Classifier.cpp:19]   --->   Operation 80 'br' <Predicate = (!tmp)> <Delay = 0.00>
ST_10 : Operation 81 [1/1] (2.32ns)   --->   "store i8 %p_Result_3_i_i, i8* %x_local_11_V_addr, align 1" [ADSD/Classifier.cpp:19]   --->   Operation 81 'store' <Predicate = (tmp)> <Delay = 2.32> <Core = "RAM">   --->   Core 37 'RAM' <Latency = 1> <II = 1> <Delay = 2.32> <Storage> <Opcode : 'load' 'store'> <Ports = 2> <Width = 8> <Depth = 49> <RAM>
ST_10 : Operation 82 [1/1] (0.00ns)   --->   "br label %5" [ADSD/Classifier.cpp:19]   --->   Operation 82 'br' <Predicate = (tmp)> <Delay = 0.00>
ST_10 : Operation 83 [1/1] (0.00ns)   --->   "%x_local_4_V_addr = getelementptr [49 x i8]* %x_local_4_V, i64 0, i64 %newIndex1_i_i" [ADSD/Classifier.cpp:19]   --->   Operation 83 'getelementptr' 'x_local_4_V_addr' <Predicate = true> <Delay = 0.00>
ST_10 : Operation 84 [1/1] (0.00ns)   --->   "%x_local_12_V_addr = getelementptr [49 x i8]* %x_local_12_V, i64 0, i64 %newIndex1_i_i" [ADSD/Classifier.cpp:19]   --->   Operation 84 'getelementptr' 'x_local_12_V_addr' <Predicate = true> <Delay = 0.00>
ST_10 : Operation 85 [1/1] (2.32ns)   --->   "store i8 %p_Result_4_i_i, i8* %x_local_4_V_addr, align 1" [ADSD/Classifier.cpp:19]   --->   Operation 85 'store' <Predicate = (!tmp)> <Delay = 2.32> <Core = "RAM">   --->   Core 37 'RAM' <Latency = 1> <II = 1> <Delay = 2.32> <Storage> <Opcode : 'load' 'store'> <Ports = 2> <Width = 8> <Depth = 49> <RAM>
ST_10 : Operation 86 [1/1] (0.00ns)   --->   "br label %6" [ADSD/Classifier.cpp:19]   --->   Operation 86 'br' <Predicate = (!tmp)> <Delay = 0.00>
ST_10 : Operation 87 [1/1] (2.32ns)   --->   "store i8 %p_Result_4_i_i, i8* %x_local_12_V_addr, align 1" [ADSD/Classifier.cpp:19]   --->   Operation 87 'store' <Predicate = (tmp)> <Delay = 2.32> <Core = "RAM">   --->   Core 37 'RAM' <Latency = 1> <II = 1> <Delay = 2.32> <Storage> <Opcode : 'load' 'store'> <Ports = 2> <Width = 8> <Depth = 49> <RAM>
ST_10 : Operation 88 [1/1] (0.00ns)   --->   "br label %6" [ADSD/Classifier.cpp:19]   --->   Operation 88 'br' <Predicate = (tmp)> <Delay = 0.00>
ST_10 : Operation 89 [1/1] (0.00ns)   --->   "%x_local_5_V_addr = getelementptr [49 x i8]* %x_local_5_V, i64 0, i64 %newIndex1_i_i" [ADSD/Classifier.cpp:19]   --->   Operation 89 'getelementptr' 'x_local_5_V_addr' <Predicate = true> <Delay = 0.00>
ST_10 : Operation 90 [1/1] (0.00ns)   --->   "%x_local_13_V_addr = getelementptr [49 x i8]* %x_local_13_V, i64 0, i64 %newIndex1_i_i" [ADSD/Classifier.cpp:19]   --->   Operation 90 'getelementptr' 'x_local_13_V_addr' <Predicate = true> <Delay = 0.00>
ST_10 : Operation 91 [1/1] (2.32ns)   --->   "store i8 %p_Result_5_i_i, i8* %x_local_5_V_addr, align 1" [ADSD/Classifier.cpp:19]   --->   Operation 91 'store' <Predicate = (!tmp)> <Delay = 2.32> <Core = "RAM">   --->   Core 37 'RAM' <Latency = 1> <II = 1> <Delay = 2.32> <Storage> <Opcode : 'load' 'store'> <Ports = 2> <Width = 8> <Depth = 49> <RAM>
ST_10 : Operation 92 [1/1] (0.00ns)   --->   "br label %7" [ADSD/Classifier.cpp:19]   --->   Operation 92 'br' <Predicate = (!tmp)> <Delay = 0.00>
ST_10 : Operation 93 [1/1] (2.32ns)   --->   "store i8 %p_Result_5_i_i, i8* %x_local_13_V_addr, align 1" [ADSD/Classifier.cpp:19]   --->   Operation 93 'store' <Predicate = (tmp)> <Delay = 2.32> <Core = "RAM">   --->   Core 37 'RAM' <Latency = 1> <II = 1> <Delay = 2.32> <Storage> <Opcode : 'load' 'store'> <Ports = 2> <Width = 8> <Depth = 49> <RAM>
ST_10 : Operation 94 [1/1] (0.00ns)   --->   "br label %7" [ADSD/Classifier.cpp:19]   --->   Operation 94 'br' <Predicate = (tmp)> <Delay = 0.00>
ST_10 : Operation 95 [1/1] (0.00ns)   --->   "%x_local_6_V_addr = getelementptr [49 x i8]* %x_local_6_V, i64 0, i64 %newIndex1_i_i" [ADSD/Classifier.cpp:19]   --->   Operation 95 'getelementptr' 'x_local_6_V_addr' <Predicate = true> <Delay = 0.00>
ST_10 : Operation 96 [1/1] (0.00ns)   --->   "%x_local_14_V_addr = getelementptr [49 x i8]* %x_local_14_V, i64 0, i64 %newIndex1_i_i" [ADSD/Classifier.cpp:19]   --->   Operation 96 'getelementptr' 'x_local_14_V_addr' <Predicate = true> <Delay = 0.00>
ST_10 : Operation 97 [1/1] (2.32ns)   --->   "store i8 %p_Result_6_i_i, i8* %x_local_6_V_addr, align 1" [ADSD/Classifier.cpp:19]   --->   Operation 97 'store' <Predicate = (!tmp)> <Delay = 2.32> <Core = "RAM">   --->   Core 37 'RAM' <Latency = 1> <II = 1> <Delay = 2.32> <Storage> <Opcode : 'load' 'store'> <Ports = 2> <Width = 8> <Depth = 49> <RAM>
ST_10 : Operation 98 [1/1] (0.00ns)   --->   "br label %8" [ADSD/Classifier.cpp:19]   --->   Operation 98 'br' <Predicate = (!tmp)> <Delay = 0.00>
ST_10 : Operation 99 [1/1] (2.32ns)   --->   "store i8 %p_Result_6_i_i, i8* %x_local_14_V_addr, align 1" [ADSD/Classifier.cpp:19]   --->   Operation 99 'store' <Predicate = (tmp)> <Delay = 2.32> <Core = "RAM">   --->   Core 37 'RAM' <Latency = 1> <II = 1> <Delay = 2.32> <Storage> <Opcode : 'load' 'store'> <Ports = 2> <Width = 8> <Depth = 49> <RAM>
ST_10 : Operation 100 [1/1] (0.00ns)   --->   "br label %8" [ADSD/Classifier.cpp:19]   --->   Operation 100 'br' <Predicate = (tmp)> <Delay = 0.00>
ST_10 : Operation 101 [1/1] (0.00ns)   --->   "%x_local_7_V_addr = getelementptr [49 x i8]* %x_local_7_V, i64 0, i64 %newIndex1_i_i" [ADSD/Classifier.cpp:19]   --->   Operation 101 'getelementptr' 'x_local_7_V_addr' <Predicate = true> <Delay = 0.00>
ST_10 : Operation 102 [1/1] (0.00ns)   --->   "%x_local_15_V_addr = getelementptr [49 x i8]* %x_local_15_V, i64 0, i64 %newIndex1_i_i" [ADSD/Classifier.cpp:19]   --->   Operation 102 'getelementptr' 'x_local_15_V_addr' <Predicate = true> <Delay = 0.00>
ST_10 : Operation 103 [1/1] (2.32ns)   --->   "store i8 %p_Result_7_i_i, i8* %x_local_7_V_addr, align 1" [ADSD/Classifier.cpp:19]   --->   Operation 103 'store' <Predicate = (!tmp)> <Delay = 2.32> <Core = "RAM">   --->   Core 37 'RAM' <Latency = 1> <II = 1> <Delay = 2.32> <Storage> <Opcode : 'load' 'store'> <Ports = 2> <Width = 8> <Depth = 49> <RAM>
ST_10 : Operation 104 [1/1] (0.00ns)   --->   "br label %9" [ADSD/Classifier.cpp:19]   --->   Operation 104 'br' <Predicate = (!tmp)> <Delay = 0.00>
ST_10 : Operation 105 [1/1] (2.32ns)   --->   "store i8 %p_Result_7_i_i, i8* %x_local_15_V_addr, align 1" [ADSD/Classifier.cpp:19]   --->   Operation 105 'store' <Predicate = (tmp)> <Delay = 2.32> <Core = "RAM">   --->   Core 37 'RAM' <Latency = 1> <II = 1> <Delay = 2.32> <Storage> <Opcode : 'load' 'store'> <Ports = 2> <Width = 8> <Depth = 49> <RAM>
ST_10 : Operation 106 [1/1] (0.00ns)   --->   "br label %9" [ADSD/Classifier.cpp:19]   --->   Operation 106 'br' <Predicate = (tmp)> <Delay = 0.00>
ST_10 : Operation 107 [1/1] (0.00ns)   --->   "%empty_35 = call i32 (...)* @_ssdm_op_SpecRegionEnd([16 x i8]* @p_str5, i32 %tmp_2_i_i)" [ADSD/Classifier.cpp:21]   --->   Operation 107 'specregionend' 'empty_35' <Predicate = (!exitcond1_i_i)> <Delay = 0.00>
ST_10 : Operation 108 [1/1] (0.00ns)   --->   "br label %0" [ADSD/Classifier.cpp:12]   --->   Operation 108 'br' <Predicate = (!exitcond1_i_i)> <Delay = 0.00>

State 11 <SV = 8> <Delay = 0.00>
ST_11 : Operation 109 [1/1] (0.00ns)   --->   "ret void"   --->   Operation 109 'ret' <Predicate = true> <Delay = 0.00>


============================================================
+ Verbose Summary: Binding
============================================================
STG Binding: 
---------------- STG Properties BEGIN ----------------
- Is combinational: 0
- Is one-state seq: 0
- Is datapath-only: 0
- Is pipelined: 0
- Is top level: 0
Port [ Return ] is wired: 1; IO mode=ap_ctrl_hs:ce=0
Port [ x_V]:  wired=1; compound=1; hidden=0; nouse=0; global=0; static=0; extern=0; dir=0; type=4; pingpong=0; private_global=0; IO mode=m_axi:ce=0
Port [ x_V_offset]:  wired=1; compound=0; hidden=0; nouse=0; global=0; static=0; extern=0; dir=0; type=0; pingpong=0; private_global=0; IO mode=ap_none:ce=0
Port [ x_local_0_V]:  wired=1; compound=1; hidden=0; nouse=0; global=0; static=0; extern=0; dir=1; type=1; pingpong=1; private_global=0; MemPort=[03]; IO mode=ap_memory:ce=0
Port [ x_local_1_V]:  wired=1; compound=1; hidden=0; nouse=0; global=0; static=0; extern=0; dir=1; type=1; pingpong=1; private_global=0; MemPort=[03]; IO mode=ap_memory:ce=0
Port [ x_local_2_V]:  wired=1; compound=1; hidden=0; nouse=0; global=0; static=0; extern=0; dir=1; type=1; pingpong=1; private_global=0; MemPort=[03]; IO mode=ap_memory:ce=0
Port [ x_local_3_V]:  wired=1; compound=1; hidden=0; nouse=0; global=0; static=0; extern=0; dir=1; type=1; pingpong=1; private_global=0; MemPort=[03]; IO mode=ap_memory:ce=0
Port [ x_local_4_V]:  wired=1; compound=1; hidden=0; nouse=0; global=0; static=0; extern=0; dir=1; type=1; pingpong=1; private_global=0; MemPort=[03]; IO mode=ap_memory:ce=0
Port [ x_local_5_V]:  wired=1; compound=1; hidden=0; nouse=0; global=0; static=0; extern=0; dir=1; type=1; pingpong=1; private_global=0; MemPort=[03]; IO mode=ap_memory:ce=0
Port [ x_local_6_V]:  wired=1; compound=1; hidden=0; nouse=0; global=0; static=0; extern=0; dir=1; type=1; pingpong=1; private_global=0; MemPort=[03]; IO mode=ap_memory:ce=0
Port [ x_local_7_V]:  wired=1; compound=1; hidden=0; nouse=0; global=0; static=0; extern=0; dir=1; type=1; pingpong=1; private_global=0; MemPort=[03]; IO mode=ap_memory:ce=0
Port [ x_local_8_V]:  wired=1; compound=1; hidden=0; nouse=0; global=0; static=0; extern=0; dir=1; type=1; pingpong=1; private_global=0; MemPort=[03]; IO mode=ap_memory:ce=0
Port [ x_local_9_V]:  wired=1; compound=1; hidden=0; nouse=0; global=0; static=0; extern=0; dir=1; type=1; pingpong=1; private_global=0; MemPort=[03]; IO mode=ap_memory:ce=0
Port [ x_local_10_V]:  wired=1; compound=1; hidden=0; nouse=0; global=0; static=0; extern=0; dir=1; type=1; pingpong=1; private_global=0; MemPort=[03]; IO mode=ap_memory:ce=0
Port [ x_local_11_V]:  wired=1; compound=1; hidden=0; nouse=0; global=0; static=0; extern=0; dir=1; type=1; pingpong=1; private_global=0; MemPort=[03]; IO mode=ap_memory:ce=0
Port [ x_local_12_V]:  wired=1; compound=1; hidden=0; nouse=0; global=0; static=0; extern=0; dir=1; type=1; pingpong=1; private_global=0; MemPort=[03]; IO mode=ap_memory:ce=0
Port [ x_local_13_V]:  wired=1; compound=1; hidden=0; nouse=0; global=0; static=0; extern=0; dir=1; type=1; pingpong=1; private_global=0; MemPort=[03]; IO mode=ap_memory:ce=0
Port [ x_local_14_V]:  wired=1; compound=1; hidden=0; nouse=0; global=0; static=0; extern=0; dir=1; type=1; pingpong=1; private_global=0; MemPort=[03]; IO mode=ap_memory:ce=0
Port [ x_local_15_V]:  wired=1; compound=1; hidden=0; nouse=0; global=0; static=0; extern=0; dir=1; type=1; pingpong=1; private_global=0; MemPort=[03]; IO mode=ap_memory:ce=0
Port [ x_norm_in_V]:  wired=1; compound=0; hidden=0; nouse=0; global=0; static=0; extern=0; dir=0; type=0; pingpong=0; private_global=0; IO mode=ap_none:ce=0
Port [ x_norm_in_V_out]:  wired=1; compound=1; hidden=0; nouse=0; global=0; static=0; extern=0; dir=1; type=3; pingpong=0; private_global=0; IO mode=ap_fifo:ce=0
---------------- STG Properties END ------------------

---------------- Datapath Model BEGIN ----------------

<LifeTime>
<method=bitvector/>
x_V_offset_read   (read             ) [ 000000000000]
x_V_offset1       (partselect       ) [ 000000000000]
sext              (zext             ) [ 000000000000]
x_V_addr          (getelementptr    ) [ 001111111110]
x_norm_in_V_read  (read             ) [ 000000000000]
StgValue_23       (specinterface    ) [ 000000000000]
StgValue_24       (specinterface    ) [ 000000000000]
StgValue_25       (specinterface    ) [ 000000000000]
StgValue_26       (write            ) [ 000000000000]
StgValue_27       (specinterface    ) [ 000000000000]
StgValue_28       (specinterface    ) [ 000000000000]
x_V_addr_rd_req   (readreq          ) [ 000000000000]
StgValue_30       (br               ) [ 000000011110]
i_i_i             (phi              ) [ 000000001000]
exitcond1_i_i     (icmp             ) [ 000000001110]
empty             (speclooptripcount) [ 000000000000]
i                 (add              ) [ 000000011110]
StgValue_35       (br               ) [ 000000000000]
tmp               (trunc            ) [ 000000001110]
tmp_3_cast_i_i    (partselect       ) [ 000000001110]
StgValue_38       (br               ) [ 000000000000]
StgValue_39       (br               ) [ 000000000000]
StgValue_40       (br               ) [ 000000000000]
StgValue_41       (br               ) [ 000000000000]
StgValue_42       (br               ) [ 000000000000]
StgValue_43       (br               ) [ 000000000000]
StgValue_44       (br               ) [ 000000000000]
StgValue_45       (br               ) [ 000000000000]
packet_V          (read             ) [ 000000000000]
tmp_1             (trunc            ) [ 000000001010]
p_Result_1_i_i    (partselect       ) [ 000000001010]
p_Result_2_i_i    (partselect       ) [ 000000001010]
p_Result_3_i_i    (partselect       ) [ 000000001010]
p_Result_4_i_i    (partselect       ) [ 000000001010]
p_Result_5_i_i    (partselect       ) [ 000000001010]
p_Result_6_i_i    (partselect       ) [ 000000001010]
p_Result_7_i_i    (partselect       ) [ 000000001010]
StgValue_55       (specloopname     ) [ 000000000000]
tmp_2_i_i         (specregionbegin  ) [ 000000000000]
StgValue_57       (specpipeline     ) [ 000000000000]
newIndex1_i_i     (zext             ) [ 000000000000]
x_local_0_V_addr  (getelementptr    ) [ 000000000000]
x_local_8_V_addr  (getelementptr    ) [ 000000000000]
StgValue_61       (store            ) [ 000000000000]
StgValue_62       (br               ) [ 000000000000]
StgValue_63       (store            ) [ 000000000000]
StgValue_64       (br               ) [ 000000000000]
x_local_1_V_addr  (getelementptr    ) [ 000000000000]
x_local_9_V_addr  (getelementptr    ) [ 000000000000]
StgValue_67       (store            ) [ 000000000000]
StgValue_68       (br               ) [ 000000000000]
StgValue_69       (store            ) [ 000000000000]
StgValue_70       (br               ) [ 000000000000]
x_local_2_V_addr  (getelementptr    ) [ 000000000000]
x_local_10_V_addr (getelementptr    ) [ 000000000000]
StgValue_73       (store            ) [ 000000000000]
StgValue_74       (br               ) [ 000000000000]
StgValue_75       (store            ) [ 000000000000]
StgValue_76       (br               ) [ 000000000000]
x_local_3_V_addr  (getelementptr    ) [ 000000000000]
x_local_11_V_addr (getelementptr    ) [ 000000000000]
StgValue_79       (store            ) [ 000000000000]
StgValue_80       (br               ) [ 000000000000]
StgValue_81       (store            ) [ 000000000000]
StgValue_82       (br               ) [ 000000000000]
x_local_4_V_addr  (getelementptr    ) [ 000000000000]
x_local_12_V_addr (getelementptr    ) [ 000000000000]
StgValue_85       (store            ) [ 000000000000]
StgValue_86       (br               ) [ 000000000000]
StgValue_87       (store            ) [ 000000000000]
StgValue_88       (br               ) [ 000000000000]
x_local_5_V_addr  (getelementptr    ) [ 000000000000]
x_local_13_V_addr (getelementptr    ) [ 000000000000]
StgValue_91       (store            ) [ 000000000000]
StgValue_92       (br               ) [ 000000000000]
StgValue_93       (store            ) [ 000000000000]
StgValue_94       (br               ) [ 000000000000]
x_local_6_V_addr  (getelementptr    ) [ 000000000000]
x_local_14_V_addr (getelementptr    ) [ 000000000000]
StgValue_97       (store            ) [ 000000000000]
StgValue_98       (br               ) [ 000000000000]
StgValue_99       (store            ) [ 000000000000]
StgValue_100      (br               ) [ 000000000000]
x_local_7_V_addr  (getelementptr    ) [ 000000000000]
x_local_15_V_addr (getelementptr    ) [ 000000000000]
StgValue_103      (store            ) [ 000000000000]
StgValue_104      (br               ) [ 000000000000]
StgValue_105      (store            ) [ 000000000000]
StgValue_106      (br               ) [ 000000000000]
empty_35          (specregionend    ) [ 000000000000]
StgValue_108      (br               ) [ 000000011110]
StgValue_109      (ret              ) [ 000000000000]
</LifeTime>

<model>

<comp_list>
<comp id="0" class="1000" name="x_V">
<pin_list>
<pin id="1" dir="1" index="0" bw="1" slack="0"/>
</pin_list>
<bind>
<StgValue><ssdm name="x_V"/></StgValue>
</bind>
</comp>

<comp id="2" class="1000" name="x_V_offset">
<pin_list>
<pin id="3" dir="1" index="0" bw="1" slack="0"/>
</pin_list>
<bind>
<StgValue><ssdm name="x_V_offset"/></StgValue>
</bind>
</comp>

<comp id="4" class="1000" name="x_local_0_V">
<pin_list>
<pin id="5" dir="1" index="0" bw="1" slack="0"/>
</pin_list>
<bind>
<StgValue><ssdm name="x_local_0_V"/><MemPortTyVec>0 3 </MemPortTyVec>
</StgValue>
</bind>
</comp>

<comp id="6" class="1000" name="x_local_1_V">
<pin_list>
<pin id="7" dir="1" index="0" bw="1" slack="0"/>
</pin_list>
<bind>
<StgValue><ssdm name="x_local_1_V"/><MemPortTyVec>0 3 </MemPortTyVec>
</StgValue>
</bind>
</comp>

<comp id="8" class="1000" name="x_local_2_V">
<pin_list>
<pin id="9" dir="1" index="0" bw="1" slack="0"/>
</pin_list>
<bind>
<StgValue><ssdm name="x_local_2_V"/><MemPortTyVec>0 3 </MemPortTyVec>
</StgValue>
</bind>
</comp>

<comp id="10" class="1000" name="x_local_3_V">
<pin_list>
<pin id="11" dir="1" index="0" bw="1" slack="0"/>
</pin_list>
<bind>
<StgValue><ssdm name="x_local_3_V"/><MemPortTyVec>0 3 </MemPortTyVec>
</StgValue>
</bind>
</comp>

<comp id="12" class="1000" name="x_local_4_V">
<pin_list>
<pin id="13" dir="1" index="0" bw="1" slack="0"/>
</pin_list>
<bind>
<StgValue><ssdm name="x_local_4_V"/><MemPortTyVec>0 3 </MemPortTyVec>
</StgValue>
</bind>
</comp>

<comp id="14" class="1000" name="x_local_5_V">
<pin_list>
<pin id="15" dir="1" index="0" bw="1" slack="0"/>
</pin_list>
<bind>
<StgValue><ssdm name="x_local_5_V"/><MemPortTyVec>0 3 </MemPortTyVec>
</StgValue>
</bind>
</comp>

<comp id="16" class="1000" name="x_local_6_V">
<pin_list>
<pin id="17" dir="1" index="0" bw="1" slack="0"/>
</pin_list>
<bind>
<StgValue><ssdm name="x_local_6_V"/><MemPortTyVec>0 3 </MemPortTyVec>
</StgValue>
</bind>
</comp>

<comp id="18" class="1000" name="x_local_7_V">
<pin_list>
<pin id="19" dir="1" index="0" bw="1" slack="0"/>
</pin_list>
<bind>
<StgValue><ssdm name="x_local_7_V"/><MemPortTyVec>0 3 </MemPortTyVec>
</StgValue>
</bind>
</comp>

<comp id="20" class="1000" name="x_local_8_V">
<pin_list>
<pin id="21" dir="1" index="0" bw="1" slack="0"/>
</pin_list>
<bind>
<StgValue><ssdm name="x_local_8_V"/><MemPortTyVec>0 3 </MemPortTyVec>
</StgValue>
</bind>
</comp>

<comp id="22" class="1000" name="x_local_9_V">
<pin_list>
<pin id="23" dir="1" index="0" bw="1" slack="0"/>
</pin_list>
<bind>
<StgValue><ssdm name="x_local_9_V"/><MemPortTyVec>0 3 </MemPortTyVec>
</StgValue>
</bind>
</comp>

<comp id="24" class="1000" name="x_local_10_V">
<pin_list>
<pin id="25" dir="1" index="0" bw="1" slack="0"/>
</pin_list>
<bind>
<StgValue><ssdm name="x_local_10_V"/><MemPortTyVec>0 3 </MemPortTyVec>
</StgValue>
</bind>
</comp>

<comp id="26" class="1000" name="x_local_11_V">
<pin_list>
<pin id="27" dir="1" index="0" bw="1" slack="0"/>
</pin_list>
<bind>
<StgValue><ssdm name="x_local_11_V"/><MemPortTyVec>0 3 </MemPortTyVec>
</StgValue>
</bind>
</comp>

<comp id="28" class="1000" name="x_local_12_V">
<pin_list>
<pin id="29" dir="1" index="0" bw="1" slack="0"/>
</pin_list>
<bind>
<StgValue><ssdm name="x_local_12_V"/><MemPortTyVec>0 3 </MemPortTyVec>
</StgValue>
</bind>
</comp>

<comp id="30" class="1000" name="x_local_13_V">
<pin_list>
<pin id="31" dir="1" index="0" bw="1" slack="0"/>
</pin_list>
<bind>
<StgValue><ssdm name="x_local_13_V"/><MemPortTyVec>0 3 </MemPortTyVec>
</StgValue>
</bind>
</comp>

<comp id="32" class="1000" name="x_local_14_V">
<pin_list>
<pin id="33" dir="1" index="0" bw="1" slack="0"/>
</pin_list>
<bind>
<StgValue><ssdm name="x_local_14_V"/><MemPortTyVec>0 3 </MemPortTyVec>
</StgValue>
</bind>
</comp>

<comp id="34" class="1000" name="x_local_15_V">
<pin_list>
<pin id="35" dir="1" index="0" bw="1" slack="0"/>
</pin_list>
<bind>
<StgValue><ssdm name="x_local_15_V"/><MemPortTyVec>0 3 </MemPortTyVec>
</StgValue>
</bind>
</comp>

<comp id="36" class="1000" name="x_norm_in_V">
<pin_list>
<pin id="37" dir="1" index="0" bw="1" slack="0"/>
</pin_list>
<bind>
<StgValue><ssdm name="x_norm_in_V"/></StgValue>
</bind>
</comp>

<comp id="38" class="1000" name="x_norm_in_V_out">
<pin_list>
<pin id="39" dir="1" index="0" bw="1" slack="0"/>
</pin_list>
<bind>
<StgValue><ssdm name="x_norm_in_V_out"/></StgValue>
</bind>
</comp>

<comp id="40" class="1001" name="const_40">
<pin_list>
<pin id="41" dir="1" index="0" bw="1" slack="0"/>
</pin_list>
<bind>
<StgValue><ssdm name="_ssdm_op_Read.ap_auto.i32"/></StgValue>
</bind>
</comp>

<comp id="42" class="1001" name="const_42">
<pin_list>
<pin id="43" dir="1" index="0" bw="1" slack="0"/>
</pin_list>
<bind>
<StgValue><ssdm name="_ssdm_op_PartSelect.i29.i32.i32.i32"/></StgValue>
</bind>
</comp>

<comp id="44" class="1001" name="const_44">
<pin_list>
<pin id="45" dir="1" index="0" bw="1" slack="0"/>
</pin_list>
<bind>
<StgValue><ssdm name=""/></StgValue>
</bind>
</comp>

<comp id="46" class="1001" name="const_46">
<pin_list>
<pin id="47" dir="1" index="0" bw="1" slack="0"/>
</pin_list>
<bind>
<StgValue><ssdm name=""/></StgValue>
</bind>
</comp>

<comp id="48" class="1001" name="const_48">
<pin_list>
<pin id="49" dir="1" index="0" bw="1" slack="0"/>
</pin_list>
<bind>
<StgValue><ssdm name="_ssdm_op_ReadReq.m_axi.i64P"/></StgValue>
</bind>
</comp>

<comp id="50" class="1001" name="const_50">
<pin_list>
<pin id="51" dir="1" index="0" bw="1" slack="0"/>
</pin_list>
<bind>
<StgValue><ssdm name=""/></StgValue>
</bind>
</comp>

<comp id="52" class="1001" name="const_52">
<pin_list>
<pin id="53" dir="1" index="0" bw="1" slack="0"/>
</pin_list>
<bind>
<StgValue><ssdm name="_ssdm_op_Read.ap_auto.i24"/></StgValue>
</bind>
</comp>

<comp id="54" class="1001" name="const_54">
<pin_list>
<pin id="55" dir="1" index="0" bw="1" slack="2147483647"/>
</pin_list>
<bind>
<StgValue><ssdm name="_ssdm_op_SpecInterface"/></StgValue>
</bind>
</comp>

<comp id="56" class="1001" name="const_56">
<pin_list>
<pin id="57" dir="1" index="0" bw="1" slack="2147483647"/>
</pin_list>
<bind>
<StgValue><ssdm name="p_str15"/></StgValue>
</bind>
</comp>

<comp id="58" class="1001" name="const_58">
<pin_list>
<pin id="59" dir="1" index="0" bw="1" slack="2147483647"/>
</pin_list>
<bind>
<StgValue><ssdm name=""/></StgValue>
</bind>
</comp>

<comp id="60" class="1001" name="const_60">
<pin_list>
<pin id="61" dir="1" index="0" bw="1" slack="2147483647"/>
</pin_list>
<bind>
<StgValue><ssdm name="p_str"/></StgValue>
</bind>
</comp>

<comp id="62" class="1001" name="const_62">
<pin_list>
<pin id="63" dir="1" index="0" bw="1" slack="2147483647"/>
</pin_list>
<bind>
<StgValue><ssdm name="p_str16"/></StgValue>
</bind>
</comp>

<comp id="64" class="1001" name="const_64">
<pin_list>
<pin id="65" dir="1" index="0" bw="1" slack="2147483647"/>
</pin_list>
<bind>
<StgValue><ssdm name="p_str17"/></StgValue>
</bind>
</comp>

<comp id="66" class="1001" name="const_66">
<pin_list>
<pin id="67" dir="1" index="0" bw="1" slack="0"/>
</pin_list>
<bind>
<StgValue><ssdm name=""/></StgValue>
</bind>
</comp>

<comp id="68" class="1001" name="const_68">
<pin_list>
<pin id="69" dir="1" index="0" bw="1" slack="2147483647"/>
</pin_list>
<bind>
<StgValue><ssdm name="ap_fifo_str"/></StgValue>
</bind>
</comp>

<comp id="70" class="1001" name="const_70">
<pin_list>
<pin id="71" dir="1" index="0" bw="1" slack="2147483647"/>
</pin_list>
<bind>
<StgValue><ssdm name=""/></StgValue>
</bind>
</comp>

<comp id="72" class="1001" name="const_72">
<pin_list>
<pin id="73" dir="1" index="0" bw="1" slack="0"/>
</pin_list>
<bind>
<StgValue><ssdm name="_ssdm_op_Write.ap_fifo.i24P"/></StgValue>
</bind>
</comp>

<comp id="74" class="1001" name="const_74">
<pin_list>
<pin id="75" dir="1" index="0" bw="1" slack="1"/>
</pin_list>
<bind>
<StgValue><ssdm name=""/></StgValue>
</bind>
</comp>

<comp id="76" class="1001" name="const_76">
<pin_list>
<pin id="77" dir="1" index="0" bw="1" slack="0"/>
</pin_list>
<bind>
<StgValue><ssdm name=""/></StgValue>
</bind>
</comp>

<comp id="78" class="1001" name="const_78">
<pin_list>
<pin id="79" dir="1" index="0" bw="1" slack="2147483647"/>
</pin_list>
<bind>
<StgValue><ssdm name="_ssdm_op_SpecLoopTripCount"/></StgValue>
</bind>
</comp>

<comp id="80" class="1001" name="const_80">
<pin_list>
<pin id="81" dir="1" index="0" bw="1" slack="2147483647"/>
</pin_list>
<bind>
<StgValue><ssdm name=""/></StgValue>
</bind>
</comp>

<comp id="82" class="1001" name="const_82">
<pin_list>
<pin id="83" dir="1" index="0" bw="1" slack="0"/>
</pin_list>
<bind>
<StgValue><ssdm name=""/></StgValue>
</bind>
</comp>

<comp id="84" class="1001" name="const_84">
<pin_list>
<pin id="85" dir="1" index="0" bw="1" slack="0"/>
</pin_list>
<bind>
<StgValue><ssdm name="_ssdm_op_PartSelect.i6.i7.i32.i32"/></StgValue>
</bind>
</comp>

<comp id="86" class="1001" name="const_86">
<pin_list>
<pin id="87" dir="1" index="0" bw="1" slack="0"/>
</pin_list>
<bind>
<StgValue><ssdm name=""/></StgValue>
</bind>
</comp>

<comp id="88" class="1001" name="const_88">
<pin_list>
<pin id="89" dir="1" index="0" bw="1" slack="0"/>
</pin_list>
<bind>
<StgValue><ssdm name=""/></StgValue>
</bind>
</comp>

<comp id="90" class="1001" name="const_90">
<pin_list>
<pin id="91" dir="1" index="0" bw="1" slack="0"/>
</pin_list>
<bind>
<StgValue><ssdm name="_ssdm_op_Read.m_axi.i64P"/></StgValue>
</bind>
</comp>

<comp id="92" class="1001" name="const_92">
<pin_list>
<pin id="93" dir="1" index="0" bw="1" slack="0"/>
</pin_list>
<bind>
<StgValue><ssdm name="_ssdm_op_PartSelect.i8.i64.i32.i32"/></StgValue>
</bind>
</comp>

<comp id="94" class="1001" name="const_94">
<pin_list>
<pin id="95" dir="1" index="0" bw="1" slack="0"/>
</pin_list>
<bind>
<StgValue><ssdm name=""/></StgValue>
</bind>
</comp>

<comp id="96" class="1001" name="const_96">
<pin_list>
<pin id="97" dir="1" index="0" bw="1" slack="0"/>
</pin_list>
<bind>
<StgValue><ssdm name=""/></StgValue>
</bind>
</comp>

<comp id="98" class="1001" name="const_98">
<pin_list>
<pin id="99" dir="1" index="0" bw="1" slack="0"/>
</pin_list>
<bind>
<StgValue><ssdm name=""/></StgValue>
</bind>
</comp>

<comp id="100" class="1001" name="const_100">
<pin_list>
<pin id="101" dir="1" index="0" bw="1" slack="0"/>
</pin_list>
<bind>
<StgValue><ssdm name=""/></StgValue>
</bind>
</comp>

<comp id="102" class="1001" name="const_102">
<pin_list>
<pin id="103" dir="1" index="0" bw="1" slack="0"/>
</pin_list>
<bind>
<StgValue><ssdm name=""/></StgValue>
</bind>
</comp>

<comp id="104" class="1001" name="const_104">
<pin_list>
<pin id="105" dir="1" index="0" bw="1" slack="0"/>
</pin_list>
<bind>
<StgValue><ssdm name=""/></StgValue>
</bind>
</comp>

<comp id="106" class="1001" name="const_106">
<pin_list>
<pin id="107" dir="1" index="0" bw="1" slack="0"/>
</pin_list>
<bind>
<StgValue><ssdm name=""/></StgValue>
</bind>
</comp>

<comp id="108" class="1001" name="const_108">
<pin_list>
<pin id="109" dir="1" index="0" bw="1" slack="0"/>
</pin_list>
<bind>
<StgValue><ssdm name=""/></StgValue>
</bind>
</comp>

<comp id="110" class="1001" name="const_110">
<pin_list>
<pin id="111" dir="1" index="0" bw="1" slack="0"/>
</pin_list>
<bind>
<StgValue><ssdm name=""/></StgValue>
</bind>
</comp>

<comp id="112" class="1001" name="const_112">
<pin_list>
<pin id="113" dir="1" index="0" bw="1" slack="0"/>
</pin_list>
<bind>
<StgValue><ssdm name=""/></StgValue>
</bind>
</comp>

<comp id="114" class="1001" name="const_114">
<pin_list>
<pin id="115" dir="1" index="0" bw="1" slack="0"/>
</pin_list>
<bind>
<StgValue><ssdm name=""/></StgValue>
</bind>
</comp>

<comp id="116" class="1001" name="const_116">
<pin_list>
<pin id="117" dir="1" index="0" bw="1" slack="0"/>
</pin_list>
<bind>
<StgValue><ssdm name=""/></StgValue>
</bind>
</comp>

<comp id="118" class="1001" name="const_118">
<pin_list>
<pin id="119" dir="1" index="0" bw="1" slack="2147483647"/>
</pin_list>
<bind>
<StgValue><ssdm name="_ssdm_op_SpecLoopName"/></StgValue>
</bind>
</comp>

<comp id="120" class="1001" name="const_120">
<pin_list>
<pin id="121" dir="1" index="0" bw="1" slack="2147483647"/>
</pin_list>
<bind>
<StgValue><ssdm name="p_str5"/></StgValue>
</bind>
</comp>

<comp id="122" class="1001" name="const_122">
<pin_list>
<pin id="123" dir="1" index="0" bw="1" slack="2147483647"/>
</pin_list>
<bind>
<StgValue><ssdm name="_ssdm_op_SpecRegionBegin"/></StgValue>
</bind>
</comp>

<comp id="124" class="1001" name="const_124">
<pin_list>
<pin id="125" dir="1" index="0" bw="1" slack="2147483647"/>
</pin_list>
<bind>
<StgValue><ssdm name="_ssdm_op_SpecPipeline"/></StgValue>
</bind>
</comp>

<comp id="126" class="1001" name="const_126">
<pin_list>
<pin id="127" dir="1" index="0" bw="1" slack="0"/>
</pin_list>
<bind>
<StgValue><ssdm name=""/></StgValue>
</bind>
</comp>

<comp id="128" class="1001" name="const_128">
<pin_list>
<pin id="129" dir="1" index="0" bw="1" slack="2147483647"/>
</pin_list>
<bind>
<StgValue><ssdm name="_ssdm_op_SpecRegionEnd"/></StgValue>
</bind>
</comp>

<comp id="130" class="1004" name="x_V_offset_read_read_fu_130">
<pin_list>
<pin id="131" dir="0" index="0" bw="32" slack="0"/>
<pin id="132" dir="0" index="1" bw="32" slack="0"/>
<pin id="133" dir="1" index="2" bw="32" slack="0"/>
</pin_list>
<bind>
<opcode="read(1150) " fcode="read"/>
<opset="x_V_offset_read/1 "/>
</bind>
</comp>

<comp id="136" class="1004" name="grp_readreq_fu_136">
<pin_list>
<pin id="137" dir="0" index="0" bw="1" slack="0"/>
<pin id="138" dir="0" index="1" bw="64" slack="0"/>
<pin id="139" dir="0" index="2" bw="8" slack="0"/>
<pin id="140" dir="1" index="3" bw="1" slack="2147483647"/>
</pin_list>
<bind>
<opcode="readreq(1154) " fcode="readreq"/>
<opset="x_V_addr_rd_req/1 "/>
</bind>
</comp>

<comp id="143" class="1004" name="x_norm_in_V_read_read_fu_143">
<pin_list>
<pin id="144" dir="0" index="0" bw="24" slack="0"/>
<pin id="145" dir="0" index="1" bw="24" slack="0"/>
<pin id="146" dir="1" index="2" bw="24" slack="0"/>
</pin_list>
<bind>
<opcode="read(1150) " fcode="read"/>
<opset="x_norm_in_V_read/7 "/>
</bind>
</comp>

<comp id="149" class="1004" name="StgValue_26_write_fu_149">
<pin_list>
<pin id="150" dir="0" index="0" bw="0" slack="0"/>
<pin id="151" dir="0" index="1" bw="24" slack="0"/>
<pin id="152" dir="0" index="2" bw="24" slack="0"/>
<pin id="153" dir="1" index="3" bw="0" slack="2147483647"/>
</pin_list>
<bind>
<opcode="write(1151) " fcode="write"/>
<opset="StgValue_26/7 "/>
</bind>
</comp>

<comp id="157" class="1004" name="packet_V_read_fu_157">
<pin_list>
<pin id="158" dir="0" index="0" bw="64" slack="0"/>
<pin id="159" dir="0" index="1" bw="64" slack="8"/>
<pin id="160" dir="1" index="2" bw="64" slack="0"/>
</pin_list>
<bind>
<opcode="read(1150) " fcode="read"/>
<opset="packet_V/9 "/>
</bind>
</comp>

<comp id="162" class="1004" name="x_local_0_V_addr_gep_fu_162">
<pin_list>
<pin id="163" dir="0" index="0" bw="8" slack="0"/>
<pin id="164" dir="0" index="1" bw="1" slack="0"/>
<pin id="165" dir="0" index="2" bw="6" slack="0"/>
<pin id="166" dir="1" index="3" bw="6" slack="0"/>
</pin_list>
<bind>
<opcode="getelementptr(29) " fcode="getelementptr"/>
<opset="x_local_0_V_addr/10 "/>
</bind>
</comp>

<comp id="169" class="1004" name="x_local_8_V_addr_gep_fu_169">
<pin_list>
<pin id="170" dir="0" index="0" bw="8" slack="0"/>
<pin id="171" dir="0" index="1" bw="1" slack="0"/>
<pin id="172" dir="0" index="2" bw="6" slack="0"/>
<pin id="173" dir="1" index="3" bw="6" slack="0"/>
</pin_list>
<bind>
<opcode="getelementptr(29) " fcode="getelementptr"/>
<opset="x_local_8_V_addr/10 "/>
</bind>
</comp>

<comp id="176" class="1004" name="StgValue_61_access_fu_176">
<pin_list>
<pin id="177" dir="0" index="0" bw="6" slack="0"/>
<pin id="178" dir="0" index="1" bw="8" slack="1"/>
<pin id="179" dir="0" index="2" bw="0" slack="2147483647"/>
<pin id="180" dir="1" index="3" bw="8" slack="2147483647"/>
</pin_list>
<bind>
<opcode="store(28) " fcode="store"/>
<opset="StgValue_61/10 "/>
</bind>
</comp>

<comp id="182" class="1004" name="StgValue_63_access_fu_182">
<pin_list>
<pin id="183" dir="0" index="0" bw="6" slack="0"/>
<pin id="184" dir="0" index="1" bw="8" slack="1"/>
<pin id="185" dir="0" index="2" bw="0" slack="2147483647"/>
<pin id="186" dir="1" index="3" bw="8" slack="2147483647"/>
</pin_list>
<bind>
<opcode="store(28) " fcode="store"/>
<opset="StgValue_63/10 "/>
</bind>
</comp>

<comp id="188" class="1004" name="x_local_1_V_addr_gep_fu_188">
<pin_list>
<pin id="189" dir="0" index="0" bw="8" slack="0"/>
<pin id="190" dir="0" index="1" bw="1" slack="0"/>
<pin id="191" dir="0" index="2" bw="6" slack="0"/>
<pin id="192" dir="1" index="3" bw="6" slack="0"/>
</pin_list>
<bind>
<opcode="getelementptr(29) " fcode="getelementptr"/>
<opset="x_local_1_V_addr/10 "/>
</bind>
</comp>

<comp id="195" class="1004" name="x_local_9_V_addr_gep_fu_195">
<pin_list>
<pin id="196" dir="0" index="0" bw="8" slack="0"/>
<pin id="197" dir="0" index="1" bw="1" slack="0"/>
<pin id="198" dir="0" index="2" bw="6" slack="0"/>
<pin id="199" dir="1" index="3" bw="6" slack="0"/>
</pin_list>
<bind>
<opcode="getelementptr(29) " fcode="getelementptr"/>
<opset="x_local_9_V_addr/10 "/>
</bind>
</comp>

<comp id="202" class="1004" name="StgValue_67_access_fu_202">
<pin_list>
<pin id="203" dir="0" index="0" bw="6" slack="0"/>
<pin id="204" dir="0" index="1" bw="8" slack="1"/>
<pin id="205" dir="0" index="2" bw="0" slack="2147483647"/>
<pin id="206" dir="1" index="3" bw="8" slack="2147483647"/>
</pin_list>
<bind>
<opcode="store(28) " fcode="store"/>
<opset="StgValue_67/10 "/>
</bind>
</comp>

<comp id="208" class="1004" name="StgValue_69_access_fu_208">
<pin_list>
<pin id="209" dir="0" index="0" bw="6" slack="0"/>
<pin id="210" dir="0" index="1" bw="8" slack="1"/>
<pin id="211" dir="0" index="2" bw="0" slack="2147483647"/>
<pin id="212" dir="1" index="3" bw="8" slack="2147483647"/>
</pin_list>
<bind>
<opcode="store(28) " fcode="store"/>
<opset="StgValue_69/10 "/>
</bind>
</comp>

<comp id="214" class="1004" name="x_local_2_V_addr_gep_fu_214">
<pin_list>
<pin id="215" dir="0" index="0" bw="8" slack="0"/>
<pin id="216" dir="0" index="1" bw="1" slack="0"/>
<pin id="217" dir="0" index="2" bw="6" slack="0"/>
<pin id="218" dir="1" index="3" bw="6" slack="0"/>
</pin_list>
<bind>
<opcode="getelementptr(29) " fcode="getelementptr"/>
<opset="x_local_2_V_addr/10 "/>
</bind>
</comp>

<comp id="221" class="1004" name="x_local_10_V_addr_gep_fu_221">
<pin_list>
<pin id="222" dir="0" index="0" bw="8" slack="0"/>
<pin id="223" dir="0" index="1" bw="1" slack="0"/>
<pin id="224" dir="0" index="2" bw="6" slack="0"/>
<pin id="225" dir="1" index="3" bw="6" slack="0"/>
</pin_list>
<bind>
<opcode="getelementptr(29) " fcode="getelementptr"/>
<opset="x_local_10_V_addr/10 "/>
</bind>
</comp>

<comp id="228" class="1004" name="StgValue_73_access_fu_228">
<pin_list>
<pin id="229" dir="0" index="0" bw="6" slack="0"/>
<pin id="230" dir="0" index="1" bw="8" slack="1"/>
<pin id="231" dir="0" index="2" bw="0" slack="2147483647"/>
<pin id="232" dir="1" index="3" bw="8" slack="2147483647"/>
</pin_list>
<bind>
<opcode="store(28) " fcode="store"/>
<opset="StgValue_73/10 "/>
</bind>
</comp>

<comp id="234" class="1004" name="StgValue_75_access_fu_234">
<pin_list>
<pin id="235" dir="0" index="0" bw="6" slack="0"/>
<pin id="236" dir="0" index="1" bw="8" slack="1"/>
<pin id="237" dir="0" index="2" bw="0" slack="2147483647"/>
<pin id="238" dir="1" index="3" bw="8" slack="2147483647"/>
</pin_list>
<bind>
<opcode="store(28) " fcode="store"/>
<opset="StgValue_75/10 "/>
</bind>
</comp>

<comp id="240" class="1004" name="x_local_3_V_addr_gep_fu_240">
<pin_list>
<pin id="241" dir="0" index="0" bw="8" slack="0"/>
<pin id="242" dir="0" index="1" bw="1" slack="0"/>
<pin id="243" dir="0" index="2" bw="6" slack="0"/>
<pin id="244" dir="1" index="3" bw="6" slack="0"/>
</pin_list>
<bind>
<opcode="getelementptr(29) " fcode="getelementptr"/>
<opset="x_local_3_V_addr/10 "/>
</bind>
</comp>

<comp id="247" class="1004" name="x_local_11_V_addr_gep_fu_247">
<pin_list>
<pin id="248" dir="0" index="0" bw="8" slack="0"/>
<pin id="249" dir="0" index="1" bw="1" slack="0"/>
<pin id="250" dir="0" index="2" bw="6" slack="0"/>
<pin id="251" dir="1" index="3" bw="6" slack="0"/>
</pin_list>
<bind>
<opcode="getelementptr(29) " fcode="getelementptr"/>
<opset="x_local_11_V_addr/10 "/>
</bind>
</comp>

<comp id="254" class="1004" name="StgValue_79_access_fu_254">
<pin_list>
<pin id="255" dir="0" index="0" bw="6" slack="0"/>
<pin id="256" dir="0" index="1" bw="8" slack="1"/>
<pin id="257" dir="0" index="2" bw="0" slack="2147483647"/>
<pin id="258" dir="1" index="3" bw="8" slack="2147483647"/>
</pin_list>
<bind>
<opcode="store(28) " fcode="store"/>
<opset="StgValue_79/10 "/>
</bind>
</comp>

<comp id="260" class="1004" name="StgValue_81_access_fu_260">
<pin_list>
<pin id="261" dir="0" index="0" bw="6" slack="0"/>
<pin id="262" dir="0" index="1" bw="8" slack="1"/>
<pin id="263" dir="0" index="2" bw="0" slack="2147483647"/>
<pin id="264" dir="1" index="3" bw="8" slack="2147483647"/>
</pin_list>
<bind>
<opcode="store(28) " fcode="store"/>
<opset="StgValue_81/10 "/>
</bind>
</comp>

<comp id="266" class="1004" name="x_local_4_V_addr_gep_fu_266">
<pin_list>
<pin id="267" dir="0" index="0" bw="8" slack="0"/>
<pin id="268" dir="0" index="1" bw="1" slack="0"/>
<pin id="269" dir="0" index="2" bw="6" slack="0"/>
<pin id="270" dir="1" index="3" bw="6" slack="0"/>
</pin_list>
<bind>
<opcode="getelementptr(29) " fcode="getelementptr"/>
<opset="x_local_4_V_addr/10 "/>
</bind>
</comp>

<comp id="273" class="1004" name="x_local_12_V_addr_gep_fu_273">
<pin_list>
<pin id="274" dir="0" index="0" bw="8" slack="0"/>
<pin id="275" dir="0" index="1" bw="1" slack="0"/>
<pin id="276" dir="0" index="2" bw="6" slack="0"/>
<pin id="277" dir="1" index="3" bw="6" slack="0"/>
</pin_list>
<bind>
<opcode="getelementptr(29) " fcode="getelementptr"/>
<opset="x_local_12_V_addr/10 "/>
</bind>
</comp>

<comp id="280" class="1004" name="StgValue_85_access_fu_280">
<pin_list>
<pin id="281" dir="0" index="0" bw="6" slack="0"/>
<pin id="282" dir="0" index="1" bw="8" slack="1"/>
<pin id="283" dir="0" index="2" bw="0" slack="2147483647"/>
<pin id="284" dir="1" index="3" bw="8" slack="2147483647"/>
</pin_list>
<bind>
<opcode="store(28) " fcode="store"/>
<opset="StgValue_85/10 "/>
</bind>
</comp>

<comp id="286" class="1004" name="StgValue_87_access_fu_286">
<pin_list>
<pin id="287" dir="0" index="0" bw="6" slack="0"/>
<pin id="288" dir="0" index="1" bw="8" slack="1"/>
<pin id="289" dir="0" index="2" bw="0" slack="2147483647"/>
<pin id="290" dir="1" index="3" bw="8" slack="2147483647"/>
</pin_list>
<bind>
<opcode="store(28) " fcode="store"/>
<opset="StgValue_87/10 "/>
</bind>
</comp>

<comp id="292" class="1004" name="x_local_5_V_addr_gep_fu_292">
<pin_list>
<pin id="293" dir="0" index="0" bw="8" slack="0"/>
<pin id="294" dir="0" index="1" bw="1" slack="0"/>
<pin id="295" dir="0" index="2" bw="6" slack="0"/>
<pin id="296" dir="1" index="3" bw="6" slack="0"/>
</pin_list>
<bind>
<opcode="getelementptr(29) " fcode="getelementptr"/>
<opset="x_local_5_V_addr/10 "/>
</bind>
</comp>

<comp id="299" class="1004" name="x_local_13_V_addr_gep_fu_299">
<pin_list>
<pin id="300" dir="0" index="0" bw="8" slack="0"/>
<pin id="301" dir="0" index="1" bw="1" slack="0"/>
<pin id="302" dir="0" index="2" bw="6" slack="0"/>
<pin id="303" dir="1" index="3" bw="6" slack="0"/>
</pin_list>
<bind>
<opcode="getelementptr(29) " fcode="getelementptr"/>
<opset="x_local_13_V_addr/10 "/>
</bind>
</comp>

<comp id="306" class="1004" name="StgValue_91_access_fu_306">
<pin_list>
<pin id="307" dir="0" index="0" bw="6" slack="0"/>
<pin id="308" dir="0" index="1" bw="8" slack="1"/>
<pin id="309" dir="0" index="2" bw="0" slack="2147483647"/>
<pin id="310" dir="1" index="3" bw="8" slack="2147483647"/>
</pin_list>
<bind>
<opcode="store(28) " fcode="store"/>
<opset="StgValue_91/10 "/>
</bind>
</comp>

<comp id="312" class="1004" name="StgValue_93_access_fu_312">
<pin_list>
<pin id="313" dir="0" index="0" bw="6" slack="0"/>
<pin id="314" dir="0" index="1" bw="8" slack="1"/>
<pin id="315" dir="0" index="2" bw="0" slack="2147483647"/>
<pin id="316" dir="1" index="3" bw="8" slack="2147483647"/>
</pin_list>
<bind>
<opcode="store(28) " fcode="store"/>
<opset="StgValue_93/10 "/>
</bind>
</comp>

<comp id="318" class="1004" name="x_local_6_V_addr_gep_fu_318">
<pin_list>
<pin id="319" dir="0" index="0" bw="8" slack="0"/>
<pin id="320" dir="0" index="1" bw="1" slack="0"/>
<pin id="321" dir="0" index="2" bw="6" slack="0"/>
<pin id="322" dir="1" index="3" bw="6" slack="0"/>
</pin_list>
<bind>
<opcode="getelementptr(29) " fcode="getelementptr"/>
<opset="x_local_6_V_addr/10 "/>
</bind>
</comp>

<comp id="325" class="1004" name="x_local_14_V_addr_gep_fu_325">
<pin_list>
<pin id="326" dir="0" index="0" bw="8" slack="0"/>
<pin id="327" dir="0" index="1" bw="1" slack="0"/>
<pin id="328" dir="0" index="2" bw="6" slack="0"/>
<pin id="329" dir="1" index="3" bw="6" slack="0"/>
</pin_list>
<bind>
<opcode="getelementptr(29) " fcode="getelementptr"/>
<opset="x_local_14_V_addr/10 "/>
</bind>
</comp>

<comp id="332" class="1004" name="StgValue_97_access_fu_332">
<pin_list>
<pin id="333" dir="0" index="0" bw="6" slack="0"/>
<pin id="334" dir="0" index="1" bw="8" slack="1"/>
<pin id="335" dir="0" index="2" bw="0" slack="2147483647"/>
<pin id="336" dir="1" index="3" bw="8" slack="2147483647"/>
</pin_list>
<bind>
<opcode="store(28) " fcode="store"/>
<opset="StgValue_97/10 "/>
</bind>
</comp>

<comp id="338" class="1004" name="StgValue_99_access_fu_338">
<pin_list>
<pin id="339" dir="0" index="0" bw="6" slack="0"/>
<pin id="340" dir="0" index="1" bw="8" slack="1"/>
<pin id="341" dir="0" index="2" bw="0" slack="2147483647"/>
<pin id="342" dir="1" index="3" bw="8" slack="2147483647"/>
</pin_list>
<bind>
<opcode="store(28) " fcode="store"/>
<opset="StgValue_99/10 "/>
</bind>
</comp>

<comp id="344" class="1004" name="x_local_7_V_addr_gep_fu_344">
<pin_list>
<pin id="345" dir="0" index="0" bw="8" slack="0"/>
<pin id="346" dir="0" index="1" bw="1" slack="0"/>
<pin id="347" dir="0" index="2" bw="6" slack="0"/>
<pin id="348" dir="1" index="3" bw="6" slack="0"/>
</pin_list>
<bind>
<opcode="getelementptr(29) " fcode="getelementptr"/>
<opset="x_local_7_V_addr/10 "/>
</bind>
</comp>

<comp id="351" class="1004" name="x_local_15_V_addr_gep_fu_351">
<pin_list>
<pin id="352" dir="0" index="0" bw="8" slack="0"/>
<pin id="353" dir="0" index="1" bw="1" slack="0"/>
<pin id="354" dir="0" index="2" bw="6" slack="0"/>
<pin id="355" dir="1" index="3" bw="6" slack="0"/>
</pin_list>
<bind>
<opcode="getelementptr(29) " fcode="getelementptr"/>
<opset="x_local_15_V_addr/10 "/>
</bind>
</comp>

<comp id="358" class="1004" name="StgValue_103_access_fu_358">
<pin_list>
<pin id="359" dir="0" index="0" bw="6" slack="0"/>
<pin id="360" dir="0" index="1" bw="8" slack="1"/>
<pin id="361" dir="0" index="2" bw="0" slack="2147483647"/>
<pin id="362" dir="1" index="3" bw="8" slack="2147483647"/>
</pin_list>
<bind>
<opcode="store(28) " fcode="store"/>
<opset="StgValue_103/10 "/>
</bind>
</comp>

<comp id="364" class="1004" name="StgValue_105_access_fu_364">
<pin_list>
<pin id="365" dir="0" index="0" bw="6" slack="0"/>
<pin id="366" dir="0" index="1" bw="8" slack="1"/>
<pin id="367" dir="0" index="2" bw="0" slack="2147483647"/>
<pin id="368" dir="1" index="3" bw="8" slack="2147483647"/>
</pin_list>
<bind>
<opcode="store(28) " fcode="store"/>
<opset="StgValue_105/10 "/>
</bind>
</comp>

<comp id="370" class="1005" name="i_i_i_reg_370">
<pin_list>
<pin id="371" dir="0" index="0" bw="7" slack="1"/>
<pin id="372" dir="1" index="1" bw="7" slack="1"/>
</pin_list>
<bind>
<opset="i_i_i (phireg) "/>
</bind>
</comp>

<comp id="374" class="1004" name="i_i_i_phi_fu_374">
<pin_list>
<pin id="375" dir="0" index="0" bw="1" slack="1"/>
<pin id="376" dir="0" index="1" bw="0" slack="2147483647"/>
<pin id="377" dir="0" index="2" bw="7" slack="0"/>
<pin id="378" dir="0" index="3" bw="0" slack="2147483647"/>
<pin id="379" dir="1" index="4" bw="7" slack="0"/>
</pin_list>
<bind>
<opcode="phi(47) " fcode="phi"/>
<opset="i_i_i/8 "/>
</bind>
</comp>

<comp id="381" class="1004" name="x_V_offset1_fu_381">
<pin_list>
<pin id="382" dir="0" index="0" bw="29" slack="0"/>
<pin id="383" dir="0" index="1" bw="32" slack="0"/>
<pin id="384" dir="0" index="2" bw="3" slack="0"/>
<pin id="385" dir="0" index="3" bw="6" slack="0"/>
<pin id="386" dir="1" index="4" bw="29" slack="0"/>
</pin_list>
<bind>
<opcode="partselect(1002) " fcode="partselect"/>
<opset="x_V_offset1/1 "/>
</bind>
</comp>

<comp id="391" class="1004" name="sext_fu_391">
<pin_list>
<pin id="392" dir="0" index="0" bw="29" slack="0"/>
<pin id="393" dir="1" index="1" bw="64" slack="0"/>
</pin_list>
<bind>
<opcode="zext(34) " fcode="zext"/>
<opset="sext/1 "/>
</bind>
</comp>

<comp id="395" class="1004" name="x_V_addr_fu_395">
<pin_list>
<pin id="396" dir="0" index="0" bw="64" slack="0"/>
<pin id="397" dir="0" index="1" bw="29" slack="0"/>
<pin id="398" dir="1" index="2" bw="64" slack="0"/>
</pin_list>
<bind>
<opcode="getelementptr(29) " fcode="getelementptr"/>
<opset="x_V_addr/1 "/>
</bind>
</comp>

<comp id="402" class="1004" name="exitcond1_i_i_fu_402">
<pin_list>
<pin id="403" dir="0" index="0" bw="7" slack="0"/>
<pin id="404" dir="0" index="1" bw="6" slack="0"/>
<pin id="405" dir="1" index="2" bw="1" slack="2"/>
</pin_list>
<bind>
<opcode="icmp(45) " fcode="icmp"/>
<opset="exitcond1_i_i/8 "/>
</bind>
</comp>

<comp id="408" class="1004" name="i_fu_408">
<pin_list>
<pin id="409" dir="0" index="0" bw="7" slack="0"/>
<pin id="410" dir="0" index="1" bw="1" slack="0"/>
<pin id="411" dir="1" index="2" bw="7" slack="0"/>
</pin_list>
<bind>
<opcode="add(8) " fcode="add"/>
<opset="i/8 "/>
</bind>
</comp>

<comp id="414" class="1004" name="tmp_fu_414">
<pin_list>
<pin id="415" dir="0" index="0" bw="7" slack="0"/>
<pin id="416" dir="1" index="1" bw="1" slack="2"/>
</pin_list>
<bind>
<opcode="trunc(33) " fcode="trunc"/>
<opset="tmp/8 "/>
</bind>
</comp>

<comp id="418" class="1004" name="tmp_3_cast_i_i_fu_418">
<pin_list>
<pin id="419" dir="0" index="0" bw="6" slack="0"/>
<pin id="420" dir="0" index="1" bw="7" slack="0"/>
<pin id="421" dir="0" index="2" bw="1" slack="0"/>
<pin id="422" dir="0" index="3" bw="4" slack="0"/>
<pin id="423" dir="1" index="4" bw="6" slack="2"/>
</pin_list>
<bind>
<opcode="partselect(1002) " fcode="partselect"/>
<opset="tmp_3_cast_i_i/8 "/>
</bind>
</comp>

<comp id="428" class="1004" name="tmp_1_fu_428">
<pin_list>
<pin id="429" dir="0" index="0" bw="64" slack="0"/>
<pin id="430" dir="1" index="1" bw="8" slack="1"/>
</pin_list>
<bind>
<opcode="trunc(33) " fcode="trunc"/>
<opset="tmp_1/9 "/>
</bind>
</comp>

<comp id="432" class="1004" name="p_Result_1_i_i_fu_432">
<pin_list>
<pin id="433" dir="0" index="0" bw="8" slack="0"/>
<pin id="434" dir="0" index="1" bw="64" slack="0"/>
<pin id="435" dir="0" index="2" bw="5" slack="0"/>
<pin id="436" dir="0" index="3" bw="5" slack="0"/>
<pin id="437" dir="1" index="4" bw="8" slack="1"/>
</pin_list>
<bind>
<opcode="partselect(1002) " fcode="partselect"/>
<opset="p_Result_1_i_i/9 "/>
</bind>
</comp>

<comp id="442" class="1004" name="p_Result_2_i_i_fu_442">
<pin_list>
<pin id="443" dir="0" index="0" bw="8" slack="0"/>
<pin id="444" dir="0" index="1" bw="64" slack="0"/>
<pin id="445" dir="0" index="2" bw="6" slack="0"/>
<pin id="446" dir="0" index="3" bw="6" slack="0"/>
<pin id="447" dir="1" index="4" bw="8" slack="1"/>
</pin_list>
<bind>
<opcode="partselect(1002) " fcode="partselect"/>
<opset="p_Result_2_i_i/9 "/>
</bind>
</comp>

<comp id="452" class="1004" name="p_Result_3_i_i_fu_452">
<pin_list>
<pin id="453" dir="0" index="0" bw="8" slack="0"/>
<pin id="454" dir="0" index="1" bw="64" slack="0"/>
<pin id="455" dir="0" index="2" bw="6" slack="0"/>
<pin id="456" dir="0" index="3" bw="6" slack="0"/>
<pin id="457" dir="1" index="4" bw="8" slack="1"/>
</pin_list>
<bind>
<opcode="partselect(1002) " fcode="partselect"/>
<opset="p_Result_3_i_i/9 "/>
</bind>
</comp>

<comp id="462" class="1004" name="p_Result_4_i_i_fu_462">
<pin_list>
<pin id="463" dir="0" index="0" bw="8" slack="0"/>
<pin id="464" dir="0" index="1" bw="64" slack="0"/>
<pin id="465" dir="0" index="2" bw="7" slack="0"/>
<pin id="466" dir="0" index="3" bw="7" slack="0"/>
<pin id="467" dir="1" index="4" bw="8" slack="1"/>
</pin_list>
<bind>
<opcode="partselect(1002) " fcode="partselect"/>
<opset="p_Result_4_i_i/9 "/>
</bind>
</comp>

<comp id="472" class="1004" name="p_Result_5_i_i_fu_472">
<pin_list>
<pin id="473" dir="0" index="0" bw="8" slack="0"/>
<pin id="474" dir="0" index="1" bw="64" slack="0"/>
<pin id="475" dir="0" index="2" bw="7" slack="0"/>
<pin id="476" dir="0" index="3" bw="7" slack="0"/>
<pin id="477" dir="1" index="4" bw="8" slack="1"/>
</pin_list>
<bind>
<opcode="partselect(1002) " fcode="partselect"/>
<opset="p_Result_5_i_i/9 "/>
</bind>
</comp>

<comp id="482" class="1004" name="p_Result_6_i_i_fu_482">
<pin_list>
<pin id="483" dir="0" index="0" bw="8" slack="0"/>
<pin id="484" dir="0" index="1" bw="64" slack="0"/>
<pin id="485" dir="0" index="2" bw="7" slack="0"/>
<pin id="486" dir="0" index="3" bw="7" slack="0"/>
<pin id="487" dir="1" index="4" bw="8" slack="1"/>
</pin_list>
<bind>
<opcode="partselect(1002) " fcode="partselect"/>
<opset="p_Result_6_i_i/9 "/>
</bind>
</comp>

<comp id="492" class="1004" name="p_Result_7_i_i_fu_492">
<pin_list>
<pin id="493" dir="0" index="0" bw="8" slack="0"/>
<pin id="494" dir="0" index="1" bw="64" slack="0"/>
<pin id="495" dir="0" index="2" bw="7" slack="0"/>
<pin id="496" dir="0" index="3" bw="7" slack="0"/>
<pin id="497" dir="1" index="4" bw="8" slack="1"/>
</pin_list>
<bind>
<opcode="partselect(1002) " fcode="partselect"/>
<opset="p_Result_7_i_i/9 "/>
</bind>
</comp>

<comp id="502" class="1004" name="newIndex1_i_i_fu_502">
<pin_list>
<pin id="503" dir="0" index="0" bw="6" slack="2"/>
<pin id="504" dir="1" index="1" bw="64" slack="0"/>
</pin_list>
<bind>
<opcode="zext(34) " fcode="zext"/>
<opset="newIndex1_i_i/10 "/>
</bind>
</comp>

<comp id="521" class="1005" name="x_V_addr_reg_521">
<pin_list>
<pin id="522" dir="0" index="0" bw="64" slack="1"/>
<pin id="523" dir="1" index="1" bw="64" slack="1"/>
</pin_list>
<bind>
<opset="x_V_addr "/>
</bind>
</comp>

<comp id="527" class="1005" name="exitcond1_i_i_reg_527">
<pin_list>
<pin id="528" dir="0" index="0" bw="1" slack="2"/>
<pin id="529" dir="1" index="1" bw="1" slack="2147483647"/>
</pin_list>
<bind>
<opset="exitcond1_i_i "/>
</bind>
</comp>

<comp id="531" class="1005" name="i_reg_531">
<pin_list>
<pin id="532" dir="0" index="0" bw="7" slack="0"/>
<pin id="533" dir="1" index="1" bw="7" slack="0"/>
</pin_list>
<bind>
<opset="i "/>
</bind>
</comp>

<comp id="536" class="1005" name="tmp_reg_536">
<pin_list>
<pin id="537" dir="0" index="0" bw="1" slack="2"/>
<pin id="538" dir="1" index="1" bw="1" slack="2147483647"/>
</pin_list>
<bind>
<opset="tmp "/>
</bind>
</comp>

<comp id="540" class="1005" name="tmp_3_cast_i_i_reg_540">
<pin_list>
<pin id="541" dir="0" index="0" bw="6" slack="2"/>
<pin id="542" dir="1" index="1" bw="6" slack="2"/>
</pin_list>
<bind>
<opset="tmp_3_cast_i_i "/>
</bind>
</comp>

<comp id="545" class="1005" name="tmp_1_reg_545">
<pin_list>
<pin id="546" dir="0" index="0" bw="8" slack="1"/>
<pin id="547" dir="1" index="1" bw="8" slack="1"/>
</pin_list>
<bind>
<opset="tmp_1 "/>
</bind>
</comp>

<comp id="551" class="1005" name="p_Result_1_i_i_reg_551">
<pin_list>
<pin id="552" dir="0" index="0" bw="8" slack="1"/>
<pin id="553" dir="1" index="1" bw="8" slack="1"/>
</pin_list>
<bind>
<opset="p_Result_1_i_i "/>
</bind>
</comp>

<comp id="557" class="1005" name="p_Result_2_i_i_reg_557">
<pin_list>
<pin id="558" dir="0" index="0" bw="8" slack="1"/>
<pin id="559" dir="1" index="1" bw="8" slack="1"/>
</pin_list>
<bind>
<opset="p_Result_2_i_i "/>
</bind>
</comp>

<comp id="563" class="1005" name="p_Result_3_i_i_reg_563">
<pin_list>
<pin id="564" dir="0" index="0" bw="8" slack="1"/>
<pin id="565" dir="1" index="1" bw="8" slack="1"/>
</pin_list>
<bind>
<opset="p_Result_3_i_i "/>
</bind>
</comp>

<comp id="569" class="1005" name="p_Result_4_i_i_reg_569">
<pin_list>
<pin id="570" dir="0" index="0" bw="8" slack="1"/>
<pin id="571" dir="1" index="1" bw="8" slack="1"/>
</pin_list>
<bind>
<opset="p_Result_4_i_i "/>
</bind>
</comp>

<comp id="575" class="1005" name="p_Result_5_i_i_reg_575">
<pin_list>
<pin id="576" dir="0" index="0" bw="8" slack="1"/>
<pin id="577" dir="1" index="1" bw="8" slack="1"/>
</pin_list>
<bind>
<opset="p_Result_5_i_i "/>
</bind>
</comp>

<comp id="581" class="1005" name="p_Result_6_i_i_reg_581">
<pin_list>
<pin id="582" dir="0" index="0" bw="8" slack="1"/>
<pin id="583" dir="1" index="1" bw="8" slack="1"/>
</pin_list>
<bind>
<opset="p_Result_6_i_i "/>
</bind>
</comp>

<comp id="587" class="1005" name="p_Result_7_i_i_reg_587">
<pin_list>
<pin id="588" dir="0" index="0" bw="8" slack="1"/>
<pin id="589" dir="1" index="1" bw="8" slack="1"/>
</pin_list>
<bind>
<opset="p_Result_7_i_i "/>
</bind>
</comp>

</comp_list>

<net_list>
<net id="134"><net_src comp="40" pin="0"/><net_sink comp="130" pin=0"/></net>

<net id="135"><net_src comp="2" pin="0"/><net_sink comp="130" pin=1"/></net>

<net id="141"><net_src comp="48" pin="0"/><net_sink comp="136" pin=0"/></net>

<net id="142"><net_src comp="50" pin="0"/><net_sink comp="136" pin=2"/></net>

<net id="147"><net_src comp="52" pin="0"/><net_sink comp="143" pin=0"/></net>

<net id="148"><net_src comp="36" pin="0"/><net_sink comp="143" pin=1"/></net>

<net id="154"><net_src comp="72" pin="0"/><net_sink comp="149" pin=0"/></net>

<net id="155"><net_src comp="38" pin="0"/><net_sink comp="149" pin=1"/></net>

<net id="156"><net_src comp="143" pin="2"/><net_sink comp="149" pin=2"/></net>

<net id="161"><net_src comp="90" pin="0"/><net_sink comp="157" pin=0"/></net>

<net id="167"><net_src comp="4" pin="0"/><net_sink comp="162" pin=0"/></net>

<net id="168"><net_src comp="126" pin="0"/><net_sink comp="162" pin=1"/></net>

<net id="174"><net_src comp="20" pin="0"/><net_sink comp="169" pin=0"/></net>

<net id="175"><net_src comp="126" pin="0"/><net_sink comp="169" pin=1"/></net>

<net id="181"><net_src comp="162" pin="3"/><net_sink comp="176" pin=0"/></net>

<net id="187"><net_src comp="169" pin="3"/><net_sink comp="182" pin=0"/></net>

<net id="193"><net_src comp="6" pin="0"/><net_sink comp="188" pin=0"/></net>

<net id="194"><net_src comp="126" pin="0"/><net_sink comp="188" pin=1"/></net>

<net id="200"><net_src comp="22" pin="0"/><net_sink comp="195" pin=0"/></net>

<net id="201"><net_src comp="126" pin="0"/><net_sink comp="195" pin=1"/></net>

<net id="207"><net_src comp="188" pin="3"/><net_sink comp="202" pin=0"/></net>

<net id="213"><net_src comp="195" pin="3"/><net_sink comp="208" pin=0"/></net>

<net id="219"><net_src comp="8" pin="0"/><net_sink comp="214" pin=0"/></net>

<net id="220"><net_src comp="126" pin="0"/><net_sink comp="214" pin=1"/></net>

<net id="226"><net_src comp="24" pin="0"/><net_sink comp="221" pin=0"/></net>

<net id="227"><net_src comp="126" pin="0"/><net_sink comp="221" pin=1"/></net>

<net id="233"><net_src comp="214" pin="3"/><net_sink comp="228" pin=0"/></net>

<net id="239"><net_src comp="221" pin="3"/><net_sink comp="234" pin=0"/></net>

<net id="245"><net_src comp="10" pin="0"/><net_sink comp="240" pin=0"/></net>

<net id="246"><net_src comp="126" pin="0"/><net_sink comp="240" pin=1"/></net>

<net id="252"><net_src comp="26" pin="0"/><net_sink comp="247" pin=0"/></net>

<net id="253"><net_src comp="126" pin="0"/><net_sink comp="247" pin=1"/></net>

<net id="259"><net_src comp="240" pin="3"/><net_sink comp="254" pin=0"/></net>

<net id="265"><net_src comp="247" pin="3"/><net_sink comp="260" pin=0"/></net>

<net id="271"><net_src comp="12" pin="0"/><net_sink comp="266" pin=0"/></net>

<net id="272"><net_src comp="126" pin="0"/><net_sink comp="266" pin=1"/></net>

<net id="278"><net_src comp="28" pin="0"/><net_sink comp="273" pin=0"/></net>

<net id="279"><net_src comp="126" pin="0"/><net_sink comp="273" pin=1"/></net>

<net id="285"><net_src comp="266" pin="3"/><net_sink comp="280" pin=0"/></net>

<net id="291"><net_src comp="273" pin="3"/><net_sink comp="286" pin=0"/></net>

<net id="297"><net_src comp="14" pin="0"/><net_sink comp="292" pin=0"/></net>

<net id="298"><net_src comp="126" pin="0"/><net_sink comp="292" pin=1"/></net>

<net id="304"><net_src comp="30" pin="0"/><net_sink comp="299" pin=0"/></net>

<net id="305"><net_src comp="126" pin="0"/><net_sink comp="299" pin=1"/></net>

<net id="311"><net_src comp="292" pin="3"/><net_sink comp="306" pin=0"/></net>

<net id="317"><net_src comp="299" pin="3"/><net_sink comp="312" pin=0"/></net>

<net id="323"><net_src comp="16" pin="0"/><net_sink comp="318" pin=0"/></net>

<net id="324"><net_src comp="126" pin="0"/><net_sink comp="318" pin=1"/></net>

<net id="330"><net_src comp="32" pin="0"/><net_sink comp="325" pin=0"/></net>

<net id="331"><net_src comp="126" pin="0"/><net_sink comp="325" pin=1"/></net>

<net id="337"><net_src comp="318" pin="3"/><net_sink comp="332" pin=0"/></net>

<net id="343"><net_src comp="325" pin="3"/><net_sink comp="338" pin=0"/></net>

<net id="349"><net_src comp="18" pin="0"/><net_sink comp="344" pin=0"/></net>

<net id="350"><net_src comp="126" pin="0"/><net_sink comp="344" pin=1"/></net>

<net id="356"><net_src comp="34" pin="0"/><net_sink comp="351" pin=0"/></net>

<net id="357"><net_src comp="126" pin="0"/><net_sink comp="351" pin=1"/></net>

<net id="363"><net_src comp="344" pin="3"/><net_sink comp="358" pin=0"/></net>

<net id="369"><net_src comp="351" pin="3"/><net_sink comp="364" pin=0"/></net>

<net id="373"><net_src comp="74" pin="0"/><net_sink comp="370" pin=0"/></net>

<net id="380"><net_src comp="370" pin="1"/><net_sink comp="374" pin=0"/></net>

<net id="387"><net_src comp="42" pin="0"/><net_sink comp="381" pin=0"/></net>

<net id="388"><net_src comp="130" pin="2"/><net_sink comp="381" pin=1"/></net>

<net id="389"><net_src comp="44" pin="0"/><net_sink comp="381" pin=2"/></net>

<net id="390"><net_src comp="46" pin="0"/><net_sink comp="381" pin=3"/></net>

<net id="394"><net_src comp="381" pin="4"/><net_sink comp="391" pin=0"/></net>

<net id="399"><net_src comp="0" pin="0"/><net_sink comp="395" pin=0"/></net>

<net id="400"><net_src comp="391" pin="1"/><net_sink comp="395" pin=1"/></net>

<net id="401"><net_src comp="395" pin="2"/><net_sink comp="136" pin=1"/></net>

<net id="406"><net_src comp="374" pin="4"/><net_sink comp="402" pin=0"/></net>

<net id="407"><net_src comp="76" pin="0"/><net_sink comp="402" pin=1"/></net>

<net id="412"><net_src comp="374" pin="4"/><net_sink comp="408" pin=0"/></net>

<net id="413"><net_src comp="82" pin="0"/><net_sink comp="408" pin=1"/></net>

<net id="417"><net_src comp="374" pin="4"/><net_sink comp="414" pin=0"/></net>

<net id="424"><net_src comp="84" pin="0"/><net_sink comp="418" pin=0"/></net>

<net id="425"><net_src comp="374" pin="4"/><net_sink comp="418" pin=1"/></net>

<net id="426"><net_src comp="86" pin="0"/><net_sink comp="418" pin=2"/></net>

<net id="427"><net_src comp="88" pin="0"/><net_sink comp="418" pin=3"/></net>

<net id="431"><net_src comp="157" pin="2"/><net_sink comp="428" pin=0"/></net>

<net id="438"><net_src comp="92" pin="0"/><net_sink comp="432" pin=0"/></net>

<net id="439"><net_src comp="157" pin="2"/><net_sink comp="432" pin=1"/></net>

<net id="440"><net_src comp="94" pin="0"/><net_sink comp="432" pin=2"/></net>

<net id="441"><net_src comp="96" pin="0"/><net_sink comp="432" pin=3"/></net>

<net id="448"><net_src comp="92" pin="0"/><net_sink comp="442" pin=0"/></net>

<net id="449"><net_src comp="157" pin="2"/><net_sink comp="442" pin=1"/></net>

<net id="450"><net_src comp="66" pin="0"/><net_sink comp="442" pin=2"/></net>

<net id="451"><net_src comp="98" pin="0"/><net_sink comp="442" pin=3"/></net>

<net id="458"><net_src comp="92" pin="0"/><net_sink comp="452" pin=0"/></net>

<net id="459"><net_src comp="157" pin="2"/><net_sink comp="452" pin=1"/></net>

<net id="460"><net_src comp="100" pin="0"/><net_sink comp="452" pin=2"/></net>

<net id="461"><net_src comp="46" pin="0"/><net_sink comp="452" pin=3"/></net>

<net id="468"><net_src comp="92" pin="0"/><net_sink comp="462" pin=0"/></net>

<net id="469"><net_src comp="157" pin="2"/><net_sink comp="462" pin=1"/></net>

<net id="470"><net_src comp="102" pin="0"/><net_sink comp="462" pin=2"/></net>

<net id="471"><net_src comp="104" pin="0"/><net_sink comp="462" pin=3"/></net>

<net id="478"><net_src comp="92" pin="0"/><net_sink comp="472" pin=0"/></net>

<net id="479"><net_src comp="157" pin="2"/><net_sink comp="472" pin=1"/></net>

<net id="480"><net_src comp="106" pin="0"/><net_sink comp="472" pin=2"/></net>

<net id="481"><net_src comp="108" pin="0"/><net_sink comp="472" pin=3"/></net>

<net id="488"><net_src comp="92" pin="0"/><net_sink comp="482" pin=0"/></net>

<net id="489"><net_src comp="157" pin="2"/><net_sink comp="482" pin=1"/></net>

<net id="490"><net_src comp="110" pin="0"/><net_sink comp="482" pin=2"/></net>

<net id="491"><net_src comp="112" pin="0"/><net_sink comp="482" pin=3"/></net>

<net id="498"><net_src comp="92" pin="0"/><net_sink comp="492" pin=0"/></net>

<net id="499"><net_src comp="157" pin="2"/><net_sink comp="492" pin=1"/></net>

<net id="500"><net_src comp="114" pin="0"/><net_sink comp="492" pin=2"/></net>

<net id="501"><net_src comp="116" pin="0"/><net_sink comp="492" pin=3"/></net>

<net id="505"><net_src comp="502" pin="1"/><net_sink comp="162" pin=2"/></net>

<net id="506"><net_src comp="502" pin="1"/><net_sink comp="169" pin=2"/></net>

<net id="507"><net_src comp="502" pin="1"/><net_sink comp="188" pin=2"/></net>

<net id="508"><net_src comp="502" pin="1"/><net_sink comp="195" pin=2"/></net>

<net id="509"><net_src comp="502" pin="1"/><net_sink comp="214" pin=2"/></net>

<net id="510"><net_src comp="502" pin="1"/><net_sink comp="221" pin=2"/></net>

<net id="511"><net_src comp="502" pin="1"/><net_sink comp="240" pin=2"/></net>

<net id="512"><net_src comp="502" pin="1"/><net_sink comp="247" pin=2"/></net>

<net id="513"><net_src comp="502" pin="1"/><net_sink comp="266" pin=2"/></net>

<net id="514"><net_src comp="502" pin="1"/><net_sink comp="273" pin=2"/></net>

<net id="515"><net_src comp="502" pin="1"/><net_sink comp="292" pin=2"/></net>

<net id="516"><net_src comp="502" pin="1"/><net_sink comp="299" pin=2"/></net>

<net id="517"><net_src comp="502" pin="1"/><net_sink comp="318" pin=2"/></net>

<net id="518"><net_src comp="502" pin="1"/><net_sink comp="325" pin=2"/></net>

<net id="519"><net_src comp="502" pin="1"/><net_sink comp="344" pin=2"/></net>

<net id="520"><net_src comp="502" pin="1"/><net_sink comp="351" pin=2"/></net>

<net id="524"><net_src comp="395" pin="2"/><net_sink comp="521" pin=0"/></net>

<net id="525"><net_src comp="521" pin="1"/><net_sink comp="136" pin=1"/></net>

<net id="526"><net_src comp="521" pin="1"/><net_sink comp="157" pin=1"/></net>

<net id="530"><net_src comp="402" pin="2"/><net_sink comp="527" pin=0"/></net>

<net id="534"><net_src comp="408" pin="2"/><net_sink comp="531" pin=0"/></net>

<net id="535"><net_src comp="531" pin="1"/><net_sink comp="374" pin=2"/></net>

<net id="539"><net_src comp="414" pin="1"/><net_sink comp="536" pin=0"/></net>

<net id="543"><net_src comp="418" pin="4"/><net_sink comp="540" pin=0"/></net>

<net id="544"><net_src comp="540" pin="1"/><net_sink comp="502" pin=0"/></net>

<net id="548"><net_src comp="428" pin="1"/><net_sink comp="545" pin=0"/></net>

<net id="549"><net_src comp="545" pin="1"/><net_sink comp="176" pin=1"/></net>

<net id="550"><net_src comp="545" pin="1"/><net_sink comp="182" pin=1"/></net>

<net id="554"><net_src comp="432" pin="4"/><net_sink comp="551" pin=0"/></net>

<net id="555"><net_src comp="551" pin="1"/><net_sink comp="202" pin=1"/></net>

<net id="556"><net_src comp="551" pin="1"/><net_sink comp="208" pin=1"/></net>

<net id="560"><net_src comp="442" pin="4"/><net_sink comp="557" pin=0"/></net>

<net id="561"><net_src comp="557" pin="1"/><net_sink comp="228" pin=1"/></net>

<net id="562"><net_src comp="557" pin="1"/><net_sink comp="234" pin=1"/></net>

<net id="566"><net_src comp="452" pin="4"/><net_sink comp="563" pin=0"/></net>

<net id="567"><net_src comp="563" pin="1"/><net_sink comp="254" pin=1"/></net>

<net id="568"><net_src comp="563" pin="1"/><net_sink comp="260" pin=1"/></net>

<net id="572"><net_src comp="462" pin="4"/><net_sink comp="569" pin=0"/></net>

<net id="573"><net_src comp="569" pin="1"/><net_sink comp="280" pin=1"/></net>

<net id="574"><net_src comp="569" pin="1"/><net_sink comp="286" pin=1"/></net>

<net id="578"><net_src comp="472" pin="4"/><net_sink comp="575" pin=0"/></net>

<net id="579"><net_src comp="575" pin="1"/><net_sink comp="306" pin=1"/></net>

<net id="580"><net_src comp="575" pin="1"/><net_sink comp="312" pin=1"/></net>

<net id="584"><net_src comp="482" pin="4"/><net_sink comp="581" pin=0"/></net>

<net id="585"><net_src comp="581" pin="1"/><net_sink comp="332" pin=1"/></net>

<net id="586"><net_src comp="581" pin="1"/><net_sink comp="338" pin=1"/></net>

<net id="590"><net_src comp="492" pin="4"/><net_sink comp="587" pin=0"/></net>

<net id="591"><net_src comp="587" pin="1"/><net_sink comp="358" pin=1"/></net>

<net id="592"><net_src comp="587" pin="1"/><net_sink comp="364" pin=1"/></net>

</net_list>

</model> 
---------------- Datapath Model END ------------------

* FSMD analyzer results:
  - Output states:
	Port: x_local_0_V | {10 }
	Port: x_local_1_V | {10 }
	Port: x_local_2_V | {10 }
	Port: x_local_3_V | {10 }
	Port: x_local_4_V | {10 }
	Port: x_local_5_V | {10 }
	Port: x_local_6_V | {10 }
	Port: x_local_7_V | {10 }
	Port: x_local_8_V | {10 }
	Port: x_local_9_V | {10 }
	Port: x_local_10_V | {10 }
	Port: x_local_11_V | {10 }
	Port: x_local_12_V | {10 }
	Port: x_local_13_V | {10 }
	Port: x_local_14_V | {10 }
	Port: x_local_15_V | {10 }
	Port: x_norm_in_V_out | {7 }
 - Input state : 
	Port: load_data48 : x_V | {1 2 3 4 5 6 7 9 }
	Port: load_data48 : x_V_offset | {1 }
	Port: load_data48 : x_norm_in_V | {7 }
  - Chain level:
	State 1
		sext : 1
		x_V_addr : 2
		x_V_addr_rd_req : 3
	State 2
	State 3
	State 4
	State 5
	State 6
	State 7
	State 8
		exitcond1_i_i : 1
		i : 1
		StgValue_35 : 2
		tmp : 1
		tmp_3_cast_i_i : 1
		StgValue_38 : 2
		StgValue_39 : 2
		StgValue_40 : 2
		StgValue_41 : 2
		StgValue_42 : 2
		StgValue_43 : 2
		StgValue_44 : 2
		StgValue_45 : 2
	State 9
	State 10
		x_local_0_V_addr : 1
		x_local_8_V_addr : 1
		StgValue_61 : 2
		StgValue_63 : 2
		x_local_1_V_addr : 1
		x_local_9_V_addr : 1
		StgValue_67 : 2
		StgValue_69 : 2
		x_local_2_V_addr : 1
		x_local_10_V_addr : 1
		StgValue_73 : 2
		StgValue_75 : 2
		x_local_3_V_addr : 1
		x_local_11_V_addr : 1
		StgValue_79 : 2
		StgValue_81 : 2
		x_local_4_V_addr : 1
		x_local_12_V_addr : 1
		StgValue_85 : 2
		StgValue_87 : 2
		x_local_5_V_addr : 1
		x_local_13_V_addr : 1
		StgValue_91 : 2
		StgValue_93 : 2
		x_local_6_V_addr : 1
		x_local_14_V_addr : 1
		StgValue_97 : 2
		StgValue_99 : 2
		x_local_7_V_addr : 1
		x_local_15_V_addr : 1
		StgValue_103 : 2
		StgValue_105 : 2
		empty_35 : 1
	State 11


============================================================
+ Verbose Summary: Datapath Resource usage 
============================================================

* Functional unit list:
|----------|------------------------------|---------|---------|
| Operation|        Functional Unit       |    FF   |   LUT   |
|----------|------------------------------|---------|---------|
|    add   |           i_fu_408           |    0    |    15   |
|----------|------------------------------|---------|---------|
|   icmp   |     exitcond1_i_i_fu_402     |    0    |    11   |
|----------|------------------------------|---------|---------|
|          |  x_V_offset_read_read_fu_130 |    0    |    0    |
|   read   | x_norm_in_V_read_read_fu_143 |    0    |    0    |
|          |     packet_V_read_fu_157     |    0    |    0    |
|----------|------------------------------|---------|---------|
|  readreq |      grp_readreq_fu_136      |    0    |    0    |
|----------|------------------------------|---------|---------|
|   write  |   StgValue_26_write_fu_149   |    0    |    0    |
|----------|------------------------------|---------|---------|
|          |      x_V_offset1_fu_381      |    0    |    0    |
|          |     tmp_3_cast_i_i_fu_418    |    0    |    0    |
|          |     p_Result_1_i_i_fu_432    |    0    |    0    |
|          |     p_Result_2_i_i_fu_442    |    0    |    0    |
|partselect|     p_Result_3_i_i_fu_452    |    0    |    0    |
|          |     p_Result_4_i_i_fu_462    |    0    |    0    |
|          |     p_Result_5_i_i_fu_472    |    0    |    0    |
|          |     p_Result_6_i_i_fu_482    |    0    |    0    |
|          |     p_Result_7_i_i_fu_492    |    0    |    0    |
|----------|------------------------------|---------|---------|
|   zext   |          sext_fu_391         |    0    |    0    |
|          |     newIndex1_i_i_fu_502     |    0    |    0    |
|----------|------------------------------|---------|---------|
|   trunc  |          tmp_fu_414          |    0    |    0    |
|          |         tmp_1_fu_428         |    0    |    0    |
|----------|------------------------------|---------|---------|
|   Total  |                              |    0    |    26   |
|----------|------------------------------|---------|---------|

Memories:
N/A

* Register list:
+----------------------+--------+
|                      |   FF   |
+----------------------+--------+
| exitcond1_i_i_reg_527|    1   |
|     i_i_i_reg_370    |    7   |
|       i_reg_531      |    7   |
|p_Result_1_i_i_reg_551|    8   |
|p_Result_2_i_i_reg_557|    8   |
|p_Result_3_i_i_reg_563|    8   |
|p_Result_4_i_i_reg_569|    8   |
|p_Result_5_i_i_reg_575|    8   |
|p_Result_6_i_i_reg_581|    8   |
|p_Result_7_i_i_reg_587|    8   |
|     tmp_1_reg_545    |    8   |
|tmp_3_cast_i_i_reg_540|    6   |
|      tmp_reg_536     |    1   |
|   x_V_addr_reg_521   |   64   |
+----------------------+--------+
|         Total        |   150  |
+----------------------+--------+

* Multiplexer (MUX) list: 
|--------------------|------|------|------|--------||---------||---------|
|        Comp        |  Pin | Size |  BW  | S x BW ||  Delay  ||   LUT   |
|--------------------|------|------|------|--------||---------||---------|
| grp_readreq_fu_136 |  p1  |   2  |  64  |   128  ||    9    |
|--------------------|------|------|------|--------||---------||---------|
|        Total       |      |      |      |   128  ||  1.769  ||    9    |
|--------------------|------|------|------|--------||---------||---------|



* Summary:
+-----------+--------+--------+--------+
|           |  Delay |   FF   |   LUT  |
+-----------+--------+--------+--------+
|  Function |    -   |    0   |   26   |
|   Memory  |    -   |    -   |    -   |
|Multiplexer|    1   |    -   |    9   |
|  Register |    -   |   150  |    -   |
+-----------+--------+--------+--------+
|   Total   |    1   |   150  |   35   |
+-----------+--------+--------+--------+
