

================================================================
== Vivado HLS Report for 'load_data51'
================================================================
* Date:           Mon Feb  9 22:44:45 2026

* Version:        2018.2 (Build 2258646 on Thu Jun 14 20:25:20 MDT 2018)
* Project:        ADSD
* Solution:       solution1
* Product family: zynq
* Target device:  xc7z020clg484-1


================================================================
== Performance Estimates
================================================================
+ Timing (ns): 
    * Summary: 
    +--------+-------+----------+------------+
    |  Clock | Target| Estimated| Uncertainty|
    +--------+-------+----------+------------+
    |ap_clk  |  10.00|     8.750|        1.25|
    +--------+-------+----------+------------+

+ Latency (clock cycles): 
    * Summary: 
    +-----+-----+-----+-----+---------+
    |  Latency  |  Interval | Pipeline|
    | min | max | min | max |   Type  |
    +-----+-----+-----+-----+---------+
    |  107|  107|  107|  107|   none  |
    +-----+-----+-----+-----+---------+

    + Detail: 
        * Instance: 
        N/A

        * Loop: 
        +-------------------+-----+-----+----------+-----------+-----------+------+----------+
        |                   |  Latency  | Iteration|  Initiation Interval  | Trip |          |
        |     Loop Name     | min | max |  Latency |  achieved |   target  | Count| Pipelined|
        +-------------------+-----+-----+----------+-----------+-----------+------+----------+
        |- load_image_loop  |   99|   99|         3|          1|          1|    98|    yes   |
        +-------------------+-----+-----+----------+-----------+-----------+------+----------+

============================================================
+ Verbose Summary: Synthesis Manager
============================================================
InlineROM: 1
ExposeGlobal: 0
============================================================
+ Verbose Summary: CDFG Model
============================================================
IsTopModel: 0
ResetActiveHigh: 1
IsCombinational: 2
IsDatapathOnly: 0
HasWiredReturn: 1
HasMFsm: 0
HasVarLatency: 1
IsPipeline: 0
IsRtlPipelined: 0
IsInstanceOverlapped: 0
IsDontTouch: 0
HasImplIP: 0
IsGatedGlobalClock: 0

+ Individual pipeline summary: 
  * Pipeline-0: initiation interval (II) = 1, depth = 3


============================================================
+ Verbose Summary: Schedule
============================================================
* Number of FSM states : 11
* Pipeline : 1
  Pipeline-0 : II = 1, D = 3, States = { 8 9 10 }
* Dataflow Pipeline: 0

* FSM state transitions: 
1 --> 
	2  / true
2 --> 
	3  / true
3 --> 
	4  / true
4 --> 
	5  / true
5 --> 
	6  / true
6 --> 
	7  / true
7 --> 
	8  / true
8 --> 
	11  / (exitcond1_i_i)
	9  / (!exitcond1_i_i)
9 --> 
	10  / true
10 --> 
	8  / true
11 --> 

* FSM state operations: 

State 1 <SV = 0> <Delay = 8.75>
ST_1 : Operation 12 [1/1] (0.00ns)   --->   "%x_V_offset_read = call i32 @_ssdm_op_Read.ap_auto.i32(i32 %x_V_offset)"   --->   Operation 12 'read' 'x_V_offset_read' <Predicate = true> <Delay = 0.00>
ST_1 : Operation 13 [1/1] (0.00ns)   --->   "%x_V_offset1 = call i29 @_ssdm_op_PartSelect.i29.i32.i32.i32(i32 %x_V_offset_read, i32 3, i32 31)"   --->   Operation 13 'partselect' 'x_V_offset1' <Predicate = true> <Delay = 0.00>
ST_1 : Operation 14 [1/1] (0.00ns)   --->   "%sext = zext i29 %x_V_offset1 to i64"   --->   Operation 14 'zext' 'sext' <Predicate = true> <Delay = 0.00>
ST_1 : Operation 15 [1/1] (0.00ns)   --->   "%x_V_addr = getelementptr i64* %x_V, i64 %sext"   --->   Operation 15 'getelementptr' 'x_V_addr' <Predicate = true> <Delay = 0.00>
ST_1 : Operation 16 [7/7] (8.75ns)   --->   "%x_V_addr_rd_req = call i1 @_ssdm_op_ReadReq.m_axi.i64P(i64* %x_V_addr, i32 98)" [ADSD/Classifier.cpp:14]   --->   Operation 16 'readreq' 'x_V_addr_rd_req' <Predicate = true> <Delay = 8.75> <Core = "m_axi">   --->   Core 9 'm_axi' <Latency = 6> <II = 1> <Delay = 1.00> <Adapter> <Opcode : 'read' 'write' 'readreq' 'writereq' 'writeresp'>

State 2 <SV = 1> <Delay = 8.75>
ST_2 : Operation 17 [6/7] (8.75ns)   --->   "%x_V_addr_rd_req = call i1 @_ssdm_op_ReadReq.m_axi.i64P(i64* %x_V_addr, i32 98)" [ADSD/Classifier.cpp:14]   --->   Operation 17 'readreq' 'x_V_addr_rd_req' <Predicate = true> <Delay = 8.75> <Core = "m_axi">   --->   Core 9 'm_axi' <Latency = 6> <II = 1> <Delay = 1.00> <Adapter> <Opcode : 'read' 'write' 'readreq' 'writereq' 'writeresp'>

State 3 <SV = 2> <Delay = 8.75>
ST_3 : Operation 18 [5/7] (8.75ns)   --->   "%x_V_addr_rd_req = call i1 @_ssdm_op_ReadReq.m_axi.i64P(i64* %x_V_addr, i32 98)" [ADSD/Classifier.cpp:14]   --->   Operation 18 'readreq' 'x_V_addr_rd_req' <Predicate = true> <Delay = 8.75> <Core = "m_axi">   --->   Core 9 'm_axi' <Latency = 6> <II = 1> <Delay = 1.00> <Adapter> <Opcode : 'read' 'write' 'readreq' 'writereq' 'writeresp'>

State 4 <SV = 3> <Delay = 8.75>
ST_4 : Operation 19 [4/7] (8.75ns)   --->   "%x_V_addr_rd_req = call i1 @_ssdm_op_ReadReq.m_axi.i64P(i64* %x_V_addr, i32 98)" [ADSD/Classifier.cpp:14]   --->   Operation 19 'readreq' 'x_V_addr_rd_req' <Predicate = true> <Delay = 8.75> <Core = "m_axi">   --->   Core 9 'm_axi' <Latency = 6> <II = 1> <Delay = 1.00> <Adapter> <Opcode : 'read' 'write' 'readreq' 'writereq' 'writeresp'>

State 5 <SV = 4> <Delay = 8.75>
ST_5 : Operation 20 [3/7] (8.75ns)   --->   "%x_V_addr_rd_req = call i1 @_ssdm_op_ReadReq.m_axi.i64P(i64* %x_V_addr, i32 98)" [ADSD/Classifier.cpp:14]   --->   Operation 20 'readreq' 'x_V_addr_rd_req' <Predicate = true> <Delay = 8.75> <Core = "m_axi">   --->   Core 9 'm_axi' <Latency = 6> <II = 1> <Delay = 1.00> <Adapter> <Opcode : 'read' 'write' 'readreq' 'writereq' 'writeresp'>

State 6 <SV = 5> <Delay = 8.75>
ST_6 : Operation 21 [2/7] (8.75ns)   --->   "%x_V_addr_rd_req = call i1 @_ssdm_op_ReadReq.m_axi.i64P(i64* %x_V_addr, i32 98)" [ADSD/Classifier.cpp:14]   --->   Operation 21 'readreq' 'x_V_addr_rd_req' <Predicate = true> <Delay = 8.75> <Core = "m_axi">   --->   Core 9 'm_axi' <Latency = 6> <II = 1> <Delay = 1.00> <Adapter> <Opcode : 'read' 'write' 'readreq' 'writereq' 'writeresp'>

State 7 <SV = 6> <Delay = 8.75>
ST_7 : Operation 22 [1/1] (0.00ns)   --->   "%x_norm_in_V_read = call i24 @_ssdm_op_Read.ap_auto.i24(i24 %x_norm_in_V)"   --->   Operation 22 'read' 'x_norm_in_V_read' <Predicate = true> <Delay = 0.00>
ST_7 : Operation 23 [1/1] (0.00ns)   --->   "call void (...)* @_ssdm_op_SpecInterface(i64* %x_V, [6 x i8]* @p_str15, i32 0, i32 0, [1 x i8]* @p_str2, i32 0, i32 98, [5 x i8]* @p_str16, [6 x i8]* @p_str17, [1 x i8]* @p_str2, i32 16, i32 16, i32 16, i32 16, [1 x i8]* @p_str2, [1 x i8]* @p_str2)"   --->   Operation 23 'specinterface' <Predicate = true> <Delay = 0.00>
ST_7 : Operation 24 [1/1] (0.00ns)   --->   "call void (...)* @_ssdm_op_SpecInterface(i64* %x_V, [6 x i8]* @p_str15, i32 0, i32 0, [1 x i8]* @p_str2, i32 0, i32 98, [5 x i8]* @p_str16, [6 x i8]* @p_str17, [1 x i8]* @p_str2, i32 16, i32 16, i32 16, i32 16, [1 x i8]* @p_str2, [1 x i8]* @p_str2)"   --->   Operation 24 'specinterface' <Predicate = true> <Delay = 0.00>
ST_7 : Operation 25 [1/1] (0.00ns)   --->   "call void (...)* @_ssdm_op_SpecInterface(i24* %x_norm_in_V_out, [8 x i8]* @ap_fifo_str, i32 0, i32 0, [1 x i8]* @p_str, i32 0, i32 0, [1 x i8]* @p_str, [1 x i8]* @p_str, [1 x i8]* @p_str, i32 2, i32 2, i32 16, i32 16, [1 x i8]* @p_str, [1 x i8]* @p_str)"   --->   Operation 25 'specinterface' <Predicate = true> <Delay = 0.00>
ST_7 : Operation 26 [1/1] (3.63ns)   --->   "call void @_ssdm_op_Write.ap_fifo.i24P(i24* %x_norm_in_V_out, i24 %x_norm_in_V_read)"   --->   Operation 26 'write' <Predicate = true> <Delay = 3.63> <Core = "FIFO">   --->   Core 32 'FIFO' <Latency = 0> <II = 1> <Delay = 3.63> <Storage> <Opcode : 'read' 'write' 'nbread' 'nbwrite'> <Ports = 0> <Width = 24> <Depth = 2> <FIFO>
ST_7 : Operation 27 [1/1] (0.00ns)   --->   "call void (...)* @_ssdm_op_SpecInterface(i64* %x_V, [6 x i8]* @p_str15, i32 0, i32 0, [1 x i8]* @p_str2, i32 0, i32 98, [5 x i8]* @p_str16, [6 x i8]* @p_str17, [1 x i8]* @p_str2, i32 16, i32 16, i32 16, i32 16, [1 x i8]* @p_str2, [1 x i8]* @p_str2)"   --->   Operation 27 'specinterface' <Predicate = true> <Delay = 0.00>
ST_7 : Operation 28 [1/1] (0.00ns)   --->   "call void (...)* @_ssdm_op_SpecInterface(i64* %x_V, [6 x i8]* @p_str15, i32 0, i32 0, [1 x i8]* @p_str2, i32 0, i32 98, [5 x i8]* @p_str16, [6 x i8]* @p_str17, [1 x i8]* @p_str2, i32 16, i32 16, i32 16, i32 16, [1 x i8]* @p_str2, [1 x i8]* @p_str2)"   --->   Operation 28 'specinterface' <Predicate = true> <Delay = 0.00>
ST_7 : Operation 29 [1/7] (8.75ns)   --->   "%x_V_addr_rd_req = call i1 @_ssdm_op_ReadReq.m_axi.i64P(i64* %x_V_addr, i32 98)" [ADSD/Classifier.cpp:14]   --->   Operation 29 'readreq' 'x_V_addr_rd_req' <Predicate = true> <Delay = 8.75> <Core = "m_axi">   --->   Core 9 'm_axi' <Latency = 6> <II = 1> <Delay = 1.00> <Adapter> <Opcode : 'read' 'write' 'readreq' 'writereq' 'writeresp'>
ST_7 : Operation 30 [1/1] (1.76ns)   --->   "br label %0" [ADSD/Classifier.cpp:12]   --->   Operation 30 'br' <Predicate = true> <Delay = 1.76>

State 8 <SV = 7> <Delay = 2.46>
ST_8 : Operation 31 [1/1] (0.00ns)   --->   "%i_i_i = phi i7 [ 0, %entry ], [ %i, %9 ]"   --->   Operation 31 'phi' 'i_i_i' <Predicate = true> <Delay = 0.00>
ST_8 : Operation 32 [1/1] (1.48ns)   --->   "%exitcond1_i_i = icmp eq i7 %i_i_i, -30" [ADSD/Classifier.cpp:12]   --->   Operation 32 'icmp' 'exitcond1_i_i' <Predicate = true> <Delay = 1.48> <Core = "Cmp">   --->   Core 25 'Cmp' <Latency = 0> <II = 1> <Delay = 1.48> <FuncUnit> <Opcode : 'icmp'> <InPorts = 2> <OutPorts = 1>
ST_8 : Operation 33 [1/1] (0.00ns)   --->   "%empty = call i32 (...)* @_ssdm_op_SpecLoopTripCount(i64 98, i64 98, i64 98)"   --->   Operation 33 'speclooptripcount' 'empty' <Predicate = true> <Delay = 0.00>
ST_8 : Operation 34 [1/1] (1.87ns)   --->   "%i = add i7 %i_i_i, 1" [ADSD/Classifier.cpp:12]   --->   Operation 34 'add' 'i' <Predicate = true> <Delay = 1.87> <Core = "AddSub">   --->   Core 14 'AddSub' <Latency = 0> <II = 1> <Delay = 1.87> <FuncUnit> <Opcode : 'add' 'sub'> <InPorts = 2> <OutPorts = 1>
ST_8 : Operation 35 [1/1] (0.00ns)   --->   "br i1 %exitcond1_i_i, label %.exit, label %1" [ADSD/Classifier.cpp:12]   --->   Operation 35 'br' <Predicate = true> <Delay = 0.00>
ST_8 : Operation 36 [1/1] (0.00ns)   --->   "%tmp = trunc i7 %i_i_i to i1" [ADSD/Classifier.cpp:18]   --->   Operation 36 'trunc' 'tmp' <Predicate = (!exitcond1_i_i)> <Delay = 0.00>
ST_8 : Operation 37 [1/1] (0.00ns)   --->   "%tmp_3_cast_i_i = call i6 @_ssdm_op_PartSelect.i6.i7.i32.i32(i7 %i_i_i, i32 1, i32 6)" [ADSD/Classifier.cpp:12]   --->   Operation 37 'partselect' 'tmp_3_cast_i_i' <Predicate = (!exitcond1_i_i)> <Delay = 0.00>
ST_8 : Operation 38 [1/1] (0.00ns)   --->   "br i1 %tmp, label %branch120.i.i, label %branch112.i.i" [ADSD/Classifier.cpp:19]   --->   Operation 38 'br' <Predicate = (!exitcond1_i_i)> <Delay = 0.00>
ST_8 : Operation 39 [1/1] (0.00ns)   --->   "br i1 %tmp, label %branch104.i.i, label %branch96.i.i" [ADSD/Classifier.cpp:19]   --->   Operation 39 'br' <Predicate = (!exitcond1_i_i)> <Delay = 0.00>
ST_8 : Operation 40 [1/1] (0.00ns)   --->   "br i1 %tmp, label %branch88.i.i, label %branch80.i.i" [ADSD/Classifier.cpp:19]   --->   Operation 40 'br' <Predicate = (!exitcond1_i_i)> <Delay = 0.00>
ST_8 : Operation 41 [1/1] (0.00ns)   --->   "br i1 %tmp, label %branch72.i.i, label %branch64.i.i" [ADSD/Classifier.cpp:19]   --->   Operation 41 'br' <Predicate = (!exitcond1_i_i)> <Delay = 0.00>
ST_8 : Operation 42 [1/1] (0.00ns)   --->   "br i1 %tmp, label %branch56.i.i, label %branch48.i.i" [ADSD/Classifier.cpp:19]   --->   Operation 42 'br' <Predicate = (!exitcond1_i_i)> <Delay = 0.00>
ST_8 : Operation 43 [1/1] (0.00ns)   --->   "br i1 %tmp, label %branch40.i.i, label %branch32.i.i" [ADSD/Classifier.cpp:19]   --->   Operation 43 'br' <Predicate = (!exitcond1_i_i)> <Delay = 0.00>
ST_8 : Operation 44 [1/1] (0.00ns)   --->   "br i1 %tmp, label %branch24.i.i, label %branch16.i.i" [ADSD/Classifier.cpp:19]   --->   Operation 44 'br' <Predicate = (!exitcond1_i_i)> <Delay = 0.00>
ST_8 : Operation 45 [1/1] (0.00ns)   --->   "br i1 %tmp, label %branch8.i.i, label %branch0.i.i" [ADSD/Classifier.cpp:19]   --->   Operation 45 'br' <Predicate = (!exitcond1_i_i)> <Delay = 0.00>

State 9 <SV = 8> <Delay = 8.75>
ST_9 : Operation 46 [1/1] (8.75ns)   --->   "%packet_V = call i64 @_ssdm_op_Read.m_axi.i64P(i64* %x_V_addr)" [ADSD/Classifier.cpp:14]   --->   Operation 46 'read' 'packet_V' <Predicate = true> <Delay = 8.75> <Core = "m_axi">   --->   Core 9 'm_axi' <Latency = 6> <II = 1> <Delay = 1.00> <Adapter> <Opcode : 'read' 'write' 'readreq' 'writereq' 'writeresp'>
ST_9 : Operation 47 [1/1] (0.00ns)   --->   "%tmp_1 = trunc i64 %packet_V to i8" [ADSD/Classifier.cpp:18]   --->   Operation 47 'trunc' 'tmp_1' <Predicate = true> <Delay = 0.00>
ST_9 : Operation 48 [1/1] (0.00ns)   --->   "%p_Result_1_i_i = call i8 @_ssdm_op_PartSelect.i8.i64.i32.i32(i64 %packet_V, i32 8, i32 15)" [ADSD/Classifier.cpp:18]   --->   Operation 48 'partselect' 'p_Result_1_i_i' <Predicate = true> <Delay = 0.00>
ST_9 : Operation 49 [1/1] (0.00ns)   --->   "%p_Result_2_i_i = call i8 @_ssdm_op_PartSelect.i8.i64.i32.i32(i64 %packet_V, i32 16, i32 23)" [ADSD/Classifier.cpp:18]   --->   Operation 49 'partselect' 'p_Result_2_i_i' <Predicate = true> <Delay = 0.00>
ST_9 : Operation 50 [1/1] (0.00ns)   --->   "%p_Result_3_i_i = call i8 @_ssdm_op_PartSelect.i8.i64.i32.i32(i64 %packet_V, i32 24, i32 31)" [ADSD/Classifier.cpp:18]   --->   Operation 50 'partselect' 'p_Result_3_i_i' <Predicate = true> <Delay = 0.00>
ST_9 : Operation 51 [1/1] (0.00ns)   --->   "%p_Result_4_i_i = call i8 @_ssdm_op_PartSelect.i8.i64.i32.i32(i64 %packet_V, i32 32, i32 39)" [ADSD/Classifier.cpp:18]   --->   Operation 51 'partselect' 'p_Result_4_i_i' <Predicate = true> <Delay = 0.00>
ST_9 : Operation 52 [1/1] (0.00ns)   --->   "%p_Result_5_i_i = call i8 @_ssdm_op_PartSelect.i8.i64.i32.i32(i64 %packet_V, i32 40, i32 47)" [ADSD/Classifier.cpp:18]   --->   Operation 52 'partselect' 'p_Result_5_i_i' <Predicate = true> <Delay = 0.00>
ST_9 : Operation 53 [1/1] (0.00ns)   --->   "%p_Result_6_i_i = call i8 @_ssdm_op_PartSelect.i8.i64.i32.i32(i64 %packet_V, i32 48, i32 55)" [ADSD/Classifier.cpp:18]   --->   Operation 53 'partselect' 'p_Result_6_i_i' <Predicate = true> <Delay = 0.00>
ST_9 : Operation 54 [1/1] (0.00ns)   --->   "%p_Result_7_i_i = call i8 @_ssdm_op_PartSelect.i8.i64.i32.i32(i64 %packet_V, i32 56, i32 63)" [ADSD/Classifier.cpp:18]   --->   Operation 54 'partselect' 'p_Result_7_i_i' <Predicate = true> <Delay = 0.00>

State 10 <SV = 9> <Delay = 2.32>
ST_10 : Operation 55 [1/1] (0.00ns)   --->   "call void (...)* @_ssdm_op_SpecLoopName([16 x i8]* @p_str53) nounwind" [ADSD/Classifier.cpp:12]   --->   Operation 55 'specloopname' <Predicate = true> <Delay = 0.00>
ST_10 : Operation 56 [1/1] (0.00ns)   --->   "%tmp_2_i_i = call i32 (...)* @_ssdm_op_SpecRegionBegin([16 x i8]* @p_str53)" [ADSD/Classifier.cpp:12]   --->   Operation 56 'specregionbegin' 'tmp_2_i_i' <Predicate = true> <Delay = 0.00>
ST_10 : Operation 57 [1/1] (0.00ns)   --->   "call void (...)* @_ssdm_op_SpecPipeline(i32 1, i32 1, i32 1, i32 0, [1 x i8]* @p_str2) nounwind" [ADSD/Classifier.cpp:13]   --->   Operation 57 'specpipeline' <Predicate = true> <Delay = 0.00>
ST_10 : Operation 58 [1/1] (0.00ns)   --->   "%newIndex1_i_i = zext i6 %tmp_3_cast_i_i to i64" [ADSD/Classifier.cpp:12]   --->   Operation 58 'zext' 'newIndex1_i_i' <Predicate = true> <Delay = 0.00>
ST_10 : Operation 59 [1/1] (0.00ns)   --->   "%x_local_0_V_addr = getelementptr [49 x i8]* %x_local_0_V, i64 0, i64 %newIndex1_i_i" [ADSD/Classifier.cpp:19]   --->   Operation 59 'getelementptr' 'x_local_0_V_addr' <Predicate = true> <Delay = 0.00>
ST_10 : Operation 60 [1/1] (0.00ns)   --->   "%x_local_8_V_addr = getelementptr [49 x i8]* %x_local_8_V, i64 0, i64 %newIndex1_i_i" [ADSD/Classifier.cpp:19]   --->   Operation 60 'getelementptr' 'x_local_8_V_addr' <Predicate = true> <Delay = 0.00>
ST_10 : Operation 61 [1/1] (2.32ns)   --->   "store i8 %tmp_1, i8* %x_local_0_V_addr, align 1" [ADSD/Classifier.cpp:19]   --->   Operation 61 'store' <Predicate = (!tmp)> <Delay = 2.32> <Core = "RAM">   --->   Core 37 'RAM' <Latency = 1> <II = 1> <Delay = 2.32> <Storage> <Opcode : 'load' 'store'> <Ports = 2> <Width = 8> <Depth = 49> <RAM>
ST_10 : Operation 62 [1/1] (0.00ns)   --->   "br label %2" [ADSD/Classifier.cpp:19]   --->   Operation 62 'br' <Predicate = (!tmp)> <Delay = 0.00>
ST_10 : Operation 63 [1/1] (2.32ns)   --->   "store i8 %tmp_1, i8* %x_local_8_V_addr, align 1" [ADSD/Classifier.cpp:19]   --->   Operation 63 'store' <Predicate = (tmp)> <Delay = 2.32> <Core = "RAM">   --->   Core 37 'RAM' <Latency = 1> <II = 1> <Delay = 2.32> <Storage> <Opcode : 'load' 'store'> <Ports = 2> <Width = 8> <Depth = 49> <RAM>
ST_10 : Operation 64 [1/1] (0.00ns)   --->   "br label %2" [ADSD/Classifier.cpp:19]   --->   Operation 64 'br' <Predicate = (tmp)> <Delay = 0.00>
ST_10 : Operation 65 [1/1] (0.00ns)   --->   "%x_local_1_V_addr = getelementptr [49 x i8]* %x_local_1_V, i64 0, i64 %newIndex1_i_i" [ADSD/Classifier.cpp:19]   --->   Operation 65 'getelementptr' 'x_local_1_V_addr' <Predicate = true> <Delay = 0.00>
ST_10 : Operation 66 [1/1] (0.00ns)   --->   "%x_local_9_V_addr = getelementptr [49 x i8]* %x_local_9_V, i64 0, i64 %newIndex1_i_i" [ADSD/Classifier.cpp:19]   --->   Operation 66 'getelementptr' 'x_local_9_V_addr' <Predicate = true> <Delay = 0.00>
ST_10 : Operation 67 [1/1] (2.32ns)   --->   "store i8 %p_Result_1_i_i, i8* %x_local_1_V_addr, align 1" [ADSD/Classifier.cpp:19]   --->   Operation 67 'store' <Predicate = (!tmp)> <Delay = 2.32> <Core = "RAM">   --->   Core 37 'RAM' <Latency = 1> <II = 1> <Delay = 2.32> <Storage> <Opcode : 'load' 'store'> <Ports = 2> <Width = 8> <Depth = 49> <RAM>
ST_10 : Operation 68 [1/1] (0.00ns)   --->   "br label %3" [ADSD/Classifier.cpp:19]   --->   Operation 68 'br' <Predicate = (!tmp)> <Delay = 0.00>
ST_10 : Operation 69 [1/1] (2.32ns)   --->   "store i8 %p_Result_1_i_i, i8* %x_local_9_V_addr, align 1" [ADSD/Classifier.cpp:19]   --->   Operation 69 'store' <Predicate = (tmp)> <Delay = 2.32> <Core = "RAM">   --->   Core 37 'RAM' <Latency = 1> <II = 1> <Delay = 2.32> <Storage> <Opcode : 'load' 'store'> <Ports = 2> <Width = 8> <Depth = 49> <RAM>
ST_10 : Operation 70 [1/1] (0.00ns)   --->   "br label %3" [ADSD/Classifier.cpp:19]   --->   Operation 70 'br' <Predicate = (tmp)> <Delay = 0.00>
ST_10 : Operation 71 [1/1] (0.00ns)   --->   "%x_local_2_V_addr = getelementptr [49 x i8]* %x_local_2_V, i64 0, i64 %newIndex1_i_i" [ADSD/Classifier.cpp:19]   --->   Operation 71 'getelementptr' 'x_local_2_V_addr' <Predicate = true> <Delay = 0.00>
ST_10 : Operation 72 [1/1] (0.00ns)   --->   "%x_local_10_V_addr = getelementptr [49 x i8]* %x_local_10_V, i64 0, i64 %newIndex1_i_i" [ADSD/Classifier.cpp:19]   --->   Operation 72 'getelementptr' 'x_local_10_V_addr' <Predicate = true> <Delay = 0.00>
ST_10 : Operation 73 [1/1] (2.32ns)   --->   "store i8 %p_Result_2_i_i, i8* %x_local_2_V_addr, align 1" [ADSD/Classifier.cpp:19]   --->   Operation 73 'store' <Predicate = (!tmp)> <Delay = 2.32> <Core = "RAM">   --->   Core 37 'RAM' <Latency = 1> <II = 1> <Delay = 2.32> <Storage> <Opcode : 'load' 'store'> <Ports = 2> <Width = 8> <Depth = 49> <RAM>
ST_10 : Operation 74 [1/1] (0.00ns)   --->   "br label %4" [ADSD/Classifier.cpp:19]   --->   Operation 74 'br' <Predicate = (!tmp)> <Delay = 0.00>
ST_10 : Operation 75 [1/1] (2.32ns)   --->   "store i8 %p_Result_2_i_i, i8* %x_local_10_V_addr, align 1" [ADSD/Classifier.cpp:19]   --->   Operation 75 'store' <Predicate = (tmp)> <Delay = 2.32> <Core = "RAM">   --->   Core 37 'RAM' <Latency = 1> <II = 1> <Delay = 2.32> <Storage> <Opcode : 'load' 'store'> <Ports = 2> <Width = 8> <Depth = 49> <RAM>
ST_10 : Operation 76 [1/1] (0.00ns)   --->   "br label %4" [ADSD/Classifier.cpp:19]   --->   Operation 76 'br' <Predicate = (tmp)> <Delay = 0.00>
ST_10 : Operation 77 [1/1] (0.00ns)   --->   "%x_local_3_V_addr = getelementptr [49 x i8]* %x_local_3_V, i64 0, i64 %newIndex1_i_i" [ADSD/Classifier.cpp:19]   --->   Operation 77 'getelementptr' 'x_local_3_V_addr' <Predicate = true> <Delay = 0.00>
ST_10 : Operation 78 [1/1] (0.00ns)   --->   "%x_local_11_V_addr = getelementptr [49 x i8]* %x_local_11_V, i64 0, i64 %newIndex1_i_i" [ADSD/Classifier.cpp:19]   --->   Operation 78 'getelementptr' 'x_local_11_V_addr' <Predicate = true> <Delay = 0.00>
ST_10 : Operation 79 [1/1] (2.32ns)   --->   "store i8 %p_Result_3_i_i, i8* %x_local_3_V_addr, align 1" [ADSD/Classifier.cpp:19]   --->   Operation 79 'store' <Predicate = (!tmp)> <Delay = 2.32> <Core = "RAM">   --->   Core 37 'RAM' <Latency = 1> <II = 1> <Delay = 2.32> <Storage> <Opcode : 'load' 'store'> <Ports = 2> <Width = 8> <Depth = 49> <RAM>
ST_10 : Operation 80 [1/1] (0.00ns)   --->   "br label %5" [ADSD/Classifier.cpp:19]   --->   Operation 80 'br' <Predicate = (!tmp)> <Delay = 0.00>
ST_10 : Operation 81 [1/1] (2.32ns)   --->   "store i8 %p_Result_3_i_i, i8* %x_local_11_V_addr, align 1" [ADSD/Classifier.cpp:19]   --->   Operation 81 'store' <Predicate = (tmp)> <Delay = 2.32> <Core = "RAM">   --->   Core 37 'RAM' <Latency = 1> <II = 1> <Delay = 2.32> <Storage> <Opcode : 'load' 'store'> <Ports = 2> <Width = 8> <Depth = 49> <RAM>
ST_10 : Operation 82 [1/1] (0.00ns)   --->   "br label %5" [ADSD/Classifier.cpp:19]   --->   Operation 82 'br' <Predicate = (tmp)> <Delay = 0.00>
ST_10 : Operation 83 [1/1] (0.00ns)   --->   "%x_local_4_V_addr = getelementptr [49 x i8]* %x_local_4_V, i64 0, i64 %newIndex1_i_i" [ADSD/Classifier.cpp:19]   --->   Operation 83 'getelementptr' 'x_local_4_V_addr' <Predicate = true> <Delay = 0.00>
ST_10 : Operation 84 [1/1] (0.00ns)   --->   "%x_local_12_V_addr = getelementptr [49 x i8]* %x_local_12_V, i64 0, i64 %newIndex1_i_i" [ADSD/Classifier.cpp:19]   --->   Operation 84 'getelementptr' 'x_local_12_V_addr' <Predicate = true> <Delay = 0.00>
ST_10 : Operation 85 [1/1] (2.32ns)   --->   "store i8 %p_Result_4_i_i, i8* %x_local_4_V_addr, align 1" [ADSD/Classifier.cpp:19]   --->   Operation 85 'store' <Predicate = (!tmp)> <Delay = 2.32> <Core = "RAM">   --->   Core 37 'RAM' <Latency = 1> <II = 1> <Delay = 2.32> <Storage> <Opcode : 'load' 'store'> <Ports = 2> <Width = 8> <Depth = 49> <RAM>
ST_10 : Operation 86 [1/1] (0.00ns)   --->   "br label %6" [ADSD/Classifier.cpp:19]   --->   Operation 86 'br' <Predicate = (!tmp)> <Delay = 0.00>
ST_10 : Operation 87 [1/1] (2.32ns)   --->   "store i8 %p_Result_4_i_i, i8* %x_local_12_V_addr, align 1" [ADSD/Classifier.cpp:19]   --->   Operation 87 'store' <Predicate = (tmp)> <Delay = 2.32> <Core = "RAM">   --->   Core 37 'RAM' <Latency = 1> <II = 1> <Delay = 2.32> <Storage> <Opcode : 'load' 'store'> <Ports = 2> <Width = 8> <Depth = 49> <RAM>
ST_10 : Operation 88 [1/1] (0.00ns)   --->   "br label %6" [ADSD/Classifier.cpp:19]   --->   Operation 88 'br' <Predicate = (tmp)> <Delay = 0.00>
ST_10 : Operation 89 [1/1] (0.00ns)   --->   "%x_local_5_V_addr = getelementptr [49 x i8]* %x_local_5_V, i64 0, i64 %newIndex1_i_i" [ADSD/Classifier.cpp:19]   --->   Operation 89 'getelementptr' 'x_local_5_V_addr' <Predicate = true> <Delay = 0.00>
ST_10 : Operation 90 [1/1] (0.00ns)   --->   "%x_local_13_V_addr = getelementptr [49 x i8]* %x_local_13_V, i64 0, i64 %newIndex1_i_i" [ADSD/Classifier.cpp:19]   --->   Operation 90 'getelementptr' 'x_local_13_V_addr' <Predicate = true> <Delay = 0.00>
ST_10 : Operation 91 [1/1] (2.32ns)   --->   "store i8 %p_Result_5_i_i, i8* %x_local_5_V_addr, align 1" [ADSD/Classifier.cpp:19]   --->   Operation 91 'store' <Predicate = (!tmp)> <Delay = 2.32> <Core = "RAM">   --->   Core 37 'RAM' <Latency = 1> <II = 1> <Delay = 2.32> <Storage> <Opcode : 'load' 'store'> <Ports = 2> <Width = 8> <Depth = 49> <RAM>
ST_10 : Operation 92 [1/1] (0.00ns)   --->   "br label %7" [ADSD/Classifier.cpp:19]   --->   Operation 92 'br' <Predicate = (!tmp)> <Delay = 0.00>
ST_10 : Operation 93 [1/1] (2.32ns)   --->   "store i8 %p_Result_5_i_i, i8* %x_local_13_V_addr, align 1" [ADSD/Classifier.cpp:19]   --->   Operation 93 'store' <Predicate = (tmp)> <Delay = 2.32> <Core = "RAM">   --->   Core 37 'RAM' <Latency = 1> <II = 1> <Delay = 2.32> <Storage> <Opcode : 'load' 'store'> <Ports = 2> <Width = 8> <Depth = 49> <RAM>
ST_10 : Operation 94 [1/1] (0.00ns)   --->   "br label %7" [ADSD/Classifier.cpp:19]   --->   Operation 94 'br' <Predicate = (tmp)> <Delay = 0.00>
ST_10 : Operation 95 [1/1] (0.00ns)   --->   "%x_local_6_V_addr = getelementptr [49 x i8]* %x_local_6_V, i64 0, i64 %newIndex1_i_i" [ADSD/Classifier.cpp:19]   --->   Operation 95 'getelementptr' 'x_local_6_V_addr' <Predicate = true> <Delay = 0.00>
ST_10 : Operation 96 [1/1] (0.00ns)   --->   "%x_local_14_V_addr = getelementptr [49 x i8]* %x_local_14_V, i64 0, i64 %newIndex1_i_i" [ADSD/Classifier.cpp:19]   --->   Operation 96 'getelementptr' 'x_local_14_V_addr' <Predicate = true> <Delay = 0.00>
ST_10 : Operation 97 [1/1] (2.32ns)   --->   "store i8 %p_Result_6_i_i, i8* %x_local_6_V_addr, align 1" [ADSD/Classifier.cpp:19]   --->   Operation 97 'store' <Predicate = (!tmp)> <Delay = 2.32> <Core = "RAM">   --->   Core 37 'RAM' <Latency = 1> <II = 1> <Delay = 2.32> <Storage> <Opcode : 'load' 'store'> <Ports = 2> <Width = 8> <Depth = 49> <RAM>
ST_10 : Operation 98 [1/1] (0.00ns)   --->   "br label %8" [ADSD/Classifier.cpp:19]   --->   Operation 98 'br' <Predicate = (!tmp)> <Delay = 0.00>
ST_10 : Operation 99 [1/1] (2.32ns)   --->   "store i8 %p_Result_6_i_i, i8* %x_local_14_V_addr, align 1" [ADSD/Classifier.cpp:19]   --->   Operation 99 'store' <Predicate = (tmp)> <Delay = 2.32> <Core = "RAM">   --->   Core 37 'RAM' <Latency = 1> <II = 1> <Delay = 2.32> <Storage> <Opcode : 'load' 'store'> <Ports = 2> <Width = 8> <Depth = 49> <RAM>
ST_10 : Operation 100 [1/1] (0.00ns)   --->   "br label %8" [ADSD/Classifier.cpp:19]   --->   Operation 100 'br' <Predicate = (tmp)> <Delay = 0.00>
ST_10 : Operation 101 [1/1] (0.00ns)   --->   "%x_local_7_V_addr = getelementptr [49 x i8]* %x_local_7_V, i64 0, i64 %newIndex1_i_i" [ADSD/Classifier.cpp:19]   --->   Operation 101 'getelementptr' 'x_local_7_V_addr' <Predicate = true> <Delay = 0.00>
ST_10 : Operation 102 [1/1] (0.00ns)   --->   "%x_local_15_V_addr = getelementptr [49 x i8]* %x_local_15_V, i64 0, i64 %newIndex1_i_i" [ADSD/Classifier.cpp:19]   --->   Operation 102 'getelementptr' 'x_local_15_V_addr' <Predicate = true> <Delay = 0.00>
ST_10 : Operation 103 [1/1] (2.32ns)   --->   "store i8 %p_Result_7_i_i, i8* %x_local_7_V_addr, align 1" [ADSD/Classifier.cpp:19]   --->   Operation 103 'store' <Predicate = (!tmp)> <Delay = 2.32> <Core = "RAM">   --->   Core 37 'RAM' <Latency = 1> <II = 1> <Delay = 2.32> <Storage> <Opcode : 'load' 'store'> <Ports = 2> <Width = 8> <Depth = 49> <RAM>
ST_10 : Operation 104 [1/1] (0.00ns)   --->   "br label %9" [ADSD/Classifier.cpp:19]   --->   Operation 104 'br' <Predicate = (!tmp)> <Delay = 0.00>
ST_10 : Operation 105 [1/1] (2.32ns)   --->   "store i8 %p_Result_7_i_i, i8* %x_local_15_V_addr, align 1" [ADSD/Classifier.cpp:19]   --->   Operation 105 'store' <Predicate = (tmp)> <Delay = 2.32> <Core = "RAM">   --->   Core 37 'RAM' <Latency = 1> <II = 1> <Delay = 2.32> <Storage> <Opcode : 'load' 'store'> <Ports = 2> <Width = 8> <Depth = 49> <RAM>
ST_10 : Operation 106 [1/1] (0.00ns)   --->   "br label %9" [ADSD/Classifier.cpp:19]   --->   Operation 106 'br' <Predicate = (tmp)> <Delay = 0.00>
ST_10 : Operation 107 [1/1] (0.00ns)   --->   "%empty_33 = call i32 (...)* @_ssdm_op_SpecRegionEnd([16 x i8]* @p_str53, i32 %tmp_2_i_i)" [ADSD/Classifier.cpp:21]   --->   Operation 107 'specregionend' 'empty_33' <Predicate = (!exitcond1_i_i)> <Delay = 0.00>
ST_10 : Operation 108 [1/1] (0.00ns)   --->   "br label %0" [ADSD/Classifier.cpp:12]   --->   Operation 108 'br' <Predicate = (!exitcond1_i_i)> <Delay = 0.00>

State 11 <SV = 8> <Delay = 0.00>
ST_11 : Operation 109 [1/1] (0.00ns)   --->   "ret void"   --->   Operation 109 'ret' <Predicate = true> <Delay = 0.00>


============================================================
+ Verbose Summary: Binding
============================================================
STG Binding: 
---------------- STG Properties BEGIN ----------------
- Is combinational: 0
- Is one-state seq: 0
- Is datapath-only: 0
- Is pipelined: 0
- Is top level: 0
Port [ Return ] is wired: 1; IO mode=ap_ctrl_hs:ce=0
Port [ x_V]:  wired=1; compound=1; hidden=0; nouse=0; global=0; static=0; extern=0; dir=0; type=4; pingpong=0; private_global=0; IO mode=m_axi:ce=0
Port [ x_V_offset]:  wired=1; compound=0; hidden=0; nouse=0; global=0; static=0; extern=0; dir=0; type=0; pingpong=0; private_global=0; IO mode=ap_none:ce=0
Port [ x_local_0_V]:  wired=1; compound=1; hidden=0; nouse=0; global=0; static=0; extern=0; dir=1; type=1; pingpong=1; private_global=0; MemPort=[03]; IO mode=ap_memory:ce=0
Port [ x_local_1_V]:  wired=1; compound=1; hidden=0; nouse=0; global=0; static=0; extern=0; dir=1; type=1; pingpong=1; private_global=0; MemPort=[03]; IO mode=ap_memory:ce=0
Port [ x_local_2_V]:  wired=1; compound=1; hidden=0; nouse=0; global=0; static=0; extern=0; dir=1; type=1; pingpong=1; private_global=0; MemPort=[03]; IO mode=ap_memory:ce=0
Port [ x_local_3_V]:  wired=1; compound=1; hidden=0; nouse=0; global=0; static=0; extern=0; dir=1; type=1; pingpong=1; private_global=0; MemPort=[03]; IO mode=ap_memory:ce=0
Port [ x_local_4_V]:  wired=1; compound=1; hidden=0; nouse=0; global=0; static=0; extern=0; dir=1; type=1; pingpong=1; private_global=0; MemPort=[03]; IO mode=ap_memory:ce=0
Port [ x_local_5_V]:  wired=1; compound=1; hidden=0; nouse=0; global=0; static=0; extern=0; dir=1; type=1; pingpong=1; private_global=0; MemPort=[03]; IO mode=ap_memory:ce=0
Port [ x_local_6_V]:  wired=1; compound=1; hidden=0; nouse=0; global=0; static=0; extern=0; dir=1; type=1; pingpong=1; private_global=0; MemPort=[03]; IO mode=ap_memory:ce=0
Port [ x_local_7_V]:  wired=1; compound=1; hidden=0; nouse=0; global=0; static=0; extern=0; dir=1; type=1; pingpong=1; private_global=0; MemPort=[03]; IO mode=ap_memory:ce=0
Port [ x_local_8_V]:  wired=1; compound=1; hidden=0; nouse=0; global=0; static=0; extern=0; dir=1; type=1; pingpong=1; private_global=0; MemPort=[03]; IO mode=ap_memory:ce=0
Port [ x_local_9_V]:  wired=1; compound=1; hidden=0; nouse=0; global=0; static=0; extern=0; dir=1; type=1; pingpong=1; private_global=0; MemPort=[03]; IO mode=ap_memory:ce=0
Port [ x_local_10_V]:  wired=1; compound=1; hidden=0; nouse=0; global=0; static=0; extern=0; dir=1; type=1; pingpong=1; private_global=0; MemPort=[03]; IO mode=ap_memory:ce=0
Port [ x_local_11_V]:  wired=1; compound=1; hidden=0; nouse=0; global=0; static=0; extern=0; dir=1; type=1; pingpong=1; private_global=0; MemPort=[03]; IO mode=ap_memory:ce=0
Port [ x_local_12_V]:  wired=1; compound=1; hidden=0; nouse=0; global=0; static=0; extern=0; dir=1; type=1; pingpong=1; private_global=0; MemPort=[03]; IO mode=ap_memory:ce=0
Port [ x_local_13_V]:  wired=1; compound=1; hidden=0; nouse=0; global=0; static=0; extern=0; dir=1; type=1; pingpong=1; private_global=0; MemPort=[03]; IO mode=ap_memory:ce=0
Port [ x_local_14_V]:  wired=1; compound=1; hidden=0; nouse=0; global=0; static=0; extern=0; dir=1; type=1; pingpong=1; private_global=0; MemPort=[03]; IO mode=ap_memory:ce=0
Port [ x_local_15_V]:  wired=1; compound=1; hidden=0; nouse=0; global=0; static=0; extern=0; dir=1; type=1; pingpong=1; private_global=0; MemPort=[03]; IO mode=ap_memory:ce=0
Port [ x_norm_in_V]:  wired=1; compound=0; hidden=0; nouse=0; global=0; static=0; extern=0; dir=0; type=0; pingpong=0; private_global=0; IO mode=ap_none:ce=0
Port [ x_norm_in_V_out]:  wired=1; compound=1; hidden=0; nouse=0; global=0; static=0; extern=0; dir=1; type=3; pingpong=0; private_global=0; IO mode=ap_fifo:ce=0
---------------- STG Properties END ------------------

---------------- Datapath Model BEGIN ----------------

<LifeTime>
<method=bitvector/>
x_V_offset_read   (read             ) [ 000000000000]
x_V_offset1       (partselect       ) [ 000000000000]
sext              (zext             ) [ 000000000000]
x_V_addr          (getelementptr    ) [ 001111111110]
x_norm_in_V_read  (read             ) [ 000000000000]
StgValue_23       (specinterface    ) [ 000000000000]
StgValue_24       (specinterface    ) [ 000000000000]
StgValue_25       (specinterface    ) [ 000000000000]
StgValue_26       (write            ) [ 000000000000]
StgValue_27       (specinterface    ) [ 000000000000]
StgValue_28       (specinterface    ) [ 000000000000]
x_V_addr_rd_req   (readreq          ) [ 000000000000]
StgValue_30       (br               ) [ 000000011110]
i_i_i             (phi              ) [ 000000001000]
exitcond1_i_i     (icmp             ) [ 000000001110]
empty             (speclooptripcount) [ 000000000000]
i                 (add              ) [ 000000011110]
StgValue_35       (br               ) [ 000000000000]
tmp               (trunc            ) [ 000000001110]
tmp_3_cast_i_i    (partselect       ) [ 000000001110]
StgValue_38       (br               ) [ 000000000000]
StgValue_39       (br               ) [ 000000000000]
StgValue_40       (br               ) [ 000000000000]
StgValue_41       (br               ) [ 000000000000]
StgValue_42       (br               ) [ 000000000000]
StgValue_43       (br               ) [ 000000000000]
StgValue_44       (br               ) [ 000000000000]
StgValue_45       (br               ) [ 000000000000]
packet_V          (read             ) [ 000000000000]
tmp_1             (trunc            ) [ 000000001010]
p_Result_1_i_i    (partselect       ) [ 000000001010]
p_Result_2_i_i    (partselect       ) [ 000000001010]
p_Result_3_i_i    (partselect       ) [ 000000001010]
p_Result_4_i_i    (partselect       ) [ 000000001010]
p_Result_5_i_i    (partselect       ) [ 000000001010]
p_Result_6_i_i    (partselect       ) [ 000000001010]
p_Result_7_i_i    (partselect       ) [ 000000001010]
StgValue_55       (specloopname     ) [ 000000000000]
tmp_2_i_i         (specregionbegin  ) [ 000000000000]
StgValue_57       (specpipeline     ) [ 000000000000]
newIndex1_i_i     (zext             ) [ 000000000000]
x_local_0_V_addr  (getelementptr    ) [ 000000000000]
x_local_8_V_addr  (getelementptr    ) [ 000000000000]
StgValue_61       (store            ) [ 000000000000]
StgValue_62       (br               ) [ 000000000000]
StgValue_63       (store            ) [ 000000000000]
StgValue_64       (br               ) [ 000000000000]
x_local_1_V_addr  (getelementptr    ) [ 000000000000]
x_local_9_V_addr  (getelementptr    ) [ 000000000000]
StgValue_67       (store            ) [ 000000000000]
StgValue_68       (br               ) [ 000000000000]
StgValue_69       (store            ) [ 000000000000]
StgValue_70       (br               ) [ 000000000000]
x_local_2_V_addr  (getelementptr    ) [ 000000000000]
x_local_10_V_addr (getelementptr    ) [ 000000000000]
StgValue_73       (store            ) [ 000000000000]
StgValue_74       (br               ) [ 000000000000]
StgValue_75       (store            ) [ 000000000000]
StgValue_76       (br               ) [ 000000000000]
x_local_3_V_addr  (getelementptr    ) [ 000000000000]
x_local_11_V_addr (getelementptr    ) [ 000000000000]
StgValue_79       (store            ) [ 000000000000]
StgValue_80       (br               ) [ 000000000000]
StgValue_81       (store            ) [ 000000000000]
StgValue_82       (br               ) [ 000000000000]
x_local_4_V_addr  (getelementptr    ) [ 000000000000]
x_local_12_V_addr (getelementptr    ) [ 000000000000]
StgValue_85       (store            ) [ 000000000000]
StgValue_86       (br               ) [ 000000000000]
StgValue_87       (store            ) [ 000000000000]
StgValue_88       (br               ) [ 000000000000]
x_local_5_V_addr  (getelementptr    ) [ 000000000000]
x_local_13_V_addr (getelementptr    ) [ 000000000000]
StgValue_91       (store            ) [ 000000000000]
StgValue_92       (br               ) [ 000000000000]
StgValue_93       (store            ) [ 000000000000]
StgValue_94       (br               ) [ 000000000000]
x_local_6_V_addr  (getelementptr    ) [ 000000000000]
x_local_14_V_addr (getelementptr    ) [ 000000000000]
StgValue_97       (store            ) [ 000000000000]
StgValue_98       (br               ) [ 000000000000]
StgValue_99       (store            ) [ 000000000000]
StgValue_100      (br               ) [ 000000000000]
x_local_7_V_addr  (getelementptr    ) [ 000000000000]
x_local_15_V_addr (getelementptr    ) [ 000000000000]
StgValue_103      (store            ) [ 000000000000]
StgValue_104      (br               ) [ 000000000000]
StgValue_105      (store            ) [ 000000000000]
StgValue_106      (br               ) [ 000000000000]
empty_33          (specregionend    ) [ 000000000000]
StgValue_108      (br               ) [ 000000011110]
StgValue_109      (ret              ) [ 000000000000]
</LifeTime>

<model>

<comp_list>
<comp id="0" class="1000" name="x_V">
<pin_list>
<pin id="1" dir="1" index="0" bw="1" slack="0"/>
</pin_list>
<bind>
<StgValue><ssdm name="x_V"/></StgValue>
</bind>
</comp>

<comp id="2" class="1000" name="x_V_offset">
<pin_list>
<pin id="3" dir="1" index="0" bw="1" slack="0"/>
</pin_list>
<bind>
<StgValue><ssdm name="x_V_offset"/></StgValue>
</bind>
</comp>

<comp id="4" class="1000" name="x_local_0_V">
<pin_list>
<pin id="5" dir="1" index="0" bw="1" slack="0"/>
</pin_list>
<bind>
<StgValue><ssdm name="x_local_0_V"/><MemPortTyVec>0 3 </MemPortTyVec>
</StgValue>
</bind>
</comp>

<comp id="6" class="1000" name="x_local_1_V">
<pin_list>
<pin id="7" dir="1" index="0" bw="1" slack="0"/>
</pin_list>
<bind>
<StgValue><ssdm name="x_local_1_V"/><MemPortTyVec>0 3 </MemPortTyVec>
</StgValue>
</bind>
</comp>

<comp id="8" class="1000" name="x_local_2_V">
<pin_list>
<pin id="9" dir="1" index="0" bw="1" slack="0"/>
</pin_list>
<bind>
<StgValue><ssdm name="x_local_2_V"/><MemPortTyVec>0 3 </MemPortTyVec>
</StgValue>
</bind>
</comp>

<comp id="10" class="1000" name="x_local_3_V">
<pin_list>
<pin id="11" dir="1" index="0" bw="1" slack="0"/>
</pin_list>
<bind>
<StgValue><ssdm name="x_local_3_V"/><MemPortTyVec>0 3 </MemPortTyVec>
</StgValue>
</bind>
</comp>

<comp id="12" class="1000" name="x_local_4_V">
<pin_list>
<pin id="13" dir="1" index="0" bw="1" slack="0"/>
</pin_list>
<bind>
<StgValue><ssdm name="x_local_4_V"/><MemPortTyVec>0 3 </MemPortTyVec>
</StgValue>
</bind>
</comp>

<comp id="14" class="1000" name="x_local_5_V">
<pin_list>
<pin id="15" dir="1" index="0" bw="1" slack="0"/>
</pin_list>
<bind>
<StgValue><ssdm name="x_local_5_V"/><MemPortTyVec>0 3 </MemPortTyVec>
</StgValue>
</bind>
</comp>

<comp id="16" class="1000" name="x_local_6_V">
<pin_list>
<pin id="17" dir="1" index="0" bw="1" slack="0"/>
</pin_list>
<bind>
<StgValue><ssdm name="x_local_6_V"/><MemPortTyVec>0 3 </MemPortTyVec>
</StgValue>
</bind>
</comp>

<comp id="18" class="1000" name="x_local_7_V">
<pin_list>
<pin id="19" dir="1" index="0" bw="1" slack="0"/>
</pin_list>
<bind>
<StgValue><ssdm name="x_local_7_V"/><MemPortTyVec>0 3 </MemPortTyVec>
</StgValue>
</bind>
</comp>

<comp id="20" class="1000" name="x_local_8_V">
<pin_list>
<pin id="21" dir="1" index="0" bw="1" slack="0"/>
</pin_list>
<bind>
<StgValue><ssdm name="x_local_8_V"/><MemPortTyVec>0 3 </MemPortTyVec>
</StgValue>
</bind>
</comp>

<comp id="22" class="1000" name="x_local_9_V">
<pin_list>
<pin id="23" dir="1" index="0" bw="1" slack="0"/>
</pin_list>
<bind>
<StgValue><ssdm name="x_local_9_V"/><MemPortTyVec>0 3 </MemPortTyVec>
</StgValue>
</bind>
</comp>

<comp id="24" class="1000" name="x_local_10_V">
<pin_list>
<pin id="25" dir="1" index="0" bw="1" slack="0"/>
</pin_list>
<bind>
<StgValue><ssdm name="x_local_10_V"/><MemPortTyVec>0 3 </MemPortTyVec>
</StgValue>
</bind>
</comp>

<comp id="26" class="1000" name="x_local_11_V">
<pin_list>
<pin id="27" dir="1" index="0" bw="1" slack="0"/>
</pin_list>
<bind>
<StgValue><ssdm name="x_local_11_V"/><MemPortTyVec>0 3 </MemPortTyVec>
</StgValue>
</bind>
</comp>

<comp id="28" class="1000" name="x_local_12_V">
<pin_list>
<pin id="29" dir="1" index="0" bw="1" slack="0"/>
</pin_list>
<bind>
<StgValue><ssdm name="x_local_12_V"/><MemPortTyVec>0 3 </MemPortTyVec>
</StgValue>
</bind>
</comp>

<comp id="30" class="1000" name="x_local_13_V">
<pin_list>
<pin id="31" dir="1" index="0" bw="1" slack="0"/>
</pin_list>
<bind>
<StgValue><ssdm name="x_local_13_V"/><MemPortTyVec>0 3 </MemPortTyVec>
</StgValue>
</bind>
</comp>

<comp id="32" class="1000" name="x_local_14_V">
<pin_list>
<pin id="33" dir="1" index="0" bw="1" slack="0"/>
</pin_list>
<bind>
<StgValue><ssdm name="x_local_14_V"/><MemPortTyVec>0 3 </MemPortTyVec>
</StgValue>
</bind>
</comp>

<comp id="34" class="1000" name="x_local_15_V">
<pin_list>
<pin id="35" dir="1" index="0" bw="1" slack="0"/>
</pin_list>
<bind>
<StgValue><ssdm name="x_local_15_V"/><MemPortTyVec>0 3 </MemPortTyVec>
</StgValue>
</bind>
</comp>

<comp id="36" class="1000" name="x_norm_in_V">
<pin_list>
<pin id="37" dir="1" index="0" bw="1" slack="0"/>
</pin_list>
<bind>
<StgValue><ssdm name="x_norm_in_V"/></StgValue>
</bind>
</comp>

<comp id="38" class="1000" name="x_norm_in_V_out">
<pin_list>
<pin id="39" dir="1" index="0" bw="1" slack="0"/>
</pin_list>
<bind>
<StgValue><ssdm name="x_norm_in_V_out"/></StgValue>
</bind>
</comp>

<comp id="40" class="1001" name="const_40">
<pin_list>
<pin id="41" dir="1" index="0" bw="1" slack="0"/>
</pin_list>
<bind>
<StgValue><ssdm name="_ssdm_op_Read.ap_auto.i32"/></StgValue>
</bind>
</comp>

<comp id="42" class="1001" name="const_42">
<pin_list>
<pin id="43" dir="1" index="0" bw="1" slack="0"/>
</pin_list>
<bind>
<StgValue><ssdm name="_ssdm_op_PartSelect.i29.i32.i32.i32"/></StgValue>
</bind>
</comp>

<comp id="44" class="1001" name="const_44">
<pin_list>
<pin id="45" dir="1" index="0" bw="1" slack="0"/>
</pin_list>
<bind>
<StgValue><ssdm name=""/></StgValue>
</bind>
</comp>

<comp id="46" class="1001" name="const_46">
<pin_list>
<pin id="47" dir="1" index="0" bw="1" slack="0"/>
</pin_list>
<bind>
<StgValue><ssdm name=""/></StgValue>
</bind>
</comp>

<comp id="48" class="1001" name="const_48">
<pin_list>
<pin id="49" dir="1" index="0" bw="1" slack="0"/>
</pin_list>
<bind>
<StgValue><ssdm name="_ssdm_op_ReadReq.m_axi.i64P"/></StgValue>
</bind>
</comp>

<comp id="50" class="1001" name="const_50">
<pin_list>
<pin id="51" dir="1" index="0" bw="1" slack="0"/>
</pin_list>
<bind>
<StgValue><ssdm name=""/></StgValue>
</bind>
</comp>

<comp id="52" class="1001" name="const_52">
<pin_list>
<pin id="53" dir="1" index="0" bw="1" slack="0"/>
</pin_list>
<bind>
<StgValue><ssdm name="_ssdm_op_Read.ap_auto.i24"/></StgValue>
</bind>
</comp>

<comp id="54" class="1001" name="const_54">
<pin_list>
<pin id="55" dir="1" index="0" bw="1" slack="2147483647"/>
</pin_list>
<bind>
<StgValue><ssdm name="_ssdm_op_SpecInterface"/></StgValue>
</bind>
</comp>

<comp id="56" class="1001" name="const_56">
<pin_list>
<pin id="57" dir="1" index="0" bw="1" slack="2147483647"/>
</pin_list>
<bind>
<StgValue><ssdm name="p_str15"/></StgValue>
</bind>
</comp>

<comp id="58" class="1001" name="const_58">
<pin_list>
<pin id="59" dir="1" index="0" bw="1" slack="2147483647"/>
</pin_list>
<bind>
<StgValue><ssdm name=""/></StgValue>
</bind>
</comp>

<comp id="60" class="1001" name="const_60">
<pin_list>
<pin id="61" dir="1" index="0" bw="1" slack="2147483647"/>
</pin_list>
<bind>
<StgValue><ssdm name="p_str2"/></StgValue>
</bind>
</comp>

<comp id="62" class="1001" name="const_62">
<pin_list>
<pin id="63" dir="1" index="0" bw="1" slack="2147483647"/>
</pin_list>
<bind>
<StgValue><ssdm name="p_str16"/></StgValue>
</bind>
</comp>

<comp id="64" class="1001" name="const_64">
<pin_list>
<pin id="65" dir="1" index="0" bw="1" slack="2147483647"/>
</pin_list>
<bind>
<StgValue><ssdm name="p_str17"/></StgValue>
</bind>
</comp>

<comp id="66" class="1001" name="const_66">
<pin_list>
<pin id="67" dir="1" index="0" bw="1" slack="0"/>
</pin_list>
<bind>
<StgValue><ssdm name=""/></StgValue>
</bind>
</comp>

<comp id="68" class="1001" name="const_68">
<pin_list>
<pin id="69" dir="1" index="0" bw="1" slack="2147483647"/>
</pin_list>
<bind>
<StgValue><ssdm name="ap_fifo_str"/></StgValue>
</bind>
</comp>

<comp id="70" class="1001" name="const_70">
<pin_list>
<pin id="71" dir="1" index="0" bw="1" slack="2147483647"/>
</pin_list>
<bind>
<StgValue><ssdm name="p_str"/></StgValue>
</bind>
</comp>

<comp id="72" class="1001" name="const_72">
<pin_list>
<pin id="73" dir="1" index="0" bw="1" slack="2147483647"/>
</pin_list>
<bind>
<StgValue><ssdm name=""/></StgValue>
</bind>
</comp>

<comp id="74" class="1001" name="const_74">
<pin_list>
<pin id="75" dir="1" index="0" bw="1" slack="0"/>
</pin_list>
<bind>
<StgValue><ssdm name="_ssdm_op_Write.ap_fifo.i24P"/></StgValue>
</bind>
</comp>

<comp id="76" class="1001" name="const_76">
<pin_list>
<pin id="77" dir="1" index="0" bw="1" slack="1"/>
</pin_list>
<bind>
<StgValue><ssdm name=""/></StgValue>
</bind>
</comp>

<comp id="78" class="1001" name="const_78">
<pin_list>
<pin id="79" dir="1" index="0" bw="1" slack="0"/>
</pin_list>
<bind>
<StgValue><ssdm name=""/></StgValue>
</bind>
</comp>

<comp id="80" class="1001" name="const_80">
<pin_list>
<pin id="81" dir="1" index="0" bw="1" slack="2147483647"/>
</pin_list>
<bind>
<StgValue><ssdm name="_ssdm_op_SpecLoopTripCount"/></StgValue>
</bind>
</comp>

<comp id="82" class="1001" name="const_82">
<pin_list>
<pin id="83" dir="1" index="0" bw="1" slack="2147483647"/>
</pin_list>
<bind>
<StgValue><ssdm name=""/></StgValue>
</bind>
</comp>

<comp id="84" class="1001" name="const_84">
<pin_list>
<pin id="85" dir="1" index="0" bw="1" slack="0"/>
</pin_list>
<bind>
<StgValue><ssdm name=""/></StgValue>
</bind>
</comp>

<comp id="86" class="1001" name="const_86">
<pin_list>
<pin id="87" dir="1" index="0" bw="1" slack="0"/>
</pin_list>
<bind>
<StgValue><ssdm name="_ssdm_op_PartSelect.i6.i7.i32.i32"/></StgValue>
</bind>
</comp>

<comp id="88" class="1001" name="const_88">
<pin_list>
<pin id="89" dir="1" index="0" bw="1" slack="0"/>
</pin_list>
<bind>
<StgValue><ssdm name=""/></StgValue>
</bind>
</comp>

<comp id="90" class="1001" name="const_90">
<pin_list>
<pin id="91" dir="1" index="0" bw="1" slack="0"/>
</pin_list>
<bind>
<StgValue><ssdm name=""/></StgValue>
</bind>
</comp>

<comp id="92" class="1001" name="const_92">
<pin_list>
<pin id="93" dir="1" index="0" bw="1" slack="0"/>
</pin_list>
<bind>
<StgValue><ssdm name="_ssdm_op_Read.m_axi.i64P"/></StgValue>
</bind>
</comp>

<comp id="94" class="1001" name="const_94">
<pin_list>
<pin id="95" dir="1" index="0" bw="1" slack="0"/>
</pin_list>
<bind>
<StgValue><ssdm name="_ssdm_op_PartSelect.i8.i64.i32.i32"/></StgValue>
</bind>
</comp>

<comp id="96" class="1001" name="const_96">
<pin_list>
<pin id="97" dir="1" index="0" bw="1" slack="0"/>
</pin_list>
<bind>
<StgValue><ssdm name=""/></StgValue>
</bind>
</comp>

<comp id="98" class="1001" name="const_98">
<pin_list>
<pin id="99" dir="1" index="0" bw="1" slack="0"/>
</pin_list>
<bind>
<StgValue><ssdm name=""/></StgValue>
</bind>
</comp>

<comp id="100" class="1001" name="const_100">
<pin_list>
<pin id="101" dir="1" index="0" bw="1" slack="0"/>
</pin_list>
<bind>
<StgValue><ssdm name=""/></StgValue>
</bind>
</comp>

<comp id="102" class="1001" name="const_102">
<pin_list>
<pin id="103" dir="1" index="0" bw="1" slack="0"/>
</pin_list>
<bind>
<StgValue><ssdm name=""/></StgValue>
</bind>
</comp>

<comp id="104" class="1001" name="const_104">
<pin_list>
<pin id="105" dir="1" index="0" bw="1" slack="0"/>
</pin_list>
<bind>
<StgValue><ssdm name=""/></StgValue>
</bind>
</comp>

<comp id="106" class="1001" name="const_106">
<pin_list>
<pin id="107" dir="1" index="0" bw="1" slack="0"/>
</pin_list>
<bind>
<StgValue><ssdm name=""/></StgValue>
</bind>
</comp>

<comp id="108" class="1001" name="const_108">
<pin_list>
<pin id="109" dir="1" index="0" bw="1" slack="0"/>
</pin_list>
<bind>
<StgValue><ssdm name=""/></StgValue>
</bind>
</comp>

<comp id="110" class="1001" name="const_110">
<pin_list>
<pin id="111" dir="1" index="0" bw="1" slack="0"/>
</pin_list>
<bind>
<StgValue><ssdm name=""/></StgValue>
</bind>
</comp>

<comp id="112" class="1001" name="const_112">
<pin_list>
<pin id="113" dir="1" index="0" bw="1" slack="0"/>
</pin_list>
<bind>
<StgValue><ssdm name=""/></StgValue>
</bind>
</comp>

<comp id="114" class="1001" name="const_114">
<pin_list>
<pin id="115" dir="1" index="0" bw="1" slack="0"/>
</pin_list>
<bind>
<StgValue><ssdm name=""/></StgValue>
</bind>
</comp>

<comp id="116" class="1001" name="const_116">
<pin_list>
<pin id="117" dir="1" index="0" bw="1" slack="0"/>
</pin_list>
<bind>
<StgValue><ssdm name=""/></StgValue>
</bind>
</comp>

<comp id="118" class="1001" name="const_118">
<pin_list>
<pin id="119" dir="1" index="0" bw="1" slack="0"/>
</pin_list>
<bind>
<StgValue><ssdm name=""/></StgValue>
</bind>
</comp>

<comp id="120" class="1001" name="const_120">
<pin_list>
<pin id="121" dir="1" index="0" bw="1" slack="2147483647"/>
</pin_list>
<bind>
<StgValue><ssdm name="_ssdm_op_SpecLoopName"/></StgValue>
</bind>
</comp>

<comp id="122" class="1001" name="const_122">
<pin_list>
<pin id="123" dir="1" index="0" bw="1" slack="2147483647"/>
</pin_list>
<bind>
<StgValue><ssdm name="p_str53"/></StgValue>
</bind>
</comp>

<comp id="124" class="1001" name="const_124">
<pin_list>
<pin id="125" dir="1" index="0" bw="1" slack="2147483647"/>
</pin_list>
<bind>
<StgValue><ssdm name="_ssdm_op_SpecRegionBegin"/></StgValue>
</bind>
</comp>

<comp id="126" class="1001" name="const_126">
<pin_list>
<pin id="127" dir="1" index="0" bw="1" slack="2147483647"/>
</pin_list>
<bind>
<StgValue><ssdm name="_ssdm_op_SpecPipeline"/></StgValue>
</bind>
</comp>

<comp id="128" class="1001" name="const_128">
<pin_list>
<pin id="129" dir="1" index="0" bw="1" slack="0"/>
</pin_list>
<bind>
<StgValue><ssdm name=""/></StgValue>
</bind>
</comp>

<comp id="130" class="1001" name="const_130">
<pin_list>
<pin id="131" dir="1" index="0" bw="1" slack="2147483647"/>
</pin_list>
<bind>
<StgValue><ssdm name="_ssdm_op_SpecRegionEnd"/></StgValue>
</bind>
</comp>

<comp id="132" class="1004" name="x_V_offset_read_read_fu_132">
<pin_list>
<pin id="133" dir="0" index="0" bw="32" slack="0"/>
<pin id="134" dir="0" index="1" bw="32" slack="0"/>
<pin id="135" dir="1" index="2" bw="32" slack="0"/>
</pin_list>
<bind>
<opcode="read(1150) " fcode="read"/>
<opset="x_V_offset_read/1 "/>
</bind>
</comp>

<comp id="138" class="1004" name="grp_readreq_fu_138">
<pin_list>
<pin id="139" dir="0" index="0" bw="1" slack="0"/>
<pin id="140" dir="0" index="1" bw="64" slack="0"/>
<pin id="141" dir="0" index="2" bw="8" slack="0"/>
<pin id="142" dir="1" index="3" bw="1" slack="2147483647"/>
</pin_list>
<bind>
<opcode="readreq(1154) " fcode="readreq"/>
<opset="x_V_addr_rd_req/1 "/>
</bind>
</comp>

<comp id="145" class="1004" name="x_norm_in_V_read_read_fu_145">
<pin_list>
<pin id="146" dir="0" index="0" bw="24" slack="0"/>
<pin id="147" dir="0" index="1" bw="24" slack="0"/>
<pin id="148" dir="1" index="2" bw="24" slack="0"/>
</pin_list>
<bind>
<opcode="read(1150) " fcode="read"/>
<opset="x_norm_in_V_read/7 "/>
</bind>
</comp>

<comp id="151" class="1004" name="StgValue_26_write_fu_151">
<pin_list>
<pin id="152" dir="0" index="0" bw="0" slack="0"/>
<pin id="153" dir="0" index="1" bw="24" slack="0"/>
<pin id="154" dir="0" index="2" bw="24" slack="0"/>
<pin id="155" dir="1" index="3" bw="0" slack="2147483647"/>
</pin_list>
<bind>
<opcode="write(1151) " fcode="write"/>
<opset="StgValue_26/7 "/>
</bind>
</comp>

<comp id="159" class="1004" name="packet_V_read_fu_159">
<pin_list>
<pin id="160" dir="0" index="0" bw="64" slack="0"/>
<pin id="161" dir="0" index="1" bw="64" slack="8"/>
<pin id="162" dir="1" index="2" bw="64" slack="0"/>
</pin_list>
<bind>
<opcode="read(1150) " fcode="read"/>
<opset="packet_V/9 "/>
</bind>
</comp>

<comp id="164" class="1004" name="x_local_0_V_addr_gep_fu_164">
<pin_list>
<pin id="165" dir="0" index="0" bw="8" slack="0"/>
<pin id="166" dir="0" index="1" bw="1" slack="0"/>
<pin id="167" dir="0" index="2" bw="6" slack="0"/>
<pin id="168" dir="1" index="3" bw="6" slack="0"/>
</pin_list>
<bind>
<opcode="getelementptr(29) " fcode="getelementptr"/>
<opset="x_local_0_V_addr/10 "/>
</bind>
</comp>

<comp id="171" class="1004" name="x_local_8_V_addr_gep_fu_171">
<pin_list>
<pin id="172" dir="0" index="0" bw="8" slack="0"/>
<pin id="173" dir="0" index="1" bw="1" slack="0"/>
<pin id="174" dir="0" index="2" bw="6" slack="0"/>
<pin id="175" dir="1" index="3" bw="6" slack="0"/>
</pin_list>
<bind>
<opcode="getelementptr(29) " fcode="getelementptr"/>
<opset="x_local_8_V_addr/10 "/>
</bind>
</comp>

<comp id="178" class="1004" name="StgValue_61_access_fu_178">
<pin_list>
<pin id="179" dir="0" index="0" bw="6" slack="0"/>
<pin id="180" dir="0" index="1" bw="8" slack="1"/>
<pin id="181" dir="0" index="2" bw="0" slack="2147483647"/>
<pin id="182" dir="1" index="3" bw="8" slack="2147483647"/>
</pin_list>
<bind>
<opcode="store(28) " fcode="store"/>
<opset="StgValue_61/10 "/>
</bind>
</comp>

<comp id="184" class="1004" name="StgValue_63_access_fu_184">
<pin_list>
<pin id="185" dir="0" index="0" bw="6" slack="0"/>
<pin id="186" dir="0" index="1" bw="8" slack="1"/>
<pin id="187" dir="0" index="2" bw="0" slack="2147483647"/>
<pin id="188" dir="1" index="3" bw="8" slack="2147483647"/>
</pin_list>
<bind>
<opcode="store(28) " fcode="store"/>
<opset="StgValue_63/10 "/>
</bind>
</comp>

<comp id="190" class="1004" name="x_local_1_V_addr_gep_fu_190">
<pin_list>
<pin id="191" dir="0" index="0" bw="8" slack="0"/>
<pin id="192" dir="0" index="1" bw="1" slack="0"/>
<pin id="193" dir="0" index="2" bw="6" slack="0"/>
<pin id="194" dir="1" index="3" bw="6" slack="0"/>
</pin_list>
<bind>
<opcode="getelementptr(29) " fcode="getelementptr"/>
<opset="x_local_1_V_addr/10 "/>
</bind>
</comp>

<comp id="197" class="1004" name="x_local_9_V_addr_gep_fu_197">
<pin_list>
<pin id="198" dir="0" index="0" bw="8" slack="0"/>
<pin id="199" dir="0" index="1" bw="1" slack="0"/>
<pin id="200" dir="0" index="2" bw="6" slack="0"/>
<pin id="201" dir="1" index="3" bw="6" slack="0"/>
</pin_list>
<bind>
<opcode="getelementptr(29) " fcode="getelementptr"/>
<opset="x_local_9_V_addr/10 "/>
</bind>
</comp>

<comp id="204" class="1004" name="StgValue_67_access_fu_204">
<pin_list>
<pin id="205" dir="0" index="0" bw="6" slack="0"/>
<pin id="206" dir="0" index="1" bw="8" slack="1"/>
<pin id="207" dir="0" index="2" bw="0" slack="2147483647"/>
<pin id="208" dir="1" index="3" bw="8" slack="2147483647"/>
</pin_list>
<bind>
<opcode="store(28) " fcode="store"/>
<opset="StgValue_67/10 "/>
</bind>
</comp>

<comp id="210" class="1004" name="StgValue_69_access_fu_210">
<pin_list>
<pin id="211" dir="0" index="0" bw="6" slack="0"/>
<pin id="212" dir="0" index="1" bw="8" slack="1"/>
<pin id="213" dir="0" index="2" bw="0" slack="2147483647"/>
<pin id="214" dir="1" index="3" bw="8" slack="2147483647"/>
</pin_list>
<bind>
<opcode="store(28) " fcode="store"/>
<opset="StgValue_69/10 "/>
</bind>
</comp>

<comp id="216" class="1004" name="x_local_2_V_addr_gep_fu_216">
<pin_list>
<pin id="217" dir="0" index="0" bw="8" slack="0"/>
<pin id="218" dir="0" index="1" bw="1" slack="0"/>
<pin id="219" dir="0" index="2" bw="6" slack="0"/>
<pin id="220" dir="1" index="3" bw="6" slack="0"/>
</pin_list>
<bind>
<opcode="getelementptr(29) " fcode="getelementptr"/>
<opset="x_local_2_V_addr/10 "/>
</bind>
</comp>

<comp id="223" class="1004" name="x_local_10_V_addr_gep_fu_223">
<pin_list>
<pin id="224" dir="0" index="0" bw="8" slack="0"/>
<pin id="225" dir="0" index="1" bw="1" slack="0"/>
<pin id="226" dir="0" index="2" bw="6" slack="0"/>
<pin id="227" dir="1" index="3" bw="6" slack="0"/>
</pin_list>
<bind>
<opcode="getelementptr(29) " fcode="getelementptr"/>
<opset="x_local_10_V_addr/10 "/>
</bind>
</comp>

<comp id="230" class="1004" name="StgValue_73_access_fu_230">
<pin_list>
<pin id="231" dir="0" index="0" bw="6" slack="0"/>
<pin id="232" dir="0" index="1" bw="8" slack="1"/>
<pin id="233" dir="0" index="2" bw="0" slack="2147483647"/>
<pin id="234" dir="1" index="3" bw="8" slack="2147483647"/>
</pin_list>
<bind>
<opcode="store(28) " fcode="store"/>
<opset="StgValue_73/10 "/>
</bind>
</comp>

<comp id="236" class="1004" name="StgValue_75_access_fu_236">
<pin_list>
<pin id="237" dir="0" index="0" bw="6" slack="0"/>
<pin id="238" dir="0" index="1" bw="8" slack="1"/>
<pin id="239" dir="0" index="2" bw="0" slack="2147483647"/>
<pin id="240" dir="1" index="3" bw="8" slack="2147483647"/>
</pin_list>
<bind>
<opcode="store(28) " fcode="store"/>
<opset="StgValue_75/10 "/>
</bind>
</comp>

<comp id="242" class="1004" name="x_local_3_V_addr_gep_fu_242">
<pin_list>
<pin id="243" dir="0" index="0" bw="8" slack="0"/>
<pin id="244" dir="0" index="1" bw="1" slack="0"/>
<pin id="245" dir="0" index="2" bw="6" slack="0"/>
<pin id="246" dir="1" index="3" bw="6" slack="0"/>
</pin_list>
<bind>
<opcode="getelementptr(29) " fcode="getelementptr"/>
<opset="x_local_3_V_addr/10 "/>
</bind>
</comp>

<comp id="249" class="1004" name="x_local_11_V_addr_gep_fu_249">
<pin_list>
<pin id="250" dir="0" index="0" bw="8" slack="0"/>
<pin id="251" dir="0" index="1" bw="1" slack="0"/>
<pin id="252" dir="0" index="2" bw="6" slack="0"/>
<pin id="253" dir="1" index="3" bw="6" slack="0"/>
</pin_list>
<bind>
<opcode="getelementptr(29) " fcode="getelementptr"/>
<opset="x_local_11_V_addr/10 "/>
</bind>
</comp>

<comp id="256" class="1004" name="StgValue_79_access_fu_256">
<pin_list>
<pin id="257" dir="0" index="0" bw="6" slack="0"/>
<pin id="258" dir="0" index="1" bw="8" slack="1"/>
<pin id="259" dir="0" index="2" bw="0" slack="2147483647"/>
<pin id="260" dir="1" index="3" bw="8" slack="2147483647"/>
</pin_list>
<bind>
<opcode="store(28) " fcode="store"/>
<opset="StgValue_79/10 "/>
</bind>
</comp>

<comp id="262" class="1004" name="StgValue_81_access_fu_262">
<pin_list>
<pin id="263" dir="0" index="0" bw="6" slack="0"/>
<pin id="264" dir="0" index="1" bw="8" slack="1"/>
<pin id="265" dir="0" index="2" bw="0" slack="2147483647"/>
<pin id="266" dir="1" index="3" bw="8" slack="2147483647"/>
</pin_list>
<bind>
<opcode="store(28) " fcode="store"/>
<opset="StgValue_81/10 "/>
</bind>
</comp>

<comp id="268" class="1004" name="x_local_4_V_addr_gep_fu_268">
<pin_list>
<pin id="269" dir="0" index="0" bw="8" slack="0"/>
<pin id="270" dir="0" index="1" bw="1" slack="0"/>
<pin id="271" dir="0" index="2" bw="6" slack="0"/>
<pin id="272" dir="1" index="3" bw="6" slack="0"/>
</pin_list>
<bind>
<opcode="getelementptr(29) " fcode="getelementptr"/>
<opset="x_local_4_V_addr/10 "/>
</bind>
</comp>

<comp id="275" class="1004" name="x_local_12_V_addr_gep_fu_275">
<pin_list>
<pin id="276" dir="0" index="0" bw="8" slack="0"/>
<pin id="277" dir="0" index="1" bw="1" slack="0"/>
<pin id="278" dir="0" index="2" bw="6" slack="0"/>
<pin id="279" dir="1" index="3" bw="6" slack="0"/>
</pin_list>
<bind>
<opcode="getelementptr(29) " fcode="getelementptr"/>
<opset="x_local_12_V_addr/10 "/>
</bind>
</comp>

<comp id="282" class="1004" name="StgValue_85_access_fu_282">
<pin_list>
<pin id="283" dir="0" index="0" bw="6" slack="0"/>
<pin id="284" dir="0" index="1" bw="8" slack="1"/>
<pin id="285" dir="0" index="2" bw="0" slack="2147483647"/>
<pin id="286" dir="1" index="3" bw="8" slack="2147483647"/>
</pin_list>
<bind>
<opcode="store(28) " fcode="store"/>
<opset="StgValue_85/10 "/>
</bind>
</comp>

<comp id="288" class="1004" name="StgValue_87_access_fu_288">
<pin_list>
<pin id="289" dir="0" index="0" bw="6" slack="0"/>
<pin id="290" dir="0" index="1" bw="8" slack="1"/>
<pin id="291" dir="0" index="2" bw="0" slack="2147483647"/>
<pin id="292" dir="1" index="3" bw="8" slack="2147483647"/>
</pin_list>
<bind>
<opcode="store(28) " fcode="store"/>
<opset="StgValue_87/10 "/>
</bind>
</comp>

<comp id="294" class="1004" name="x_local_5_V_addr_gep_fu_294">
<pin_list>
<pin id="295" dir="0" index="0" bw="8" slack="0"/>
<pin id="296" dir="0" index="1" bw="1" slack="0"/>
<pin id="297" dir="0" index="2" bw="6" slack="0"/>
<pin id="298" dir="1" index="3" bw="6" slack="0"/>
</pin_list>
<bind>
<opcode="getelementptr(29) " fcode="getelementptr"/>
<opset="x_local_5_V_addr/10 "/>
</bind>
</comp>

<comp id="301" class="1004" name="x_local_13_V_addr_gep_fu_301">
<pin_list>
<pin id="302" dir="0" index="0" bw="8" slack="0"/>
<pin id="303" dir="0" index="1" bw="1" slack="0"/>
<pin id="304" dir="0" index="2" bw="6" slack="0"/>
<pin id="305" dir="1" index="3" bw="6" slack="0"/>
</pin_list>
<bind>
<opcode="getelementptr(29) " fcode="getelementptr"/>
<opset="x_local_13_V_addr/10 "/>
</bind>
</comp>

<comp id="308" class="1004" name="StgValue_91_access_fu_308">
<pin_list>
<pin id="309" dir="0" index="0" bw="6" slack="0"/>
<pin id="310" dir="0" index="1" bw="8" slack="1"/>
<pin id="311" dir="0" index="2" bw="0" slack="2147483647"/>
<pin id="312" dir="1" index="3" bw="8" slack="2147483647"/>
</pin_list>
<bind>
<opcode="store(28) " fcode="store"/>
<opset="StgValue_91/10 "/>
</bind>
</comp>

<comp id="314" class="1004" name="StgValue_93_access_fu_314">
<pin_list>
<pin id="315" dir="0" index="0" bw="6" slack="0"/>
<pin id="316" dir="0" index="1" bw="8" slack="1"/>
<pin id="317" dir="0" index="2" bw="0" slack="2147483647"/>
<pin id="318" dir="1" index="3" bw="8" slack="2147483647"/>
</pin_list>
<bind>
<opcode="store(28) " fcode="store"/>
<opset="StgValue_93/10 "/>
</bind>
</comp>

<comp id="320" class="1004" name="x_local_6_V_addr_gep_fu_320">
<pin_list>
<pin id="321" dir="0" index="0" bw="8" slack="0"/>
<pin id="322" dir="0" index="1" bw="1" slack="0"/>
<pin id="323" dir="0" index="2" bw="6" slack="0"/>
<pin id="324" dir="1" index="3" bw="6" slack="0"/>
</pin_list>
<bind>
<opcode="getelementptr(29) " fcode="getelementptr"/>
<opset="x_local_6_V_addr/10 "/>
</bind>
</comp>

<comp id="327" class="1004" name="x_local_14_V_addr_gep_fu_327">
<pin_list>
<pin id="328" dir="0" index="0" bw="8" slack="0"/>
<pin id="329" dir="0" index="1" bw="1" slack="0"/>
<pin id="330" dir="0" index="2" bw="6" slack="0"/>
<pin id="331" dir="1" index="3" bw="6" slack="0"/>
</pin_list>
<bind>
<opcode="getelementptr(29) " fcode="getelementptr"/>
<opset="x_local_14_V_addr/10 "/>
</bind>
</comp>

<comp id="334" class="1004" name="StgValue_97_access_fu_334">
<pin_list>
<pin id="335" dir="0" index="0" bw="6" slack="0"/>
<pin id="336" dir="0" index="1" bw="8" slack="1"/>
<pin id="337" dir="0" index="2" bw="0" slack="2147483647"/>
<pin id="338" dir="1" index="3" bw="8" slack="2147483647"/>
</pin_list>
<bind>
<opcode="store(28) " fcode="store"/>
<opset="StgValue_97/10 "/>
</bind>
</comp>

<comp id="340" class="1004" name="StgValue_99_access_fu_340">
<pin_list>
<pin id="341" dir="0" index="0" bw="6" slack="0"/>
<pin id="342" dir="0" index="1" bw="8" slack="1"/>
<pin id="343" dir="0" index="2" bw="0" slack="2147483647"/>
<pin id="344" dir="1" index="3" bw="8" slack="2147483647"/>
</pin_list>
<bind>
<opcode="store(28) " fcode="store"/>
<opset="StgValue_99/10 "/>
</bind>
</comp>

<comp id="346" class="1004" name="x_local_7_V_addr_gep_fu_346">
<pin_list>
<pin id="347" dir="0" index="0" bw="8" slack="0"/>
<pin id="348" dir="0" index="1" bw="1" slack="0"/>
<pin id="349" dir="0" index="2" bw="6" slack="0"/>
<pin id="350" dir="1" index="3" bw="6" slack="0"/>
</pin_list>
<bind>
<opcode="getelementptr(29) " fcode="getelementptr"/>
<opset="x_local_7_V_addr/10 "/>
</bind>
</comp>

<comp id="353" class="1004" name="x_local_15_V_addr_gep_fu_353">
<pin_list>
<pin id="354" dir="0" index="0" bw="8" slack="0"/>
<pin id="355" dir="0" index="1" bw="1" slack="0"/>
<pin id="356" dir="0" index="2" bw="6" slack="0"/>
<pin id="357" dir="1" index="3" bw="6" slack="0"/>
</pin_list>
<bind>
<opcode="getelementptr(29) " fcode="getelementptr"/>
<opset="x_local_15_V_addr/10 "/>
</bind>
</comp>

<comp id="360" class="1004" name="StgValue_103_access_fu_360">
<pin_list>
<pin id="361" dir="0" index="0" bw="6" slack="0"/>
<pin id="362" dir="0" index="1" bw="8" slack="1"/>
<pin id="363" dir="0" index="2" bw="0" slack="2147483647"/>
<pin id="364" dir="1" index="3" bw="8" slack="2147483647"/>
</pin_list>
<bind>
<opcode="store(28) " fcode="store"/>
<opset="StgValue_103/10 "/>
</bind>
</comp>

<comp id="366" class="1004" name="StgValue_105_access_fu_366">
<pin_list>
<pin id="367" dir="0" index="0" bw="6" slack="0"/>
<pin id="368" dir="0" index="1" bw="8" slack="1"/>
<pin id="369" dir="0" index="2" bw="0" slack="2147483647"/>
<pin id="370" dir="1" index="3" bw="8" slack="2147483647"/>
</pin_list>
<bind>
<opcode="store(28) " fcode="store"/>
<opset="StgValue_105/10 "/>
</bind>
</comp>

<comp id="372" class="1005" name="i_i_i_reg_372">
<pin_list>
<pin id="373" dir="0" index="0" bw="7" slack="1"/>
<pin id="374" dir="1" index="1" bw="7" slack="1"/>
</pin_list>
<bind>
<opset="i_i_i (phireg) "/>
</bind>
</comp>

<comp id="376" class="1004" name="i_i_i_phi_fu_376">
<pin_list>
<pin id="377" dir="0" index="0" bw="1" slack="1"/>
<pin id="378" dir="0" index="1" bw="0" slack="2147483647"/>
<pin id="379" dir="0" index="2" bw="7" slack="0"/>
<pin id="380" dir="0" index="3" bw="0" slack="2147483647"/>
<pin id="381" dir="1" index="4" bw="7" slack="0"/>
</pin_list>
<bind>
<opcode="phi(47) " fcode="phi"/>
<opset="i_i_i/8 "/>
</bind>
</comp>

<comp id="383" class="1004" name="x_V_offset1_fu_383">
<pin_list>
<pin id="384" dir="0" index="0" bw="29" slack="0"/>
<pin id="385" dir="0" index="1" bw="32" slack="0"/>
<pin id="386" dir="0" index="2" bw="3" slack="0"/>
<pin id="387" dir="0" index="3" bw="6" slack="0"/>
<pin id="388" dir="1" index="4" bw="29" slack="0"/>
</pin_list>
<bind>
<opcode="partselect(1002) " fcode="partselect"/>
<opset="x_V_offset1/1 "/>
</bind>
</comp>

<comp id="393" class="1004" name="sext_fu_393">
<pin_list>
<pin id="394" dir="0" index="0" bw="29" slack="0"/>
<pin id="395" dir="1" index="1" bw="64" slack="0"/>
</pin_list>
<bind>
<opcode="zext(34) " fcode="zext"/>
<opset="sext/1 "/>
</bind>
</comp>

<comp id="397" class="1004" name="x_V_addr_fu_397">
<pin_list>
<pin id="398" dir="0" index="0" bw="64" slack="0"/>
<pin id="399" dir="0" index="1" bw="29" slack="0"/>
<pin id="400" dir="1" index="2" bw="64" slack="0"/>
</pin_list>
<bind>
<opcode="getelementptr(29) " fcode="getelementptr"/>
<opset="x_V_addr/1 "/>
</bind>
</comp>

<comp id="404" class="1004" name="exitcond1_i_i_fu_404">
<pin_list>
<pin id="405" dir="0" index="0" bw="7" slack="0"/>
<pin id="406" dir="0" index="1" bw="6" slack="0"/>
<pin id="407" dir="1" index="2" bw="1" slack="2"/>
</pin_list>
<bind>
<opcode="icmp(45) " fcode="icmp"/>
<opset="exitcond1_i_i/8 "/>
</bind>
</comp>

<comp id="410" class="1004" name="i_fu_410">
<pin_list>
<pin id="411" dir="0" index="0" bw="7" slack="0"/>
<pin id="412" dir="0" index="1" bw="1" slack="0"/>
<pin id="413" dir="1" index="2" bw="7" slack="0"/>
</pin_list>
<bind>
<opcode="add(8) " fcode="add"/>
<opset="i/8 "/>
</bind>
</comp>

<comp id="416" class="1004" name="tmp_fu_416">
<pin_list>
<pin id="417" dir="0" index="0" bw="7" slack="0"/>
<pin id="418" dir="1" index="1" bw="1" slack="2"/>
</pin_list>
<bind>
<opcode="trunc(33) " fcode="trunc"/>
<opset="tmp/8 "/>
</bind>
</comp>

<comp id="420" class="1004" name="tmp_3_cast_i_i_fu_420">
<pin_list>
<pin id="421" dir="0" index="0" bw="6" slack="0"/>
<pin id="422" dir="0" index="1" bw="7" slack="0"/>
<pin id="423" dir="0" index="2" bw="1" slack="0"/>
<pin id="424" dir="0" index="3" bw="4" slack="0"/>
<pin id="425" dir="1" index="4" bw="6" slack="2"/>
</pin_list>
<bind>
<opcode="partselect(1002) " fcode="partselect"/>
<opset="tmp_3_cast_i_i/8 "/>
</bind>
</comp>

<comp id="430" class="1004" name="tmp_1_fu_430">
<pin_list>
<pin id="431" dir="0" index="0" bw="64" slack="0"/>
<pin id="432" dir="1" index="1" bw="8" slack="1"/>
</pin_list>
<bind>
<opcode="trunc(33) " fcode="trunc"/>
<opset="tmp_1/9 "/>
</bind>
</comp>

<comp id="434" class="1004" name="p_Result_1_i_i_fu_434">
<pin_list>
<pin id="435" dir="0" index="0" bw="8" slack="0"/>
<pin id="436" dir="0" index="1" bw="64" slack="0"/>
<pin id="437" dir="0" index="2" bw="5" slack="0"/>
<pin id="438" dir="0" index="3" bw="5" slack="0"/>
<pin id="439" dir="1" index="4" bw="8" slack="1"/>
</pin_list>
<bind>
<opcode="partselect(1002) " fcode="partselect"/>
<opset="p_Result_1_i_i/9 "/>
</bind>
</comp>

<comp id="444" class="1004" name="p_Result_2_i_i_fu_444">
<pin_list>
<pin id="445" dir="0" index="0" bw="8" slack="0"/>
<pin id="446" dir="0" index="1" bw="64" slack="0"/>
<pin id="447" dir="0" index="2" bw="6" slack="0"/>
<pin id="448" dir="0" index="3" bw="6" slack="0"/>
<pin id="449" dir="1" index="4" bw="8" slack="1"/>
</pin_list>
<bind>
<opcode="partselect(1002) " fcode="partselect"/>
<opset="p_Result_2_i_i/9 "/>
</bind>
</comp>

<comp id="454" class="1004" name="p_Result_3_i_i_fu_454">
<pin_list>
<pin id="455" dir="0" index="0" bw="8" slack="0"/>
<pin id="456" dir="0" index="1" bw="64" slack="0"/>
<pin id="457" dir="0" index="2" bw="6" slack="0"/>
<pin id="458" dir="0" index="3" bw="6" slack="0"/>
<pin id="459" dir="1" index="4" bw="8" slack="1"/>
</pin_list>
<bind>
<opcode="partselect(1002) " fcode="partselect"/>
<opset="p_Result_3_i_i/9 "/>
</bind>
</comp>

<comp id="464" class="1004" name="p_Result_4_i_i_fu_464">
<pin_list>
<pin id="465" dir="0" index="0" bw="8" slack="0"/>
<pin id="466" dir="0" index="1" bw="64" slack="0"/>
<pin id="467" dir="0" index="2" bw="7" slack="0"/>
<pin id="468" dir="0" index="3" bw="7" slack="0"/>
<pin id="469" dir="1" index="4" bw="8" slack="1"/>
</pin_list>
<bind>
<opcode="partselect(1002) " fcode="partselect"/>
<opset="p_Result_4_i_i/9 "/>
</bind>
</comp>

<comp id="474" class="1004" name="p_Result_5_i_i_fu_474">
<pin_list>
<pin id="475" dir="0" index="0" bw="8" slack="0"/>
<pin id="476" dir="0" index="1" bw="64" slack="0"/>
<pin id="477" dir="0" index="2" bw="7" slack="0"/>
<pin id="478" dir="0" index="3" bw="7" slack="0"/>
<pin id="479" dir="1" index="4" bw="8" slack="1"/>
</pin_list>
<bind>
<opcode="partselect(1002) " fcode="partselect"/>
<opset="p_Result_5_i_i/9 "/>
</bind>
</comp>

<comp id="484" class="1004" name="p_Result_6_i_i_fu_484">
<pin_list>
<pin id="485" dir="0" index="0" bw="8" slack="0"/>
<pin id="486" dir="0" index="1" bw="64" slack="0"/>
<pin id="487" dir="0" index="2" bw="7" slack="0"/>
<pin id="488" dir="0" index="3" bw="7" slack="0"/>
<pin id="489" dir="1" index="4" bw="8" slack="1"/>
</pin_list>
<bind>
<opcode="partselect(1002) " fcode="partselect"/>
<opset="p_Result_6_i_i/9 "/>
</bind>
</comp>

<comp id="494" class="1004" name="p_Result_7_i_i_fu_494">
<pin_list>
<pin id="495" dir="0" index="0" bw="8" slack="0"/>
<pin id="496" dir="0" index="1" bw="64" slack="0"/>
<pin id="497" dir="0" index="2" bw="7" slack="0"/>
<pin id="498" dir="0" index="3" bw="7" slack="0"/>
<pin id="499" dir="1" index="4" bw="8" slack="1"/>
</pin_list>
<bind>
<opcode="partselect(1002) " fcode="partselect"/>
<opset="p_Result_7_i_i/9 "/>
</bind>
</comp>

<comp id="504" class="1004" name="newIndex1_i_i_fu_504">
<pin_list>
<pin id="505" dir="0" index="0" bw="6" slack="2"/>
<pin id="506" dir="1" index="1" bw="64" slack="0"/>
</pin_list>
<bind>
<opcode="zext(34) " fcode="zext"/>
<opset="newIndex1_i_i/10 "/>
</bind>
</comp>

<comp id="523" class="1005" name="x_V_addr_reg_523">
<pin_list>
<pin id="524" dir="0" index="0" bw="64" slack="1"/>
<pin id="525" dir="1" index="1" bw="64" slack="1"/>
</pin_list>
<bind>
<opset="x_V_addr "/>
</bind>
</comp>

<comp id="529" class="1005" name="exitcond1_i_i_reg_529">
<pin_list>
<pin id="530" dir="0" index="0" bw="1" slack="2"/>
<pin id="531" dir="1" index="1" bw="1" slack="2147483647"/>
</pin_list>
<bind>
<opset="exitcond1_i_i "/>
</bind>
</comp>

<comp id="533" class="1005" name="i_reg_533">
<pin_list>
<pin id="534" dir="0" index="0" bw="7" slack="0"/>
<pin id="535" dir="1" index="1" bw="7" slack="0"/>
</pin_list>
<bind>
<opset="i "/>
</bind>
</comp>

<comp id="538" class="1005" name="tmp_reg_538">
<pin_list>
<pin id="539" dir="0" index="0" bw="1" slack="2"/>
<pin id="540" dir="1" index="1" bw="1" slack="2147483647"/>
</pin_list>
<bind>
<opset="tmp "/>
</bind>
</comp>

<comp id="542" class="1005" name="tmp_3_cast_i_i_reg_542">
<pin_list>
<pin id="543" dir="0" index="0" bw="6" slack="2"/>
<pin id="544" dir="1" index="1" bw="6" slack="2"/>
</pin_list>
<bind>
<opset="tmp_3_cast_i_i "/>
</bind>
</comp>

<comp id="547" class="1005" name="tmp_1_reg_547">
<pin_list>
<pin id="548" dir="0" index="0" bw="8" slack="1"/>
<pin id="549" dir="1" index="1" bw="8" slack="1"/>
</pin_list>
<bind>
<opset="tmp_1 "/>
</bind>
</comp>

<comp id="553" class="1005" name="p_Result_1_i_i_reg_553">
<pin_list>
<pin id="554" dir="0" index="0" bw="8" slack="1"/>
<pin id="555" dir="1" index="1" bw="8" slack="1"/>
</pin_list>
<bind>
<opset="p_Result_1_i_i "/>
</bind>
</comp>

<comp id="559" class="1005" name="p_Result_2_i_i_reg_559">
<pin_list>
<pin id="560" dir="0" index="0" bw="8" slack="1"/>
<pin id="561" dir="1" index="1" bw="8" slack="1"/>
</pin_list>
<bind>
<opset="p_Result_2_i_i "/>
</bind>
</comp>

<comp id="565" class="1005" name="p_Result_3_i_i_reg_565">
<pin_list>
<pin id="566" dir="0" index="0" bw="8" slack="1"/>
<pin id="567" dir="1" index="1" bw="8" slack="1"/>
</pin_list>
<bind>
<opset="p_Result_3_i_i "/>
</bind>
</comp>

<comp id="571" class="1005" name="p_Result_4_i_i_reg_571">
<pin_list>
<pin id="572" dir="0" index="0" bw="8" slack="1"/>
<pin id="573" dir="1" index="1" bw="8" slack="1"/>
</pin_list>
<bind>
<opset="p_Result_4_i_i "/>
</bind>
</comp>

<comp id="577" class="1005" name="p_Result_5_i_i_reg_577">
<pin_list>
<pin id="578" dir="0" index="0" bw="8" slack="1"/>
<pin id="579" dir="1" index="1" bw="8" slack="1"/>
</pin_list>
<bind>
<opset="p_Result_5_i_i "/>
</bind>
</comp>

<comp id="583" class="1005" name="p_Result_6_i_i_reg_583">
<pin_list>
<pin id="584" dir="0" index="0" bw="8" slack="1"/>
<pin id="585" dir="1" index="1" bw="8" slack="1"/>
</pin_list>
<bind>
<opset="p_Result_6_i_i "/>
</bind>
</comp>

<comp id="589" class="1005" name="p_Result_7_i_i_reg_589">
<pin_list>
<pin id="590" dir="0" index="0" bw="8" slack="1"/>
<pin id="591" dir="1" index="1" bw="8" slack="1"/>
</pin_list>
<bind>
<opset="p_Result_7_i_i "/>
</bind>
</comp>

</comp_list>

<net_list>
<net id="136"><net_src comp="40" pin="0"/><net_sink comp="132" pin=0"/></net>

<net id="137"><net_src comp="2" pin="0"/><net_sink comp="132" pin=1"/></net>

<net id="143"><net_src comp="48" pin="0"/><net_sink comp="138" pin=0"/></net>

<net id="144"><net_src comp="50" pin="0"/><net_sink comp="138" pin=2"/></net>

<net id="149"><net_src comp="52" pin="0"/><net_sink comp="145" pin=0"/></net>

<net id="150"><net_src comp="36" pin="0"/><net_sink comp="145" pin=1"/></net>

<net id="156"><net_src comp="74" pin="0"/><net_sink comp="151" pin=0"/></net>

<net id="157"><net_src comp="38" pin="0"/><net_sink comp="151" pin=1"/></net>

<net id="158"><net_src comp="145" pin="2"/><net_sink comp="151" pin=2"/></net>

<net id="163"><net_src comp="92" pin="0"/><net_sink comp="159" pin=0"/></net>

<net id="169"><net_src comp="4" pin="0"/><net_sink comp="164" pin=0"/></net>

<net id="170"><net_src comp="128" pin="0"/><net_sink comp="164" pin=1"/></net>

<net id="176"><net_src comp="20" pin="0"/><net_sink comp="171" pin=0"/></net>

<net id="177"><net_src comp="128" pin="0"/><net_sink comp="171" pin=1"/></net>

<net id="183"><net_src comp="164" pin="3"/><net_sink comp="178" pin=0"/></net>

<net id="189"><net_src comp="171" pin="3"/><net_sink comp="184" pin=0"/></net>

<net id="195"><net_src comp="6" pin="0"/><net_sink comp="190" pin=0"/></net>

<net id="196"><net_src comp="128" pin="0"/><net_sink comp="190" pin=1"/></net>

<net id="202"><net_src comp="22" pin="0"/><net_sink comp="197" pin=0"/></net>

<net id="203"><net_src comp="128" pin="0"/><net_sink comp="197" pin=1"/></net>

<net id="209"><net_src comp="190" pin="3"/><net_sink comp="204" pin=0"/></net>

<net id="215"><net_src comp="197" pin="3"/><net_sink comp="210" pin=0"/></net>

<net id="221"><net_src comp="8" pin="0"/><net_sink comp="216" pin=0"/></net>

<net id="222"><net_src comp="128" pin="0"/><net_sink comp="216" pin=1"/></net>

<net id="228"><net_src comp="24" pin="0"/><net_sink comp="223" pin=0"/></net>

<net id="229"><net_src comp="128" pin="0"/><net_sink comp="223" pin=1"/></net>

<net id="235"><net_src comp="216" pin="3"/><net_sink comp="230" pin=0"/></net>

<net id="241"><net_src comp="223" pin="3"/><net_sink comp="236" pin=0"/></net>

<net id="247"><net_src comp="10" pin="0"/><net_sink comp="242" pin=0"/></net>

<net id="248"><net_src comp="128" pin="0"/><net_sink comp="242" pin=1"/></net>

<net id="254"><net_src comp="26" pin="0"/><net_sink comp="249" pin=0"/></net>

<net id="255"><net_src comp="128" pin="0"/><net_sink comp="249" pin=1"/></net>

<net id="261"><net_src comp="242" pin="3"/><net_sink comp="256" pin=0"/></net>

<net id="267"><net_src comp="249" pin="3"/><net_sink comp="262" pin=0"/></net>

<net id="273"><net_src comp="12" pin="0"/><net_sink comp="268" pin=0"/></net>

<net id="274"><net_src comp="128" pin="0"/><net_sink comp="268" pin=1"/></net>

<net id="280"><net_src comp="28" pin="0"/><net_sink comp="275" pin=0"/></net>

<net id="281"><net_src comp="128" pin="0"/><net_sink comp="275" pin=1"/></net>

<net id="287"><net_src comp="268" pin="3"/><net_sink comp="282" pin=0"/></net>

<net id="293"><net_src comp="275" pin="3"/><net_sink comp="288" pin=0"/></net>

<net id="299"><net_src comp="14" pin="0"/><net_sink comp="294" pin=0"/></net>

<net id="300"><net_src comp="128" pin="0"/><net_sink comp="294" pin=1"/></net>

<net id="306"><net_src comp="30" pin="0"/><net_sink comp="301" pin=0"/></net>

<net id="307"><net_src comp="128" pin="0"/><net_sink comp="301" pin=1"/></net>

<net id="313"><net_src comp="294" pin="3"/><net_sink comp="308" pin=0"/></net>

<net id="319"><net_src comp="301" pin="3"/><net_sink comp="314" pin=0"/></net>

<net id="325"><net_src comp="16" pin="0"/><net_sink comp="320" pin=0"/></net>

<net id="326"><net_src comp="128" pin="0"/><net_sink comp="320" pin=1"/></net>

<net id="332"><net_src comp="32" pin="0"/><net_sink comp="327" pin=0"/></net>

<net id="333"><net_src comp="128" pin="0"/><net_sink comp="327" pin=1"/></net>

<net id="339"><net_src comp="320" pin="3"/><net_sink comp="334" pin=0"/></net>

<net id="345"><net_src comp="327" pin="3"/><net_sink comp="340" pin=0"/></net>

<net id="351"><net_src comp="18" pin="0"/><net_sink comp="346" pin=0"/></net>

<net id="352"><net_src comp="128" pin="0"/><net_sink comp="346" pin=1"/></net>

<net id="358"><net_src comp="34" pin="0"/><net_sink comp="353" pin=0"/></net>

<net id="359"><net_src comp="128" pin="0"/><net_sink comp="353" pin=1"/></net>

<net id="365"><net_src comp="346" pin="3"/><net_sink comp="360" pin=0"/></net>

<net id="371"><net_src comp="353" pin="3"/><net_sink comp="366" pin=0"/></net>

<net id="375"><net_src comp="76" pin="0"/><net_sink comp="372" pin=0"/></net>

<net id="382"><net_src comp="372" pin="1"/><net_sink comp="376" pin=0"/></net>

<net id="389"><net_src comp="42" pin="0"/><net_sink comp="383" pin=0"/></net>

<net id="390"><net_src comp="132" pin="2"/><net_sink comp="383" pin=1"/></net>

<net id="391"><net_src comp="44" pin="0"/><net_sink comp="383" pin=2"/></net>

<net id="392"><net_src comp="46" pin="0"/><net_sink comp="383" pin=3"/></net>

<net id="396"><net_src comp="383" pin="4"/><net_sink comp="393" pin=0"/></net>

<net id="401"><net_src comp="0" pin="0"/><net_sink comp="397" pin=0"/></net>

<net id="402"><net_src comp="393" pin="1"/><net_sink comp="397" pin=1"/></net>

<net id="403"><net_src comp="397" pin="2"/><net_sink comp="138" pin=1"/></net>

<net id="408"><net_src comp="376" pin="4"/><net_sink comp="404" pin=0"/></net>

<net id="409"><net_src comp="78" pin="0"/><net_sink comp="404" pin=1"/></net>

<net id="414"><net_src comp="376" pin="4"/><net_sink comp="410" pin=0"/></net>

<net id="415"><net_src comp="84" pin="0"/><net_sink comp="410" pin=1"/></net>

<net id="419"><net_src comp="376" pin="4"/><net_sink comp="416" pin=0"/></net>

<net id="426"><net_src comp="86" pin="0"/><net_sink comp="420" pin=0"/></net>

<net id="427"><net_src comp="376" pin="4"/><net_sink comp="420" pin=1"/></net>

<net id="428"><net_src comp="88" pin="0"/><net_sink comp="420" pin=2"/></net>

<net id="429"><net_src comp="90" pin="0"/><net_sink comp="420" pin=3"/></net>

<net id="433"><net_src comp="159" pin="2"/><net_sink comp="430" pin=0"/></net>

<net id="440"><net_src comp="94" pin="0"/><net_sink comp="434" pin=0"/></net>

<net id="441"><net_src comp="159" pin="2"/><net_sink comp="434" pin=1"/></net>

<net id="442"><net_src comp="96" pin="0"/><net_sink comp="434" pin=2"/></net>

<net id="443"><net_src comp="98" pin="0"/><net_sink comp="434" pin=3"/></net>

<net id="450"><net_src comp="94" pin="0"/><net_sink comp="444" pin=0"/></net>

<net id="451"><net_src comp="159" pin="2"/><net_sink comp="444" pin=1"/></net>

<net id="452"><net_src comp="66" pin="0"/><net_sink comp="444" pin=2"/></net>

<net id="453"><net_src comp="100" pin="0"/><net_sink comp="444" pin=3"/></net>

<net id="460"><net_src comp="94" pin="0"/><net_sink comp="454" pin=0"/></net>

<net id="461"><net_src comp="159" pin="2"/><net_sink comp="454" pin=1"/></net>

<net id="462"><net_src comp="102" pin="0"/><net_sink comp="454" pin=2"/></net>

<net id="463"><net_src comp="46" pin="0"/><net_sink comp="454" pin=3"/></net>

<net id="470"><net_src comp="94" pin="0"/><net_sink comp="464" pin=0"/></net>

<net id="471"><net_src comp="159" pin="2"/><net_sink comp="464" pin=1"/></net>

<net id="472"><net_src comp="104" pin="0"/><net_sink comp="464" pin=2"/></net>

<net id="473"><net_src comp="106" pin="0"/><net_sink comp="464" pin=3"/></net>

<net id="480"><net_src comp="94" pin="0"/><net_sink comp="474" pin=0"/></net>

<net id="481"><net_src comp="159" pin="2"/><net_sink comp="474" pin=1"/></net>

<net id="482"><net_src comp="108" pin="0"/><net_sink comp="474" pin=2"/></net>

<net id="483"><net_src comp="110" pin="0"/><net_sink comp="474" pin=3"/></net>

<net id="490"><net_src comp="94" pin="0"/><net_sink comp="484" pin=0"/></net>

<net id="491"><net_src comp="159" pin="2"/><net_sink comp="484" pin=1"/></net>

<net id="492"><net_src comp="112" pin="0"/><net_sink comp="484" pin=2"/></net>

<net id="493"><net_src comp="114" pin="0"/><net_sink comp="484" pin=3"/></net>

<net id="500"><net_src comp="94" pin="0"/><net_sink comp="494" pin=0"/></net>

<net id="501"><net_src comp="159" pin="2"/><net_sink comp="494" pin=1"/></net>

<net id="502"><net_src comp="116" pin="0"/><net_sink comp="494" pin=2"/></net>

<net id="503"><net_src comp="118" pin="0"/><net_sink comp="494" pin=3"/></net>

<net id="507"><net_src comp="504" pin="1"/><net_sink comp="164" pin=2"/></net>

<net id="508"><net_src comp="504" pin="1"/><net_sink comp="171" pin=2"/></net>

<net id="509"><net_src comp="504" pin="1"/><net_sink comp="190" pin=2"/></net>

<net id="510"><net_src comp="504" pin="1"/><net_sink comp="197" pin=2"/></net>

<net id="511"><net_src comp="504" pin="1"/><net_sink comp="216" pin=2"/></net>

<net id="512"><net_src comp="504" pin="1"/><net_sink comp="223" pin=2"/></net>

<net id="513"><net_src comp="504" pin="1"/><net_sink comp="242" pin=2"/></net>

<net id="514"><net_src comp="504" pin="1"/><net_sink comp="249" pin=2"/></net>

<net id="515"><net_src comp="504" pin="1"/><net_sink comp="268" pin=2"/></net>

<net id="516"><net_src comp="504" pin="1"/><net_sink comp="275" pin=2"/></net>

<net id="517"><net_src comp="504" pin="1"/><net_sink comp="294" pin=2"/></net>

<net id="518"><net_src comp="504" pin="1"/><net_sink comp="301" pin=2"/></net>

<net id="519"><net_src comp="504" pin="1"/><net_sink comp="320" pin=2"/></net>

<net id="520"><net_src comp="504" pin="1"/><net_sink comp="327" pin=2"/></net>

<net id="521"><net_src comp="504" pin="1"/><net_sink comp="346" pin=2"/></net>

<net id="522"><net_src comp="504" pin="1"/><net_sink comp="353" pin=2"/></net>

<net id="526"><net_src comp="397" pin="2"/><net_sink comp="523" pin=0"/></net>

<net id="527"><net_src comp="523" pin="1"/><net_sink comp="138" pin=1"/></net>

<net id="528"><net_src comp="523" pin="1"/><net_sink comp="159" pin=1"/></net>

<net id="532"><net_src comp="404" pin="2"/><net_sink comp="529" pin=0"/></net>

<net id="536"><net_src comp="410" pin="2"/><net_sink comp="533" pin=0"/></net>

<net id="537"><net_src comp="533" pin="1"/><net_sink comp="376" pin=2"/></net>

<net id="541"><net_src comp="416" pin="1"/><net_sink comp="538" pin=0"/></net>

<net id="545"><net_src comp="420" pin="4"/><net_sink comp="542" pin=0"/></net>

<net id="546"><net_src comp="542" pin="1"/><net_sink comp="504" pin=0"/></net>

<net id="550"><net_src comp="430" pin="1"/><net_sink comp="547" pin=0"/></net>

<net id="551"><net_src comp="547" pin="1"/><net_sink comp="178" pin=1"/></net>

<net id="552"><net_src comp="547" pin="1"/><net_sink comp="184" pin=1"/></net>

<net id="556"><net_src comp="434" pin="4"/><net_sink comp="553" pin=0"/></net>

<net id="557"><net_src comp="553" pin="1"/><net_sink comp="204" pin=1"/></net>

<net id="558"><net_src comp="553" pin="1"/><net_sink comp="210" pin=1"/></net>

<net id="562"><net_src comp="444" pin="4"/><net_sink comp="559" pin=0"/></net>

<net id="563"><net_src comp="559" pin="1"/><net_sink comp="230" pin=1"/></net>

<net id="564"><net_src comp="559" pin="1"/><net_sink comp="236" pin=1"/></net>

<net id="568"><net_src comp="454" pin="4"/><net_sink comp="565" pin=0"/></net>

<net id="569"><net_src comp="565" pin="1"/><net_sink comp="256" pin=1"/></net>

<net id="570"><net_src comp="565" pin="1"/><net_sink comp="262" pin=1"/></net>

<net id="574"><net_src comp="464" pin="4"/><net_sink comp="571" pin=0"/></net>

<net id="575"><net_src comp="571" pin="1"/><net_sink comp="282" pin=1"/></net>

<net id="576"><net_src comp="571" pin="1"/><net_sink comp="288" pin=1"/></net>

<net id="580"><net_src comp="474" pin="4"/><net_sink comp="577" pin=0"/></net>

<net id="581"><net_src comp="577" pin="1"/><net_sink comp="308" pin=1"/></net>

<net id="582"><net_src comp="577" pin="1"/><net_sink comp="314" pin=1"/></net>

<net id="586"><net_src comp="484" pin="4"/><net_sink comp="583" pin=0"/></net>

<net id="587"><net_src comp="583" pin="1"/><net_sink comp="334" pin=1"/></net>

<net id="588"><net_src comp="583" pin="1"/><net_sink comp="340" pin=1"/></net>

<net id="592"><net_src comp="494" pin="4"/><net_sink comp="589" pin=0"/></net>

<net id="593"><net_src comp="589" pin="1"/><net_sink comp="360" pin=1"/></net>

<net id="594"><net_src comp="589" pin="1"/><net_sink comp="366" pin=1"/></net>

</net_list>

</model> 
---------------- Datapath Model END ------------------

* FSMD analyzer results:
  - Output states:
	Port: x_local_0_V | {10 }
	Port: x_local_1_V | {10 }
	Port: x_local_2_V | {10 }
	Port: x_local_3_V | {10 }
	Port: x_local_4_V | {10 }
	Port: x_local_5_V | {10 }
	Port: x_local_6_V | {10 }
	Port: x_local_7_V | {10 }
	Port: x_local_8_V | {10 }
	Port: x_local_9_V | {10 }
	Port: x_local_10_V | {10 }
	Port: x_local_11_V | {10 }
	Port: x_local_12_V | {10 }
	Port: x_local_13_V | {10 }
	Port: x_local_14_V | {10 }
	Port: x_local_15_V | {10 }
	Port: x_norm_in_V_out | {7 }
 - Input state : 
	Port: load_data51 : x_V | {1 2 3 4 5 6 7 9 }
	Port: load_data51 : x_V_offset | {1 }
	Port: load_data51 : x_norm_in_V | {7 }
  - Chain level:
	State 1
		sext : 1
		x_V_addr : 2
		x_V_addr_rd_req : 3
	State 2
	State 3
	State 4
	State 5
	State 6
	State 7
	State 8
		exitcond1_i_i : 1
		i : 1
		StgValue_35 : 2
		tmp : 1
		tmp_3_cast_i_i : 1
		StgValue_38 : 2
		StgValue_39 : 2
		StgValue_40 : 2
		StgValue_41 : 2
		StgValue_42 : 2
		StgValue_43 : 2
		StgValue_44 : 2
		StgValue_45 : 2
	State 9
	State 10
		x_local_0_V_addr : 1
		x_local_8_V_addr : 1
		StgValue_61 : 2
		StgValue_63 : 2
		x_local_1_V_addr : 1
		x_local_9_V_addr : 1
		StgValue_67 : 2
		StgValue_69 : 2
		x_local_2_V_addr : 1
		x_local_10_V_addr : 1
		StgValue_73 : 2
		StgValue_75 : 2
		x_local_3_V_addr : 1
		x_local_11_V_addr : 1
		StgValue_79 : 2
		StgValue_81 : 2
		x_local_4_V_addr : 1
		x_local_12_V_addr : 1
		StgValue_85 : 2
		StgValue_87 : 2
		x_local_5_V_addr : 1
		x_local_13_V_addr : 1
		StgValue_91 : 2
		StgValue_93 : 2
		x_local_6_V_addr : 1
		x_local_14_V_addr : 1
		StgValue_97 : 2
		StgValue_99 : 2
		x_local_7_V_addr : 1
		x_local_15_V_addr : 1
		StgValue_103 : 2
		StgValue_105 : 2
		empty_33 : 1
	State 11


============================================================
+ Verbose Summary: Datapath Resource usage 
============================================================

* Functional unit list:
|----------|------------------------------|---------|---------|
| Operation|        Functional Unit       |    FF   |   LUT   |
|----------|------------------------------|---------|---------|
|    add   |           i_fu_410           |    0    |    15   |
|----------|------------------------------|---------|---------|
|   icmp   |     exitcond1_i_i_fu_404     |    0    |    11   |
|----------|------------------------------|---------|---------|
|          |  x_V_offset_read_read_fu_132 |    0    |    0    |
|   read   | x_norm_in_V_read_read_fu_145 |    0    |    0    |
|          |     packet_V_read_fu_159     |    0    |    0    |
|----------|------------------------------|---------|---------|
|  readreq |      grp_readreq_fu_138      |    0    |    0    |
|----------|------------------------------|---------|---------|
|   write  |   StgValue_26_write_fu_151   |    0    |    0    |
|----------|------------------------------|---------|---------|
|          |      x_V_offset1_fu_383      |    0    |    0    |
|          |     tmp_3_cast_i_i_fu_420    |    0    |    0    |
|          |     p_Result_1_i_i_fu_434    |    0    |    0    |
|          |     p_Result_2_i_i_fu_444    |    0    |    0    |
|partselect|     p_Result_3_i_i_fu_454    |    0    |    0    |
|          |     p_Result_4_i_i_fu_464    |    0    |    0    |
|          |     p_Result_5_i_i_fu_474    |    0    |    0    |
|          |     p_Result_6_i_i_fu_484    |    0    |    0    |
|          |     p_Result_7_i_i_fu_494    |    0    |    0    |
|----------|------------------------------|---------|---------|
|   zext   |          sext_fu_393         |    0    |    0    |
|          |     newIndex1_i_i_fu_504     |    0    |    0    |
|----------|------------------------------|---------|---------|
|   trunc  |          tmp_fu_416          |    0    |    0    |
|          |         tmp_1_fu_430         |    0    |    0    |
|----------|------------------------------|---------|---------|
|   Total  |                              |    0    |    26   |
|----------|------------------------------|---------|---------|

Memories:
N/A

* Register list:
+----------------------+--------+
|                      |   FF   |
+----------------------+--------+
| exitcond1_i_i_reg_529|    1   |
|     i_i_i_reg_372    |    7   |
|       i_reg_533      |    7   |
|p_Result_1_i_i_reg_553|    8   |
|p_Result_2_i_i_reg_559|    8   |
|p_Result_3_i_i_reg_565|    8   |
|p_Result_4_i_i_reg_571|    8   |
|p_Result_5_i_i_reg_577|    8   |
|p_Result_6_i_i_reg_583|    8   |
|p_Result_7_i_i_reg_589|    8   |
|     tmp_1_reg_547    |    8   |
|tmp_3_cast_i_i_reg_542|    6   |
|      tmp_reg_538     |    1   |
|   x_V_addr_reg_523   |   64   |
+----------------------+--------+
|         Total        |   150  |
+----------------------+--------+

* Multiplexer (MUX) list: 
|--------------------|------|------|------|--------||---------||---------|
|        Comp        |  Pin | Size |  BW  | S x BW ||  Delay  ||   LUT   |
|--------------------|------|------|------|--------||---------||---------|
| grp_readreq_fu_138 |  p1  |   2  |  64  |   128  ||    9    |
|--------------------|------|------|------|--------||---------||---------|
|        Total       |      |      |      |   128  ||  1.769  ||    9    |
|--------------------|------|------|------|--------||---------||---------|



* Summary:
+-----------+--------+--------+--------+
|           |  Delay |   FF   |   LUT  |
+-----------+--------+--------+--------+
|  Function |    -   |    0   |   26   |
|   Memory  |    -   |    -   |    -   |
|Multiplexer|    1   |    -   |    9   |
|  Register |    -   |   150  |    -   |
+-----------+--------+--------+--------+
|   Total   |    1   |   150  |   35   |
+-----------+--------+--------+--------+
