INFO-FLOW: Workspace C:/Users/josep/Documents/ADSD/SVM_Accelerator_HLS_Cordic_Optimized/solution1 opened at Fri Feb 06 10:50:30 +0000 2026
Execute     config_clock -quiet -name default -period 10 -default=false 
INFO: [SYN 201-201] Setting up clock 'default' with a period of 10ns.
Execute     open_platform DefaultPlatform 
Execute     import_lib C:/Xilinx/Vivado/2018.2/common/technology/xilinx/zynq/zynq 
Execute       source C:/Xilinx/Vivado/2018.2/common/technology/xilinx/common/xilinx.lib 
Execute         source C:/Xilinx/Vivado/2018.2/common/technology/xilinx/interface/xilinx_interface.lib 
Execute           source C:/Xilinx/Vivado/2018.2/common/technology/xilinx/interface/plb46.lib 
Execute           source C:/Xilinx/Vivado/2018.2/common/technology/xilinx/interface/fsl.lib 
Execute           source C:/Xilinx/Vivado/2018.2/common/technology/xilinx/interface/axi4.lib 
Execute           source C:/Xilinx/Vivado/2018.2/common/technology/xilinx/interface/maxi.lib 
Execute           source C:/Xilinx/Vivado/2018.2/common/technology/xilinx/interface/saxilite.lib 
Execute         source C:/Xilinx/Vivado/2018.2/common/technology/xilinx/common/dsp48.lib 
Execute         source C:/Xilinx/Vivado/2018.2/common/technology/xilinx/ip/dds_compiler.lib 
Execute         source C:/Xilinx/Vivado/2018.2/common/technology/xilinx/ip/xfft.lib 
Execute         source C:/Xilinx/Vivado/2018.2/common/technology/xilinx/ip/xfir.lib 
Execute       source C:/Xilinx/Vivado/2018.2/common/technology/xilinx/common/xilinx_old.lib 
Execute       source C:/Xilinx/Vivado/2018.2/common/technology/xilinx/common/xilinx_vivado.lib 
Execute       source C:/Xilinx/Vivado/2018.2/common/technology/xilinx/common/xilinx.hlp 
Execute         source C:/Xilinx/Vivado/2018.2/common/technology/xilinx/common/target_info.tcl 
Execute         source C:/Xilinx/Vivado/2018.2/common/technology/xilinx/interface/xilinx_interface.hlp 
Execute           source C:/Xilinx/Vivado/2018.2/common/technology/xilinx/interface/maxi.hlp 
Execute           source C:/Xilinx/Vivado/2018.2/common/technology/xilinx/interface/saxilite.hlp 
Execute         source C:/Xilinx/Vivado/2018.2/common/technology/xilinx/common/dsp48.hlp 
Execute       source C:/Xilinx/Vivado/2018.2/common/technology/xilinx/zynq/dsp48e1.hlp 
Execute       get_default_platform 
Execute       config_chip_info -quiet -resource  {SLICE 13300}  {LUT 53200}     {FF 106400} {DSP48E 220}   {BRAM 280}  
Execute       config_chip_info -quiet -speed medium 
Execute       source C:/Xilinx/Vivado/2018.2/common/technology/xilinx/common/xilinx.hlp 
Execute         source C:/Xilinx/Vivado/2018.2/common/technology/xilinx/common/target_info.tcl 
Execute         source C:/Xilinx/Vivado/2018.2/common/technology/xilinx/interface/xilinx_interface.hlp 
Execute           source C:/Xilinx/Vivado/2018.2/common/technology/xilinx/interface/maxi.hlp 
Execute           source C:/Xilinx/Vivado/2018.2/common/technology/xilinx/interface/saxilite.hlp 
Execute         source C:/Xilinx/Vivado/2018.2/common/technology/xilinx/common/dsp48.hlp 
Execute     source C:/Xilinx/Vivado/2018.2/common/technology/xilinx/zynq/zynq.gen 
Execute       source C:/Xilinx/Vivado/2018.2/common/technology/xilinx/common/virtex.gen 
Execute         source C:/Xilinx/Vivado/2018.2/common/technology/xilinx/common/xilinx.gen 
Execute           source C:/Xilinx/Vivado/2018.2/common/technology/xilinx/interface/plb46.gen 
Execute           source C:/Xilinx/Vivado/2018.2/common/technology/xilinx/interface/fsl.gen 
Execute           source C:/Xilinx/Vivado/2018.2/common/technology/xilinx/interface/axi4.gen 
Execute           source C:/Xilinx/Vivado/2018.2/common/technology/xilinx/interface/nativeAXI4.gen 
Execute             source C:/Xilinx/Vivado/2018.2/common/technology/xilinx/interface/saxilite.gen 
Execute             source C:/Xilinx/Vivado/2018.2/common/technology/xilinx/interface/maxi.gen 
Execute           source C:/Xilinx/Vivado/2018.2/common/technology/xilinx/scripts/xilinxcoregen.gen 
Execute           source C:/Xilinx/Vivado/2018.2/common/technology/xilinx/interface/XilEDKCoreGen.gen 
Execute           source C:/Xilinx/Vivado/2018.2/common/technology/xilinx/ip/dds_compiler.gen 
Execute           source C:/Xilinx/Vivado/2018.2/common/technology/xilinx/ip/util.gen 
Execute           source C:/Xilinx/Vivado/2018.2/common/technology/xilinx/ip/xfft.gen 
Execute           source C:/Xilinx/Vivado/2018.2/common/technology/xilinx/ip/xfir.gen 
Execute         source C:/Xilinx/Vivado/2018.2/common/technology/xilinx/common/dsp48.gen 
Execute     open_platform DefaultPlatform 
Execute     import_lib C:/Xilinx/Vivado/2018.2/common/technology/xilinx/zynq/zynq_fpv6 
Execute       source C:/Xilinx/Vivado/2018.2/common/technology/xilinx/common/xilinx_fpv7.lib 
Execute         source C:/Xilinx/Vivado/2018.2/common/technology/xilinx/common/xilinx_hp.lib 
Execute       source C:/Xilinx/Vivado/2018.2/common/technology/xilinx/common/xilinx_fpv.hlp 
Execute         source C:/Xilinx/Vivado/2018.2/common/technology/xilinx/common/xilinx.hlp 
Execute           source C:/Xilinx/Vivado/2018.2/common/technology/xilinx/common/target_info.tcl 
Execute           source C:/Xilinx/Vivado/2018.2/common/technology/xilinx/interface/xilinx_interface.hlp 
Execute             source C:/Xilinx/Vivado/2018.2/common/technology/xilinx/interface/maxi.hlp 
Execute             source C:/Xilinx/Vivado/2018.2/common/technology/xilinx/interface/saxilite.hlp 
Execute           source C:/Xilinx/Vivado/2018.2/common/technology/xilinx/common/dsp48.hlp 
Execute       source C:/Xilinx/Vivado/2018.2/common/technology/xilinx/zynq/zynq_hp.hlp 
Execute     source C:/Xilinx/Vivado/2018.2/common/technology/xilinx/zynq/zynq_fpv6.gen 
Execute       source C:/Xilinx/Vivado/2018.2/common/technology/xilinx/common/xilinx_fpv6.gen 
Execute     set_part xc7z020clg484-1 
Execute       add_library xilinx/zynq/zynq:xc7z020:clg484:-1 
Execute         get_default_platform 
Execute         license_isbetapart xc7z020 
Command         license_isbetapart done; error code: 1; 
Execute         get_default_platform 
Execute         config_chip_info -quiet -resource  {SLICE 13300}  {LUT 53200}     {FF 106400} {DSP48E 220}   {BRAM 280}  
Execute         config_chip_info -quiet -speed slow 
Execute       add_library xilinx/zynq/zynq_fpv6 
Execute         get_default_platform 
INFO: [HLS 200-10] Setting target device to 'xc7z020clg484-1'
Execute       get_default_platform 
Execute     get_default_platform 
Execute     config_chip_info -quiet -resource  {SLICE 13300}  {LUT 53200}     {FF 106400} {DSP48E 220}   {BRAM 280}  
Execute     config_chip_info -quiet -speed slow 
Command   open_solution done; 0.269 sec.
Execute   set_part xc7z020clg484-1 -tool vivado 
Execute     add_library xilinx/zynq/zynq:xc7z020:clg484:-1 
Execute       get_default_platform 
Execute       license_isbetapart xc7z020 
Command       license_isbetapart done; error code: 1; 
Execute       get_default_platform 
Execute       config_chip_info -quiet -resource  {SLICE 13300}  {LUT 53200}     {FF 106400} {DSP48E 220}   {BRAM 280}  
Execute       config_chip_info -quiet -speed slow 
Execute     add_library xilinx/zynq/zynq_fpv6 
Execute       get_default_platform 
Execute     get_default_platform 
Execute   create_clock -period 10 -name default 
Execute   source ./SVM_Accelerator_HLS_Cordic_Optimized/solution1/directives.tcl 
Execute     set_directive_unroll compute_exp/compute_exp_label0 
INFO-FLOW: Setting directive 'UNROLL' 
Execute   csynth_design 
Execute     get_config_compile -effort 
Execute     get_config_compile -enable_clang39 
Execute     get_config_compile -g 
Execute     get_config_compile -lm 
Execute     get_config_compile -ng 
Execute     get_config_compile -opt_fp 
Execute     get_config_compile -skip_cdt 
Execute     get_config_compile -skip_syncheck 
Execute     get_config_compile -skip_transform 
Execute     get_config_compile -keep_printf 
Execute     elaborate -effort=medium -skip_syncheck=0 -keep_printf=0 -lm=0 -skip_cdt=0 -skip_transform=0 -ng=0 -g=0 -opt_fp=0 -from_csynth_design=1 
Execute       get_config_schedule -relax_ii_for_timing 
Execute       get_config_schedule -suppress_dependence_error_break 
WARNING: [HLS 200-40] Cannot find source file alphas.h; skipping it.
INFO: [HLS 200-10] Analyzing design file 'SVM_Accelerator_HLS_Cordic_GoodMSE_FixedPoint/Classifier.cpp' ... 
INFO-FLOW: Compiling one TU...
Execute       is_m_axi_addr64 
INFO-FLOW: Handling SVM_Accelerator_HLS_Cordic_GoodMSE_FixedPoint/Classifier.cpp as C++
Execute       get_default_platform 
Execute       is_encrypted SVM_Accelerator_HLS_Cordic_GoodMSE_FixedPoint/Classifier.cpp 
Execute       get_default_platform 
INFO-FLOW: Source preprocessing
Execute       clang  -fno-limit-debug-info -gcc-toolchain "C:/Xilinx/Vivado/2018.2/msys" -hls  -fno-exceptions  -D__llvm__  -E "SVM_Accelerator_HLS_Cordic_GoodMSE_FixedPoint/Classifier.cpp"     -fno-math-errno -c -emit-llvm -O0  -mllvm -disable-llvm-optzns -fno-threadsafe-statics  -fno-use-cxa-atexit  -fno-threadsafe-statics -fno-use-cxa-atexit -D__CLANG_3_1__ -D__cdecl= -DAESL_SYN -D__SYNTHESIS__ -D__HLS_SYN__ -I "C:/Xilinx/Vivado/2018.2/common/technology/autopilot" -I "C:/Xilinx/Vivado/2018.2/common/technology/autopilot/ap_sysc" -include etc/autopilot_ssdm_op.h -D__DSP48E1__  -o "C:/Users/josep/Documents/ADSD/SVM_Accelerator_HLS_Cordic_Optimized/solution1/.autopilot/db/Classifier.pp.0.cpp" 
INFO-FLOW: exec C:/Xilinx/Vivado/2018.2/win64/tools/clang/bin/clang -fno-limit-debug-info -gcc-toolchain C:/Xilinx/Vivado/2018.2/msys -hls -fno-exceptions -D__llvm__ -E SVM_Accelerator_HLS_Cordic_GoodMSE_FixedPoint/Classifier.cpp -fno-math-errno -c -emit-llvm -O0 -mllvm -disable-llvm-optzns -fno-threadsafe-statics -fno-use-cxa-atexit -fno-threadsafe-statics -fno-use-cxa-atexit -D__CLANG_3_1__ -D__cdecl= -DAESL_SYN -D__SYNTHESIS__ -D__HLS_SYN__ -I C:/Xilinx/Vivado/2018.2/common/technology/autopilot -I C:/Xilinx/Vivado/2018.2/common/technology/autopilot/ap_sysc -include etc/autopilot_ssdm_op.h -D__DSP48E1__ -o C:/Users/josep/Documents/ADSD/SVM_Accelerator_HLS_Cordic_Optimized/solution1/.autopilot/db/Classifier.pp.0.cpp
Command       clang done; 1.713 sec.
INFO-FLOW: Syntax Checking before pre-processing...
Execute       clang  -fno-limit-debug-info -gcc-toolchain "C:/Xilinx/Vivado/2018.2/msys" -hls    -fno-math-errno -c -emit-llvm -O0  -mllvm -disable-llvm-optzns -fno-threadsafe-statics  -fno-use-cxa-atexit  -fno-threadsafe-statics -fno-use-cxa-atexit -D__CLANG_3_1__ -D__cdecl= -DAESL_SYN -D__SYNTHESIS__ -D__HLS_SYN__ -I "C:/Xilinx/Vivado/2018.2/common/technology/autopilot" -I "C:/Xilinx/Vivado/2018.2/common/technology/autopilot/ap_sysc" -include etc/autopilot_ssdm_op.h -D__DSP48E1__  "C:/Users/josep/Documents/ADSD/SVM_Accelerator_HLS_Cordic_Optimized/solution1/.autopilot/db/Classifier.pp.0.cpp"  -o "C:/Users/josep/Documents/ADSD/SVM_Accelerator_HLS_Cordic_Optimized/solution1/.autopilot/db/useless.bc"  
INFO-FLOW: exec C:/Xilinx/Vivado/2018.2/win64/tools/clang/bin/clang -fno-limit-debug-info -gcc-toolchain C:/Xilinx/Vivado/2018.2/msys -hls -fno-math-errno -c -emit-llvm -O0 -mllvm -disable-llvm-optzns -fno-threadsafe-statics -fno-use-cxa-atexit -fno-threadsafe-statics -fno-use-cxa-atexit -D__CLANG_3_1__ -D__cdecl= -DAESL_SYN -D__SYNTHESIS__ -D__HLS_SYN__ -I C:/Xilinx/Vivado/2018.2/common/technology/autopilot -I C:/Xilinx/Vivado/2018.2/common/technology/autopilot/ap_sysc -include etc/autopilot_ssdm_op.h -D__DSP48E1__ C:/Users/josep/Documents/ADSD/SVM_Accelerator_HLS_Cordic_Optimized/solution1/.autopilot/db/Classifier.pp.0.cpp -o C:/Users/josep/Documents/ADSD/SVM_Accelerator_HLS_Cordic_Optimized/solution1/.autopilot/db/useless.bc
Command       clang done; 3.947 sec.
INFO-FLOW: GCC PP time: 5 seconds per iteration
INFO-FLOW: Setting directive 'UNROLL' 
INFO-FLOW: Setting directive 'UNROLL' 
Execute       list_core -type functional_unit 
Execute       tidy_31 xilinx-systemc-detector C:/Users/josep/Documents/ADSD/SVM_Accelerator_HLS_Cordic_Optimized/solution1/.autopilot/db/Classifier.pp.0.cpp std=gnu++98 -directive=C:/Users/josep/Documents/ADSD/SVM_Accelerator_HLS_Cordic_Optimized/solution1/.autopilot/db/.systemc_flag 
INFO-FLOW: exec C:/Xilinx/Vivado/2018.2/win64/tools/clang-3.9-csynth/bin/tidy-3.1 -header-filter=.* --checks=-*,xilinx-systemc-detector -import-directive=C:/Users/josep/Documents/ADSD/SVM_Accelerator_HLS_Cordic_Optimized/solution1/.autopilot/db/.systemc_flag -quiet -fix-errors C:/Users/josep/Documents/ADSD/SVM_Accelerator_HLS_Cordic_Optimized/solution1/.autopilot/db/Classifier.pp.0.cpp -- -std=gnu++98 -fhls -ferror-limit=0
Command       tidy_31 done; 4.058 sec.
INFO-FLOW: CDT Preprocessing with tidy-3.1...
Execute       tidy_31 xilinx-directive2pragma C:/Users/josep/Documents/ADSD/SVM_Accelerator_HLS_Cordic_Optimized/solution1/.autopilot/db/Classifier.pp.0.cpp std=gnu++98 -directive=C:/Users/josep/Documents/ADSD/SVM_Accelerator_HLS_Cordic_Optimized/solution1/solution1.json 
INFO-FLOW: exec C:/Xilinx/Vivado/2018.2/win64/tools/clang-3.9-csynth/bin/tidy-3.1 -header-filter=.* --checks=-*,xilinx-directive2pragma -import-directive=C:/Users/josep/Documents/ADSD/SVM_Accelerator_HLS_Cordic_Optimized/solution1/solution1.json -quiet -fix-errors C:/Users/josep/Documents/ADSD/SVM_Accelerator_HLS_Cordic_Optimized/solution1/.autopilot/db/Classifier.pp.0.cpp -- -std=gnu++98 -fhls -ferror-limit=0
Command       tidy_31 done; 3.932 sec.
Execute       get_config_dataflow -strict_mode 
Execute       ap_eval exec -ignorestderr C:/Xilinx/Vivado/2018.2/win64/tools/clang-3.9-csynth/bin/xilinx-dataflow-lawyer -export-fixes=C:/Users/josep/Documents/ADSD/SVM_Accelerator_HLS_Cordic_Optimized/solution1/.autopilot/db/xilinx-dataflow-lawyer.Classifier.pp.0.cpp.diag.yml C:/Users/josep/Documents/ADSD/SVM_Accelerator_HLS_Cordic_Optimized/solution1/.autopilot/db/Classifier.pp.0.cpp -- -std=gnu++98 -fhls -ferror-limit=0 -fstrict-dataflow > C:/Users/josep/Documents/ADSD/SVM_Accelerator_HLS_Cordic_Optimized/solution1/.autopilot/db/xilinx-dataflow-lawyer.Classifier.pp.0.cpp.out.log 2> C:/Users/josep/Documents/ADSD/SVM_Accelerator_HLS_Cordic_Optimized/solution1/.autopilot/db/xilinx-dataflow-lawyer.Classifier.pp.0.cpp.err.log 
Command       ap_eval done; 4.185 sec.
Execute       tidy_31 -errorcheck xilinx-constantarray-param,xilinx-resource-pragma-transformer C:/Users/josep/Documents/ADSD/SVM_Accelerator_HLS_Cordic_Optimized/solution1/.autopilot/db/Classifier.pp.0.cpp std=gnu++98 
INFO-FLOW: exec C:/Xilinx/Vivado/2018.2/win64/tools/clang-3.9-csynth/bin/tidy-3.1 -header-filter=.* --checks=-*,xilinx-constantarray-param,xilinx-resource-pragma-transformer -quiet -fix-errors C:/Users/josep/Documents/ADSD/SVM_Accelerator_HLS_Cordic_Optimized/solution1/.autopilot/db/Classifier.pp.0.cpp -- -std=gnu++98 -fhls -ferror-limit=0
INFO-FLOW: exec C:/Xilinx/Vivado/2018.2/win64/tools/clang-3.9-csynth/bin/xilinx-legacy-rewriter C:/Users/josep/Documents/ADSD/SVM_Accelerator_HLS_Cordic_Optimized/solution1/.autopilot/db/Classifier.pp.0.cpp -- -std=gnu++98 -fhls -ferror-limit=0
Command       tidy_31 done; 8.736 sec.
INFO-FLOW: tidy-3.1 time 16 seconds per iteration
INFO-FLOW: Pragma Handling...
Execute       tidy_31 xilinx-ssdm-intrinsics-arguments C:/Users/josep/Documents/ADSD/SVM_Accelerator_HLS_Cordic_Optimized/solution1/.autopilot/db/Classifier.pragma.1.cpp std=gnu++98 
INFO-FLOW: exec C:/Xilinx/Vivado/2018.2/win64/tools/clang-3.9-csynth/bin/tidy-3.1 -header-filter=.* --checks=-*,xilinx-ssdm-intrinsics-arguments -quiet -fix-errors C:/Users/josep/Documents/ADSD/SVM_Accelerator_HLS_Cordic_Optimized/solution1/.autopilot/db/Classifier.pragma.1.cpp -- -std=gnu++98 -fhls -ferror-limit=0
Command       tidy_31 done; 4.448 sec.
INFO-FLOW: Source preprocessing
Execute       clang  -fno-limit-debug-info -gcc-toolchain "C:/Xilinx/Vivado/2018.2/msys" -hls  -fno-exceptions  -D__llvm__  -E "C:/Users/josep/Documents/ADSD/SVM_Accelerator_HLS_Cordic_Optimized/solution1/.autopilot/db/Classifier.pragma.1.cpp"     -fno-math-errno -c -emit-llvm -O0  -mllvm -disable-llvm-optzns -fno-threadsafe-statics  -fno-use-cxa-atexit  -fno-threadsafe-statics -fno-use-cxa-atexit -D__CLANG_3_1__ -D__cdecl= -DAESL_SYN -D__SYNTHESIS__ -D__HLS_SYN__ -I "C:/Xilinx/Vivado/2018.2/common/technology/autopilot" -I "C:/Xilinx/Vivado/2018.2/common/technology/autopilot/ap_sysc" -include etc/autopilot_ssdm_op.h -D__DSP48E1__  -o "C:/Users/josep/Documents/ADSD/SVM_Accelerator_HLS_Cordic_Optimized/solution1/.autopilot/db/Classifier.pragma.2.cpp" 
INFO-FLOW: exec C:/Xilinx/Vivado/2018.2/win64/tools/clang/bin/clang -fno-limit-debug-info -gcc-toolchain C:/Xilinx/Vivado/2018.2/msys -hls -fno-exceptions -D__llvm__ -E C:/Users/josep/Documents/ADSD/SVM_Accelerator_HLS_Cordic_Optimized/solution1/.autopilot/db/Classifier.pragma.1.cpp -fno-math-errno -c -emit-llvm -O0 -mllvm -disable-llvm-optzns -fno-threadsafe-statics -fno-use-cxa-atexit -fno-threadsafe-statics -fno-use-cxa-atexit -D__CLANG_3_1__ -D__cdecl= -DAESL_SYN -D__SYNTHESIS__ -D__HLS_SYN__ -I C:/Xilinx/Vivado/2018.2/common/technology/autopilot -I C:/Xilinx/Vivado/2018.2/common/technology/autopilot/ap_sysc -include etc/autopilot_ssdm_op.h -D__DSP48E1__ -o C:/Users/josep/Documents/ADSD/SVM_Accelerator_HLS_Cordic_Optimized/solution1/.autopilot/db/Classifier.pragma.2.cpp
Command       clang done; 0.387 sec.
Execute       get_default_platform 
INFO-FLOW: Processing labels
Execute       clang -src C:/Users/josep/Documents/ADSD/SVM_Accelerator_HLS_Cordic_Optimized/solution1/.autopilot/db/Classifier.pragma.2.cpp  -fno-limit-debug-info -gcc-toolchain C:/Xilinx/Vivado/2018.2/msys -hls -hls-analyze-label -hls-analyze-pragma -fno-exceptions  -D__llvm__  -w  "C:/Users/josep/Documents/ADSD/SVM_Accelerator_HLS_Cordic_Optimized/solution1/.autopilot/db/Classifier.pragma.2.cpp"    -fno-math-errno -c -emit-llvm -O0  -mllvm -disable-llvm-optzns -fno-threadsafe-statics  -fno-use-cxa-atexit -DAESL_SYN -D__SYNTHESIS__ -D__HLS_SYN__ -I "C:/Xilinx/Vivado/2018.2/common/technology/autopilot" -I "C:/Xilinx/Vivado/2018.2/common/technology/autopilot/ap_sysc" -include etc/autopilot_ssdm_op.h -D__DSP48E1__ -g -o "C:/Users/josep/Documents/ADSD/SVM_Accelerator_HLS_Cordic_Optimized/solution1/.autopilot/db/Classifier.bc" 
INFO-FLOW: exec C:/Xilinx/Vivado/2018.2/win64/tools/clang/bin/clang -fno-limit-debug-info -gcc-toolchain C:/Xilinx/Vivado/2018.2/msys -hls -hls-analyze-label -hls-analyze-pragma -fno-exceptions -D__llvm__ -w C:/Users/josep/Documents/ADSD/SVM_Accelerator_HLS_Cordic_Optimized/solution1/.autopilot/db/Classifier.pragma.2.cpp -fno-math-errno -c -emit-llvm -O0 -mllvm -disable-llvm-optzns -fno-threadsafe-statics -fno-use-cxa-atexit -DAESL_SYN -D__SYNTHESIS__ -D__HLS_SYN__ -I C:/Xilinx/Vivado/2018.2/common/technology/autopilot -I C:/Xilinx/Vivado/2018.2/common/technology/autopilot/ap_sysc -include etc/autopilot_ssdm_op.h -D__DSP48E1__ -g -o C:/Users/josep/Documents/ADSD/SVM_Accelerator_HLS_Cordic_Optimized/solution1/.autopilot/db/Classifier.bc
Command       clang done; 3.977 sec.
INFO: [HLS 200-10] Analyzing design file 'SVM_Accelerator_HLS_Cordic_GoodMSE_FixedPoint/Exp.cpp' ... 
INFO-FLOW: Compiling one TU...
Execute       is_m_axi_addr64 
INFO-FLOW: Handling SVM_Accelerator_HLS_Cordic_GoodMSE_FixedPoint/Exp.cpp as C++
Execute       get_default_platform 
Execute       is_encrypted SVM_Accelerator_HLS_Cordic_GoodMSE_FixedPoint/Exp.cpp 
Execute       get_default_platform 
INFO-FLOW: Source preprocessing
Execute       clang  -fno-limit-debug-info -gcc-toolchain "C:/Xilinx/Vivado/2018.2/msys" -hls  -fno-exceptions  -D__llvm__  -E "SVM_Accelerator_HLS_Cordic_GoodMSE_FixedPoint/Exp.cpp"     -fno-math-errno -c -emit-llvm -O0  -mllvm -disable-llvm-optzns -fno-threadsafe-statics  -fno-use-cxa-atexit  -fno-threadsafe-statics -fno-use-cxa-atexit -D__CLANG_3_1__ -D__cdecl= -DAESL_SYN -D__SYNTHESIS__ -D__HLS_SYN__ -I "C:/Xilinx/Vivado/2018.2/common/technology/autopilot" -I "C:/Xilinx/Vivado/2018.2/common/technology/autopilot/ap_sysc" -include etc/autopilot_ssdm_op.h -D__DSP48E1__  -o "C:/Users/josep/Documents/ADSD/SVM_Accelerator_HLS_Cordic_Optimized/solution1/.autopilot/db/Exp.pp.0.cpp" 
INFO-FLOW: exec C:/Xilinx/Vivado/2018.2/win64/tools/clang/bin/clang -fno-limit-debug-info -gcc-toolchain C:/Xilinx/Vivado/2018.2/msys -hls -fno-exceptions -D__llvm__ -E SVM_Accelerator_HLS_Cordic_GoodMSE_FixedPoint/Exp.cpp -fno-math-errno -c -emit-llvm -O0 -mllvm -disable-llvm-optzns -fno-threadsafe-statics -fno-use-cxa-atexit -fno-threadsafe-statics -fno-use-cxa-atexit -D__CLANG_3_1__ -D__cdecl= -DAESL_SYN -D__SYNTHESIS__ -D__HLS_SYN__ -I C:/Xilinx/Vivado/2018.2/common/technology/autopilot -I C:/Xilinx/Vivado/2018.2/common/technology/autopilot/ap_sysc -include etc/autopilot_ssdm_op.h -D__DSP48E1__ -o C:/Users/josep/Documents/ADSD/SVM_Accelerator_HLS_Cordic_Optimized/solution1/.autopilot/db/Exp.pp.0.cpp
Command       clang done; 0.381 sec.
INFO-FLOW: Syntax Checking before pre-processing...
Execute       clang  -fno-limit-debug-info -gcc-toolchain "C:/Xilinx/Vivado/2018.2/msys" -hls    -fno-math-errno -c -emit-llvm -O0  -mllvm -disable-llvm-optzns -fno-threadsafe-statics  -fno-use-cxa-atexit  -fno-threadsafe-statics -fno-use-cxa-atexit -D__CLANG_3_1__ -D__cdecl= -DAESL_SYN -D__SYNTHESIS__ -D__HLS_SYN__ -I "C:/Xilinx/Vivado/2018.2/common/technology/autopilot" -I "C:/Xilinx/Vivado/2018.2/common/technology/autopilot/ap_sysc" -include etc/autopilot_ssdm_op.h -D__DSP48E1__  "C:/Users/josep/Documents/ADSD/SVM_Accelerator_HLS_Cordic_Optimized/solution1/.autopilot/db/Exp.pp.0.cpp"  -o "C:/Users/josep/Documents/ADSD/SVM_Accelerator_HLS_Cordic_Optimized/solution1/.autopilot/db/useless.bc"  
INFO-FLOW: exec C:/Xilinx/Vivado/2018.2/win64/tools/clang/bin/clang -fno-limit-debug-info -gcc-toolchain C:/Xilinx/Vivado/2018.2/msys -hls -fno-math-errno -c -emit-llvm -O0 -mllvm -disable-llvm-optzns -fno-threadsafe-statics -fno-use-cxa-atexit -fno-threadsafe-statics -fno-use-cxa-atexit -D__CLANG_3_1__ -D__cdecl= -DAESL_SYN -D__SYNTHESIS__ -D__HLS_SYN__ -I C:/Xilinx/Vivado/2018.2/common/technology/autopilot -I C:/Xilinx/Vivado/2018.2/common/technology/autopilot/ap_sysc -include etc/autopilot_ssdm_op.h -D__DSP48E1__ C:/Users/josep/Documents/ADSD/SVM_Accelerator_HLS_Cordic_Optimized/solution1/.autopilot/db/Exp.pp.0.cpp -o C:/Users/josep/Documents/ADSD/SVM_Accelerator_HLS_Cordic_Optimized/solution1/.autopilot/db/useless.bc
Command       clang done; 0.635 sec.
INFO-FLOW: GCC PP time: 1 seconds per iteration
INFO-FLOW: Setting directive 'UNROLL' 
INFO-FLOW: Setting directive 'UNROLL' 
Execute       list_core -type functional_unit 
Execute       tidy_31 xilinx-systemc-detector C:/Users/josep/Documents/ADSD/SVM_Accelerator_HLS_Cordic_Optimized/solution1/.autopilot/db/Exp.pp.0.cpp std=gnu++98 -directive=C:/Users/josep/Documents/ADSD/SVM_Accelerator_HLS_Cordic_Optimized/solution1/.autopilot/db/.systemc_flag 
INFO-FLOW: exec C:/Xilinx/Vivado/2018.2/win64/tools/clang-3.9-csynth/bin/tidy-3.1 -header-filter=.* --checks=-*,xilinx-systemc-detector -import-directive=C:/Users/josep/Documents/ADSD/SVM_Accelerator_HLS_Cordic_Optimized/solution1/.autopilot/db/.systemc_flag -quiet -fix-errors C:/Users/josep/Documents/ADSD/SVM_Accelerator_HLS_Cordic_Optimized/solution1/.autopilot/db/Exp.pp.0.cpp -- -std=gnu++98 -fhls -ferror-limit=0
Command       tidy_31 done; 0.414 sec.
INFO-FLOW: CDT Preprocessing with tidy-3.1...
Execute       tidy_31 xilinx-directive2pragma C:/Users/josep/Documents/ADSD/SVM_Accelerator_HLS_Cordic_Optimized/solution1/.autopilot/db/Exp.pp.0.cpp std=gnu++98 -directive=C:/Users/josep/Documents/ADSD/SVM_Accelerator_HLS_Cordic_Optimized/solution1/solution1.json 
INFO-FLOW: exec C:/Xilinx/Vivado/2018.2/win64/tools/clang-3.9-csynth/bin/tidy-3.1 -header-filter=.* --checks=-*,xilinx-directive2pragma -import-directive=C:/Users/josep/Documents/ADSD/SVM_Accelerator_HLS_Cordic_Optimized/solution1/solution1.json -quiet -fix-errors C:/Users/josep/Documents/ADSD/SVM_Accelerator_HLS_Cordic_Optimized/solution1/.autopilot/db/Exp.pp.0.cpp -- -std=gnu++98 -fhls -ferror-limit=0
Command       tidy_31 done; 0.696 sec.
Execute       get_config_dataflow -strict_mode 
Execute       ap_eval exec -ignorestderr C:/Xilinx/Vivado/2018.2/win64/tools/clang-3.9-csynth/bin/xilinx-dataflow-lawyer -export-fixes=C:/Users/josep/Documents/ADSD/SVM_Accelerator_HLS_Cordic_Optimized/solution1/.autopilot/db/xilinx-dataflow-lawyer.Exp.pp.0.cpp.diag.yml C:/Users/josep/Documents/ADSD/SVM_Accelerator_HLS_Cordic_Optimized/solution1/.autopilot/db/Exp.pp.0.cpp -- -std=gnu++98 -fhls -ferror-limit=0 -fstrict-dataflow > C:/Users/josep/Documents/ADSD/SVM_Accelerator_HLS_Cordic_Optimized/solution1/.autopilot/db/xilinx-dataflow-lawyer.Exp.pp.0.cpp.out.log 2> C:/Users/josep/Documents/ADSD/SVM_Accelerator_HLS_Cordic_Optimized/solution1/.autopilot/db/xilinx-dataflow-lawyer.Exp.pp.0.cpp.err.log 
Command       ap_eval done; 0.429 sec.
Execute       tidy_31 -errorcheck xilinx-constantarray-param,xilinx-resource-pragma-transformer C:/Users/josep/Documents/ADSD/SVM_Accelerator_HLS_Cordic_Optimized/solution1/.autopilot/db/Exp.pp.0.cpp std=gnu++98 
INFO-FLOW: exec C:/Xilinx/Vivado/2018.2/win64/tools/clang-3.9-csynth/bin/tidy-3.1 -header-filter=.* --checks=-*,xilinx-constantarray-param,xilinx-resource-pragma-transformer -quiet -fix-errors C:/Users/josep/Documents/ADSD/SVM_Accelerator_HLS_Cordic_Optimized/solution1/.autopilot/db/Exp.pp.0.cpp -- -std=gnu++98 -fhls -ferror-limit=0
INFO-FLOW: exec C:/Xilinx/Vivado/2018.2/win64/tools/clang-3.9-csynth/bin/xilinx-legacy-rewriter C:/Users/josep/Documents/ADSD/SVM_Accelerator_HLS_Cordic_Optimized/solution1/.autopilot/db/Exp.pp.0.cpp -- -std=gnu++98 -fhls -ferror-limit=0
Command       tidy_31 done; 0.859 sec.
INFO-FLOW: tidy-3.1 time 1 seconds per iteration
INFO-FLOW: Pragma Handling...
Execute       tidy_31 xilinx-ssdm-intrinsics-arguments C:/Users/josep/Documents/ADSD/SVM_Accelerator_HLS_Cordic_Optimized/solution1/.autopilot/db/Exp.pragma.1.cpp std=gnu++98 
INFO-FLOW: exec C:/Xilinx/Vivado/2018.2/win64/tools/clang-3.9-csynth/bin/tidy-3.1 -header-filter=.* --checks=-*,xilinx-ssdm-intrinsics-arguments -quiet -fix-errors C:/Users/josep/Documents/ADSD/SVM_Accelerator_HLS_Cordic_Optimized/solution1/.autopilot/db/Exp.pragma.1.cpp -- -std=gnu++98 -fhls -ferror-limit=0
Command       tidy_31 done; 0.527 sec.
INFO-FLOW: Source preprocessing
Execute       clang  -fno-limit-debug-info -gcc-toolchain "C:/Xilinx/Vivado/2018.2/msys" -hls  -fno-exceptions  -D__llvm__  -E "C:/Users/josep/Documents/ADSD/SVM_Accelerator_HLS_Cordic_Optimized/solution1/.autopilot/db/Exp.pragma.1.cpp"     -fno-math-errno -c -emit-llvm -O0  -mllvm -disable-llvm-optzns -fno-threadsafe-statics  -fno-use-cxa-atexit  -fno-threadsafe-statics -fno-use-cxa-atexit -D__CLANG_3_1__ -D__cdecl= -DAESL_SYN -D__SYNTHESIS__ -D__HLS_SYN__ -I "C:/Xilinx/Vivado/2018.2/common/technology/autopilot" -I "C:/Xilinx/Vivado/2018.2/common/technology/autopilot/ap_sysc" -include etc/autopilot_ssdm_op.h -D__DSP48E1__  -o "C:/Users/josep/Documents/ADSD/SVM_Accelerator_HLS_Cordic_Optimized/solution1/.autopilot/db/Exp.pragma.2.cpp" 
INFO-FLOW: exec C:/Xilinx/Vivado/2018.2/win64/tools/clang/bin/clang -fno-limit-debug-info -gcc-toolchain C:/Xilinx/Vivado/2018.2/msys -hls -fno-exceptions -D__llvm__ -E C:/Users/josep/Documents/ADSD/SVM_Accelerator_HLS_Cordic_Optimized/solution1/.autopilot/db/Exp.pragma.1.cpp -fno-math-errno -c -emit-llvm -O0 -mllvm -disable-llvm-optzns -fno-threadsafe-statics -fno-use-cxa-atexit -fno-threadsafe-statics -fno-use-cxa-atexit -D__CLANG_3_1__ -D__cdecl= -DAESL_SYN -D__SYNTHESIS__ -D__HLS_SYN__ -I C:/Xilinx/Vivado/2018.2/common/technology/autopilot -I C:/Xilinx/Vivado/2018.2/common/technology/autopilot/ap_sysc -include etc/autopilot_ssdm_op.h -D__DSP48E1__ -o C:/Users/josep/Documents/ADSD/SVM_Accelerator_HLS_Cordic_Optimized/solution1/.autopilot/db/Exp.pragma.2.cpp
Command       clang done; 0.388 sec.
Execute       get_default_platform 
INFO-FLOW: Processing labels
Execute       clang -src C:/Users/josep/Documents/ADSD/SVM_Accelerator_HLS_Cordic_Optimized/solution1/.autopilot/db/Exp.pragma.2.cpp  -fno-limit-debug-info -gcc-toolchain C:/Xilinx/Vivado/2018.2/msys -hls -hls-analyze-label -hls-analyze-pragma -fno-exceptions  -D__llvm__  -w  "C:/Users/josep/Documents/ADSD/SVM_Accelerator_HLS_Cordic_Optimized/solution1/.autopilot/db/Exp.pragma.2.cpp"    -fno-math-errno -c -emit-llvm -O0  -mllvm -disable-llvm-optzns -fno-threadsafe-statics  -fno-use-cxa-atexit -DAESL_SYN -D__SYNTHESIS__ -D__HLS_SYN__ -I "C:/Xilinx/Vivado/2018.2/common/technology/autopilot" -I "C:/Xilinx/Vivado/2018.2/common/technology/autopilot/ap_sysc" -include etc/autopilot_ssdm_op.h -D__DSP48E1__ -g -o "C:/Users/josep/Documents/ADSD/SVM_Accelerator_HLS_Cordic_Optimized/solution1/.autopilot/db/Exp.bc" 
INFO-FLOW: exec C:/Xilinx/Vivado/2018.2/win64/tools/clang/bin/clang -fno-limit-debug-info -gcc-toolchain C:/Xilinx/Vivado/2018.2/msys -hls -hls-analyze-label -hls-analyze-pragma -fno-exceptions -D__llvm__ -w C:/Users/josep/Documents/ADSD/SVM_Accelerator_HLS_Cordic_Optimized/solution1/.autopilot/db/Exp.pragma.2.cpp -fno-math-errno -c -emit-llvm -O0 -mllvm -disable-llvm-optzns -fno-threadsafe-statics -fno-use-cxa-atexit -DAESL_SYN -D__SYNTHESIS__ -D__HLS_SYN__ -I C:/Xilinx/Vivado/2018.2/common/technology/autopilot -I C:/Xilinx/Vivado/2018.2/common/technology/autopilot/ap_sysc -include etc/autopilot_ssdm_op.h -D__DSP48E1__ -g -o C:/Users/josep/Documents/ADSD/SVM_Accelerator_HLS_Cordic_Optimized/solution1/.autopilot/db/Exp.bc
Command       clang done; 0.619 sec.
INFO-FLOW: Linking Debug ...
Execute       llvm-ld C:/Users/josep/Documents/ADSD/SVM_Accelerator_HLS_Cordic_Optimized/solution1/.autopilot/db/Classifier.g.bc C:/Users/josep/Documents/ADSD/SVM_Accelerator_HLS_Cordic_Optimized/solution1/.autopilot/db/Exp.g.bc -hls-opt -except-internalize classify -LC:/Xilinx/Vivado/2018.2/win64/lib -lhlsm -lhlsmc++ -o C:/Users/josep/Documents/ADSD/SVM_Accelerator_HLS_Cordic_Optimized/solution1/.autopilot/db/a.g 
Command       llvm-ld done; 3.128 sec.
INFO: [HLS 200-111] Finished Linking Time (s): cpu = 00:00:01 ; elapsed = 00:00:46 . Memory (MB): peak = 102.691 ; gain = 46.250
INFO: [HLS 200-111] Finished Checking Pragmas Time (s): cpu = 00:00:01 ; elapsed = 00:00:46 . Memory (MB): peak = 102.691 ; gain = 46.250
Execute       ::config_rtl 
Execute       opt_and_import_c a -opt_level=2 -skip_syncheck=0 -ng=0 -keep_printf=0 
Execute         cleanup_all_models 
INFO: [HLS 200-10] Starting code transformations ...
Execute         transform -promote-dbg-pointer C:/Users/josep/Documents/ADSD/SVM_Accelerator_HLS_Cordic_Optimized/solution1/.autopilot/db/a.pp.bc -o C:/Users/josep/Documents/ADSD/SVM_Accelerator_HLS_Cordic_Optimized/solution1/.autopilot/db/a.pp.0.bc -f 
Command         transform done; 0.446 sec.
Execute         llvm-ld C:/Users/josep/Documents/ADSD/SVM_Accelerator_HLS_Cordic_Optimized/solution1/.autopilot/db/a.pp.0.bc -disable-opt -LC:/Xilinx/Vivado/2018.2/win64/lib -lfloatconversion -o C:/Users/josep/Documents/ADSD/SVM_Accelerator_HLS_Cordic_Optimized/solution1/.autopilot/db/a.g.0 
Command         llvm-ld done; 0.842 sec.
INFO-FLOW: Running Standard Transforms...
Execute         transform -hls -share-std-xform -demangle-name -inline-byval-memcpy -always-inline -promote-dbg-pointer -interface-preproc -scalarrepl -mem2reg -keep-read-access -instcombine -dce -promote-dbg-pointer -bitop-raise -loop-simplify -indvarspre -indvars -loop-simplify -xunroll -constprop -instcombine -simplifycfg -indvars -simplifycfg -dce -globaldce -basicaa -simplifycfg -mem2reg -globalopt -global-constprop -deadargelim -instcombine -simplifycfg -prune-eh -simplifycfg -scalarrepl -instcombine -reassociate -licm -simplifycfg -loop-simplify -indvars -instcombine -simplifycfg -mem2reg -loop-simplify -indvars -instcombine -gvn -gvn -instcombine -adce -break-crit-edges -simplifycfg -loop-delete -global-array-opt -dce -dse -adce -find-syn-modules -top classify -deadargelim -mem2reg -instcombine -dce -presyn-prepare -auto-rom-infer -interface-preproc -syn-check -check-rec-only -find-region -simplifycfg -func-extr -function-inline -globaldce -mem2reg -instcombine -dce -gvn -globaldce -adce -adse -constprop -instcombine -bit-constprop -instcombine -dce -simplifycfg -bitop-raise -simplifycfg -dce -loop-delete -reassociate -globalopt -global-privatize -mem2reg -dce -global-constprop -pointer-simplify -constprop -dce -func-inst -deadargelim -auto-shift-reg-idiom -promote-dbg-pointer -norm-name C:/Users/josep/Documents/ADSD/SVM_Accelerator_HLS_Cordic_Optimized/solution1/.autopilot/db/a.g.0.bc -o C:/Users/josep/Documents/ADSD/SVM_Accelerator_HLS_Cordic_Optimized/solution1/.autopilot/db/a.g.1.bc -f -phase std-opt 
INFO: [XFORM 203-603] Inlining function 'ap_fixed_base<32, 8, true, (ap_q_mode)5, (ap_o_mode)3, 0>::operator>>' into 'compute_exp' (SVM_Accelerator_HLS_Cordic_GoodMSE_FixedPoint/Exp.cpp:86).
INFO: [XFORM 203-603] Inlining function 'ap_fixed_base<32, 8, true, (ap_q_mode)5, (ap_o_mode)3, 0>::operator>>' into 'compute_exp' (SVM_Accelerator_HLS_Cordic_GoodMSE_FixedPoint/Exp.cpp:69).
INFO: [XFORM 203-603] Inlining function 'ap_fixed_base<32, 8, true, (ap_q_mode)5, (ap_o_mode)3, 0>::operator>>' into 'compute_exp' (SVM_Accelerator_HLS_Cordic_GoodMSE_FixedPoint/Exp.cpp:68).
INFO: [XFORM 203-603] Inlining function 'ap_fixed_base<32, 8, true, (ap_q_mode)5, (ap_o_mode)3, 0>::operator<<' into 'compute_exp' (SVM_Accelerator_HLS_Cordic_GoodMSE_FixedPoint/Exp.cpp:86).
INFO: [XFORM 203-603] Inlining function 'ap_fixed_base<33, 17, true, (ap_q_mode)5, (ap_o_mode)3, 0>::to_double' into 'classify' (SVM_Accelerator_HLS_Cordic_GoodMSE_FixedPoint/Classifier.cpp:28).
Command         transform done; 177.8 sec.
INFO: [HLS 200-111] Finished Standard Transforms Time (s): cpu = 00:02:12 ; elapsed = 00:03:45 . Memory (MB): peak = 703.320 ; gain = 646.879
INFO: [HLS 200-10] Checking synthesizability ...
INFO-FLOW: Checking Synthesizability 1/2..
Execute         transform -hls -syn-check -check-rec-only -disaggr -scalarrepl -norm-name -dce -mem2reg -instcombine -function-uniquify -directive-preproc -mem2reg -dse -dce -auto-rom-infer -dce -array-normalize -instcombine -dce -warn-fifo-pointer -array-seg-normalize -instcombine -dce -array-flatten -instcombine -dce -array-burst -dce -deadargelim -promote-global-argument -simplifycfg -mem2reg -globaldce -resolve-double-ptr -dce -deadargelim -dce -instcombine -function-inline -globaldce -dce -doublePtrSimplify -doublePtrElim -dce -doublePtrSimplify -promote-dbg-pointer -dce -scalarrepl -dse -adse -instcombine -ptrLegalization -simplifycfg -dce -instcombine -pointer-simplify -ptrArgReplace -dce -instcombine -disaggr -scalarrepl -norm-name -dce -mem2reg -instcombine -ptrLegalization -simplifycfg -deadargelim -instcombine -dce -inst-simplify -function-uniquify -directive-preproc -mem2reg -dse -dce -globaldce C:/Users/josep/Documents/ADSD/SVM_Accelerator_HLS_Cordic_Optimized/solution1/.autopilot/db/a.g.1.bc -o C:/Users/josep/Documents/ADSD/SVM_Accelerator_HLS_Cordic_Optimized/solution1/.autopilot/db/a.g.2.prechk.bc -f 
INFO: [XFORM 203-602] Inlining function 'floor_to_int<ap_fixed<40, 8, (ap_q_mode)5, (ap_o_mode)3, 0> >' into 'compute_exp' (SVM_Accelerator_HLS_Cordic_GoodMSE_FixedPoint/Exp.cpp:52) automatically.
Command         transform done; 0.144 sec.
INFO-FLOW: Checking Synthesizability 2/2..
Execute         transform -syn-check C:/Users/josep/Documents/ADSD/SVM_Accelerator_HLS_Cordic_Optimized/solution1/.autopilot/db/a.g.2.prechk.bc -o C:/Users/josep/Documents/ADSD/SVM_Accelerator_HLS_Cordic_Optimized/solution1/.autopilot/db/a.g.2.bc -f -phase syn-check 
INFO: [HLS 200-111] Finished Checking Synthesizability Time (s): cpu = 00:02:12 ; elapsed = 00:03:45 . Memory (MB): peak = 703.320 ; gain = 646.879
INFO-FLOW: Compiler optimizing ...
INFO-FLOW: Share syncheck's 1.bc for syn flow: copy C:/Users/josep/Documents/ADSD/SVM_Accelerator_HLS_Cordic_Optimized/solution1/.autopilot/db/a.g.1.bc to C:/Users/josep/Documents/ADSD/SVM_Accelerator_HLS_Cordic_Optimized/solution1/.autopilot/db/a.o.1.bc
INFO-FLOW: Presyn 1...
Execute         transform -hls -tmp C:/Users/josep/Documents/ADSD/SVM_Accelerator_HLS_Cordic_Optimized/solution1/.autopilot/db -interface-port-rename -type-info -function-uniquify -directive-preproc -mem2reg -dse -dce -disaggr -scalarrepl -norm-name -deadargelim -mem2reg -instcombine -dce -simplifycfg -auto-rom-infer -dce -function-uniquify -resource-proc -simplifycfg -mem2reg -globaldce -resolve-double-ptr -dce -deadargelim -dce -instcombine -clib-intrinsic-prepare -dce -func-buffer -dce -array-normalize -func-legal -instcombine -gvn -constprop -dce -ptrArgReplace -mem2reg -instcombine -dce -array-seg-normalize -deadargelim -instcombine -dce -pointer-simplify -dce -port-alignment -dce -interface-preproc -data-pack -instcombine -dce -basicaa -aggr-aa -aggrmodref-aa -aggr-aa -gvn -gvn -basicaa -aggr-aa -aggrmodref-aa -aggr-aa -dse -adse -adce -loop-simplify -indvars -instcombine -gvn -loop-simplify -mem2reg -dce -find-region -instcombine -auto-loop-pipeline -inst-simplify -interface-preproc -cfgopt -instcombine -indvars -auto-loop-unroll -loop-simplify -loop-bound -xunroll -constprop -instcombine -simplifycfg -indvars -simplifycfg -dce -globaldce -clean-region -attach-range -gvn -inst-simplify -constprop -simplifycfg -dce -pointer-simplify -dce -globalopt -constprop -dce -array-promote -constprop -instcombine -dce -ptrArgReplace -mem2reg -instcombine -simplifycfg -dce -auto-par -instcombine -dce -array-transform-check -array-reshape -instcombine -simplifycfg -dce -ptrArgReplace -deadargelim -mem2reg -instcombine -simplifycfg -dce -indvars -loop-simplify -loop-bound -xunroll -constprop -instcombine -simplifycfg -indvars -simplifycfg -dce -globaldce -duplicate-dataflow-processes -globaldce -instcombine -array-partition -instcombine -simplifycfg -dce -ptrArgReplace -global-constprop -deadargelim -mem2reg -func-legal -instcombine -dce -global-constprop -deadargelim -mem2reg -instcombine -simplifycfg -dce -merge-param -deadargelim -globalopt -constprop -dce -array-promote -constprop -instcombine -dce -ptrArgReplace -mem2reg -instcombine -simplifycfg -dce -mem-intrinsic-preproc -dce -global-internalize -global-privatize -mem2reg -globaldce -promote-global-argument -ptrArgReplace -mem2reg -instcombine -dce -globalopt -mergereturn -simplify-global-access -mem2reg -dce -pointer-simplify -dce -functionattrs -basicaa -aggr-aa -aggrmodref-aa -aggr-aa -gvn -gvn -basicaa -aggr-aa -aggrmodref-aa -aggr-aa -dse -adse -adce -inst-simplify -dce -norm-name -function-inline -globaldce -func-inst -constprop -instcombine -simplifycfg -dce -func-legal -dce -loop-bound -arraycheck -bitwidthmin -on-by-dataflow -loop-delete -instcombine -simplifycfg -globaldce -dce -gvn -deadargelim -dce -loop-simplify -clean-region -simplifycfg -propagate-stable-arguments -loop-stream -instcombine -simplifycfg -dce -globaldce -duplicate-dataflow-processes -stream-intrinsic-preproc -dce -check-ap-stream -loop-simplify -eliminate-keepreads -extract-dataflow-in-loop -loop-simplify -dce -gvn -deadargelim -dse -check-dataflow-syntax -legalize-stream-variable -legalize-global -extract-subproc -dce -dead-channel-elimination -canonicalize-gep -globaldce -dce -gvn -deadargelim -annotate-dataflow-channels -scalar-propagation -deadargelim -globaldce -mem2reg -check-dataflow-channels -function-stream -dce -globaldce -prop-fifo-spec -internal-stream-gen -canonicalize-gep -globaldce -dce -gvn -deadargelim -mergereturn -indvars -loop-simplify -instcombine -array-stream -array-seg-normalize -array-partition -func-legal -instcombine -simplifycfg -dce -bundle-memfifo-ops -deadargelim -function-uniquify -directive-preproc -mem2reg -dse -dce -group-axi-access -licm -simplifycfg -dce -loop-delete -norm-name C:/Users/josep/Documents/ADSD/SVM_Accelerator_HLS_Cordic_Optimized/solution1/.autopilot/db/a.o.1.bc -o C:/Users/josep/Documents/ADSD/SVM_Accelerator_HLS_Cordic_Optimized/solution1/.autopilot/db/a.o.1.tmp.bc -f 
INFO: [XFORM 203-501] Unrolling loop 'compute_exp_label0' (SVM_Accelerator_HLS_Cordic_GoodMSE_FixedPoint/Exp.cpp:63) in function 'compute_exp' completely.
INFO: [XFORM 203-602] Inlining function 'floor_to_int<ap_fixed<40, 8, (ap_q_mode)5, (ap_o_mode)3, 0> >' into 'compute_exp' (SVM_Accelerator_HLS_Cordic_GoodMSE_FixedPoint/Exp.cpp:52) automatically.
Command         transform done; 0.285 sec.
INFO-FLOW: Presyn 2...
Execute         transform -hls -keep-callgraph -scalarrepl -mem2reg -port-alignment -attach-range -dce -pipe-mux-gen -indvars -loop-bound -inst-simplify -instcombine -dce -merge-array-access -mem2reg -dce -clean-region -mergereturn -if-conv -instcombine -dce -constprop -basicaa -aggr-aa -aggrmodref-aa -aggr-aa -gvn -gvn -basicaa -aggr-aa -aggrmodref-aa -aggr-aa -dse -adse -adce -scalarrepl -mem2reg -global-constprop -deadargelim -deadargelim -instcombine -dce -simplifycfg -ptrArgReplace -mem2reg -function-inline -globaldce -mem2reg -instcombine -dce -expr-balance -instcombine -dce -bitwidthmin -interface-preproc -directive-preproc -inst-rectify -instcombine -dce -functionattrs -constprop -instcombine -bit-constprop -simplify-global-access -globalopt -globaldce -inst-simplify -instcombine -elimdeaddata -dce -loop-delete -simplifycfg -loop-simplify -auto-burst -norm-name C:/Users/josep/Documents/ADSD/SVM_Accelerator_HLS_Cordic_Optimized/solution1/.autopilot/db/a.o.1.tmp.bc -o C:/Users/josep/Documents/ADSD/SVM_Accelerator_HLS_Cordic_Optimized/solution1/.autopilot/db/a.o.2.bc -f -phase presyn 
INFO: [XFORM 203-401] Performing if-conversion on hyperblock from (SVM_Accelerator_HLS_Cordic_GoodMSE_FixedPoint/Exp.cpp:51:13) to (SVM_Accelerator_HLS_Cordic_GoodMSE_FixedPoint/Exp.cpp:88:1) in function 'compute_exp'... converting 59 basic blocks.
INFO: [XFORM 203-401] Performing if-conversion on hyperblock from (SVM_Accelerator_HLS_Cordic_GoodMSE_FixedPoint/Classifier.cpp:28:21) to (SVM_Accelerator_HLS_Cordic_GoodMSE_FixedPoint/Classifier.cpp:28:21) in function 'classify'... converting 3 basic blocks.
Command         transform done; 0.177 sec.
INFO: [HLS 200-111] Finished Pre-synthesis Time (s): cpu = 00:02:12 ; elapsed = 00:03:46 . Memory (MB): peak = 703.320 ; gain = 646.879
INFO-FLOW: Building ssdm...
Execute         transform -hls -function-uniquify -auto-function-inline -globaldce -ptrArgReplace -mem2reg -instcombine -dce -reset-lda -loop-simplify -indvars -licm -loop-dep -loop-bound -licm -loop-simplify -flattenloopnest -array-flatten -gvn -instcombine -dce -array-map -dce -func-legal -gvn -adce -instcombine -cfgopt -simplifycfg -loop-simplify -array-burst -promote-global-argument -dce -axi4-lower -array-seg-normalize -basicaa -aggrmodref-aa -globalsmodref-aa -aggr-aa -gvn -gvn -basicaa -aggrmodref-aa -globalsmodref-aa -aggr-aa -dse -adse -adce -licm -inst-simplify -dce -globaldce -instcombine -array-stream -eliminate-keepreads -instcombine -dce -deadargelim -doublePtrSimplify -doublePtrElim -dce -doublePtrSimplify -promote-dbg-pointer -dce -scalarrepl -mem2reg -disaggr -norm-name -mem2reg -instcombine -dse -adse -adce -ptrLegalization -dce -auto-rom-infer -array-flatten -dce -instcombine -check-doubleptr -loop-rot -constprop -cfgopt -simplifycfg -loop-simplify -indvars -pointer-simplify -dce -loop-bound -loop-simplify -loop-preproc -constprop -global-constprop -gvn -mem2reg -instcombine -dce -loop-bound -loop-merge -dce -bitwidthmin -deadargelim -dce -canonicalize-dataflow -dce -scalar-propagation -deadargelim -globaldce -mem2reg -read-loop-dep -interface-preproc -directive-preproc -interface-gen -bram-byte-enable -deadargelim -inst-simplify -dce -gvn -mem2reg -instcombine -dce -adse -loop-bound -instcombine -cfgopt -simplifycfg -loop-simplify -clean-region -io-protocol -find-region -mem2reg -bitop-raise -inst-simplify -inst-rectify -instcombine -adce -deadargelim -loop-simplify -phi-opt -bitop-raise -cfgopt -simplifycfg -strip-dead-prototypes -interface-lower -bitop-lower -intrinsic-lower -auto-function-inline -basicaa -aggrmodref-aa -globalsmodref-aa -aggr-aa -inst-simplify -simplifycfg -loop-simplify -mergereturn -inst-simplify -inst-rectify -dce -load-elim -bitop-lower -loop-rewind -pointer-simplify -dce -cfgopt -dce -bitwidth -loop-dep -read-loop-dep -dce -check-stream -norm-name -legalize -validate-dataflow -dead-allocation-elimination -cdfg-build C:/Users/josep/Documents/ADSD/SVM_Accelerator_HLS_Cordic_Optimized/solution1/.autopilot/db/a.o.2.bc -o C:/Users/josep/Documents/ADSD/SVM_Accelerator_HLS_Cordic_Optimized/solution1/.autopilot/db/a.o.3.bc -f -phase build-ssdm 
Command         transform done; 0.333 sec.
INFO: [HLS 200-111] Finished Architecture Synthesis Time (s): cpu = 00:02:13 ; elapsed = 00:03:46 . Memory (MB): peak = 703.320 ; gain = 646.879
INFO-FLOW: Finish building internal data model.
Command       opt_and_import_c done; 180.22 sec.
Command     elaborate done; 225.315 sec.
Execute     autosyn -from_csynth_design=1 
INFO: [HLS 200-10] Starting hardware synthesis ...
INFO-FLOW: Synthesizing C/C++ design ...
INFO: [HLS 200-10] Synthesizing 'classify' ...
Execute       ap_set_top_model classify 
Execute       get_model_list classify -filter all-wo-channel -topdown 
Execute       preproc_iomode -model classify 
Execute       preproc_iomode -model compute_exp 
Execute       get_model_list classify -filter all-wo-channel 
INFO-FLOW: Model list for configure: compute_exp classify
INFO-FLOW: Configuring Module : compute_exp ...
Execute       set_default_model compute_exp 
Execute       apply_spec_resource_limit compute_exp 
INFO-FLOW: Configuring Module : classify ...
Execute       set_default_model classify 
Execute       apply_spec_resource_limit classify 
INFO-FLOW: Model list for preprocess: compute_exp classify
INFO-FLOW: Preprocessing Module: compute_exp ...
Execute       set_default_model compute_exp 
Execute       cdfg_preprocess -model compute_exp 
Execute       rtl_gen_preprocess compute_exp 
INFO-FLOW: Preprocessing Module: classify ...
Execute       set_default_model classify 
Execute       cdfg_preprocess -model classify 
Execute       rtl_gen_preprocess classify 
INFO-FLOW: Model list for synthesis: compute_exp classify
INFO: [HLS 200-10] ----------------------------------------------------------------
INFO: [HLS 200-42] -- Implementing module 'compute_exp' 
INFO: [HLS 200-10] ----------------------------------------------------------------
Execute       set_default_model compute_exp 
Execute       schedule -model compute_exp 
INFO: [SCHED 204-11] Starting scheduling ...
INFO: [SCHED 204-11] Finished scheduling.
Command       schedule done; 0.186 sec.
INFO: [HLS 200-111]  Elapsed time: 226.727 seconds; current allocated memory: 264.843 MB.
Execute       report -o C:/Users/josep/Documents/ADSD/SVM_Accelerator_HLS_Cordic_Optimized/solution1/.autopilot/db/compute_exp.verbose.sched.rpt -verbose -f 
Execute       db_write -o C:/Users/josep/Documents/ADSD/SVM_Accelerator_HLS_Cordic_Optimized/solution1/.autopilot/db/compute_exp.sched.adb -f 
INFO-FLOW: Finish scheduling compute_exp.
Execute       set_default_model compute_exp 
Execute       bind -model compute_exp 
BIND OPTION: fu_weight=[ 0.0 -- 1.0 ]
BIND OPTION: model=compute_exp
BIND OPTION: reg_weight=[ 0.0 -- 1.0 ]
INFO: [BIND 205-100] Starting micro-architecture generation ...
INFO: [BIND 205-101] Performing variable lifetime analysis.
INFO: [BIND 205-101] Exploring resource sharing.
INFO: [BIND 205-101] Binding ...
INFO: [BIND 205-100] Finished micro-architecture generation.
INFO: [HLS 200-111]  Elapsed time: 0.181 seconds; current allocated memory: 265.839 MB.
Execute       report -o C:/Users/josep/Documents/ADSD/SVM_Accelerator_HLS_Cordic_Optimized/solution1/.autopilot/db/compute_exp.verbose.bind.rpt -verbose -f 
Execute       db_write -o C:/Users/josep/Documents/ADSD/SVM_Accelerator_HLS_Cordic_Optimized/solution1/.autopilot/db/compute_exp.bind.adb -f 
INFO-FLOW: Finish binding compute_exp.
INFO: [HLS 200-10] ----------------------------------------------------------------
INFO: [HLS 200-42] -- Implementing module 'classify' 
INFO: [HLS 200-10] ----------------------------------------------------------------
Execute       set_default_model classify 
Execute       schedule -model classify 
INFO: [SCHED 204-11] Starting scheduling ...
INFO: [SCHED 204-11] Finished scheduling.
Command       schedule done; 0.106 sec.
INFO: [HLS 200-111]  Elapsed time: 0.313 seconds; current allocated memory: 266.367 MB.
Execute       report -o C:/Users/josep/Documents/ADSD/SVM_Accelerator_HLS_Cordic_Optimized/solution1/.autopilot/db/classify.verbose.sched.rpt -verbose -f 
INFO: [HLS 200-434] Only 0 loops out of a total 2 loops have been pipelined in this design.
Execute       db_write -o C:/Users/josep/Documents/ADSD/SVM_Accelerator_HLS_Cordic_Optimized/solution1/.autopilot/db/classify.sched.adb -f 
INFO-FLOW: Finish scheduling classify.
Execute       set_default_model classify 
Execute       bind -model classify 
BIND OPTION: fu_weight=[ 0.0 -- 1.0 ]
BIND OPTION: model=classify
BIND OPTION: reg_weight=[ 0.0 -- 1.0 ]
INFO: [BIND 205-100] Starting micro-architecture generation ...
INFO: [BIND 205-101] Performing variable lifetime analysis.
INFO: [BIND 205-101] Exploring resource sharing.
INFO: [BIND 205-101] Binding ...
INFO: [BIND 205-100] Finished micro-architecture generation.
Command       bind done; 0.228 sec.
INFO: [HLS 200-111]  Elapsed time: 0.323 seconds; current allocated memory: 266.717 MB.
Execute       report -o C:/Users/josep/Documents/ADSD/SVM_Accelerator_HLS_Cordic_Optimized/solution1/.autopilot/db/classify.verbose.bind.rpt -verbose -f 
Execute       db_write -o C:/Users/josep/Documents/ADSD/SVM_Accelerator_HLS_Cordic_Optimized/solution1/.autopilot/db/classify.bind.adb -f 
INFO-FLOW: Finish binding classify.
Execute       get_model_list classify -filter all-wo-channel 
INFO-FLOW: Preprocessing for RTLGen ...
Execute       rtl_gen_preprocess compute_exp 
Execute       rtl_gen_preprocess classify 
INFO-FLOW: Model list for RTL generation: compute_exp classify
INFO: [HLS 200-10] ----------------------------------------------------------------
INFO: [HLS 200-10] -- Generating RTL for module 'compute_exp' 
INFO: [HLS 200-10] ----------------------------------------------------------------
Execute       get_config_rtl -prefix 
Execute       get_config_rtl -auto_prefix 
Execute       create_rtl_model compute_exp -vendor xilinx -mg_file C:/Users/josep/Documents/ADSD/SVM_Accelerator_HLS_Cordic_Optimized/solution1/.autopilot/db/compute_exp.compgen.tcl 
INFO: [RTGEN 206-100] Finished creating RTL model for 'compute_exp'.
INFO: [HLS 200-111]  Elapsed time: 0.262 seconds; current allocated memory: 268.805 MB.
Execute       source C:/Users/josep/Documents/ADSD/SVM_Accelerator_HLS_Cordic_Optimized/solution1/.autopilot/db/classify.rtl_wrap.cfg.tcl 
Execute       gen_rtl compute_exp -style xilinx -tracefl mytrace -tracefmt vcd -traceopt all -f -lang sc -o C:/Users/josep/Documents/ADSD/SVM_Accelerator_HLS_Cordic_Optimized/solution1/syn/systemc/compute_exp -synmodules compute_exp classify 
Execute       gen_rtl compute_exp -style xilinx -f -lang vhdl -o C:/Users/josep/Documents/ADSD/SVM_Accelerator_HLS_Cordic_Optimized/solution1/syn/vhdl/compute_exp 
Execute       gen_rtl compute_exp -style xilinx -f -lang vlog -o C:/Users/josep/Documents/ADSD/SVM_Accelerator_HLS_Cordic_Optimized/solution1/syn/verilog/compute_exp 
Execute       gen_tb_info compute_exp -o C:/Users/josep/Documents/ADSD/SVM_Accelerator_HLS_Cordic_Optimized/solution1/.autopilot/db/compute_exp -p C:/Users/josep/Documents/ADSD/SVM_Accelerator_HLS_Cordic_Optimized/solution1/.autopilot/db 
Execute       report -model compute_exp -o C:/Users/josep/Documents/ADSD/SVM_Accelerator_HLS_Cordic_Optimized/solution1/syn/report/compute_exp_csynth.rpt -f 
Execute       report -model compute_exp -o C:/Users/josep/Documents/ADSD/SVM_Accelerator_HLS_Cordic_Optimized/solution1/syn/report/compute_exp_csynth.xml -f -x 
Execute       report -model compute_exp -o C:/Users/josep/Documents/ADSD/SVM_Accelerator_HLS_Cordic_Optimized/solution1/.autopilot/db/compute_exp.verbose.rpt -verbose -f 
Command       report done; 0.119 sec.
Execute       db_write -model compute_exp -o C:/Users/josep/Documents/ADSD/SVM_Accelerator_HLS_Cordic_Optimized/solution1/.autopilot/db/compute_exp.adb -f 
INFO: [HLS 200-10] ----------------------------------------------------------------
INFO: [HLS 200-10] -- Generating RTL for module 'classify' 
INFO: [HLS 200-10] ----------------------------------------------------------------
Execute       get_config_rtl -prefix 
Execute       get_config_rtl -auto_prefix 
Execute       create_rtl_model classify -vendor xilinx -mg_file C:/Users/josep/Documents/ADSD/SVM_Accelerator_HLS_Cordic_Optimized/solution1/.autopilot/db/classify.compgen.tcl 
INFO: [RTGEN 206-500] Setting interface mode on port 'classify/x_V' to 'ap_memory'.
INFO: [RTGEN 206-500] Setting interface mode on function 'classify' to 'ap_ctrl_hs'.
INFO: [SYN 201-210] Renamed object name 'classify_sitodp_32s_64_6_1' to 'classify_sitodp_3bkb' due to the length limit 20
INFO: [SYN 201-210] Renamed object name 'classify_mul_mul_8s_22s_30_1_1' to 'classify_mul_mul_cud' due to the length limit 20
INFO: [RTGEN 206-100] Generating core module 'classify_mul_mul_cud': 1 instance(s).
INFO: [RTGEN 206-100] Generating core module 'classify_sitodp_3bkb': 1 instance(s).
INFO: [RTGEN 206-100] Finished creating RTL model for 'classify'.
Command       create_rtl_model done; 0.261 sec.
INFO: [HLS 200-111]  Elapsed time: 0.864 seconds; current allocated memory: 270.116 MB.
Execute       source C:/Users/josep/Documents/ADSD/SVM_Accelerator_HLS_Cordic_Optimized/solution1/.autopilot/db/classify.rtl_wrap.cfg.tcl 
Execute       gen_rtl classify -istop -style xilinx -tracefl mytrace -tracefmt vcd -traceopt all -f -lang sc -o C:/Users/josep/Documents/ADSD/SVM_Accelerator_HLS_Cordic_Optimized/solution1/syn/systemc/classify -synmodules compute_exp classify 
Execute       gen_rtl classify -istop -style xilinx -f -lang vhdl -o C:/Users/josep/Documents/ADSD/SVM_Accelerator_HLS_Cordic_Optimized/solution1/syn/vhdl/classify 
Execute       gen_rtl classify -istop -style xilinx -f -lang vlog -o C:/Users/josep/Documents/ADSD/SVM_Accelerator_HLS_Cordic_Optimized/solution1/syn/verilog/classify 
Execute       export_constraint_db -o C:/Users/josep/Documents/ADSD/SVM_Accelerator_HLS_Cordic_Optimized/solution1/.autopilot/db/classify.constraint.tcl -f -tool general 
Execute       report -model classify -o C:/Users/josep/Documents/ADSD/SVM_Accelerator_HLS_Cordic_Optimized/solution1/.autopilot/db/classify.design.xml -verbose -f -dv 
Execute       report -model classify -o C:/Users/josep/Documents/ADSD/SVM_Accelerator_HLS_Cordic_Optimized/solution1/.autopilot/db/classify.sdaccel.xml -verbose -f -sdaccel 
Execute       gen_tb_info classify -o C:/Users/josep/Documents/ADSD/SVM_Accelerator_HLS_Cordic_Optimized/solution1/.autopilot/db/classify -p C:/Users/josep/Documents/ADSD/SVM_Accelerator_HLS_Cordic_Optimized/solution1/.autopilot/db 
Execute       report -model classify -o C:/Users/josep/Documents/ADSD/SVM_Accelerator_HLS_Cordic_Optimized/solution1/syn/report/classify_csynth.rpt -f 
Execute       report -model classify -o C:/Users/josep/Documents/ADSD/SVM_Accelerator_HLS_Cordic_Optimized/solution1/syn/report/classify_csynth.xml -f -x 
Execute       report -model classify -o C:/Users/josep/Documents/ADSD/SVM_Accelerator_HLS_Cordic_Optimized/solution1/.autopilot/db/classify.verbose.rpt -verbose -f 
Execute       db_write -model classify -o C:/Users/josep/Documents/ADSD/SVM_Accelerator_HLS_Cordic_Optimized/solution1/.autopilot/db/classify.adb -f 
Execute       sc_get_clocks classify 
Execute       sc_get_portdomain classify 
INFO-FLOW: Model list for RTL component generation: compute_exp classify
INFO-FLOW: Handling components in module [compute_exp] ... 
Execute       source C:/Users/josep/Documents/ADSD/SVM_Accelerator_HLS_Cordic_Optimized/solution1/.autopilot/db/compute_exp.compgen.tcl 
INFO-FLOW: Handling components in module [classify] ... 
Execute       source C:/Users/josep/Documents/ADSD/SVM_Accelerator_HLS_Cordic_Optimized/solution1/.autopilot/db/classify.compgen.tcl 
INFO-FLOW: Found component classify_sitodp_3bkb.
INFO-FLOW: Append model classify_sitodp_3bkb
INFO-FLOW: Found component classify_mul_mul_cud.
INFO-FLOW: Append model classify_mul_mul_cud
INFO-FLOW: Found component classify_svs_V.
INFO-FLOW: Append model classify_svs_V
INFO-FLOW: Found component classify_alphas_V.
INFO-FLOW: Append model classify_alphas_V
INFO-FLOW: Append model compute_exp
INFO-FLOW: Append model classify
INFO-FLOW: Generating RTL model list ...
INFO-FLOW: All models in this session: classify_sitodp_3bkb classify_mul_mul_cud classify_svs_V classify_alphas_V compute_exp classify
INFO-FLOW: To file: write model classify_sitodp_3bkb
INFO-FLOW: To file: write model classify_mul_mul_cud
INFO-FLOW: To file: write model classify_svs_V
INFO-FLOW: To file: write model classify_alphas_V
INFO-FLOW: To file: write model compute_exp
INFO-FLOW: To file: write model classify
INFO-FLOW: Finished generating RTL model list.


INFO-FLOW: RTL Generation done.
INFO-FLOW: CAS Generation done.
INFO-FLOW: CBC Generation done.
Execute       get_config_sdx -target 
Execute       source C:/Users/josep/Documents/ADSD/SVM_Accelerator_HLS_Cordic_Optimized/solution1/.autopilot/db/global.setting.tcl 
Execute       source C:/Xilinx/Vivado/2018.2/common/technology/generic/autopilot/common.gen 
Execute         source C:/Xilinx/Vivado/2018.2/common/technology/generic/autopilot/APCoreGen.gen 
Execute       source C:/Xilinx/Vivado/2018.2/common/technology/generic/autopilot/op.gen 
Execute       source C:/Xilinx/Vivado/2018.2/common/technology/generic/autopilot/op_simcore.gen 
Execute       source C:/Xilinx/Vivado/2018.2/common/technology/generic/autopilot/interface.gen 
Execute       source C:/Users/josep/Documents/ADSD/SVM_Accelerator_HLS_Cordic_Optimized/solution1/.autopilot/db/global.setting.tcl 
Execute       source C:/Xilinx/Vivado/2018.2/common/technology/xilinx/zynq/zynq.gen 
Execute         source C:/Xilinx/Vivado/2018.2/common/technology/xilinx/common/virtex.gen 
Execute           source C:/Xilinx/Vivado/2018.2/common/technology/xilinx/common/xilinx.gen 
Execute             source C:/Xilinx/Vivado/2018.2/common/technology/xilinx/interface/plb46.gen 
Execute             source C:/Xilinx/Vivado/2018.2/common/technology/xilinx/interface/fsl.gen 
Execute             source C:/Xilinx/Vivado/2018.2/common/technology/xilinx/interface/axi4.gen 
Execute             source C:/Xilinx/Vivado/2018.2/common/technology/xilinx/interface/nativeAXI4.gen 
Execute               source C:/Xilinx/Vivado/2018.2/common/technology/xilinx/interface/saxilite.gen 
Execute               source C:/Xilinx/Vivado/2018.2/common/technology/xilinx/interface/maxi.gen 
Execute             source C:/Xilinx/Vivado/2018.2/common/technology/xilinx/scripts/xilinxcoregen.gen 
Execute             source C:/Xilinx/Vivado/2018.2/common/technology/xilinx/interface/XilEDKCoreGen.gen 
Execute             source C:/Xilinx/Vivado/2018.2/common/technology/xilinx/ip/dds_compiler.gen 
Execute             source C:/Xilinx/Vivado/2018.2/common/technology/xilinx/ip/util.gen 
Execute             source C:/Xilinx/Vivado/2018.2/common/technology/xilinx/ip/xfft.gen 
Execute             source C:/Xilinx/Vivado/2018.2/common/technology/xilinx/ip/xfir.gen 
Execute           source C:/Xilinx/Vivado/2018.2/common/technology/xilinx/common/dsp48.gen 
Execute       source C:/Xilinx/Vivado/2018.2/common/technology/xilinx/zynq/zynq_fpv6.gen 
Execute         source C:/Xilinx/Vivado/2018.2/common/technology/xilinx/common/xilinx_fpv6.gen 
Execute       source C:/Users/josep/Documents/ADSD/SVM_Accelerator_HLS_Cordic_Optimized/solution1/.autopilot/db/global.setting.tcl 
Execute       source C:/Users/josep/Documents/ADSD/SVM_Accelerator_HLS_Cordic_Optimized/solution1/.autopilot/db/global.setting.tcl 
Execute       source C:/Users/josep/Documents/ADSD/SVM_Accelerator_HLS_Cordic_Optimized/solution1/.autopilot/db/global.setting.tcl 
Execute       source C:/Users/josep/Documents/ADSD/SVM_Accelerator_HLS_Cordic_Optimized/solution1/.autopilot/db/compute_exp.compgen.tcl 
Execute       source C:/Users/josep/Documents/ADSD/SVM_Accelerator_HLS_Cordic_Optimized/solution1/.autopilot/db/classify.compgen.tcl 
INFO: [RTMG 210-279] Implementing memory 'classify_svs_V_rom' using auto ROMs.
INFO: [RTMG 210-279] Implementing memory 'classify_alphas_V_rom' using auto ROMs.
Command       ap_source done; 1.325 sec.
Execute       get_config_sdx -target 
Execute       source C:/Users/josep/Documents/ADSD/SVM_Accelerator_HLS_Cordic_Optimized/solution1/.autopilot/db/global.setting.tcl 
Execute       source C:/Xilinx/Vivado/2018.2/common/technology/generic/autopilot/common.gen 
Execute         source C:/Xilinx/Vivado/2018.2/common/technology/generic/autopilot/APCoreGen.gen 
Execute       source C:/Xilinx/Vivado/2018.2/common/technology/generic/autopilot/op.gen 
Execute       source C:/Xilinx/Vivado/2018.2/common/technology/generic/autopilot/op_simcore.gen 
Execute       source C:/Xilinx/Vivado/2018.2/common/technology/generic/autopilot/interface.gen 
Execute       source C:/Users/josep/Documents/ADSD/SVM_Accelerator_HLS_Cordic_Optimized/solution1/.autopilot/db/global.setting.tcl 
Execute       source C:/Xilinx/Vivado/2018.2/common/technology/xilinx/zynq/zynq.gen 
Execute         source C:/Xilinx/Vivado/2018.2/common/technology/xilinx/common/virtex.gen 
Execute           source C:/Xilinx/Vivado/2018.2/common/technology/xilinx/common/xilinx.gen 
Execute             source C:/Xilinx/Vivado/2018.2/common/technology/xilinx/interface/plb46.gen 
Execute             source C:/Xilinx/Vivado/2018.2/common/technology/xilinx/interface/fsl.gen 
Execute             source C:/Xilinx/Vivado/2018.2/common/technology/xilinx/interface/axi4.gen 
Execute             source C:/Xilinx/Vivado/2018.2/common/technology/xilinx/interface/nativeAXI4.gen 
Execute               source C:/Xilinx/Vivado/2018.2/common/technology/xilinx/interface/saxilite.gen 
Execute               source C:/Xilinx/Vivado/2018.2/common/technology/xilinx/interface/maxi.gen 
Execute             source C:/Xilinx/Vivado/2018.2/common/technology/xilinx/scripts/xilinxcoregen.gen 
Execute             source C:/Xilinx/Vivado/2018.2/common/technology/xilinx/interface/XilEDKCoreGen.gen 
Execute             source C:/Xilinx/Vivado/2018.2/common/technology/xilinx/ip/dds_compiler.gen 
Execute             source C:/Xilinx/Vivado/2018.2/common/technology/xilinx/ip/util.gen 
Execute             source C:/Xilinx/Vivado/2018.2/common/technology/xilinx/ip/xfft.gen 
Execute             source C:/Xilinx/Vivado/2018.2/common/technology/xilinx/ip/xfir.gen 
Execute           source C:/Xilinx/Vivado/2018.2/common/technology/xilinx/common/dsp48.gen 
Execute       source C:/Xilinx/Vivado/2018.2/common/technology/xilinx/zynq/zynq_fpv6.gen 
Execute         source C:/Xilinx/Vivado/2018.2/common/technology/xilinx/common/xilinx_fpv6.gen 
Execute       source C:/Users/josep/Documents/ADSD/SVM_Accelerator_HLS_Cordic_Optimized/solution1/.autopilot/db/classify.rtl_wrap.cfg.tcl 
Execute       source C:/Users/josep/Documents/ADSD/SVM_Accelerator_HLS_Cordic_Optimized/solution1/.autopilot/db/classify.rtl_wrap.cfg.tcl 
Execute       source C:/Users/josep/Documents/ADSD/SVM_Accelerator_HLS_Cordic_Optimized/solution1/.autopilot/db/classify.rtl_wrap.cfg.tcl 
Execute       source C:/Users/josep/Documents/ADSD/SVM_Accelerator_HLS_Cordic_Optimized/solution1/.autopilot/db/classify.tbgen.tcl 
Execute       source C:/Users/josep/Documents/ADSD/SVM_Accelerator_HLS_Cordic_Optimized/solution1/.autopilot/db/classify.tbgen.tcl 
Execute       source C:/Users/josep/Documents/ADSD/SVM_Accelerator_HLS_Cordic_Optimized/solution1/.autopilot/db/global.setting.tcl 
Execute       source C:/Users/josep/Documents/ADSD/SVM_Accelerator_HLS_Cordic_Optimized/solution1/.autopilot/db/compute_exp.compgen.tcl 
Execute       source C:/Users/josep/Documents/ADSD/SVM_Accelerator_HLS_Cordic_Optimized/solution1/.autopilot/db/classify.compgen.tcl 
Execute       source C:/Users/josep/Documents/ADSD/SVM_Accelerator_HLS_Cordic_Optimized/solution1/.autopilot/db/global.setting.tcl 
Execute       source C:/Users/josep/Documents/ADSD/SVM_Accelerator_HLS_Cordic_Optimized/solution1/.autopilot/db/compute_exp.compgen.tcl 
Execute       source C:/Users/josep/Documents/ADSD/SVM_Accelerator_HLS_Cordic_Optimized/solution1/.autopilot/db/classify.compgen.tcl 
Execute         source C:/Users/josep/Documents/ADSD/SVM_Accelerator_HLS_Cordic_Optimized/solution1/.autopilot/db/classify.tbgen.tcl 
Execute       source C:/Users/josep/Documents/ADSD/SVM_Accelerator_HLS_Cordic_Optimized/solution1/.autopilot/db/global.setting.tcl 
Execute       source C:/Users/josep/Documents/ADSD/SVM_Accelerator_HLS_Cordic_Optimized/solution1/.autopilot/db/compute_exp.compgen.tcl 
Execute       source C:/Users/josep/Documents/ADSD/SVM_Accelerator_HLS_Cordic_Optimized/solution1/.autopilot/db/classify.compgen.tcl 
Execute       source C:/Users/josep/Documents/ADSD/SVM_Accelerator_HLS_Cordic_Optimized/solution1/.autopilot/db/global.setting.tcl 
Execute       source C:/Users/josep/Documents/ADSD/SVM_Accelerator_HLS_Cordic_Optimized/solution1/.autopilot/db/classify.constraint.tcl 
Execute       source C:/Users/josep/Documents/ADSD/SVM_Accelerator_HLS_Cordic_Optimized/solution1/.autopilot/db/classify.tbgen.tcl 
Execute       source C:/Users/josep/Documents/ADSD/SVM_Accelerator_HLS_Cordic_Optimized/solution1/.autopilot/db/global.setting.tcl 
Execute       source C:/Users/josep/Documents/ADSD/SVM_Accelerator_HLS_Cordic_Optimized/solution1/.autopilot/db/global.setting.tcl 
Execute       source C:/Users/josep/Documents/ADSD/SVM_Accelerator_HLS_Cordic_Optimized/solution1/.autopilot/db/global.setting.tcl 
Execute       source C:/Users/josep/Documents/ADSD/SVM_Accelerator_HLS_Cordic_Optimized/solution1/.autopilot/db/classify.tbgen.tcl 
Execute       source C:/Users/josep/Documents/ADSD/SVM_Accelerator_HLS_Cordic_Optimized/solution1/.autopilot/db/classify.tbgen.tcl 
Execute       source C:/Users/josep/Documents/ADSD/SVM_Accelerator_HLS_Cordic_Optimized/solution1/.autopilot/db/global.setting.tcl 
Execute       source C:/Users/josep/Documents/ADSD/SVM_Accelerator_HLS_Cordic_Optimized/solution1/.autopilot/db/classify.constraint.tcl 
Execute       sc_get_clocks classify 
Execute       source C:/Users/josep/Documents/ADSD/SVM_Accelerator_HLS_Cordic_Optimized/solution1/.autopilot/db/global.setting.tcl 
Execute       source C:/Users/josep/Documents/ADSD/SVM_Accelerator_HLS_Cordic_Optimized/solution1/impl/misc/classify_ap_sitodp_4_no_dsp_32_ip.tcl 
Execute       get_config_sdx -target 
Execute       get_config_sdx -profile 
Execute       ::config_rtl 
INFO: [HLS 200-111] Finished generating all RTL models Time (s): cpu = 00:02:15 ; elapsed = 00:03:52 . Memory (MB): peak = 703.320 ; gain = 646.879
INFO: [SYSC 207-301] Generating SystemC RTL for classify.
INFO: [VHDL 208-304] Generating VHDL RTL for classify.
INFO: [VLOG 209-307] Generating Verilog RTL for classify.
Command     autosyn done; 6.168 sec.
Command   csynth_design done; 231.509 sec.
Command ap_source done; 232.2 sec.
Execute cleanup_all 
